[2m2019-03-07 10:12:57.222[0;39m [32m INFO[0;39m [35m20777[0;39m [2m---[0;39m [2m[.15t][0;39m [36mc.s.EurekaServerApplication              [rofileInfo:659 ][0;39m [2m:[0;39m No active profile set, falling back to default profiles: default
[2m2019-03-07 10:12:57.259[0;39m [32m INFO[0;39m [35m20777[0;39m [2m---[0;39m [2m[.15t][0;39m [36mConfigServletWebServerApplicationContext [areRefresh:590 ][0;39m [2m:[0;39m Refreshing org.springframework.boot.web.servlet.context.AnnotationConfigServletWebServerApplicationContext@56c698e3: startup date [Thu Mar 07 10:12:57 CST 2019]; parent: org.springframework.context.annotation.AnnotationConfigApplicationContext@6283d8b8
[2m2019-03-07 10:12:59.417[0;39m [32m INFO[0;39m [35m20777[0;39m [2m---[0;39m [2m[.15t][0;39m [36mo.s.c.c.s.GenericScope                   [lizationId:294 ][0;39m [2m:[0;39m BeanFactory id=98bcd73d-517b-3beb-a002-a39f6078442c
[2m2019-03-07 10:12:59.449[0;39m [32m INFO[0;39m [35m20777[0;39m [2m---[0;39m [2m[.15t][0;39m [36mf.a.AutowiredAnnotationBeanPostProcessor [    <init>:154 ][0;39m [2m:[0;39m JSR-330 'javax.inject.Inject' annotation found and supported for autowiring
[2m2019-03-07 10:12:59.635[0;39m [32m INFO[0;39m [35m20777[0;39m [2m---[0;39m [2m[.15t][0;39m [36mtrationDelegate$BeanPostProcessorChecker [ialization:328 ][0;39m [2m:[0;39m Bean 'org.springframework.cloud.autoconfigure.ConfigurationPropertiesRebinderAutoConfiguration' of type [org.springframework.cloud.autoconfigure.ConfigurationPropertiesRebinderAutoConfiguration$$EnhancerBySpringCGLIB$$50875d54] is not eligible for getting processed by all BeanPostProcessors (for example: not eligible for auto-proxying)
[2m2019-03-07 10:13:01.515[0;39m [32m INFO[0;39m [35m20777[0;39m [2m---[0;39m [2m[.15t][0;39m [36mo.s.b.w.e.t.TomcatWebServer              [initialize:91  ][0;39m [2m:[0;39m Tomcat initialized with port(s): 8080 (http)
[2m2019-03-07 10:13:01.878[0;39m [32m INFO[0;39m [35m20777[0;39m [2m---[0;39m [2m[.15t][0;39m [36mo.a.c.h.Http11NioProtocol                [       log:180 ][0;39m [2m:[0;39m Initializing ProtocolHandler ["http-nio-8080"]
[2m2019-03-07 10:13:01.950[0;39m [32m INFO[0;39m [35m20777[0;39m [2m---[0;39m [2m[.15t][0;39m [36mo.a.c.c.StandardService                  [       log:180 ][0;39m [2m:[0;39m Starting service [Tomcat]
[2m2019-03-07 10:13:01.954[0;39m [32m INFO[0;39m [35m20777[0;39m [2m---[0;39m [2m[.15t][0;39m [36mo.a.c.c.StandardEngine                   [       log:180 ][0;39m [2m:[0;39m Starting Servlet Engine: Apache Tomcat/8.5.29
[2m2019-03-07 10:13:01.979[0;39m [32m INFO[0;39m [35m20777[0;39m [2m---[0;39m [2m[.15t][0;39m [36mo.a.c.c.AprLifecycleListener             [       log:180 ][0;39m [2m:[0;39m The APR based Apache Tomcat Native library which allows optimal performance in production environments was not found on the java.library.path: [/Users/baozc/Library/Java/Extensions:/Library/Java/Extensions:/Network/Library/Java/Extensions:/System/Library/Java/Extensions:/usr/lib/java:.]
[2m2019-03-07 10:13:02.732[0;39m [32m INFO[0;39m [35m20777[0;39m [2m---[0;39m [2m[.15t][0;39m [36mo.a.c.c.C.[.[.[/]                        [       log:180 ][0;39m [2m:[0;39m Initializing Spring embedded WebApplicationContext
[2m2019-03-07 10:13:02.734[0;39m [32m INFO[0;39m [35m20777[0;39m [2m---[0;39m [2m[.15t][0;39m [36mo.s.w.c.ContextLoader                    [ionContext:285 ][0;39m [2m:[0;39m Root WebApplicationContext: initialization completed in 5474 ms
[2m2019-03-07 10:13:04.016[0;39m [33m WARN[0;39m [35m20777[0;39m [2m---[0;39m [2m[.15t][0;39m [36mc.n.c.s.URLConfigurationSource           [    <init>:121 ][0;39m [2m:[0;39m No URLs will be polled as dynamic configuration sources.
[2m2019-03-07 10:13:04.016[0;39m [32m INFO[0;39m [35m20777[0;39m [2m---[0;39m [2m[.15t][0;39m [36mc.n.c.s.URLConfigurationSource           [    <init>:122 ][0;39m [2m:[0;39m To enable URLs as dynamic configuration sources, define System property archaius.configurationSource.additionalUrls or make config.properties available on classpath.
[2m2019-03-07 10:13:04.043[0;39m [32m INFO[0;39m [35m20777[0;39m [2m---[0;39m [2m[.15t][0;39m [36mc.n.c.DynamicPropertyFactory             [etInstance:281 ][0;39m [2m:[0;39m DynamicPropertyFactory is initialized with configuration sources: com.netflix.config.ConcurrentCompositeConfiguration@7c730644
[2m2019-03-07 10:13:05.375[0;39m [32m INFO[0;39m [35m20777[0;39m [2m---[0;39m [2m[.15t][0;39m [36mo.s.b.w.s.FilterRegistrationBean         [ configure:244 ][0;39m [2m:[0;39m Mapping filter: 'characterEncodingFilter' to: [/*]
[2m2019-03-07 10:13:05.376[0;39m [32m INFO[0;39m [35m20777[0;39m [2m---[0;39m [2m[.15t][0;39m [36mo.s.b.w.s.FilterRegistrationBean         [ configure:244 ][0;39m [2m:[0;39m Mapping filter: 'hiddenHttpMethodFilter' to: [/*]
[2m2019-03-07 10:13:05.377[0;39m [32m INFO[0;39m [35m20777[0;39m [2m---[0;39m [2m[.15t][0;39m [36mo.s.b.w.s.FilterRegistrationBean         [ configure:244 ][0;39m [2m:[0;39m Mapping filter: 'httpPutFormContentFilter' to: [/*]
[2m2019-03-07 10:13:05.378[0;39m [32m INFO[0;39m [35m20777[0;39m [2m---[0;39m [2m[.15t][0;39m [36mo.s.b.w.s.FilterRegistrationBean         [ configure:244 ][0;39m [2m:[0;39m Mapping filter: 'requestContextFilter' to: [/*]
[2m2019-03-07 10:13:05.378[0;39m [32m INFO[0;39m [35m20777[0;39m [2m---[0;39m [2m[.15t][0;39m [36mo.s.b.w.s.FilterRegistrationBean         [ configure:244 ][0;39m [2m:[0;39m Mapping filter: 'httpTraceFilter' to: [/*]
[2m2019-03-07 10:13:05.378[0;39m [32m INFO[0;39m [35m20777[0;39m [2m---[0;39m [2m[.15t][0;39m [36mo.s.b.w.s.FilterRegistrationBean         [ configure:244 ][0;39m [2m:[0;39m Mapping filter: 'webMvcMetricsFilter' to: [/*]
[2m2019-03-07 10:13:05.379[0;39m [32m INFO[0;39m [35m20777[0;39m [2m---[0;39m [2m[.15t][0;39m [36mo.s.b.w.s.FilterRegistrationBean         [ configure:257 ][0;39m [2m:[0;39m Mapping filter: 'servletContainer' to urls: [/eureka/*]
[2m2019-03-07 10:13:05.379[0;39m [32m INFO[0;39m [35m20777[0;39m [2m---[0;39m [2m[.15t][0;39m [36mo.s.b.w.s.ServletRegistrationBean        [gistration:185 ][0;39m [2m:[0;39m Servlet dispatcherServlet mapped to [/]
[2m2019-03-07 10:13:05.501[0;39m [32m INFO[0;39m [35m20777[0;39m [2m---[0;39m [2m[.15t][0;39m [36mc.s.j.s.i.a.WebApplicationImpl           [ _initiate:815 ][0;39m [2m:[0;39m Initiating Jersey application, version 'Jersey: 1.19.1 03/11/2016 02:08 PM'
[2m2019-03-07 10:13:05.591[0;39m [32m INFO[0;39m [35m20777[0;39m [2m---[0;39m [2m[.15t][0;39m [36mc.n.d.p.DiscoveryJerseyProvider          [    <init>:70  ][0;39m [2m:[0;39m Using JSON encoding codec LegacyJacksonJson
[2m2019-03-07 10:13:05.592[0;39m [32m INFO[0;39m [35m20777[0;39m [2m---[0;39m [2m[.15t][0;39m [36mc.n.d.p.DiscoveryJerseyProvider          [    <init>:71  ][0;39m [2m:[0;39m Using JSON decoding codec LegacyJacksonJson
[2m2019-03-07 10:13:05.848[0;39m [32m INFO[0;39m [35m20777[0;39m [2m---[0;39m [2m[.15t][0;39m [36mc.n.d.p.DiscoveryJerseyProvider          [    <init>:80  ][0;39m [2m:[0;39m Using XML encoding codec XStreamXml
[2m2019-03-07 10:13:05.848[0;39m [32m INFO[0;39m [35m20777[0;39m [2m---[0;39m [2m[.15t][0;39m [36mc.n.d.p.DiscoveryJerseyProvider          [    <init>:81  ][0;39m [2m:[0;39m Using XML decoding codec XStreamXml
[2m2019-03-07 10:13:06.265[0;39m [33m WARN[0;39m [35m20777[0;39m [2m---[0;39m [2m[.15t][0;39m [36mc.n.c.s.URLConfigurationSource           [    <init>:121 ][0;39m [2m:[0;39m No URLs will be polled as dynamic configuration sources.
[2m2019-03-07 10:13:06.265[0;39m [32m INFO[0;39m [35m20777[0;39m [2m---[0;39m [2m[.15t][0;39m [36mc.n.c.s.URLConfigurationSource           [    <init>:122 ][0;39m [2m:[0;39m To enable URLs as dynamic configuration sources, define System property archaius.configurationSource.additionalUrls or make config.properties available on classpath.
[2m2019-03-07 10:13:06.362[0;39m [32m INFO[0;39m [35m20777[0;39m [2m---[0;39m [2m[.15t][0;39m [36mo.s.w.s.h.SimpleUrlHandlerMapping        [terHandler:373 ][0;39m [2m:[0;39m Mapped URL path [/**/favicon.ico] onto handler of type [class org.springframework.web.servlet.resource.ResourceHttpRequestHandler]
[2m2019-03-07 10:13:06.576[0;39m [32m INFO[0;39m [35m20777[0;39m [2m---[0;39m [2m[.15t][0;39m [36ms.w.s.m.m.a.RequestMappingHandlerAdapter [dviceCache:574 ][0;39m [2m:[0;39m Looking for @ControllerAdvice: org.springframework.boot.web.servlet.context.AnnotationConfigServletWebServerApplicationContext@56c698e3: startup date [Thu Mar 07 10:12:57 CST 2019]; parent: org.springframework.context.annotation.AnnotationConfigApplicationContext@6283d8b8
[2m2019-03-07 10:13:06.684[0;39m [32m INFO[0;39m [35m20777[0;39m [2m---[0;39m [2m[.15t][0;39m [36ms.w.s.m.m.a.RequestMappingHandlerMapping [  register:547 ][0;39m [2m:[0;39m Mapped "{[/error]}" onto public org.springframework.http.ResponseEntity<java.util.Map<java.lang.String, java.lang.Object>> org.springframework.boot.autoconfigure.web.servlet.error.BasicErrorController.error(javax.servlet.http.HttpServletRequest)
[2m2019-03-07 10:13:06.685[0;39m [32m INFO[0;39m [35m20777[0;39m [2m---[0;39m [2m[.15t][0;39m [36ms.w.s.m.m.a.RequestMappingHandlerMapping [  register:547 ][0;39m [2m:[0;39m Mapped "{[/error],produces=[text/html]}" onto public org.springframework.web.servlet.ModelAndView org.springframework.boot.autoconfigure.web.servlet.error.BasicErrorController.errorHtml(javax.servlet.http.HttpServletRequest,javax.servlet.http.HttpServletResponse)
[2m2019-03-07 10:13:06.692[0;39m [32m INFO[0;39m [35m20777[0;39m [2m---[0;39m [2m[.15t][0;39m [36ms.w.s.m.m.a.RequestMappingHandlerMapping [  register:547 ][0;39m [2m:[0;39m Mapped "{[/],methods=[GET]}" onto public java.lang.String org.springframework.cloud.netflix.eureka.server.EurekaController.status(javax.servlet.http.HttpServletRequest,java.util.Map<java.lang.String, java.lang.Object>)
[2m2019-03-07 10:13:06.693[0;39m [32m INFO[0;39m [35m20777[0;39m [2m---[0;39m [2m[.15t][0;39m [36ms.w.s.m.m.a.RequestMappingHandlerMapping [  register:547 ][0;39m [2m:[0;39m Mapped "{[/lastn],methods=[GET]}" onto public java.lang.String org.springframework.cloud.netflix.eureka.server.EurekaController.lastn(javax.servlet.http.HttpServletRequest,java.util.Map<java.lang.String, java.lang.Object>)
[2m2019-03-07 10:13:06.726[0;39m [32m INFO[0;39m [35m20777[0;39m [2m---[0;39m [2m[.15t][0;39m [36mo.s.w.s.h.SimpleUrlHandlerMapping        [terHandler:373 ][0;39m [2m:[0;39m Mapped URL path [/webjars/**] onto handler of type [class org.springframework.web.servlet.resource.ResourceHttpRequestHandler]
[2m2019-03-07 10:13:06.727[0;39m [32m INFO[0;39m [35m20777[0;39m [2m---[0;39m [2m[.15t][0;39m [36mo.s.w.s.h.SimpleUrlHandlerMapping        [terHandler:373 ][0;39m [2m:[0;39m Mapped URL path [/**] onto handler of type [class org.springframework.web.servlet.resource.ResourceHttpRequestHandler]
[2m2019-03-07 10:13:07.293[0;39m [32m INFO[0;39m [35m20777[0;39m [2m---[0;39m [2m[.15t][0;39m [36mo.s.u.f.SpringTemplateLoader             [    <init>:62  ][0;39m [2m:[0;39m SpringTemplateLoader for FreeMarker: using resource loader [org.springframework.boot.web.servlet.context.AnnotationConfigServletWebServerApplicationContext@56c698e3: startup date [Thu Mar 07 10:12:57 CST 2019]; parent: org.springframework.context.annotation.AnnotationConfigApplicationContext@6283d8b8] and template loader path [classpath:/templates/]
[2m2019-03-07 10:13:07.296[0;39m [32m INFO[0;39m [35m20777[0;39m [2m---[0;39m [2m[.15t][0;39m [36mo.s.w.s.v.f.FreeMarkerConfigurer         [ateLoaders:131 ][0;39m [2m:[0;39m ClassTemplateLoader for Spring macros added to FreeMarker configuration
[2m2019-03-07 10:13:07.528[0;39m [32m INFO[0;39m [35m20777[0;39m [2m---[0;39m [2m[.15t][0;39m [36mo.s.c.n.e.InstanceInfoFactory            [    create:71  ][0;39m [2m:[0;39m Setting initial instance status as: STARTING
[2m2019-03-07 10:13:07.584[0;39m [32m INFO[0;39m [35m20777[0;39m [2m---[0;39m [2m[.15t][0;39m [36mc.n.d.DiscoveryClient                    [    <init>:349 ][0;39m [2m:[0;39m Initializing Eureka in region us-east-1
[2m2019-03-07 10:13:07.584[0;39m [32m INFO[0;39m [35m20777[0;39m [2m---[0;39m [2m[.15t][0;39m [36mc.n.d.DiscoveryClient                    [    <init>:352 ][0;39m [2m:[0;39m Client configured to neither register nor query for data.
[2m2019-03-07 10:13:07.600[0;39m [32m INFO[0;39m [35m20777[0;39m [2m---[0;39m [2m[.15t][0;39m [36mc.n.d.DiscoveryClient                    [    <init>:365 ][0;39m [2m:[0;39m Discovery Client initialized at timestamp 1551924787598 with initial instances count: 0
[2m2019-03-07 10:13:07.680[0;39m [32m INFO[0;39m [35m20777[0;39m [2m---[0;39m [2m[.15t][0;39m [36mc.n.e.DefaultEurekaServerContext         [initialize:63  ][0;39m [2m:[0;39m Initializing ...
[2m2019-03-07 10:13:07.684[0;39m [33m WARN[0;39m [35m20777[0;39m [2m---[0;39m [2m[.15t][0;39m [36mc.n.e.c.PeerEurekaNodes                  [urekaNodes:156 ][0;39m [2m:[0;39m The replica size seems to be empty. Check the route 53 DNS Registry
[2m2019-03-07 10:13:07.708[0;39m [32m INFO[0;39m [35m20777[0;39m [2m---[0;39m [2m[.15t][0;39m [36mc.n.e.r.AbstractInstanceRegistry         [onRegistry:151 ][0;39m [2m:[0;39m Finished initializing remote region registries. All known remote regions: []
[2m2019-03-07 10:13:07.709[0;39m [32m INFO[0;39m [35m20777[0;39m [2m---[0;39m [2m[.15t][0;39m [36mc.n.e.DefaultEurekaServerContext         [initialize:70  ][0;39m [2m:[0;39m Initialized
[2m2019-03-07 10:13:07.747[0;39m [32m INFO[0;39m [35m20777[0;39m [2m---[0;39m [2m[.15t][0;39m [36mo.s.b.a.e.w.EndpointLinksResolver        [    <init>:59  ][0;39m [2m:[0;39m Exposing 2 endpoint(s) beneath base path '/actuator'
[2m2019-03-07 10:13:07.770[0;39m [32m INFO[0;39m [35m20777[0;39m [2m---[0;39m [2m[.15t][0;39m [36ms.b.a.e.w.s.WebMvcEndpointHandlerMapping [  register:547 ][0;39m [2m:[0;39m Mapped "{[/actuator/health],methods=[GET],produces=[application/vnd.spring-boot.actuator.v2+json || application/json]}" onto public java.lang.Object org.springframework.boot.actuate.endpoint.web.servlet.AbstractWebMvcEndpointHandlerMapping$OperationHandler.handle(javax.servlet.http.HttpServletRequest,java.util.Map<java.lang.String, java.lang.String>)
[2m2019-03-07 10:13:07.774[0;39m [32m INFO[0;39m [35m20777[0;39m [2m---[0;39m [2m[.15t][0;39m [36ms.b.a.e.w.s.WebMvcEndpointHandlerMapping [  register:547 ][0;39m [2m:[0;39m Mapped "{[/actuator/info],methods=[GET],produces=[application/vnd.spring-boot.actuator.v2+json || application/json]}" onto public java.lang.Object org.springframework.boot.actuate.endpoint.web.servlet.AbstractWebMvcEndpointHandlerMapping$OperationHandler.handle(javax.servlet.http.HttpServletRequest,java.util.Map<java.lang.String, java.lang.String>)
[2m2019-03-07 10:13:07.778[0;39m [32m INFO[0;39m [35m20777[0;39m [2m---[0;39m [2m[.15t][0;39m [36ms.b.a.e.w.s.WebMvcEndpointHandlerMapping [  register:547 ][0;39m [2m:[0;39m Mapped "{[/actuator],methods=[GET],produces=[application/vnd.spring-boot.actuator.v2+json || application/json]}" onto protected java.util.Map<java.lang.String, java.util.Map<java.lang.String, org.springframework.boot.actuate.endpoint.web.Link>> org.springframework.boot.actuate.endpoint.web.servlet.WebMvcEndpointHandlerMapping.links(javax.servlet.http.HttpServletRequest,javax.servlet.http.HttpServletResponse)
[2m2019-03-07 10:13:07.855[0;39m [32m INFO[0;39m [35m20777[0;39m [2m---[0;39m [2m[.15t][0;39m [36mo.s.j.e.a.AnnotationMBeanExporter        [stantiated:433 ][0;39m [2m:[0;39m Registering beans for JMX exposure on startup
[2m2019-03-07 10:13:07.865[0;39m [32m INFO[0;39m [35m20777[0;39m [2m---[0;39m [2m[.15t][0;39m [36mo.s.j.e.a.AnnotationMBeanExporter        [autodetect:895 ][0;39m [2m:[0;39m Bean with name 'environmentManager' has been autodetected for JMX exposure
[2m2019-03-07 10:13:07.867[0;39m [32m INFO[0;39m [35m20777[0;39m [2m---[0;39m [2m[.15t][0;39m [36mo.s.j.e.a.AnnotationMBeanExporter        [autodetect:895 ][0;39m [2m:[0;39m Bean with name 'configurationPropertiesRebinder' has been autodetected for JMX exposure
[2m2019-03-07 10:13:07.868[0;39m [32m INFO[0;39m [35m20777[0;39m [2m---[0;39m [2m[.15t][0;39m [36mo.s.j.e.a.AnnotationMBeanExporter        [autodetect:895 ][0;39m [2m:[0;39m Bean with name 'refreshScope' has been autodetected for JMX exposure
[2m2019-03-07 10:13:07.873[0;39m [32m INFO[0;39m [35m20777[0;39m [2m---[0;39m [2m[.15t][0;39m [36mo.s.j.e.a.AnnotationMBeanExporter        [anInstance:675 ][0;39m [2m:[0;39m Located managed bean 'environmentManager': registering with JMX server as MBean [org.springframework.cloud.context.environment:name=environmentManager,type=EnvironmentManager]
[2m2019-03-07 10:13:07.887[0;39m [32m INFO[0;39m [35m20777[0;39m [2m---[0;39m [2m[.15t][0;39m [36mo.s.j.e.a.AnnotationMBeanExporter        [anInstance:675 ][0;39m [2m:[0;39m Located managed bean 'refreshScope': registering with JMX server as MBean [org.springframework.cloud.context.scope.refresh:name=refreshScope,type=RefreshScope]
[2m2019-03-07 10:13:07.918[0;39m [32m INFO[0;39m [35m20777[0;39m [2m---[0;39m [2m[.15t][0;39m [36mo.s.j.e.a.AnnotationMBeanExporter        [anInstance:675 ][0;39m [2m:[0;39m Located managed bean 'configurationPropertiesRebinder': registering with JMX server as MBean [org.springframework.cloud.context.properties:name=configurationPropertiesRebinder,context=56c698e3,type=ConfigurationPropertiesRebinder]
[2m2019-03-07 10:13:07.932[0;39m [32m INFO[0;39m [35m20777[0;39m [2m---[0;39m [2m[.15t][0;39m [36mo.s.c.s.DefaultLifecycleProcessor        [     start:351 ][0;39m [2m:[0;39m Starting beans in phase 0
[2m2019-03-07 10:13:07.933[0;39m [32m INFO[0;39m [35m20777[0;39m [2m---[0;39m [2m[.15t][0;39m [36mo.s.c.n.e.s.EurekaServiceRegistry        [  register:42  ][0;39m [2m:[0;39m Registering application eureka-server with eureka with status UP
[2m2019-03-07 10:13:07.940[0;39m [32m INFO[0;39m [35m20777[0;39m [2m---[0;39m [2m[.15t][0;39m [36mo.s.c.n.e.s.EurekaServerBootstrap        [nvironment:109 ][0;39m [2m:[0;39m Setting the eureka configuration..
[2m2019-03-07 10:13:07.941[0;39m [32m INFO[0;39m [35m20777[0;39m [2m---[0;39m [2m[.15t][0;39m [36mo.s.c.n.e.s.EurekaServerBootstrap        [nvironment:114 ][0;39m [2m:[0;39m Eureka data center value eureka.datacenter is not set, defaulting to default
[2m2019-03-07 10:13:07.942[0;39m [32m INFO[0;39m [35m20777[0;39m [2m---[0;39m [2m[.15t][0;39m [36mo.s.c.n.e.s.EurekaServerBootstrap        [nvironment:128 ][0;39m [2m:[0;39m Eureka environment value eureka.environment is not set, defaulting to test
[2m2019-03-07 10:13:07.960[0;39m [32m INFO[0;39m [35m20777[0;39m [2m---[0;39m [2m[.15t][0;39m [36mo.s.c.n.e.s.EurekaServerBootstrap        [     isAws:184 ][0;39m [2m:[0;39m isAws returned false
[2m2019-03-07 10:13:07.961[0;39m [32m INFO[0;39m [35m20777[0;39m [2m---[0;39m [2m[.15t][0;39m [36mo.s.c.n.e.s.EurekaServerBootstrap        [verContext:152 ][0;39m [2m:[0;39m Initialized server context
[2m2019-03-07 10:13:07.961[0;39m [32m INFO[0;39m [35m20777[0;39m [2m---[0;39m [2m[.15t][0;39m [36mc.n.e.r.PeerAwareInstanceRegistryImpl    [ForTraffic:242 ][0;39m [2m:[0;39m Got 1 instances from neighboring DS node
[2m2019-03-07 10:13:07.961[0;39m [32m INFO[0;39m [35m20777[0;39m [2m---[0;39m [2m[.15t][0;39m [36mc.n.e.r.PeerAwareInstanceRegistryImpl    [ForTraffic:243 ][0;39m [2m:[0;39m Renew threshold is: 1
[2m2019-03-07 10:13:07.962[0;39m [32m INFO[0;39m [35m20777[0;39m [2m---[0;39m [2m[.15t][0;39m [36mc.n.e.r.PeerAwareInstanceRegistryImpl    [ForTraffic:254 ][0;39m [2m:[0;39m Changing status to UP
[2m2019-03-07 10:13:07.965[0;39m [32m INFO[0;39m [35m20777[0;39m [2m---[0;39m [2m[.15t][0;39m [36mo.a.c.h.Http11NioProtocol                [       log:180 ][0;39m [2m:[0;39m Starting ProtocolHandler ["http-nio-8080"]
[2m2019-03-07 10:13:07.976[0;39m [32m INFO[0;39m [35m20777[0;39m [2m---[0;39m [2m[.15t][0;39m [36me.s.EurekaServerInitializerConfiguration [       run:72  ][0;39m [2m:[0;39m Started Eureka Server
[2m2019-03-07 10:13:08.026[0;39m [32m INFO[0;39m [35m20777[0;39m [2m---[0;39m [2m[.15t][0;39m [36mo.a.t.u.n.NioSelectorPool                [       log:180 ][0;39m [2m:[0;39m Using a shared selector for servlet write/read
[2m2019-03-07 10:13:08.051[0;39m [32m INFO[0;39m [35m20777[0;39m [2m---[0;39m [2m[.15t][0;39m [36mo.s.b.w.e.t.TomcatWebServer              [     start:206 ][0;39m [2m:[0;39m Tomcat started on port(s): 8080 (http) with context path ''
[2m2019-03-07 10:13:08.053[0;39m [32m INFO[0;39m [35m20777[0;39m [2m---[0;39m [2m[.15t][0;39m [36m.s.c.n.e.s.EurekaAutoServiceRegistration [ationEvent:124 ][0;39m [2m:[0;39m Updating port to 8080
[2m2019-03-07 10:13:08.059[0;39m [32m INFO[0;39m [35m20777[0;39m [2m---[0;39m [2m[.15t][0;39m [36mc.s.EurekaServerApplication              [logStarted:59  ][0;39m [2m:[0;39m Started EurekaServerApplication in 12.714 seconds (JVM running for 14.11)
[2m2019-03-07 10:13:23.476[0;39m [32m INFO[0;39m [35m20777[0;39m [2m---[0;39m [2m[.15t][0;39m [36mo.a.c.c.C.[.[.[/]                        [       log:180 ][0;39m [2m:[0;39m Initializing Spring FrameworkServlet 'dispatcherServlet'
[2m2019-03-07 10:13:23.481[0;39m [32m INFO[0;39m [35m20777[0;39m [2m---[0;39m [2m[.15t][0;39m [36mo.s.w.s.DispatcherServlet                [ervletBean:494 ][0;39m [2m:[0;39m FrameworkServlet 'dispatcherServlet': initialization started
[2m2019-03-07 10:13:23.579[0;39m [32m INFO[0;39m [35m20777[0;39m [2m---[0;39m [2m[.15t][0;39m [36mo.s.w.s.DispatcherServlet                [ervletBean:509 ][0;39m [2m:[0;39m FrameworkServlet 'dispatcherServlet': initialization completed in 98 ms
[2m2019-03-07 10:13:34.436[0;39m [33m WARN[0;39m [35m20777[0;39m [2m---[0;39m [2m[.15t][0;39m [36mc.n.e.r.AbstractInstanceRegistry         [     renew:356 ][0;39m [2m:[0;39m DS: Registry: lease doesn't exist, registering resource: EUREKA-CLIENT1 - 192.168.26.97:eureka-client1:8001
[2m2019-03-07 10:13:34.437[0;39m [33m WARN[0;39m [35m20777[0;39m [2m---[0;39m [2m[.15t][0;39m [36mc.n.e.r.InstanceResource                 [renewLease:116 ][0;39m [2m:[0;39m Not Found (Renew): EUREKA-CLIENT1 - 192.168.26.97:eureka-client1:8001
[2m2019-03-07 10:13:34.987[0;39m [32m INFO[0;39m [35m20777[0;39m [2m---[0;39m [2m[.15t][0;39m [36mc.n.e.r.AbstractInstanceRegistry         [  register:269 ][0;39m [2m:[0;39m Registered instance EUREKA-CLIENT1/192.168.26.97:eureka-client1:8001 with status UP (replication=false)
[2m2019-03-07 10:14:07.965[0;39m [32m INFO[0;39m [35m20777[0;39m [2m---[0;39m [2m[.15t][0;39m [36mc.n.e.r.AbstractInstanceRegistry         [       run:1247][0;39m [2m:[0;39m Running the evict task with compensationTime 0ms
[2m2019-03-07 10:15:07.974[0;39m [32m INFO[0;39m [35m20777[0;39m [2m---[0;39m [2m[.15t][0;39m [36mc.n.e.r.AbstractInstanceRegistry         [       run:1247][0;39m [2m:[0;39m Running the evict task with compensationTime 4ms
[2m2019-03-07 10:16:07.972[0;39m [32m INFO[0;39m [35m20777[0;39m [2m---[0;39m [2m[.15t][0;39m [36mc.n.e.r.AbstractInstanceRegistry         [       run:1247][0;39m [2m:[0;39m Running the evict task with compensationTime 5ms
[2m2019-03-07 10:17:07.972[0;39m [32m INFO[0;39m [35m20777[0;39m [2m---[0;39m [2m[.15t][0;39m [36mc.n.e.r.AbstractInstanceRegistry         [       run:1247][0;39m [2m:[0;39m Running the evict task with compensationTime 11ms
[2m2019-03-07 10:17:58.006[0;39m [32m INFO[0;39m [35m20777[0;39m [2m---[0;39m [2m[.15t][0;39m [36mc.n.e.r.AbstractInstanceRegistry         [  register:269 ][0;39m [2m:[0;39m Registered instance EUREKA-CLIENT1/192.168.26.97:eureka-client1:8001 with status DOWN (replication=false)
[2m2019-03-07 10:17:58.084[0;39m [32m INFO[0;39m [35m20777[0;39m [2m---[0;39m [2m[.15t][0;39m [36mc.n.e.r.AbstractInstanceRegistry         [rnalCancel:333 ][0;39m [2m:[0;39m Cancelled instance EUREKA-CLIENT1/192.168.26.97:eureka-client1:8001 (replication=false)
[2m2019-03-07 10:18:07.977[0;39m [32m INFO[0;39m [35m20777[0;39m [2m---[0;39m [2m[.15t][0;39m [36mc.n.e.r.AbstractInstanceRegistry         [       run:1247][0;39m [2m:[0;39m Running the evict task with compensationTime 4ms
[2m2019-03-07 10:18:37.365[0;39m [32m INFO[0;39m [35m20777[0;39m [2m---[0;39m [2m[.15t][0;39m [36mc.n.e.r.AbstractInstanceRegistry         [  register:269 ][0;39m [2m:[0;39m Registered instance EUREKA-CLIENT-CONSUMER/192.168.26.97:eureka-client-consumer:8002 with status UP (replication=false)
[2m2019-03-07 10:19:07.980[0;39m [32m INFO[0;39m [35m20777[0;39m [2m---[0;39m [2m[.15t][0;39m [36mc.n.e.r.AbstractInstanceRegistry         [       run:1247][0;39m [2m:[0;39m Running the evict task with compensationTime 3ms
[2m2019-03-07 10:20:07.985[0;39m [32m INFO[0;39m [35m20777[0;39m [2m---[0;39m [2m[.15t][0;39m [36mc.n.e.r.AbstractInstanceRegistry         [       run:1247][0;39m [2m:[0;39m Running the evict task with compensationTime 4ms
[2m2019-03-07 10:20:21.419[0;39m [32m INFO[0;39m [35m20777[0;39m [2m---[0;39m [2m[.15t][0;39m [36mc.n.e.r.AbstractInstanceRegistry         [  register:269 ][0;39m [2m:[0;39m Registered instance EUREKA-CLIENT-CONSUMER/192.168.26.97:eureka-client-consumer:8002 with status DOWN (replication=false)
[2m2019-03-07 10:20:24.477[0;39m [32m INFO[0;39m [35m20777[0;39m [2m---[0;39m [2m[.15t][0;39m [36mc.n.e.r.AbstractInstanceRegistry         [rnalCancel:333 ][0;39m [2m:[0;39m Cancelled instance EUREKA-CLIENT-CONSUMER/192.168.26.97:eureka-client-consumer:8002 (replication=false)
[2m2019-03-07 10:20:36.247[0;39m [32m INFO[0;39m [35m20777[0;39m [2m---[0;39m [2m[.15t][0;39m [36mc.n.e.r.AbstractInstanceRegistry         [  register:269 ][0;39m [2m:[0;39m Registered instance EUREKA-CLIENT-CONSUMER/192.168.26.97:eureka-client-consumer:8002 with status UP (replication=false)
[2m2019-03-07 10:21:07.991[0;39m [32m INFO[0;39m [35m20777[0;39m [2m---[0;39m [2m[.15t][0;39m [36mc.n.e.r.AbstractInstanceRegistry         [       run:1247][0;39m [2m:[0;39m Running the evict task with compensationTime 5ms
[2m2019-03-07 10:21:18.241[0;39m [32m INFO[0;39m [35m20777[0;39m [2m---[0;39m [2m[.15t][0;39m [36mc.n.e.r.AbstractInstanceRegistry         [  register:269 ][0;39m [2m:[0;39m Registered instance EUREKA-CLIENT-CONSUMER/192.168.26.97:eureka-client-consumer:8002 with status DOWN (replication=false)
[2m2019-03-07 10:21:18.261[0;39m [32m INFO[0;39m [35m20777[0;39m [2m---[0;39m [2m[.15t][0;39m [36mc.n.e.r.AbstractInstanceRegistry         [rnalCancel:333 ][0;39m [2m:[0;39m Cancelled instance EUREKA-CLIENT-CONSUMER/192.168.26.97:eureka-client-consumer:8002 (replication=false)
[2m2019-03-07 10:21:24.046[0;39m [32m INFO[0;39m [35m20777[0;39m [2m---[0;39m [2m[.15t][0;39m [36mConfigServletWebServerApplicationContext [   doClose:993 ][0;39m [2m:[0;39m Closing org.springframework.boot.web.servlet.context.AnnotationConfigServletWebServerApplicationContext@56c698e3: startup date [Thu Mar 07 10:12:57 CST 2019]; parent: org.springframework.context.annotation.AnnotationConfigApplicationContext@6283d8b8
[2m2019-03-07 10:21:24.073[0;39m [32m INFO[0;39m [35m20777[0;39m [2m---[0;39m [2m[.15t][0;39m [36mo.s.c.n.e.s.EurekaServiceRegistry        [deregister:65  ][0;39m [2m:[0;39m Unregistering application eureka-server with eureka with status DOWN
[2m2019-03-07 10:21:24.864[0;39m [32m INFO[0;39m [35m20777[0;39m [2m---[0;39m [2m[.15t][0;39m [36mo.s.c.s.DefaultLifecycleProcessor        [      stop:366 ][0;39m [2m:[0;39m Stopping beans in phase 0
[2m2019-03-07 10:21:24.877[0;39m [32m INFO[0;39m [35m20777[0;39m [2m---[0;39m [2m[.15t][0;39m [36mc.n.e.DefaultEurekaServerContext         [  shutdown:76  ][0;39m [2m:[0;39m Shutting down ...
[2m2019-03-07 10:21:24.935[0;39m [32m INFO[0;39m [35m20777[0;39m [2m---[0;39m [2m[.15t][0;39m [36mc.n.e.DefaultEurekaServerContext         [  shutdown:79  ][0;39m [2m:[0;39m Shut down
[2m2019-03-07 10:21:25.646[0;39m [32m INFO[0;39m [35m20777[0;39m [2m---[0;39m [2m[.15t][0;39m [36mo.s.j.e.a.AnnotationMBeanExporter        [   destroy:451 ][0;39m [2m:[0;39m Unregistering JMX-exposed beans on shutdown
[2m2019-03-07 10:21:25.673[0;39m [32m INFO[0;39m [35m20777[0;39m [2m---[0;39m [2m[.15t][0;39m [36mo.s.j.e.a.AnnotationMBeanExporter        [isterBeans:183 ][0;39m [2m:[0;39m Unregistering JMX-exposed beans
[2m2019-03-07 10:21:25.723[0;39m [32m INFO[0;39m [35m20777[0;39m [2m---[0;39m [2m[.15t][0;39m [36mc.n.d.DiscoveryClient                    [  shutdown:888 ][0;39m [2m:[0;39m Shutting down DiscoveryClient ...
[2m2019-03-07 10:21:25.725[0;39m [32m INFO[0;39m [35m20777[0;39m [2m---[0;39m [2m[.15t][0;39m [36mc.n.d.DiscoveryClient                    [  shutdown:911 ][0;39m [2m:[0;39m Completed shut down of DiscoveryClient
[2m2019-03-07 10:39:22.274[0;39m [32m INFO[0;39m [35m25855[0;39m [2m---[0;39m [2m[.15t][0;39m [36mc.s.EurekaServerApplication              [rofileInfo:659 ][0;39m [2m:[0;39m No active profile set, falling back to default profiles: default
[2m2019-03-07 10:39:22.294[0;39m [32m INFO[0;39m [35m25855[0;39m [2m---[0;39m [2m[.15t][0;39m [36mConfigServletWebServerApplicationContext [areRefresh:590 ][0;39m [2m:[0;39m Refreshing org.springframework.boot.web.servlet.context.AnnotationConfigServletWebServerApplicationContext@784b990c: startup date [Thu Mar 07 10:39:22 CST 2019]; parent: org.springframework.context.annotation.AnnotationConfigApplicationContext@7c24b813
[2m2019-03-07 10:39:24.078[0;39m [32m INFO[0;39m [35m25855[0;39m [2m---[0;39m [2m[.15t][0;39m [36mo.s.c.c.s.GenericScope                   [lizationId:294 ][0;39m [2m:[0;39m BeanFactory id=98bcd73d-517b-3beb-a002-a39f6078442c
[2m2019-03-07 10:39:24.109[0;39m [32m INFO[0;39m [35m25855[0;39m [2m---[0;39m [2m[.15t][0;39m [36mf.a.AutowiredAnnotationBeanPostProcessor [    <init>:154 ][0;39m [2m:[0;39m JSR-330 'javax.inject.Inject' annotation found and supported for autowiring
[2m2019-03-07 10:39:24.239[0;39m [32m INFO[0;39m [35m25855[0;39m [2m---[0;39m [2m[.15t][0;39m [36mtrationDelegate$BeanPostProcessorChecker [ialization:328 ][0;39m [2m:[0;39m Bean 'org.springframework.cloud.autoconfigure.ConfigurationPropertiesRebinderAutoConfiguration' of type [org.springframework.cloud.autoconfigure.ConfigurationPropertiesRebinderAutoConfiguration$$EnhancerBySpringCGLIB$$49365739] is not eligible for getting processed by all BeanPostProcessors (for example: not eligible for auto-proxying)
[2m2019-03-07 10:39:24.561[0;39m [32m INFO[0;39m [35m25855[0;39m [2m---[0;39m [2m[.15t][0;39m [36mo.s.b.w.e.t.TomcatWebServer              [initialize:91  ][0;39m [2m:[0;39m Tomcat initialized with port(s): 8080 (http)
[2m2019-03-07 10:39:24.580[0;39m [32m INFO[0;39m [35m25855[0;39m [2m---[0;39m [2m[.15t][0;39m [36mo.a.c.h.Http11NioProtocol                [       log:180 ][0;39m [2m:[0;39m Initializing ProtocolHandler ["http-nio-8080"]
[2m2019-03-07 10:39:24.592[0;39m [32m INFO[0;39m [35m25855[0;39m [2m---[0;39m [2m[.15t][0;39m [36mo.a.c.c.StandardService                  [       log:180 ][0;39m [2m:[0;39m Starting service [Tomcat]
[2m2019-03-07 10:39:24.593[0;39m [32m INFO[0;39m [35m25855[0;39m [2m---[0;39m [2m[.15t][0;39m [36mo.a.c.c.StandardEngine                   [       log:180 ][0;39m [2m:[0;39m Starting Servlet Engine: Apache Tomcat/8.5.29
[2m2019-03-07 10:39:24.606[0;39m [32m INFO[0;39m [35m25855[0;39m [2m---[0;39m [2m[.15t][0;39m [36mo.a.c.c.AprLifecycleListener             [       log:180 ][0;39m [2m:[0;39m The APR based Apache Tomcat Native library which allows optimal performance in production environments was not found on the java.library.path: [/Users/baozc/Library/Java/Extensions:/Library/Java/Extensions:/Network/Library/Java/Extensions:/System/Library/Java/Extensions:/usr/lib/java:.]
[2m2019-03-07 10:39:24.747[0;39m [32m INFO[0;39m [35m25855[0;39m [2m---[0;39m [2m[.15t][0;39m [36mo.a.c.c.C.[.[.[/]                        [       log:180 ][0;39m [2m:[0;39m Initializing Spring embedded WebApplicationContext
[2m2019-03-07 10:39:24.748[0;39m [32m INFO[0;39m [35m25855[0;39m [2m---[0;39m [2m[.15t][0;39m [36mo.s.w.c.ContextLoader                    [ionContext:285 ][0;39m [2m:[0;39m Root WebApplicationContext: initialization completed in 2453 ms
[2m2019-03-07 10:39:25.036[0;39m [33m WARN[0;39m [35m25855[0;39m [2m---[0;39m [2m[.15t][0;39m [36mc.n.c.s.URLConfigurationSource           [    <init>:121 ][0;39m [2m:[0;39m No URLs will be polled as dynamic configuration sources.
[2m2019-03-07 10:39:25.036[0;39m [32m INFO[0;39m [35m25855[0;39m [2m---[0;39m [2m[.15t][0;39m [36mc.n.c.s.URLConfigurationSource           [    <init>:122 ][0;39m [2m:[0;39m To enable URLs as dynamic configuration sources, define System property archaius.configurationSource.additionalUrls or make config.properties available on classpath.
[2m2019-03-07 10:39:25.063[0;39m [32m INFO[0;39m [35m25855[0;39m [2m---[0;39m [2m[.15t][0;39m [36mc.n.c.DynamicPropertyFactory             [etInstance:281 ][0;39m [2m:[0;39m DynamicPropertyFactory is initialized with configuration sources: com.netflix.config.ConcurrentCompositeConfiguration@76159fa5
[2m2019-03-07 10:39:26.037[0;39m [32m INFO[0;39m [35m25855[0;39m [2m---[0;39m [2m[.15t][0;39m [36mo.s.b.w.s.FilterRegistrationBean         [ configure:244 ][0;39m [2m:[0;39m Mapping filter: 'characterEncodingFilter' to: [/*]
[2m2019-03-07 10:39:26.038[0;39m [32m INFO[0;39m [35m25855[0;39m [2m---[0;39m [2m[.15t][0;39m [36mo.s.b.w.s.FilterRegistrationBean         [ configure:244 ][0;39m [2m:[0;39m Mapping filter: 'hiddenHttpMethodFilter' to: [/*]
[2m2019-03-07 10:39:26.039[0;39m [32m INFO[0;39m [35m25855[0;39m [2m---[0;39m [2m[.15t][0;39m [36mo.s.b.w.s.FilterRegistrationBean         [ configure:244 ][0;39m [2m:[0;39m Mapping filter: 'httpPutFormContentFilter' to: [/*]
[2m2019-03-07 10:39:26.039[0;39m [32m INFO[0;39m [35m25855[0;39m [2m---[0;39m [2m[.15t][0;39m [36mo.s.b.w.s.FilterRegistrationBean         [ configure:244 ][0;39m [2m:[0;39m Mapping filter: 'requestContextFilter' to: [/*]
[2m2019-03-07 10:39:26.040[0;39m [32m INFO[0;39m [35m25855[0;39m [2m---[0;39m [2m[.15t][0;39m [36mo.s.b.w.s.FilterRegistrationBean         [ configure:244 ][0;39m [2m:[0;39m Mapping filter: 'httpTraceFilter' to: [/*]
[2m2019-03-07 10:39:26.040[0;39m [32m INFO[0;39m [35m25855[0;39m [2m---[0;39m [2m[.15t][0;39m [36mo.s.b.w.s.FilterRegistrationBean         [ configure:244 ][0;39m [2m:[0;39m Mapping filter: 'webMvcMetricsFilter' to: [/*]
[2m2019-03-07 10:39:26.041[0;39m [32m INFO[0;39m [35m25855[0;39m [2m---[0;39m [2m[.15t][0;39m [36mo.s.b.w.s.FilterRegistrationBean         [ configure:257 ][0;39m [2m:[0;39m Mapping filter: 'servletContainer' to urls: [/eureka/*]
[2m2019-03-07 10:39:26.041[0;39m [32m INFO[0;39m [35m25855[0;39m [2m---[0;39m [2m[.15t][0;39m [36mo.s.b.w.s.ServletRegistrationBean        [gistration:185 ][0;39m [2m:[0;39m Servlet dispatcherServlet mapped to [/]
[2m2019-03-07 10:39:26.180[0;39m [32m INFO[0;39m [35m25855[0;39m [2m---[0;39m [2m[.15t][0;39m [36mc.s.j.s.i.a.WebApplicationImpl           [ _initiate:815 ][0;39m [2m:[0;39m Initiating Jersey application, version 'Jersey: 1.19.1 03/11/2016 02:08 PM'
[2m2019-03-07 10:39:26.285[0;39m [32m INFO[0;39m [35m25855[0;39m [2m---[0;39m [2m[.15t][0;39m [36mc.n.d.p.DiscoveryJerseyProvider          [    <init>:70  ][0;39m [2m:[0;39m Using JSON encoding codec LegacyJacksonJson
[2m2019-03-07 10:39:26.286[0;39m [32m INFO[0;39m [35m25855[0;39m [2m---[0;39m [2m[.15t][0;39m [36mc.n.d.p.DiscoveryJerseyProvider          [    <init>:71  ][0;39m [2m:[0;39m Using JSON decoding codec LegacyJacksonJson
[2m2019-03-07 10:39:26.445[0;39m [32m INFO[0;39m [35m25855[0;39m [2m---[0;39m [2m[.15t][0;39m [36mc.n.d.p.DiscoveryJerseyProvider          [    <init>:80  ][0;39m [2m:[0;39m Using XML encoding codec XStreamXml
[2m2019-03-07 10:39:26.446[0;39m [32m INFO[0;39m [35m25855[0;39m [2m---[0;39m [2m[.15t][0;39m [36mc.n.d.p.DiscoveryJerseyProvider          [    <init>:81  ][0;39m [2m:[0;39m Using XML decoding codec XStreamXml
[2m2019-03-07 10:39:26.866[0;39m [33m WARN[0;39m [35m25855[0;39m [2m---[0;39m [2m[.15t][0;39m [36mc.n.c.s.URLConfigurationSource           [    <init>:121 ][0;39m [2m:[0;39m No URLs will be polled as dynamic configuration sources.
[2m2019-03-07 10:39:26.867[0;39m [32m INFO[0;39m [35m25855[0;39m [2m---[0;39m [2m[.15t][0;39m [36mc.n.c.s.URLConfigurationSource           [    <init>:122 ][0;39m [2m:[0;39m To enable URLs as dynamic configuration sources, define System property archaius.configurationSource.additionalUrls or make config.properties available on classpath.
[2m2019-03-07 10:39:26.962[0;39m [32m INFO[0;39m [35m25855[0;39m [2m---[0;39m [2m[.15t][0;39m [36mo.s.w.s.h.SimpleUrlHandlerMapping        [terHandler:373 ][0;39m [2m:[0;39m Mapped URL path [/**/favicon.ico] onto handler of type [class org.springframework.web.servlet.resource.ResourceHttpRequestHandler]
[2m2019-03-07 10:39:27.147[0;39m [32m INFO[0;39m [35m25855[0;39m [2m---[0;39m [2m[.15t][0;39m [36ms.w.s.m.m.a.RequestMappingHandlerAdapter [dviceCache:574 ][0;39m [2m:[0;39m Looking for @ControllerAdvice: org.springframework.boot.web.servlet.context.AnnotationConfigServletWebServerApplicationContext@784b990c: startup date [Thu Mar 07 10:39:22 CST 2019]; parent: org.springframework.context.annotation.AnnotationConfigApplicationContext@7c24b813
[2m2019-03-07 10:39:27.230[0;39m [32m INFO[0;39m [35m25855[0;39m [2m---[0;39m [2m[.15t][0;39m [36ms.w.s.m.m.a.RequestMappingHandlerMapping [  register:547 ][0;39m [2m:[0;39m Mapped "{[/error]}" onto public org.springframework.http.ResponseEntity<java.util.Map<java.lang.String, java.lang.Object>> org.springframework.boot.autoconfigure.web.servlet.error.BasicErrorController.error(javax.servlet.http.HttpServletRequest)
[2m2019-03-07 10:39:27.232[0;39m [32m INFO[0;39m [35m25855[0;39m [2m---[0;39m [2m[.15t][0;39m [36ms.w.s.m.m.a.RequestMappingHandlerMapping [  register:547 ][0;39m [2m:[0;39m Mapped "{[/error],produces=[text/html]}" onto public org.springframework.web.servlet.ModelAndView org.springframework.boot.autoconfigure.web.servlet.error.BasicErrorController.errorHtml(javax.servlet.http.HttpServletRequest,javax.servlet.http.HttpServletResponse)
[2m2019-03-07 10:39:27.238[0;39m [32m INFO[0;39m [35m25855[0;39m [2m---[0;39m [2m[.15t][0;39m [36ms.w.s.m.m.a.RequestMappingHandlerMapping [  register:547 ][0;39m [2m:[0;39m Mapped "{[/],methods=[GET]}" onto public java.lang.String org.springframework.cloud.netflix.eureka.server.EurekaController.status(javax.servlet.http.HttpServletRequest,java.util.Map<java.lang.String, java.lang.Object>)
[2m2019-03-07 10:39:27.238[0;39m [32m INFO[0;39m [35m25855[0;39m [2m---[0;39m [2m[.15t][0;39m [36ms.w.s.m.m.a.RequestMappingHandlerMapping [  register:547 ][0;39m [2m:[0;39m Mapped "{[/lastn],methods=[GET]}" onto public java.lang.String org.springframework.cloud.netflix.eureka.server.EurekaController.lastn(javax.servlet.http.HttpServletRequest,java.util.Map<java.lang.String, java.lang.Object>)
[2m2019-03-07 10:39:27.267[0;39m [32m INFO[0;39m [35m25855[0;39m [2m---[0;39m [2m[.15t][0;39m [36mo.s.w.s.h.SimpleUrlHandlerMapping        [terHandler:373 ][0;39m [2m:[0;39m Mapped URL path [/webjars/**] onto handler of type [class org.springframework.web.servlet.resource.ResourceHttpRequestHandler]
[2m2019-03-07 10:39:27.268[0;39m [32m INFO[0;39m [35m25855[0;39m [2m---[0;39m [2m[.15t][0;39m [36mo.s.w.s.h.SimpleUrlHandlerMapping        [terHandler:373 ][0;39m [2m:[0;39m Mapped URL path [/**] onto handler of type [class org.springframework.web.servlet.resource.ResourceHttpRequestHandler]
[2m2019-03-07 10:39:27.770[0;39m [32m INFO[0;39m [35m25855[0;39m [2m---[0;39m [2m[.15t][0;39m [36mo.s.u.f.SpringTemplateLoader             [    <init>:62  ][0;39m [2m:[0;39m SpringTemplateLoader for FreeMarker: using resource loader [org.springframework.boot.web.servlet.context.AnnotationConfigServletWebServerApplicationContext@784b990c: startup date [Thu Mar 07 10:39:22 CST 2019]; parent: org.springframework.context.annotation.AnnotationConfigApplicationContext@7c24b813] and template loader path [classpath:/templates/]
[2m2019-03-07 10:39:27.772[0;39m [32m INFO[0;39m [35m25855[0;39m [2m---[0;39m [2m[.15t][0;39m [36mo.s.w.s.v.f.FreeMarkerConfigurer         [ateLoaders:131 ][0;39m [2m:[0;39m ClassTemplateLoader for Spring macros added to FreeMarker configuration
[2m2019-03-07 10:39:27.960[0;39m [32m INFO[0;39m [35m25855[0;39m [2m---[0;39m [2m[.15t][0;39m [36mo.s.c.n.e.InstanceInfoFactory            [    create:71  ][0;39m [2m:[0;39m Setting initial instance status as: STARTING
[2m2019-03-07 10:39:28.006[0;39m [32m INFO[0;39m [35m25855[0;39m [2m---[0;39m [2m[.15t][0;39m [36mc.n.d.DiscoveryClient                    [    <init>:349 ][0;39m [2m:[0;39m Initializing Eureka in region us-east-1
[2m2019-03-07 10:39:28.007[0;39m [32m INFO[0;39m [35m25855[0;39m [2m---[0;39m [2m[.15t][0;39m [36mc.n.d.DiscoveryClient                    [    <init>:352 ][0;39m [2m:[0;39m Client configured to neither register nor query for data.
[2m2019-03-07 10:39:28.021[0;39m [32m INFO[0;39m [35m25855[0;39m [2m---[0;39m [2m[.15t][0;39m [36mc.n.d.DiscoveryClient                    [    <init>:365 ][0;39m [2m:[0;39m Discovery Client initialized at timestamp 1551926368019 with initial instances count: 0
[2m2019-03-07 10:39:28.094[0;39m [32m INFO[0;39m [35m25855[0;39m [2m---[0;39m [2m[.15t][0;39m [36mc.n.e.DefaultEurekaServerContext         [initialize:63  ][0;39m [2m:[0;39m Initializing ...
[2m2019-03-07 10:39:28.098[0;39m [33m WARN[0;39m [35m25855[0;39m [2m---[0;39m [2m[.15t][0;39m [36mc.n.e.c.PeerEurekaNodes                  [urekaNodes:156 ][0;39m [2m:[0;39m The replica size seems to be empty. Check the route 53 DNS Registry
[2m2019-03-07 10:39:28.131[0;39m [32m INFO[0;39m [35m25855[0;39m [2m---[0;39m [2m[.15t][0;39m [36mc.n.e.r.AbstractInstanceRegistry         [onRegistry:151 ][0;39m [2m:[0;39m Finished initializing remote region registries. All known remote regions: []
[2m2019-03-07 10:39:28.133[0;39m [32m INFO[0;39m [35m25855[0;39m [2m---[0;39m [2m[.15t][0;39m [36mc.n.e.DefaultEurekaServerContext         [initialize:70  ][0;39m [2m:[0;39m Initialized
[2m2019-03-07 10:39:28.153[0;39m [32m INFO[0;39m [35m25855[0;39m [2m---[0;39m [2m[.15t][0;39m [36mo.s.b.a.e.w.EndpointLinksResolver        [    <init>:59  ][0;39m [2m:[0;39m Exposing 2 endpoint(s) beneath base path '/actuator'
[2m2019-03-07 10:39:28.163[0;39m [32m INFO[0;39m [35m25855[0;39m [2m---[0;39m [2m[.15t][0;39m [36ms.b.a.e.w.s.WebMvcEndpointHandlerMapping [  register:547 ][0;39m [2m:[0;39m Mapped "{[/actuator/health],methods=[GET],produces=[application/vnd.spring-boot.actuator.v2+json || application/json]}" onto public java.lang.Object org.springframework.boot.actuate.endpoint.web.servlet.AbstractWebMvcEndpointHandlerMapping$OperationHandler.handle(javax.servlet.http.HttpServletRequest,java.util.Map<java.lang.String, java.lang.String>)
[2m2019-03-07 10:39:28.165[0;39m [32m INFO[0;39m [35m25855[0;39m [2m---[0;39m [2m[.15t][0;39m [36ms.b.a.e.w.s.WebMvcEndpointHandlerMapping [  register:547 ][0;39m [2m:[0;39m Mapped "{[/actuator/info],methods=[GET],produces=[application/vnd.spring-boot.actuator.v2+json || application/json]}" onto public java.lang.Object org.springframework.boot.actuate.endpoint.web.servlet.AbstractWebMvcEndpointHandlerMapping$OperationHandler.handle(javax.servlet.http.HttpServletRequest,java.util.Map<java.lang.String, java.lang.String>)
[2m2019-03-07 10:39:28.166[0;39m [32m INFO[0;39m [35m25855[0;39m [2m---[0;39m [2m[.15t][0;39m [36ms.b.a.e.w.s.WebMvcEndpointHandlerMapping [  register:547 ][0;39m [2m:[0;39m Mapped "{[/actuator],methods=[GET],produces=[application/vnd.spring-boot.actuator.v2+json || application/json]}" onto protected java.util.Map<java.lang.String, java.util.Map<java.lang.String, org.springframework.boot.actuate.endpoint.web.Link>> org.springframework.boot.actuate.endpoint.web.servlet.WebMvcEndpointHandlerMapping.links(javax.servlet.http.HttpServletRequest,javax.servlet.http.HttpServletResponse)
[2m2019-03-07 10:39:28.229[0;39m [32m INFO[0;39m [35m25855[0;39m [2m---[0;39m [2m[.15t][0;39m [36mo.s.j.e.a.AnnotationMBeanExporter        [stantiated:433 ][0;39m [2m:[0;39m Registering beans for JMX exposure on startup
[2m2019-03-07 10:39:28.239[0;39m [32m INFO[0;39m [35m25855[0;39m [2m---[0;39m [2m[.15t][0;39m [36mo.s.j.e.a.AnnotationMBeanExporter        [autodetect:895 ][0;39m [2m:[0;39m Bean with name 'environmentManager' has been autodetected for JMX exposure
[2m2019-03-07 10:39:28.240[0;39m [32m INFO[0;39m [35m25855[0;39m [2m---[0;39m [2m[.15t][0;39m [36mo.s.j.e.a.AnnotationMBeanExporter        [autodetect:895 ][0;39m [2m:[0;39m Bean with name 'configurationPropertiesRebinder' has been autodetected for JMX exposure
[2m2019-03-07 10:39:28.241[0;39m [32m INFO[0;39m [35m25855[0;39m [2m---[0;39m [2m[.15t][0;39m [36mo.s.j.e.a.AnnotationMBeanExporter        [autodetect:895 ][0;39m [2m:[0;39m Bean with name 'refreshScope' has been autodetected for JMX exposure
[2m2019-03-07 10:39:28.244[0;39m [32m INFO[0;39m [35m25855[0;39m [2m---[0;39m [2m[.15t][0;39m [36mo.s.j.e.a.AnnotationMBeanExporter        [anInstance:675 ][0;39m [2m:[0;39m Located managed bean 'environmentManager': registering with JMX server as MBean [org.springframework.cloud.context.environment:name=environmentManager,type=EnvironmentManager]
[2m2019-03-07 10:39:28.256[0;39m [32m INFO[0;39m [35m25855[0;39m [2m---[0;39m [2m[.15t][0;39m [36mo.s.j.e.a.AnnotationMBeanExporter        [anInstance:675 ][0;39m [2m:[0;39m Located managed bean 'refreshScope': registering with JMX server as MBean [org.springframework.cloud.context.scope.refresh:name=refreshScope,type=RefreshScope]
[2m2019-03-07 10:39:28.265[0;39m [32m INFO[0;39m [35m25855[0;39m [2m---[0;39m [2m[.15t][0;39m [36mo.s.j.e.a.AnnotationMBeanExporter        [anInstance:675 ][0;39m [2m:[0;39m Located managed bean 'configurationPropertiesRebinder': registering with JMX server as MBean [org.springframework.cloud.context.properties:name=configurationPropertiesRebinder,context=784b990c,type=ConfigurationPropertiesRebinder]
[2m2019-03-07 10:39:28.278[0;39m [32m INFO[0;39m [35m25855[0;39m [2m---[0;39m [2m[.15t][0;39m [36mo.s.c.s.DefaultLifecycleProcessor        [     start:351 ][0;39m [2m:[0;39m Starting beans in phase 0
[2m2019-03-07 10:39:28.279[0;39m [32m INFO[0;39m [35m25855[0;39m [2m---[0;39m [2m[.15t][0;39m [36mo.s.c.n.e.s.EurekaServiceRegistry        [  register:42  ][0;39m [2m:[0;39m Registering application eureka-server with eureka with status UP
[2m2019-03-07 10:39:28.282[0;39m [32m INFO[0;39m [35m25855[0;39m [2m---[0;39m [2m[.15t][0;39m [36mo.s.c.n.e.s.EurekaServerBootstrap        [nvironment:109 ][0;39m [2m:[0;39m Setting the eureka configuration..
[2m2019-03-07 10:39:28.283[0;39m [32m INFO[0;39m [35m25855[0;39m [2m---[0;39m [2m[.15t][0;39m [36mo.s.c.n.e.s.EurekaServerBootstrap        [nvironment:114 ][0;39m [2m:[0;39m Eureka data center value eureka.datacenter is not set, defaulting to default
[2m2019-03-07 10:39:28.284[0;39m [32m INFO[0;39m [35m25855[0;39m [2m---[0;39m [2m[.15t][0;39m [36mo.s.c.n.e.s.EurekaServerBootstrap        [nvironment:128 ][0;39m [2m:[0;39m Eureka environment value eureka.environment is not set, defaulting to test
[2m2019-03-07 10:39:28.297[0;39m [32m INFO[0;39m [35m25855[0;39m [2m---[0;39m [2m[.15t][0;39m [36mo.s.c.n.e.s.EurekaServerBootstrap        [     isAws:184 ][0;39m [2m:[0;39m isAws returned false
[2m2019-03-07 10:39:28.298[0;39m [32m INFO[0;39m [35m25855[0;39m [2m---[0;39m [2m[.15t][0;39m [36mo.s.c.n.e.s.EurekaServerBootstrap        [verContext:152 ][0;39m [2m:[0;39m Initialized server context
[2m2019-03-07 10:39:28.298[0;39m [32m INFO[0;39m [35m25855[0;39m [2m---[0;39m [2m[.15t][0;39m [36mc.n.e.r.PeerAwareInstanceRegistryImpl    [ForTraffic:242 ][0;39m [2m:[0;39m Got 1 instances from neighboring DS node
[2m2019-03-07 10:39:28.299[0;39m [32m INFO[0;39m [35m25855[0;39m [2m---[0;39m [2m[.15t][0;39m [36mc.n.e.r.PeerAwareInstanceRegistryImpl    [ForTraffic:243 ][0;39m [2m:[0;39m Renew threshold is: 1
[2m2019-03-07 10:39:28.299[0;39m [32m INFO[0;39m [35m25855[0;39m [2m---[0;39m [2m[.15t][0;39m [36mc.n.e.r.PeerAwareInstanceRegistryImpl    [ForTraffic:254 ][0;39m [2m:[0;39m Changing status to UP
[2m2019-03-07 10:39:28.303[0;39m [32m INFO[0;39m [35m25855[0;39m [2m---[0;39m [2m[.15t][0;39m [36mo.a.c.h.Http11NioProtocol                [       log:180 ][0;39m [2m:[0;39m Starting ProtocolHandler ["http-nio-8080"]
[2m2019-03-07 10:39:28.309[0;39m [32m INFO[0;39m [35m25855[0;39m [2m---[0;39m [2m[.15t][0;39m [36me.s.EurekaServerInitializerConfiguration [       run:72  ][0;39m [2m:[0;39m Started Eureka Server
[2m2019-03-07 10:39:28.336[0;39m [32m INFO[0;39m [35m25855[0;39m [2m---[0;39m [2m[.15t][0;39m [36mo.a.t.u.n.NioSelectorPool                [       log:180 ][0;39m [2m:[0;39m Using a shared selector for servlet write/read
[2m2019-03-07 10:39:28.353[0;39m [32m INFO[0;39m [35m25855[0;39m [2m---[0;39m [2m[.15t][0;39m [36mo.s.b.w.e.t.TomcatWebServer              [     start:206 ][0;39m [2m:[0;39m Tomcat started on port(s): 8080 (http) with context path ''
[2m2019-03-07 10:39:28.354[0;39m [32m INFO[0;39m [35m25855[0;39m [2m---[0;39m [2m[.15t][0;39m [36m.s.c.n.e.s.EurekaAutoServiceRegistration [ationEvent:124 ][0;39m [2m:[0;39m Updating port to 8080
[2m2019-03-07 10:39:28.358[0;39m [32m INFO[0;39m [35m25855[0;39m [2m---[0;39m [2m[.15t][0;39m [36mc.s.EurekaServerApplication              [logStarted:59  ][0;39m [2m:[0;39m Started EurekaServerApplication in 8.415 seconds (JVM running for 9.237)
[2m2019-03-07 10:40:28.301[0;39m [32m INFO[0;39m [35m25855[0;39m [2m---[0;39m [2m[.15t][0;39m [36mc.n.e.r.AbstractInstanceRegistry         [       run:1247][0;39m [2m:[0;39m Running the evict task with compensationTime 0ms
[2m2019-03-07 10:41:12.780[0;39m [32m INFO[0;39m [35m25855[0;39m [2m---[0;39m [2m[.15t][0;39m [36mo.a.c.c.C.[.[.[/]                        [       log:180 ][0;39m [2m:[0;39m Initializing Spring FrameworkServlet 'dispatcherServlet'
[2m2019-03-07 10:41:12.784[0;39m [32m INFO[0;39m [35m25855[0;39m [2m---[0;39m [2m[.15t][0;39m [36mo.s.w.s.DispatcherServlet                [ervletBean:494 ][0;39m [2m:[0;39m FrameworkServlet 'dispatcherServlet': initialization started
[2m2019-03-07 10:41:12.872[0;39m [32m INFO[0;39m [35m25855[0;39m [2m---[0;39m [2m[.15t][0;39m [36mo.s.w.s.DispatcherServlet                [ervletBean:509 ][0;39m [2m:[0;39m FrameworkServlet 'dispatcherServlet': initialization completed in 88 ms
[2m2019-03-07 10:41:13.579[0;39m [32m INFO[0;39m [35m25855[0;39m [2m---[0;39m [2m[.15t][0;39m [36mc.n.e.r.AbstractInstanceRegistry         [  register:269 ][0;39m [2m:[0;39m Registered instance EUREKA-CLIENT1/192.168.26.97:eureka-client1:8001 with status UP (replication=false)
[2m2019-03-07 10:41:16.116[0;39m [32m INFO[0;39m [35m25855[0;39m [2m---[0;39m [2m[.15t][0;39m [36mc.n.e.r.AbstractInstanceRegistry         [  register:269 ][0;39m [2m:[0;39m Registered instance EUREKA-CLIENT-CONSUMER/192.168.26.97:eureka-client-consumer:8002 with status UP (replication=false)
[2m2019-03-07 10:41:28.305[0;39m [32m INFO[0;39m [35m25855[0;39m [2m---[0;39m [2m[.15t][0;39m [36mc.n.e.r.AbstractInstanceRegistry         [       run:1247][0;39m [2m:[0;39m Running the evict task with compensationTime 3ms
[2m2019-03-07 10:42:27.739[0;39m [32m INFO[0;39m [35m25855[0;39m [2m---[0;39m [2m[.15t][0;39m [36mc.n.e.r.AbstractInstanceRegistry         [  register:269 ][0;39m [2m:[0;39m Registered instance EUREKA-CLIENT1/192.168.26.97:eureka-client1:8001 with status DOWN (replication=false)
[2m2019-03-07 10:42:27.822[0;39m [32m INFO[0;39m [35m25855[0;39m [2m---[0;39m [2m[.15t][0;39m [36mc.n.e.r.AbstractInstanceRegistry         [rnalCancel:333 ][0;39m [2m:[0;39m Cancelled instance EUREKA-CLIENT1/192.168.26.97:eureka-client1:8001 (replication=false)
[2m2019-03-07 10:42:28.308[0;39m [32m INFO[0;39m [35m25855[0;39m [2m---[0;39m [2m[.15t][0;39m [36mc.n.e.r.AbstractInstanceRegistry         [       run:1247][0;39m [2m:[0;39m Running the evict task with compensationTime 2ms
[2m2019-03-07 10:43:28.313[0;39m [32m INFO[0;39m [35m25855[0;39m [2m---[0;39m [2m[.15t][0;39m [36mc.n.e.r.AbstractInstanceRegistry         [       run:1247][0;39m [2m:[0;39m Running the evict task with compensationTime 2ms
[2m2019-03-07 10:44:02.755[0;39m [32m INFO[0;39m [35m25855[0;39m [2m---[0;39m [2m[.15t][0;39m [36mc.n.e.r.AbstractInstanceRegistry         [  register:269 ][0;39m [2m:[0;39m Registered instance EUREKA-CLIENT1/192.168.26.97:eureka-client1:8001 with status UP (replication=false)
[2m2019-03-07 10:44:28.315[0;39m [32m INFO[0;39m [35m25855[0;39m [2m---[0;39m [2m[.15t][0;39m [36mc.n.e.r.AbstractInstanceRegistry         [       run:1247][0;39m [2m:[0;39m Running the evict task with compensationTime 2ms
[2m2019-03-07 10:45:28.318[0;39m [32m INFO[0;39m [35m25855[0;39m [2m---[0;39m [2m[.15t][0;39m [36mc.n.e.r.AbstractInstanceRegistry         [       run:1247][0;39m [2m:[0;39m Running the evict task with compensationTime 3ms
[2m2019-03-07 10:46:28.321[0;39m [32m INFO[0;39m [35m25855[0;39m [2m---[0;39m [2m[.15t][0;39m [36mc.n.e.r.AbstractInstanceRegistry         [       run:1247][0;39m [2m:[0;39m Running the evict task with compensationTime 2ms
[2m2019-03-07 10:46:48.911[0;39m [32m INFO[0;39m [35m25855[0;39m [2m---[0;39m [2m[.15t][0;39m [36mc.n.e.r.AbstractInstanceRegistry         [  register:269 ][0;39m [2m:[0;39m Registered instance EUREKA-CLIENT1/192.168.26.97:eureka-client1:8001 with status DOWN (replication=false)
[2m2019-03-07 10:46:50.473[0;39m [32m INFO[0;39m [35m25855[0;39m [2m---[0;39m [2m[.15t][0;39m [36mConfigServletWebServerApplicationContext [   doClose:993 ][0;39m [2m:[0;39m Closing org.springframework.boot.web.servlet.context.AnnotationConfigServletWebServerApplicationContext@784b990c: startup date [Thu Mar 07 10:39:22 CST 2019]; parent: org.springframework.context.annotation.AnnotationConfigApplicationContext@7c24b813
[2m2019-03-07 10:46:50.507[0;39m [32m INFO[0;39m [35m25855[0;39m [2m---[0;39m [2m[.15t][0;39m [36mo.s.c.n.e.s.EurekaServiceRegistry        [deregister:65  ][0;39m [2m:[0;39m Unregistering application eureka-server with eureka with status DOWN
[2m2019-03-07 10:46:50.571[0;39m [32m INFO[0;39m [35m25855[0;39m [2m---[0;39m [2m[.15t][0;39m [36mo.s.c.s.DefaultLifecycleProcessor        [      stop:366 ][0;39m [2m:[0;39m Stopping beans in phase 0
[2m2019-03-07 10:46:50.648[0;39m [32m INFO[0;39m [35m25855[0;39m [2m---[0;39m [2m[.15t][0;39m [36mc.n.e.DefaultEurekaServerContext         [  shutdown:76  ][0;39m [2m:[0;39m Shutting down ...
[2m2019-03-07 10:46:50.682[0;39m [32m INFO[0;39m [35m25855[0;39m [2m---[0;39m [2m[.15t][0;39m [36mc.n.e.DefaultEurekaServerContext         [  shutdown:79  ][0;39m [2m:[0;39m Shut down
[2m2019-03-07 10:46:50.717[0;39m [32m INFO[0;39m [35m25855[0;39m [2m---[0;39m [2m[.15t][0;39m [36mo.s.j.e.a.AnnotationMBeanExporter        [   destroy:451 ][0;39m [2m:[0;39m Unregistering JMX-exposed beans on shutdown
[2m2019-03-07 10:46:50.722[0;39m [32m INFO[0;39m [35m25855[0;39m [2m---[0;39m [2m[.15t][0;39m [36mo.s.j.e.a.AnnotationMBeanExporter        [isterBeans:183 ][0;39m [2m:[0;39m Unregistering JMX-exposed beans
[2m2019-03-07 10:46:50.771[0;39m [32m INFO[0;39m [35m25855[0;39m [2m---[0;39m [2m[.15t][0;39m [36mc.n.d.DiscoveryClient                    [  shutdown:888 ][0;39m [2m:[0;39m Shutting down DiscoveryClient ...
[2m2019-03-07 10:46:50.773[0;39m [32m INFO[0;39m [35m25855[0;39m [2m---[0;39m [2m[.15t][0;39m [36mc.n.d.DiscoveryClient                    [  shutdown:911 ][0;39m [2m:[0;39m Completed shut down of DiscoveryClient
