[2m2019-03-07 09:00:12.673[0;39m [32m INFO[0;39m [35m81879[0;39m [2m---[0;39m [2m[.15t][0;39m [36mc.n.e.r.PeerAwareInstanceRegistryImpl    [lThreshold:541 ][0;39m [2m:[0;39m Current renewal threshold is : 0
[2m2019-03-07 09:00:13.701[0;39m [32m INFO[0;39m [35m81879[0;39m [2m---[0;39m [2m[.15t][0;39m [36mc.n.e.r.AbstractInstanceRegistry         [       run:1247][0;39m [2m:[0;39m Running the evict task with compensationTime 9ms
[2m2019-03-07 09:00:13.706[0;39m [32m INFO[0;39m [35m81879[0;39m [2m---[0;39m [2m[.15t][0;39m [36mc.n.e.r.AbstractInstanceRegistry         [     evict:614 ][0;39m [2m:[0;39m Evicting 1 items (expired=1, evictionLimit=1)
[2m2019-03-07 09:00:13.714[0;39m [33m WARN[0;39m [35m81879[0;39m [2m---[0;39m [2m[.15t][0;39m [36mc.n.e.r.AbstractInstanceRegistry         [     evict:626 ][0;39m [2m:[0;39m DS: Registry: expired lease for EUREKA-CLIENT-CONSUMER/192.168.26.97:eureka-client-consumer:8002
[2m2019-03-07 09:00:13.722[0;39m [32m INFO[0;39m [35m81879[0;39m [2m---[0;39m [2m[.15t][0;39m [36mc.n.e.r.AbstractInstanceRegistry         [rnalCancel:333 ][0;39m [2m:[0;39m Cancelled instance EUREKA-CLIENT-CONSUMER/192.168.26.97:eureka-client-consumer:8002 (replication=false)
[2m2019-03-07 09:00:23.867[0;39m [33m WARN[0;39m [35m81879[0;39m [2m---[0;39m [2m[.15t][0;39m [36mc.n.e.r.AbstractInstanceRegistry         [     renew:356 ][0;39m [2m:[0;39m DS: Registry: lease doesn't exist, registering resource: EUREKA-CLIENT-CONSUMER - 192.168.26.97:eureka-client-consumer:8002
[2m2019-03-07 09:00:23.869[0;39m [33m WARN[0;39m [35m81879[0;39m [2m---[0;39m [2m[.15t][0;39m [36mc.n.e.r.InstanceResource                 [renewLease:116 ][0;39m [2m:[0;39m Not Found (Renew): EUREKA-CLIENT-CONSUMER - 192.168.26.97:eureka-client-consumer:8002
[2m2019-03-07 09:00:23.888[0;39m [32m INFO[0;39m [35m81879[0;39m [2m---[0;39m [2m[.15t][0;39m [36mc.n.e.r.AbstractInstanceRegistry         [  register:269 ][0;39m [2m:[0;39m Registered instance EUREKA-CLIENT-CONSUMER/192.168.26.97:eureka-client-consumer:8002 with status UP (replication=false)
[2m2019-03-07 09:01:13.572[0;39m [32m INFO[0;39m [35m81879[0;39m [2m---[0;39m [2m[.15t][0;39m [36mc.n.e.r.AbstractInstanceRegistry         [       run:1247][0;39m [2m:[0;39m Running the evict task with compensationTime 1ms
[2m2019-03-07 09:02:13.580[0;39m [32m INFO[0;39m [35m81879[0;39m [2m---[0;39m [2m[.15t][0;39m [36mc.n.e.r.AbstractInstanceRegistry         [       run:1247][0;39m [2m:[0;39m Running the evict task with compensationTime 5ms
[2m2019-03-07 09:03:13.585[0;39m [32m INFO[0;39m [35m81879[0;39m [2m---[0;39m [2m[.15t][0;39m [36mc.n.e.r.AbstractInstanceRegistry         [       run:1247][0;39m [2m:[0;39m Running the evict task with compensationTime 3ms
[2m2019-03-07 09:04:13.591[0;39m [32m INFO[0;39m [35m81879[0;39m [2m---[0;39m [2m[.15t][0;39m [36mc.n.e.r.AbstractInstanceRegistry         [       run:1247][0;39m [2m:[0;39m Running the evict task with compensationTime 4ms
[2m2019-03-07 09:05:12.912[0;39m [33m WARN[0;39m [35m81879[0;39m [2m---[0;39m [2m[.15t][0;39m [36mc.n.e.c.PeerEurekaNodes                  [urekaNodes:156 ][0;39m [2m:[0;39m The replica size seems to be empty. Check the route 53 DNS Registry
[2m2019-03-07 09:05:13.593[0;39m [32m INFO[0;39m [35m81879[0;39m [2m---[0;39m [2m[.15t][0;39m [36mc.n.e.r.AbstractInstanceRegistry         [       run:1247][0;39m [2m:[0;39m Running the evict task with compensationTime 1ms
[2m2019-03-07 09:06:13.605[0;39m [32m INFO[0;39m [35m81879[0;39m [2m---[0;39m [2m[.15t][0;39m [36mc.n.e.r.AbstractInstanceRegistry         [       run:1247][0;39m [2m:[0;39m Running the evict task with compensationTime 9ms
[2m2019-03-07 09:07:13.610[0;39m [32m INFO[0;39m [35m81879[0;39m [2m---[0;39m [2m[.15t][0;39m [36mc.n.e.r.AbstractInstanceRegistry         [       run:1247][0;39m [2m:[0;39m Running the evict task with compensationTime 3ms
[2m2019-03-07 09:08:13.619[0;39m [32m INFO[0;39m [35m81879[0;39m [2m---[0;39m [2m[.15t][0;39m [36mc.n.e.r.AbstractInstanceRegistry         [       run:1247][0;39m [2m:[0;39m Running the evict task with compensationTime 7ms
[2m2019-03-07 09:09:13.631[0;39m [32m INFO[0;39m [35m81879[0;39m [2m---[0;39m [2m[.15t][0;39m [36mc.n.e.r.AbstractInstanceRegistry         [       run:1247][0;39m [2m:[0;39m Running the evict task with compensationTime 10ms
[2m2019-03-07 09:10:13.634[0;39m [32m INFO[0;39m [35m81879[0;39m [2m---[0;39m [2m[.15t][0;39m [36mc.n.e.r.AbstractInstanceRegistry         [       run:1247][0;39m [2m:[0;39m Running the evict task with compensationTime 0ms
[2m2019-03-07 09:11:13.646[0;39m [32m INFO[0;39m [35m81879[0;39m [2m---[0;39m [2m[.15t][0;39m [36mc.n.e.r.AbstractInstanceRegistry         [       run:1247][0;39m [2m:[0;39m Running the evict task with compensationTime 10ms
[2m2019-03-07 09:12:13.658[0;39m [32m INFO[0;39m [35m81879[0;39m [2m---[0;39m [2m[.15t][0;39m [36mc.n.e.r.AbstractInstanceRegistry         [       run:1247][0;39m [2m:[0;39m Running the evict task with compensationTime 10ms
[2m2019-03-07 09:13:13.670[0;39m [32m INFO[0;39m [35m81879[0;39m [2m---[0;39m [2m[.15t][0;39m [36mc.n.e.r.AbstractInstanceRegistry         [       run:1247][0;39m [2m:[0;39m Running the evict task with compensationTime 9ms
[2m2019-03-07 09:14:13.677[0;39m [32m INFO[0;39m [35m81879[0;39m [2m---[0;39m [2m[.15t][0;39m [36mc.n.e.r.AbstractInstanceRegistry         [       run:1247][0;39m [2m:[0;39m Running the evict task with compensationTime 5ms
[2m2019-03-07 09:15:12.699[0;39m [32m INFO[0;39m [35m81879[0;39m [2m---[0;39m [2m[.15t][0;39m [36mc.n.e.r.PeerAwareInstanceRegistryImpl    [lThreshold:541 ][0;39m [2m:[0;39m Current renewal threshold is : 0
[2m2019-03-07 09:15:12.938[0;39m [33m WARN[0;39m [35m81879[0;39m [2m---[0;39m [2m[.15t][0;39m [36mc.n.e.c.PeerEurekaNodes                  [urekaNodes:156 ][0;39m [2m:[0;39m The replica size seems to be empty. Check the route 53 DNS Registry
[2m2019-03-07 09:15:13.682[0;39m [32m INFO[0;39m [35m81879[0;39m [2m---[0;39m [2m[.15t][0;39m [36mc.n.e.r.AbstractInstanceRegistry         [       run:1247][0;39m [2m:[0;39m Running the evict task with compensationTime 3ms
[2m2019-03-07 09:16:13.692[0;39m [32m INFO[0;39m [35m81879[0;39m [2m---[0;39m [2m[.15t][0;39m [36mc.n.e.r.AbstractInstanceRegistry         [       run:1247][0;39m [2m:[0;39m Running the evict task with compensationTime 8ms
[2m2019-03-07 09:17:13.697[0;39m [32m INFO[0;39m [35m81879[0;39m [2m---[0;39m [2m[.15t][0;39m [36mc.n.e.r.AbstractInstanceRegistry         [       run:1247][0;39m [2m:[0;39m Running the evict task with compensationTime 2ms
[2m2019-03-07 09:18:13.699[0;39m [32m INFO[0;39m [35m81879[0;39m [2m---[0;39m [2m[.15t][0;39m [36mc.n.e.r.AbstractInstanceRegistry         [       run:1247][0;39m [2m:[0;39m Running the evict task with compensationTime 0ms
[2m2019-03-07 09:19:04.587[0;39m [32m INFO[0;39m [35m81879[0;39m [2m---[0;39m [2m[.15t][0;39m [36mc.n.e.r.AbstractInstanceRegistry         [  register:269 ][0;39m [2m:[0;39m Registered instance EUREKA-CLIENT-CONSUMER/192.168.26.97:eureka-client-consumer:8002 with status DOWN (replication=false)
[2m2019-03-07 09:19:08.589[0;39m [32m INFO[0;39m [35m81879[0;39m [2m---[0;39m [2m[.15t][0;39m [36mc.n.e.r.AbstractInstanceRegistry         [rnalCancel:333 ][0;39m [2m:[0;39m Cancelled instance EUREKA-CLIENT-CONSUMER/192.168.26.97:eureka-client-consumer:8002 (replication=false)
[2m2019-03-07 09:19:12.819[0;39m [32m INFO[0;39m [35m81879[0;39m [2m---[0;39m [2m[.15t][0;39m [36mConfigServletWebServerApplicationContext [   doClose:993 ][0;39m [2m:[0;39m Closing org.springframework.boot.web.servlet.context.AnnotationConfigServletWebServerApplicationContext@b7838a9: startup date [Wed Mar 06 18:18:13 CST 2019]; parent: org.springframework.context.annotation.AnnotationConfigApplicationContext@35aea049
[2m2019-03-07 09:19:12.908[0;39m [32m INFO[0;39m [35m81879[0;39m [2m---[0;39m [2m[.15t][0;39m [36mo.s.c.n.e.s.EurekaServiceRegistry        [deregister:65  ][0;39m [2m:[0;39m Unregistering application eureka-server with eureka with status DOWN
[2m2019-03-07 09:19:13.004[0;39m [32m INFO[0;39m [35m81879[0;39m [2m---[0;39m [2m[.15t][0;39m [36mo.s.c.s.DefaultLifecycleProcessor        [      stop:366 ][0;39m [2m:[0;39m Stopping beans in phase 0
[2m2019-03-07 09:19:13.019[0;39m [32m INFO[0;39m [35m81879[0;39m [2m---[0;39m [2m[.15t][0;39m [36mc.n.e.DefaultEurekaServerContext         [  shutdown:76  ][0;39m [2m:[0;39m Shutting down ...
[2m2019-03-07 09:19:13.070[0;39m [32m INFO[0;39m [35m81879[0;39m [2m---[0;39m [2m[.15t][0;39m [36mc.n.e.DefaultEurekaServerContext         [  shutdown:79  ][0;39m [2m:[0;39m Shut down
[2m2019-03-07 09:19:13.105[0;39m [32m INFO[0;39m [35m81879[0;39m [2m---[0;39m [2m[.15t][0;39m [36mo.s.j.e.a.AnnotationMBeanExporter        [   destroy:451 ][0;39m [2m:[0;39m Unregistering JMX-exposed beans on shutdown
[2m2019-03-07 09:19:13.107[0;39m [32m INFO[0;39m [35m81879[0;39m [2m---[0;39m [2m[.15t][0;39m [36mo.s.j.e.a.AnnotationMBeanExporter        [isterBeans:183 ][0;39m [2m:[0;39m Unregistering JMX-exposed beans
[2m2019-03-07 09:19:13.147[0;39m [32m INFO[0;39m [35m81879[0;39m [2m---[0;39m [2m[.15t][0;39m [36mc.n.d.DiscoveryClient                    [  shutdown:888 ][0;39m [2m:[0;39m Shutting down DiscoveryClient ...
[2m2019-03-07 09:19:13.148[0;39m [32m INFO[0;39m [35m81879[0;39m [2m---[0;39m [2m[.15t][0;39m [36mc.n.d.DiscoveryClient                    [  shutdown:911 ][0;39m [2m:[0;39m Completed shut down of DiscoveryClient
