[2m2019-03-07 02:42:50.261[0;39m [32m INFO[0;39m [35m81879[0;39m [2m---[0;39m [2m[.15t][0;39m [36mc.n.e.r.AbstractInstanceRegistry         [       run:1247][0;39m [2m:[0;39m Running the evict task with compensationTime 12ms
[2m2019-03-07 02:42:50.289[0;39m [32m INFO[0;39m [35m81879[0;39m [2m---[0;39m [2m[.15t][0;39m [36mc.n.e.r.AbstractInstanceRegistry         [     evict:614 ][0;39m [2m:[0;39m Evicting 1 items (expired=1, evictionLimit=1)
[2m2019-03-07 02:42:50.291[0;39m [33m WARN[0;39m [35m81879[0;39m [2m---[0;39m [2m[.15t][0;39m [36mc.n.e.r.AbstractInstanceRegistry         [     evict:626 ][0;39m [2m:[0;39m DS: Registry: expired lease for EUREKA-CLIENT-CONSUMER/192.168.26.97:eureka-client-consumer:8002
[2m2019-03-07 02:42:50.296[0;39m [32m INFO[0;39m [35m81879[0;39m [2m---[0;39m [2m[.15t][0;39m [36mc.n.e.r.AbstractInstanceRegistry         [rnalCancel:333 ][0;39m [2m:[0;39m Cancelled instance EUREKA-CLIENT-CONSUMER/192.168.26.97:eureka-client-consumer:8002 (replication=false)
[2m2019-03-07 02:42:53.003[0;39m [33m WARN[0;39m [35m81879[0;39m [2m---[0;39m [2m[.15t][0;39m [36mc.n.e.r.AbstractInstanceRegistry         [     renew:356 ][0;39m [2m:[0;39m DS: Registry: lease doesn't exist, registering resource: EUREKA-CLIENT-CONSUMER - 192.168.26.97:eureka-client-consumer:8002
[2m2019-03-07 02:42:53.008[0;39m [33m WARN[0;39m [35m81879[0;39m [2m---[0;39m [2m[.15t][0;39m [36mc.n.e.r.InstanceResource                 [renewLease:116 ][0;39m [2m:[0;39m Not Found (Renew): EUREKA-CLIENT-CONSUMER - 192.168.26.97:eureka-client-consumer:8002
[2m2019-03-07 02:42:53.038[0;39m [32m INFO[0;39m [35m81879[0;39m [2m---[0;39m [2m[.15t][0;39m [36mc.n.e.r.AbstractInstanceRegistry         [  register:269 ][0;39m [2m:[0;39m Registered instance EUREKA-CLIENT-CONSUMER/192.168.26.97:eureka-client-consumer:8002 with status UP (replication=false)
[2m2019-03-07 02:43:49.868[0;39m [32m INFO[0;39m [35m81879[0;39m [2m---[0;39m [2m[.15t][0;39m [36mc.n.e.r.PeerAwareInstanceRegistryImpl    [lThreshold:541 ][0;39m [2m:[0;39m Current renewal threshold is : 0
[2m2019-03-07 02:43:50.262[0;39m [32m INFO[0;39m [35m81879[0;39m [2m---[0;39m [2m[.15t][0;39m [36mc.n.e.r.AbstractInstanceRegistry         [       run:1247][0;39m [2m:[0;39m Running the evict task with compensationTime 2ms
[2m2019-03-07 02:44:50.266[0;39m [32m INFO[0;39m [35m81879[0;39m [2m---[0;39m [2m[.15t][0;39m [36mc.n.e.r.AbstractInstanceRegistry         [       run:1247][0;39m [2m:[0;39m Running the evict task with compensationTime 3ms
[2m2019-03-07 02:45:50.268[0;39m [32m INFO[0;39m [35m81879[0;39m [2m---[0;39m [2m[.15t][0;39m [36mc.n.e.r.AbstractInstanceRegistry         [       run:1247][0;39m [2m:[0;39m Running the evict task with compensationTime 0ms
[2m2019-03-07 02:46:50.272[0;39m [32m INFO[0;39m [35m81879[0;39m [2m---[0;39m [2m[.15t][0;39m [36mc.n.e.r.AbstractInstanceRegistry         [       run:1247][0;39m [2m:[0;39m Running the evict task with compensationTime 2ms
[2m2019-03-07 02:47:50.273[0;39m [32m INFO[0;39m [35m81879[0;39m [2m---[0;39m [2m[.15t][0;39m [36mc.n.e.r.AbstractInstanceRegistry         [       run:1247][0;39m [2m:[0;39m Running the evict task with compensationTime 0ms
[2m2019-03-07 02:48:50.023[0;39m [33m WARN[0;39m [35m81879[0;39m [2m---[0;39m [2m[.15t][0;39m [36mc.n.e.c.PeerEurekaNodes                  [urekaNodes:156 ][0;39m [2m:[0;39m The replica size seems to be empty. Check the route 53 DNS Registry
[2m2019-03-07 02:48:50.278[0;39m [32m INFO[0;39m [35m81879[0;39m [2m---[0;39m [2m[.15t][0;39m [36mc.n.e.r.AbstractInstanceRegistry         [       run:1247][0;39m [2m:[0;39m Running the evict task with compensationTime 3ms
[2m2019-03-07 02:49:50.287[0;39m [32m INFO[0;39m [35m81879[0;39m [2m---[0;39m [2m[.15t][0;39m [36mc.n.e.r.AbstractInstanceRegistry         [       run:1247][0;39m [2m:[0;39m Running the evict task with compensationTime 7ms
[2m2019-03-07 02:50:50.289[0;39m [32m INFO[0;39m [35m81879[0;39m [2m---[0;39m [2m[.15t][0;39m [36mc.n.e.r.AbstractInstanceRegistry         [       run:1247][0;39m [2m:[0;39m Running the evict task with compensationTime 0ms
[2m2019-03-07 02:51:50.298[0;39m [32m INFO[0;39m [35m81879[0;39m [2m---[0;39m [2m[.15t][0;39m [36mc.n.e.r.AbstractInstanceRegistry         [       run:1247][0;39m [2m:[0;39m Running the evict task with compensationTime 7ms
[2m2019-03-07 02:52:50.306[0;39m [32m INFO[0;39m [35m81879[0;39m [2m---[0;39m [2m[.15t][0;39m [36mc.n.e.r.AbstractInstanceRegistry         [       run:1247][0;39m [2m:[0;39m Running the evict task with compensationTime 7ms
[2m2019-03-07 02:53:50.308[0;39m [32m INFO[0;39m [35m81879[0;39m [2m---[0;39m [2m[.15t][0;39m [36mc.n.e.r.AbstractInstanceRegistry         [       run:1247][0;39m [2m:[0;39m Running the evict task with compensationTime 1ms
[2m2019-03-07 02:54:50.316[0;39m [32m INFO[0;39m [35m81879[0;39m [2m---[0;39m [2m[.15t][0;39m [36mc.n.e.r.AbstractInstanceRegistry         [       run:1247][0;39m [2m:[0;39m Running the evict task with compensationTime 6ms
[2m2019-03-07 02:55:50.327[0;39m [32m INFO[0;39m [35m81879[0;39m [2m---[0;39m [2m[.15t][0;39m [36mc.n.e.r.AbstractInstanceRegistry         [       run:1247][0;39m [2m:[0;39m Running the evict task with compensationTime 9ms
[2m2019-03-07 02:56:50.331[0;39m [32m INFO[0;39m [35m81879[0;39m [2m---[0;39m [2m[.15t][0;39m [36mc.n.e.r.AbstractInstanceRegistry         [       run:1247][0;39m [2m:[0;39m Running the evict task with compensationTime 2ms
[2m2019-03-07 02:57:50.342[0;39m [32m INFO[0;39m [35m81879[0;39m [2m---[0;39m [2m[.15t][0;39m [36mc.n.e.r.AbstractInstanceRegistry         [       run:1247][0;39m [2m:[0;39m Running the evict task with compensationTime 10ms
[2m2019-03-07 02:58:49.880[0;39m [32m INFO[0;39m [35m81879[0;39m [2m---[0;39m [2m[.15t][0;39m [36mc.n.e.r.PeerAwareInstanceRegistryImpl    [lThreshold:541 ][0;39m [2m:[0;39m Current renewal threshold is : 0
[2m2019-03-07 02:58:50.046[0;39m [33m WARN[0;39m [35m81879[0;39m [2m---[0;39m [2m[.15t][0;39m [36mc.n.e.c.PeerEurekaNodes                  [urekaNodes:156 ][0;39m [2m:[0;39m The replica size seems to be empty. Check the route 53 DNS Registry
[2m2019-03-07 02:58:50.350[0;39m [32m INFO[0;39m [35m81879[0;39m [2m---[0;39m [2m[.15t][0;39m [36mc.n.e.r.AbstractInstanceRegistry         [       run:1247][0;39m [2m:[0;39m Running the evict task with compensationTime 6ms
[2m2019-03-07 02:59:50.358[0;39m [32m INFO[0;39m [35m81879[0;39m [2m---[0;39m [2m[.15t][0;39m [36mc.n.e.r.AbstractInstanceRegistry         [       run:1247][0;39m [2m:[0;39m Running the evict task with compensationTime 7ms
