[2m2019-03-07 05:12:46.421[0;39m [32m INFO[0;39m [35m81879[0;39m [2m---[0;39m [2m[.15t][0;39m [36mc.n.e.r.AbstractInstanceRegistry         [       run:1247][0;39m [2m:[0;39m Running the evict task with compensationTime 6ms
[2m2019-03-07 05:12:46.448[0;39m [32m INFO[0;39m [35m81879[0;39m [2m---[0;39m [2m[.15t][0;39m [36mc.n.e.r.AbstractInstanceRegistry         [     evict:614 ][0;39m [2m:[0;39m Evicting 1 items (expired=1, evictionLimit=1)
[2m2019-03-07 05:12:46.452[0;39m [33m WARN[0;39m [35m81879[0;39m [2m---[0;39m [2m[.15t][0;39m [36mc.n.e.r.AbstractInstanceRegistry         [     evict:626 ][0;39m [2m:[0;39m DS: Registry: expired lease for EUREKA-CLIENT-CONSUMER/192.168.26.97:eureka-client-consumer:8002
[2m2019-03-07 05:12:46.459[0;39m [32m INFO[0;39m [35m81879[0;39m [2m---[0;39m [2m[.15t][0;39m [36mc.n.e.r.AbstractInstanceRegistry         [rnalCancel:333 ][0;39m [2m:[0;39m Cancelled instance EUREKA-CLIENT-CONSUMER/192.168.26.97:eureka-client-consumer:8002 (replication=false)
[2m2019-03-07 05:12:51.840[0;39m [33m WARN[0;39m [35m81879[0;39m [2m---[0;39m [2m[.15t][0;39m [36mc.n.e.r.AbstractInstanceRegistry         [     renew:356 ][0;39m [2m:[0;39m DS: Registry: lease doesn't exist, registering resource: EUREKA-CLIENT-CONSUMER - 192.168.26.97:eureka-client-consumer:8002
[2m2019-03-07 05:12:52.200[0;39m [33m WARN[0;39m [35m81879[0;39m [2m---[0;39m [2m[.15t][0;39m [36mc.n.e.r.InstanceResource                 [renewLease:116 ][0;39m [2m:[0;39m Not Found (Renew): EUREKA-CLIENT-CONSUMER - 192.168.26.97:eureka-client-consumer:8002
[2m2019-03-07 05:12:52.519[0;39m [32m INFO[0;39m [35m81879[0;39m [2m---[0;39m [2m[.15t][0;39m [36mc.n.e.r.AbstractInstanceRegistry         [  register:269 ][0;39m [2m:[0;39m Registered instance EUREKA-CLIENT-CONSUMER/192.168.26.97:eureka-client-consumer:8002 with status UP (replication=false)
[2m2019-03-07 05:13:45.856[0;39m [32m INFO[0;39m [35m81879[0;39m [2m---[0;39m [2m[.15t][0;39m [36mc.n.e.r.PeerAwareInstanceRegistryImpl    [lThreshold:541 ][0;39m [2m:[0;39m Current renewal threshold is : 0
[2m2019-03-07 05:13:46.419[0;39m [32m INFO[0;39m [35m81879[0;39m [2m---[0;39m [2m[.15t][0;39m [36mc.n.e.r.AbstractInstanceRegistry         [       run:1247][0;39m [2m:[0;39m Running the evict task with compensationTime 9ms
[2m2019-03-07 05:14:46.426[0;39m [32m INFO[0;39m [35m81879[0;39m [2m---[0;39m [2m[.15t][0;39m [36mc.n.e.r.AbstractInstanceRegistry         [       run:1247][0;39m [2m:[0;39m Running the evict task with compensationTime 7ms
[2m2019-03-07 05:15:46.427[0;39m [32m INFO[0;39m [35m81879[0;39m [2m---[0;39m [2m[.15t][0;39m [36mc.n.e.r.AbstractInstanceRegistry         [       run:1247][0;39m [2m:[0;39m Running the evict task with compensationTime 0ms
[2m2019-03-07 05:16:46.435[0;39m [32m INFO[0;39m [35m81879[0;39m [2m---[0;39m [2m[.15t][0;39m [36mc.n.e.r.AbstractInstanceRegistry         [       run:1247][0;39m [2m:[0;39m Running the evict task with compensationTime 7ms
[2m2019-03-07 05:17:46.447[0;39m [32m INFO[0;39m [35m81879[0;39m [2m---[0;39m [2m[.15t][0;39m [36mc.n.e.r.AbstractInstanceRegistry         [       run:1247][0;39m [2m:[0;39m Running the evict task with compensationTime 10ms
[2m2019-03-07 05:18:46.042[0;39m [33m WARN[0;39m [35m81879[0;39m [2m---[0;39m [2m[.15t][0;39m [36mc.n.e.c.PeerEurekaNodes                  [urekaNodes:156 ][0;39m [2m:[0;39m The replica size seems to be empty. Check the route 53 DNS Registry
[2m2019-03-07 05:18:46.458[0;39m [32m INFO[0;39m [35m81879[0;39m [2m---[0;39m [2m[.15t][0;39m [36mc.n.e.r.AbstractInstanceRegistry         [       run:1247][0;39m [2m:[0;39m Running the evict task with compensationTime 9ms
[2m2019-03-07 05:19:46.462[0;39m [32m INFO[0;39m [35m81879[0;39m [2m---[0;39m [2m[.15t][0;39m [36mc.n.e.r.AbstractInstanceRegistry         [       run:1247][0;39m [2m:[0;39m Running the evict task with compensationTime 2ms
[2m2019-03-07 05:20:46.473[0;39m [32m INFO[0;39m [35m81879[0;39m [2m---[0;39m [2m[.15t][0;39m [36mc.n.e.r.AbstractInstanceRegistry         [       run:1247][0;39m [2m:[0;39m Running the evict task with compensationTime 10ms
[2m2019-03-07 05:21:46.481[0;39m [32m INFO[0;39m [35m81879[0;39m [2m---[0;39m [2m[.15t][0;39m [36mc.n.e.r.AbstractInstanceRegistry         [       run:1247][0;39m [2m:[0;39m Running the evict task with compensationTime 6ms
[2m2019-03-07 05:22:46.485[0;39m [32m INFO[0;39m [35m81879[0;39m [2m---[0;39m [2m[.15t][0;39m [36mc.n.e.r.AbstractInstanceRegistry         [       run:1247][0;39m [2m:[0;39m Running the evict task with compensationTime 2ms
[2m2019-03-07 05:23:46.493[0;39m [32m INFO[0;39m [35m81879[0;39m [2m---[0;39m [2m[.15t][0;39m [36mc.n.e.r.AbstractInstanceRegistry         [       run:1247][0;39m [2m:[0;39m Running the evict task with compensationTime 6ms
[2m2019-03-07 05:24:46.504[0;39m [32m INFO[0;39m [35m81879[0;39m [2m---[0;39m [2m[.15t][0;39m [36mc.n.e.r.AbstractInstanceRegistry         [       run:1247][0;39m [2m:[0;39m Running the evict task with compensationTime 10ms
[2m2019-03-07 05:25:46.507[0;39m [32m INFO[0;39m [35m81879[0;39m [2m---[0;39m [2m[.15t][0;39m [36mc.n.e.r.AbstractInstanceRegistry         [       run:1247][0;39m [2m:[0;39m Running the evict task with compensationTime 1ms
[2m2019-03-07 05:26:46.518[0;39m [32m INFO[0;39m [35m81879[0;39m [2m---[0;39m [2m[.15t][0;39m [36mc.n.e.r.AbstractInstanceRegistry         [       run:1247][0;39m [2m:[0;39m Running the evict task with compensationTime 10ms
[2m2019-03-07 05:27:46.522[0;39m [32m INFO[0;39m [35m81879[0;39m [2m---[0;39m [2m[.15t][0;39m [36mc.n.e.r.AbstractInstanceRegistry         [       run:1247][0;39m [2m:[0;39m Running the evict task with compensationTime 2ms
[2m2019-03-07 05:28:45.877[0;39m [32m INFO[0;39m [35m81879[0;39m [2m---[0;39m [2m[.15t][0;39m [36mc.n.e.r.PeerAwareInstanceRegistryImpl    [lThreshold:541 ][0;39m [2m:[0;39m Current renewal threshold is : 0
[2m2019-03-07 05:28:46.060[0;39m [33m WARN[0;39m [35m81879[0;39m [2m---[0;39m [2m[.15t][0;39m [36mc.n.e.c.PeerEurekaNodes                  [urekaNodes:156 ][0;39m [2m:[0;39m The replica size seems to be empty. Check the route 53 DNS Registry
[2m2019-03-07 05:28:46.527[0;39m [32m INFO[0;39m [35m81879[0;39m [2m---[0;39m [2m[.15t][0;39m [36mc.n.e.r.AbstractInstanceRegistry         [       run:1247][0;39m [2m:[0;39m Running the evict task with compensationTime 4ms
[2m2019-03-07 05:29:46.537[0;39m [32m INFO[0;39m [35m81879[0;39m [2m---[0;39m [2m[.15t][0;39m [36mc.n.e.r.AbstractInstanceRegistry         [       run:1247][0;39m [2m:[0;39m Running the evict task with compensationTime 8ms
[2m2019-03-07 05:30:46.547[0;39m [32m INFO[0;39m [35m81879[0;39m [2m---[0;39m [2m[.15t][0;39m [36mc.n.e.r.AbstractInstanceRegistry         [       run:1247][0;39m [2m:[0;39m Running the evict task with compensationTime 8ms
[2m2019-03-07 05:31:46.558[0;39m [32m INFO[0;39m [35m81879[0;39m [2m---[0;39m [2m[.15t][0;39m [36mc.n.e.r.AbstractInstanceRegistry         [       run:1247][0;39m [2m:[0;39m Running the evict task with compensationTime 10ms
[2m2019-03-07 05:32:46.564[0;39m [32m INFO[0;39m [35m81879[0;39m [2m---[0;39m [2m[.15t][0;39m [36mc.n.e.r.AbstractInstanceRegistry         [       run:1247][0;39m [2m:[0;39m Running the evict task with compensationTime 3ms
[2m2019-03-07 05:33:46.573[0;39m [32m INFO[0;39m [35m81879[0;39m [2m---[0;39m [2m[.15t][0;39m [36mc.n.e.r.AbstractInstanceRegistry         [       run:1247][0;39m [2m:[0;39m Running the evict task with compensationTime 7ms
[2m2019-03-07 05:34:46.579[0;39m [32m INFO[0;39m [35m81879[0;39m [2m---[0;39m [2m[.15t][0;39m [36mc.n.e.r.AbstractInstanceRegistry         [       run:1247][0;39m [2m:[0;39m Running the evict task with compensationTime 5ms
[2m2019-03-07 05:35:46.587[0;39m [32m INFO[0;39m [35m81879[0;39m [2m---[0;39m [2m[.15t][0;39m [36mc.n.e.r.AbstractInstanceRegistry         [       run:1247][0;39m [2m:[0;39m Running the evict task with compensationTime 6ms
[2m2019-03-07 05:36:46.595[0;39m [32m INFO[0;39m [35m81879[0;39m [2m---[0;39m [2m[.15t][0;39m [36mc.n.e.r.AbstractInstanceRegistry         [       run:1247][0;39m [2m:[0;39m Running the evict task with compensationTime 6ms
[2m2019-03-07 05:37:46.605[0;39m [32m INFO[0;39m [35m81879[0;39m [2m---[0;39m [2m[.15t][0;39m [36mc.n.e.r.AbstractInstanceRegistry         [       run:1247][0;39m [2m:[0;39m Running the evict task with compensationTime 8ms
[2m2019-03-07 05:38:46.087[0;39m [33m WARN[0;39m [35m81879[0;39m [2m---[0;39m [2m[.15t][0;39m [36mc.n.e.c.PeerEurekaNodes                  [urekaNodes:156 ][0;39m [2m:[0;39m The replica size seems to be empty. Check the route 53 DNS Registry
[2m2019-03-07 05:38:46.614[0;39m [32m INFO[0;39m [35m81879[0;39m [2m---[0;39m [2m[.15t][0;39m [36mc.n.e.r.AbstractInstanceRegistry         [       run:1247][0;39m [2m:[0;39m Running the evict task with compensationTime 8ms
[2m2019-03-07 05:39:46.620[0;39m [32m INFO[0;39m [35m81879[0;39m [2m---[0;39m [2m[.15t][0;39m [36mc.n.e.r.AbstractInstanceRegistry         [       run:1247][0;39m [2m:[0;39m Running the evict task with compensationTime 4ms
[2m2019-03-07 05:40:46.628[0;39m [32m INFO[0;39m [35m81879[0;39m [2m---[0;39m [2m[.15t][0;39m [36mc.n.e.r.AbstractInstanceRegistry         [       run:1247][0;39m [2m:[0;39m Running the evict task with compensationTime 6ms
[2m2019-03-07 05:41:46.636[0;39m [32m INFO[0;39m [35m81879[0;39m [2m---[0;39m [2m[.15t][0;39m [36mc.n.e.r.AbstractInstanceRegistry         [       run:1247][0;39m [2m:[0;39m Running the evict task with compensationTime 0ms
[2m2019-03-07 05:42:46.637[0;39m [32m INFO[0;39m [35m81879[0;39m [2m---[0;39m [2m[.15t][0;39m [36mc.n.e.r.AbstractInstanceRegistry         [       run:1247][0;39m [2m:[0;39m Running the evict task with compensationTime 6ms
