[2m2019-03-07 00:12:16.292[0;39m [32m INFO[0;39m [35m81879[0;39m [2m---[0;39m [2m[.15t][0;39m [36mc.n.e.r.AbstractInstanceRegistry         [       run:1247][0;39m [2m:[0;39m Running the evict task with compensationTime 1ms
[2m2019-03-07 00:12:16.298[0;39m [32m INFO[0;39m [35m81879[0;39m [2m---[0;39m [2m[.15t][0;39m [36mc.n.e.r.AbstractInstanceRegistry         [     evict:614 ][0;39m [2m:[0;39m Evicting 1 items (expired=1, evictionLimit=1)
[2m2019-03-07 00:12:16.310[0;39m [33m WARN[0;39m [35m81879[0;39m [2m---[0;39m [2m[.15t][0;39m [36mc.n.e.r.AbstractInstanceRegistry         [     evict:626 ][0;39m [2m:[0;39m DS: Registry: expired lease for EUREKA-CLIENT-CONSUMER/192.168.26.97:eureka-client-consumer:8002
[2m2019-03-07 00:12:16.392[0;39m [32m INFO[0;39m [35m81879[0;39m [2m---[0;39m [2m[.15t][0;39m [36mc.n.e.r.AbstractInstanceRegistry         [rnalCancel:333 ][0;39m [2m:[0;39m Cancelled instance EUREKA-CLIENT-CONSUMER/192.168.26.97:eureka-client-consumer:8002 (replication=false)
[2m2019-03-07 00:12:17.969[0;39m [33m WARN[0;39m [35m81879[0;39m [2m---[0;39m [2m[.15t][0;39m [36mc.n.e.r.AbstractInstanceRegistry         [     renew:356 ][0;39m [2m:[0;39m DS: Registry: lease doesn't exist, registering resource: EUREKA-CLIENT-CONSUMER - 192.168.26.97:eureka-client-consumer:8002
[2m2019-03-07 00:12:17.981[0;39m [33m WARN[0;39m [35m81879[0;39m [2m---[0;39m [2m[.15t][0;39m [36mc.n.e.r.InstanceResource                 [renewLease:116 ][0;39m [2m:[0;39m Not Found (Renew): EUREKA-CLIENT-CONSUMER - 192.168.26.97:eureka-client-consumer:8002
[2m2019-03-07 00:12:18.062[0;39m [32m INFO[0;39m [35m81879[0;39m [2m---[0;39m [2m[.15t][0;39m [36mc.n.e.r.AbstractInstanceRegistry         [  register:269 ][0;39m [2m:[0;39m Registered instance EUREKA-CLIENT-CONSUMER/192.168.26.97:eureka-client-consumer:8002 with status UP (replication=false)
[2m2019-03-07 00:13:16.294[0;39m [32m INFO[0;39m [35m81879[0;39m [2m---[0;39m [2m[.15t][0;39m [36mc.n.e.r.AbstractInstanceRegistry         [       run:1247][0;39m [2m:[0;39m Running the evict task with compensationTime 0ms
[2m2019-03-07 00:14:16.105[0;39m [32m INFO[0;39m [35m81879[0;39m [2m---[0;39m [2m[.15t][0;39m [36mc.n.e.r.PeerAwareInstanceRegistryImpl    [lThreshold:541 ][0;39m [2m:[0;39m Current renewal threshold is : 0
[2m2019-03-07 00:14:16.304[0;39m [32m INFO[0;39m [35m81879[0;39m [2m---[0;39m [2m[.15t][0;39m [36mc.n.e.r.AbstractInstanceRegistry         [       run:1247][0;39m [2m:[0;39m Running the evict task with compensationTime 2ms
[2m2019-03-07 00:15:16.309[0;39m [32m INFO[0;39m [35m81879[0;39m [2m---[0;39m [2m[.15t][0;39m [36mc.n.e.r.AbstractInstanceRegistry         [       run:1247][0;39m [2m:[0;39m Running the evict task with compensationTime 10ms
[2m2019-03-07 00:16:16.320[0;39m [32m INFO[0;39m [35m81879[0;39m [2m---[0;39m [2m[.15t][0;39m [36mc.n.e.r.AbstractInstanceRegistry         [       run:1247][0;39m [2m:[0;39m Running the evict task with compensationTime 9ms
[2m2019-03-07 00:17:16.331[0;39m [32m INFO[0;39m [35m81879[0;39m [2m---[0;39m [2m[.15t][0;39m [36mc.n.e.r.AbstractInstanceRegistry         [       run:1247][0;39m [2m:[0;39m Running the evict task with compensationTime 9ms
[2m2019-03-07 00:18:16.338[0;39m [32m INFO[0;39m [35m81879[0;39m [2m---[0;39m [2m[.15t][0;39m [36mc.n.e.r.AbstractInstanceRegistry         [       run:1247][0;39m [2m:[0;39m Running the evict task with compensationTime 6ms
[2m2019-03-07 00:19:16.229[0;39m [33m WARN[0;39m [35m81879[0;39m [2m---[0;39m [2m[.15t][0;39m [36mc.n.e.c.PeerEurekaNodes                  [urekaNodes:156 ][0;39m [2m:[0;39m The replica size seems to be empty. Check the route 53 DNS Registry
[2m2019-03-07 00:19:16.345[0;39m [32m INFO[0;39m [35m81879[0;39m [2m---[0;39m [2m[.15t][0;39m [36mc.n.e.r.AbstractInstanceRegistry         [       run:1247][0;39m [2m:[0;39m Running the evict task with compensationTime 5ms
[2m2019-03-07 00:20:16.356[0;39m [32m INFO[0;39m [35m81879[0;39m [2m---[0;39m [2m[.15t][0;39m [36mc.n.e.r.AbstractInstanceRegistry         [       run:1247][0;39m [2m:[0;39m Running the evict task with compensationTime 10ms
[2m2019-03-07 00:21:16.365[0;39m [32m INFO[0;39m [35m81879[0;39m [2m---[0;39m [2m[.15t][0;39m [36mc.n.e.r.AbstractInstanceRegistry         [       run:1247][0;39m [2m:[0;39m Running the evict task with compensationTime 7ms
[2m2019-03-07 00:22:16.369[0;39m [32m INFO[0;39m [35m81879[0;39m [2m---[0;39m [2m[.15t][0;39m [36mc.n.e.r.AbstractInstanceRegistry         [       run:1247][0;39m [2m:[0;39m Running the evict task with compensationTime 3ms
[2m2019-03-07 00:23:16.381[0;39m [32m INFO[0;39m [35m81879[0;39m [2m---[0;39m [2m[.15t][0;39m [36mc.n.e.r.AbstractInstanceRegistry         [       run:1247][0;39m [2m:[0;39m Running the evict task with compensationTime 10ms
[2m2019-03-07 00:24:16.392[0;39m [32m INFO[0;39m [35m81879[0;39m [2m---[0;39m [2m[.15t][0;39m [36mc.n.e.r.AbstractInstanceRegistry         [       run:1247][0;39m [2m:[0;39m Running the evict task with compensationTime 10ms
[2m2019-03-07 00:25:16.398[0;39m [32m INFO[0;39m [35m81879[0;39m [2m---[0;39m [2m[.15t][0;39m [36mc.n.e.r.AbstractInstanceRegistry         [       run:1247][0;39m [2m:[0;39m Running the evict task with compensationTime 4ms
[2m2019-03-07 00:26:16.410[0;39m [32m INFO[0;39m [35m81879[0;39m [2m---[0;39m [2m[.15t][0;39m [36mc.n.e.r.AbstractInstanceRegistry         [       run:1247][0;39m [2m:[0;39m Running the evict task with compensationTime 10ms
[2m2019-03-07 00:27:16.412[0;39m [32m INFO[0;39m [35m81879[0;39m [2m---[0;39m [2m[.15t][0;39m [36mc.n.e.r.AbstractInstanceRegistry         [       run:1247][0;39m [2m:[0;39m Running the evict task with compensationTime 1ms
[2m2019-03-07 00:28:16.413[0;39m [32m INFO[0;39m [35m81879[0;39m [2m---[0;39m [2m[.15t][0;39m [36mc.n.e.r.AbstractInstanceRegistry         [       run:1247][0;39m [2m:[0;39m Running the evict task with compensationTime 0ms
[2m2019-03-07 00:29:16.115[0;39m [32m INFO[0;39m [35m81879[0;39m [2m---[0;39m [2m[.15t][0;39m [36mc.n.e.r.PeerAwareInstanceRegistryImpl    [lThreshold:541 ][0;39m [2m:[0;39m Current renewal threshold is : 0
[2m2019-03-07 00:29:16.244[0;39m [33m WARN[0;39m [35m81879[0;39m [2m---[0;39m [2m[.15t][0;39m [36mc.n.e.c.PeerEurekaNodes                  [urekaNodes:156 ][0;39m [2m:[0;39m The replica size seems to be empty. Check the route 53 DNS Registry
[2m2019-03-07 00:29:16.422[0;39m [32m INFO[0;39m [35m81879[0;39m [2m---[0;39m [2m[.15t][0;39m [36mc.n.e.r.AbstractInstanceRegistry         [       run:1247][0;39m [2m:[0;39m Running the evict task with compensationTime 7ms
[2m2019-03-07 00:30:16.428[0;39m [32m INFO[0;39m [35m81879[0;39m [2m---[0;39m [2m[.15t][0;39m [36mc.n.e.r.AbstractInstanceRegistry         [       run:1247][0;39m [2m:[0;39m Running the evict task with compensationTime 3ms
[2m2019-03-07 00:31:16.432[0;39m [32m INFO[0;39m [35m81879[0;39m [2m---[0;39m [2m[.15t][0;39m [36mc.n.e.r.AbstractInstanceRegistry         [       run:1247][0;39m [2m:[0;39m Running the evict task with compensationTime 4ms
[2m2019-03-07 00:32:16.440[0;39m [32m INFO[0;39m [35m81879[0;39m [2m---[0;39m [2m[.15t][0;39m [36mc.n.e.r.AbstractInstanceRegistry         [       run:1247][0;39m [2m:[0;39m Running the evict task with compensationTime 6ms
[2m2019-03-07 00:33:16.451[0;39m [32m INFO[0;39m [35m81879[0;39m [2m---[0;39m [2m[.15t][0;39m [36mc.n.e.r.AbstractInstanceRegistry         [       run:1247][0;39m [2m:[0;39m Running the evict task with compensationTime 10ms
[2m2019-03-07 00:34:16.461[0;39m [32m INFO[0;39m [35m81879[0;39m [2m---[0;39m [2m[.15t][0;39m [36mc.n.e.r.AbstractInstanceRegistry         [       run:1247][0;39m [2m:[0;39m Running the evict task with compensationTime 8ms
[2m2019-03-07 00:35:16.470[0;39m [32m INFO[0;39m [35m81879[0;39m [2m---[0;39m [2m[.15t][0;39m [36mc.n.e.r.AbstractInstanceRegistry         [       run:1247][0;39m [2m:[0;39m Running the evict task with compensationTime 8ms
[2m2019-03-07 00:36:16.481[0;39m [32m INFO[0;39m [35m81879[0;39m [2m---[0;39m [2m[.15t][0;39m [36mc.n.e.r.AbstractInstanceRegistry         [       run:1247][0;39m [2m:[0;39m Running the evict task with compensationTime 9ms
[2m2019-03-07 00:37:16.490[0;39m [32m INFO[0;39m [35m81879[0;39m [2m---[0;39m [2m[.15t][0;39m [36mc.n.e.r.AbstractInstanceRegistry         [       run:1247][0;39m [2m:[0;39m Running the evict task with compensationTime 7ms
[2m2019-03-07 00:38:16.498[0;39m [32m INFO[0;39m [35m81879[0;39m [2m---[0;39m [2m[.15t][0;39m [36mc.n.e.r.AbstractInstanceRegistry         [       run:1247][0;39m [2m:[0;39m Running the evict task with compensationTime 7ms
[2m2019-03-07 00:39:16.265[0;39m [33m WARN[0;39m [35m81879[0;39m [2m---[0;39m [2m[.15t][0;39m [36mc.n.e.c.PeerEurekaNodes                  [urekaNodes:156 ][0;39m [2m:[0;39m The replica size seems to be empty. Check the route 53 DNS Registry
[2m2019-03-07 00:39:16.500[0;39m [32m INFO[0;39m [35m81879[0;39m [2m---[0;39m [2m[.15t][0;39m [36mc.n.e.r.AbstractInstanceRegistry         [       run:1247][0;39m [2m:[0;39m Running the evict task with compensationTime 0ms
[2m2019-03-07 00:40:16.505[0;39m [32m INFO[0;39m [35m81879[0;39m [2m---[0;39m [2m[.15t][0;39m [36mc.n.e.r.AbstractInstanceRegistry         [       run:1247][0;39m [2m:[0;39m Running the evict task with compensationTime 4ms
[2m2019-03-07 00:41:16.516[0;39m [32m INFO[0;39m [35m81879[0;39m [2m---[0;39m [2m[.15t][0;39m [36mc.n.e.r.AbstractInstanceRegistry         [       run:1247][0;39m [2m:[0;39m Running the evict task with compensationTime 10ms
[2m2019-03-07 00:42:16.524[0;39m [32m INFO[0;39m [35m81879[0;39m [2m---[0;39m [2m[.15t][0;39m [36mc.n.e.r.AbstractInstanceRegistry         [       run:1247][0;39m [2m:[0;39m Running the evict task with compensationTime 6ms
