[2m2019-08-23 15:00:59.846[0;39m [32m INFO[0;39m [35m74813[0;39m [2m---[0;39m [2m[.15t][0;39m [36mc.n.e.r.AbstractInstanceRegistry         [       run:1247][0;39m [2m:[0;39m Running the evict task with compensationTime 0ms
[2m2019-08-23 15:01:59.850[0;39m [32m INFO[0;39m [35m74813[0;39m [2m---[0;39m [2m[.15t][0;39m [36mc.n.e.r.AbstractInstanceRegistry         [       run:1247][0;39m [2m:[0;39m Running the evict task with compensationTime 2ms
[2m2019-08-23 15:02:59.854[0;39m [32m INFO[0;39m [35m74813[0;39m [2m---[0;39m [2m[.15t][0;39m [36mc.n.e.r.AbstractInstanceRegistry         [       run:1247][0;39m [2m:[0;39m Running the evict task with compensationTime 3ms
[2m2019-08-23 15:03:59.860[0;39m [32m INFO[0;39m [35m74813[0;39m [2m---[0;39m [2m[.15t][0;39m [36mc.n.e.r.AbstractInstanceRegistry         [       run:1247][0;39m [2m:[0;39m Running the evict task with compensationTime 3ms
[2m2019-08-23 15:04:59.863[0;39m [32m INFO[0;39m [35m74813[0;39m [2m---[0;39m [2m[.15t][0;39m [36mc.n.e.r.AbstractInstanceRegistry         [       run:1247][0;39m [2m:[0;39m Running the evict task with compensationTime 4ms
[2m2019-08-23 15:05:59.867[0;39m [32m INFO[0;39m [35m74813[0;39m [2m---[0;39m [2m[.15t][0;39m [36mc.n.e.r.AbstractInstanceRegistry         [       run:1247][0;39m [2m:[0;39m Running the evict task with compensationTime 3ms
[2m2019-08-23 15:06:38.162[0;39m [32m INFO[0;39m [35m74813[0;39m [2m---[0;39m [2m[.15t][0;39m [36mc.n.e.r.AbstractInstanceRegistry         [  register:269 ][0;39m [2m:[0;39m Registered instance GATEWAY-SERVER-ZUUL/192.168.26.84:gateway-server-zuul:8004 with status DOWN (replication=false)
[2m2019-08-23 15:06:41.626[0;39m [32m INFO[0;39m [35m74813[0;39m [2m---[0;39m [2m[.15t][0;39m [36mc.n.e.r.AbstractInstanceRegistry         [rnalCancel:333 ][0;39m [2m:[0;39m Cancelled instance GATEWAY-SERVER-ZUUL/192.168.26.84:gateway-server-zuul:8004 (replication=false)
[2m2019-08-23 15:06:59.871[0;39m [32m INFO[0;39m [35m74813[0;39m [2m---[0;39m [2m[.15t][0;39m [36mc.n.e.r.AbstractInstanceRegistry         [       run:1247][0;39m [2m:[0;39m Running the evict task with compensationTime 3ms
[2m2019-08-23 15:07:58.952[0;39m [33m WARN[0;39m [35m74813[0;39m [2m---[0;39m [2m[.15t][0;39m [36mc.n.e.c.PeerEurekaNodes                  [urekaNodes:156 ][0;39m [2m:[0;39m The replica size seems to be empty. Check the route 53 DNS Registry
[2m2019-08-23 15:07:59.876[0;39m [32m INFO[0;39m [35m74813[0;39m [2m---[0;39m [2m[.15t][0;39m [36mc.n.e.r.AbstractInstanceRegistry         [       run:1247][0;39m [2m:[0;39m Running the evict task with compensationTime 4ms
[2m2019-08-23 15:08:59.879[0;39m [32m INFO[0;39m [35m74813[0;39m [2m---[0;39m [2m[.15t][0;39m [36mc.n.e.r.AbstractInstanceRegistry         [       run:1247][0;39m [2m:[0;39m Running the evict task with compensationTime 2ms
[2m2019-08-23 15:09:59.881[0;39m [32m INFO[0;39m [35m74813[0;39m [2m---[0;39m [2m[.15t][0;39m [36mc.n.e.r.AbstractInstanceRegistry         [       run:1247][0;39m [2m:[0;39m Running the evict task with compensationTime 1ms
[2m2019-08-23 15:10:59.885[0;39m [32m INFO[0;39m [35m74813[0;39m [2m---[0;39m [2m[.15t][0;39m [36mc.n.e.r.AbstractInstanceRegistry         [       run:1247][0;39m [2m:[0;39m Running the evict task with compensationTime 3ms
[2m2019-08-23 15:11:59.889[0;39m [32m INFO[0;39m [35m74813[0;39m [2m---[0;39m [2m[.15t][0;39m [36mc.n.e.r.AbstractInstanceRegistry         [       run:1247][0;39m [2m:[0;39m Running the evict task with compensationTime 3ms
[2m2019-08-23 15:12:58.541[0;39m [32m INFO[0;39m [35m74813[0;39m [2m---[0;39m [2m[.15t][0;39m [36mc.n.e.r.PeerAwareInstanceRegistryImpl    [lThreshold:541 ][0;39m [2m:[0;39m Current renewal threshold is : 0
[2m2019-08-23 15:12:59.895[0;39m [32m INFO[0;39m [35m74813[0;39m [2m---[0;39m [2m[.15t][0;39m [36mc.n.e.r.AbstractInstanceRegistry         [       run:1247][0;39m [2m:[0;39m Running the evict task with compensationTime 2ms
[2m2019-08-23 15:13:59.903[0;39m [32m INFO[0;39m [35m74813[0;39m [2m---[0;39m [2m[.15t][0;39m [36mc.n.e.r.AbstractInstanceRegistry         [       run:1247][0;39m [2m:[0;39m Running the evict task with compensationTime 5ms
[2m2019-08-23 15:14:18.634[0;39m [32m INFO[0;39m [35m74813[0;39m [2m---[0;39m [2m[.15t][0;39m [36mc.n.e.r.AbstractInstanceRegistry         [  register:269 ][0;39m [2m:[0;39m Registered instance GATEWAY-SERVER-ZUUL/10.101.101.1:8004 with status UP (replication=false)
[2m2019-08-23 15:14:59.908[0;39m [32m INFO[0;39m [35m74813[0;39m [2m---[0;39m [2m[.15t][0;39m [36mc.n.e.r.AbstractInstanceRegistry         [       run:1247][0;39m [2m:[0;39m Running the evict task with compensationTime 4ms
[2m2019-08-23 15:15:20.972[0;39m [32m INFO[0;39m [35m74813[0;39m [2m---[0;39m [2m[.15t][0;39m [36mc.n.e.r.AbstractInstanceRegistry         [  register:269 ][0;39m [2m:[0;39m Registered instance GATEWAY-SERVER-ZUUL/10.101.101.1:8004 with status DOWN (replication=false)
[2m2019-08-23 15:15:24.079[0;39m [32m INFO[0;39m [35m74813[0;39m [2m---[0;39m [2m[.15t][0;39m [36mc.n.e.r.AbstractInstanceRegistry         [rnalCancel:333 ][0;39m [2m:[0;39m Cancelled instance GATEWAY-SERVER-ZUUL/10.101.101.1:8004 (replication=false)
[2m2019-08-23 15:15:59.912[0;39m [32m INFO[0;39m [35m74813[0;39m [2m---[0;39m [2m[.15t][0;39m [36mc.n.e.r.AbstractInstanceRegistry         [       run:1247][0;39m [2m:[0;39m Running the evict task with compensationTime 3ms
[2m2019-08-23 15:16:59.913[0;39m [32m INFO[0;39m [35m74813[0;39m [2m---[0;39m [2m[.15t][0;39m [36mc.n.e.r.AbstractInstanceRegistry         [       run:1247][0;39m [2m:[0;39m Running the evict task with compensationTime 0ms
[2m2019-08-23 15:17:58.994[0;39m [33m WARN[0;39m [35m74813[0;39m [2m---[0;39m [2m[.15t][0;39m [36mc.n.e.c.PeerEurekaNodes                  [urekaNodes:156 ][0;39m [2m:[0;39m The replica size seems to be empty. Check the route 53 DNS Registry
[2m2019-08-23 15:17:59.917[0;39m [32m INFO[0;39m [35m74813[0;39m [2m---[0;39m [2m[.15t][0;39m [36mc.n.e.r.AbstractInstanceRegistry         [       run:1247][0;39m [2m:[0;39m Running the evict task with compensationTime 2ms
[2m2019-08-23 15:18:40.295[0;39m [32m INFO[0;39m [35m74813[0;39m [2m---[0;39m [2m[.15t][0;39m [36mc.n.e.r.AbstractInstanceRegistry         [  register:269 ][0;39m [2m:[0;39m Registered instance GATEWAY-SERVER-ZUUL/192.168.26.84:gateway-server-zuul:8081 with status UP (replication=false)
[2m2019-08-23 15:18:59.922[0;39m [32m INFO[0;39m [35m74813[0;39m [2m---[0;39m [2m[.15t][0;39m [36mc.n.e.r.AbstractInstanceRegistry         [       run:1247][0;39m [2m:[0;39m Running the evict task with compensationTime 4ms
[2m2019-08-23 15:19:59.927[0;39m [32m INFO[0;39m [35m74813[0;39m [2m---[0;39m [2m[.15t][0;39m [36mc.n.e.r.AbstractInstanceRegistry         [       run:1247][0;39m [2m:[0;39m Running the evict task with compensationTime 4ms
[2m2019-08-23 15:20:59.930[0;39m [32m INFO[0;39m [35m74813[0;39m [2m---[0;39m [2m[.15t][0;39m [36mc.n.e.r.AbstractInstanceRegistry         [       run:1247][0;39m [2m:[0;39m Running the evict task with compensationTime 2ms
[2m2019-08-23 15:21:59.935[0;39m [32m INFO[0;39m [35m74813[0;39m [2m---[0;39m [2m[.15t][0;39m [36mc.n.e.r.AbstractInstanceRegistry         [       run:1247][0;39m [2m:[0;39m Running the evict task with compensationTime 3ms
[2m2019-08-23 15:22:59.938[0;39m [32m INFO[0;39m [35m74813[0;39m [2m---[0;39m [2m[.15t][0;39m [36mc.n.e.r.AbstractInstanceRegistry         [       run:1247][0;39m [2m:[0;39m Running the evict task with compensationTime 2ms
[2m2019-08-23 15:23:36.576[0;39m [32m INFO[0;39m [35m74813[0;39m [2m---[0;39m [2m[.15t][0;39m [36mc.n.e.r.AbstractInstanceRegistry         [  register:269 ][0;39m [2m:[0;39m Registered instance GATEWAY-SERVER-ZUUL/192.168.26.84:gateway-server-zuul:8081 with status DOWN (replication=false)
[2m2019-08-23 15:23:39.647[0;39m [32m INFO[0;39m [35m74813[0;39m [2m---[0;39m [2m[.15t][0;39m [36mc.n.e.r.AbstractInstanceRegistry         [rnalCancel:333 ][0;39m [2m:[0;39m Cancelled instance GATEWAY-SERVER-ZUUL/192.168.26.84:gateway-server-zuul:8081 (replication=false)
[2m2019-08-23 15:23:59.939[0;39m [32m INFO[0;39m [35m74813[0;39m [2m---[0;39m [2m[.15t][0;39m [36mc.n.e.r.AbstractInstanceRegistry         [       run:1247][0;39m [2m:[0;39m Running the evict task with compensationTime 1ms
[2m2019-08-23 15:24:48.348[0;39m [32m INFO[0;39m [35m74813[0;39m [2m---[0;39m [2m[.15t][0;39m [36mc.n.e.r.AbstractInstanceRegistry         [  register:269 ][0;39m [2m:[0;39m Registered instance GATEWAY-SERVER-ZUUL/192.168.26.84:gateway-server-zuul:8081 with status UP (replication=false)
[2m2019-08-23 15:24:59.944[0;39m [32m INFO[0;39m [35m74813[0;39m [2m---[0;39m [2m[.15t][0;39m [36mc.n.e.r.AbstractInstanceRegistry         [       run:1247][0;39m [2m:[0;39m Running the evict task with compensationTime 4ms
[2m2019-08-23 15:25:08.430[0;39m [32m INFO[0;39m [35m74813[0;39m [2m---[0;39m [2m[.15t][0;39m [36mc.n.e.r.AbstractInstanceRegistry         [  register:269 ][0;39m [2m:[0;39m Registered instance GATEWAY-SERVER-ZUUL/192.168.26.84:gateway-server-zuul:8081 with status DOWN (replication=false)
[2m2019-08-23 15:25:11.573[0;39m [32m INFO[0;39m [35m74813[0;39m [2m---[0;39m [2m[.15t][0;39m [36mc.n.e.r.AbstractInstanceRegistry         [rnalCancel:333 ][0;39m [2m:[0;39m Cancelled instance GATEWAY-SERVER-ZUUL/192.168.26.84:gateway-server-zuul:8081 (replication=false)
[2m2019-08-23 15:25:59.950[0;39m [32m INFO[0;39m [35m74813[0;39m [2m---[0;39m [2m[.15t][0;39m [36mc.n.e.r.AbstractInstanceRegistry         [       run:1247][0;39m [2m:[0;39m Running the evict task with compensationTime 4ms
[2m2019-08-23 15:26:27.595[0;39m [32m INFO[0;39m [35m74813[0;39m [2m---[0;39m [2m[.15t][0;39m [36mc.n.e.r.AbstractInstanceRegistry         [  register:269 ][0;39m [2m:[0;39m Registered instance GATEWAY-SERVER-ZUUL/192.168.26.84:gateway-server-zuul:8081 with status UP (replication=false)
[2m2019-08-23 15:26:59.952[0;39m [32m INFO[0;39m [35m74813[0;39m [2m---[0;39m [2m[.15t][0;39m [36mc.n.e.r.AbstractInstanceRegistry         [       run:1247][0;39m [2m:[0;39m Running the evict task with compensationTime 2ms
[2m2019-08-23 15:27:00.174[0;39m [32m INFO[0;39m [35m74813[0;39m [2m---[0;39m [2m[.15t][0;39m [36mc.n.e.r.AbstractInstanceRegistry         [  register:269 ][0;39m [2m:[0;39m Registered instance GATEWAY-SERVER-ZUUL/192.168.26.84:gateway-server-zuul:8004 with status UP (replication=false)
[2m2019-08-23 15:27:58.539[0;39m [32m INFO[0;39m [35m74813[0;39m [2m---[0;39m [2m[.15t][0;39m [36mc.n.e.r.PeerAwareInstanceRegistryImpl    [lThreshold:541 ][0;39m [2m:[0;39m Current renewal threshold is : 0
[2m2019-08-23 15:27:59.014[0;39m [33m WARN[0;39m [35m74813[0;39m [2m---[0;39m [2m[.15t][0;39m [36mc.n.e.c.PeerEurekaNodes                  [urekaNodes:156 ][0;39m [2m:[0;39m The replica size seems to be empty. Check the route 53 DNS Registry
[2m2019-08-23 15:27:59.958[0;39m [32m INFO[0;39m [35m74813[0;39m [2m---[0;39m [2m[.15t][0;39m [36mc.n.e.r.AbstractInstanceRegistry         [       run:1247][0;39m [2m:[0;39m Running the evict task with compensationTime 5ms
[2m2019-08-23 15:28:59.964[0;39m [32m INFO[0;39m [35m74813[0;39m [2m---[0;39m [2m[.15t][0;39m [36mc.n.e.r.AbstractInstanceRegistry         [       run:1247][0;39m [2m:[0;39m Running the evict task with compensationTime 5ms
[2m2019-08-23 15:29:59.968[0;39m [32m INFO[0;39m [35m74813[0;39m [2m---[0;39m [2m[.15t][0;39m [36mc.n.e.r.AbstractInstanceRegistry         [       run:1247][0;39m [2m:[0;39m Running the evict task with compensationTime 3ms
[2m2019-08-23 15:30:59.973[0;39m [32m INFO[0;39m [35m74813[0;39m [2m---[0;39m [2m[.15t][0;39m [36mc.n.e.r.AbstractInstanceRegistry         [       run:1247][0;39m [2m:[0;39m Running the evict task with compensationTime 4ms
[2m2019-08-23 15:31:14.902[0;39m [32m INFO[0;39m [35m74813[0;39m [2m---[0;39m [2m[.15t][0;39m [36mc.n.e.r.AbstractInstanceRegistry         [  register:269 ][0;39m [2m:[0;39m Registered instance EUREKA-CLIENT1/192.168.26.84:eureka-client1:8002 with status UP (replication=false)
[2m2019-08-23 15:31:42.856[0;39m [32m INFO[0;39m [35m74813[0;39m [2m---[0;39m [2m[.15t][0;39m [36mc.n.e.r.AbstractInstanceRegistry         [  register:269 ][0;39m [2m:[0;39m Registered instance EUREKA-CLIENT-CONSUMER/192.168.26.84:eureka-client-consumer:8003 with status UP (replication=false)
[2m2019-08-23 15:31:59.979[0;39m [32m INFO[0;39m [35m74813[0;39m [2m---[0;39m [2m[.15t][0;39m [36mc.n.e.r.AbstractInstanceRegistry         [       run:1247][0;39m [2m:[0;39m Running the evict task with compensationTime 5ms
[2m2019-08-23 15:32:59.984[0;39m [32m INFO[0;39m [35m74813[0;39m [2m---[0;39m [2m[.15t][0;39m [36mc.n.e.r.AbstractInstanceRegistry         [       run:1247][0;39m [2m:[0;39m Running the evict task with compensationTime 5ms
[2m2019-08-23 15:33:59.987[0;39m [32m INFO[0;39m [35m74813[0;39m [2m---[0;39m [2m[.15t][0;39m [36mc.n.e.r.AbstractInstanceRegistry         [       run:1247][0;39m [2m:[0;39m Running the evict task with compensationTime 2ms
[2m2019-08-23 15:34:59.991[0;39m [32m INFO[0;39m [35m74813[0;39m [2m---[0;39m [2m[.15t][0;39m [36mc.n.e.r.AbstractInstanceRegistry         [       run:1247][0;39m [2m:[0;39m Running the evict task with compensationTime 4ms
[2m2019-08-23 15:35:59.995[0;39m [32m INFO[0;39m [35m74813[0;39m [2m---[0;39m [2m[.15t][0;39m [36mc.n.e.r.AbstractInstanceRegistry         [       run:1247][0;39m [2m:[0;39m Running the evict task with compensationTime 3ms
[2m2019-08-23 15:36:59.999[0;39m [32m INFO[0;39m [35m74813[0;39m [2m---[0;39m [2m[.15t][0;39m [36mc.n.e.r.AbstractInstanceRegistry         [       run:1247][0;39m [2m:[0;39m Running the evict task with compensationTime 2ms
[2m2019-08-23 15:37:59.054[0;39m [33m WARN[0;39m [35m74813[0;39m [2m---[0;39m [2m[.15t][0;39m [36mc.n.e.c.PeerEurekaNodes                  [urekaNodes:156 ][0;39m [2m:[0;39m The replica size seems to be empty. Check the route 53 DNS Registry
[2m2019-08-23 15:38:00.004[0;39m [32m INFO[0;39m [35m74813[0;39m [2m---[0;39m [2m[.15t][0;39m [36mc.n.e.r.AbstractInstanceRegistry         [       run:1247][0;39m [2m:[0;39m Running the evict task with compensationTime 4ms
[2m2019-08-23 15:39:00.005[0;39m [32m INFO[0;39m [35m74813[0;39m [2m---[0;39m [2m[.15t][0;39m [36mc.n.e.r.AbstractInstanceRegistry         [       run:1247][0;39m [2m:[0;39m Running the evict task with compensationTime 0ms
[2m2019-08-23 15:40:00.008[0;39m [32m INFO[0;39m [35m74813[0;39m [2m---[0;39m [2m[.15t][0;39m [36mc.n.e.r.AbstractInstanceRegistry         [       run:1247][0;39m [2m:[0;39m Running the evict task with compensationTime 2ms
[2m2019-08-23 15:41:00.012[0;39m [32m INFO[0;39m [35m74813[0;39m [2m---[0;39m [2m[.15t][0;39m [36mc.n.e.r.AbstractInstanceRegistry         [       run:1247][0;39m [2m:[0;39m Running the evict task with compensationTime 4ms
[2m2019-08-23 15:42:00.016[0;39m [32m INFO[0;39m [35m74813[0;39m [2m---[0;39m [2m[.15t][0;39m [36mc.n.e.r.AbstractInstanceRegistry         [       run:1247][0;39m [2m:[0;39m Running the evict task with compensationTime 3ms
[2m2019-08-23 15:42:58.559[0;39m [32m INFO[0;39m [35m74813[0;39m [2m---[0;39m [2m[.15t][0;39m [36mc.n.e.r.PeerAwareInstanceRegistryImpl    [lThreshold:541 ][0;39m [2m:[0;39m Current renewal threshold is : 0
[2m2019-08-23 15:43:00.021[0;39m [32m INFO[0;39m [35m74813[0;39m [2m---[0;39m [2m[.15t][0;39m [36mc.n.e.r.AbstractInstanceRegistry         [       run:1247][0;39m [2m:[0;39m Running the evict task with compensationTime 4ms
[2m2019-08-23 15:44:00.023[0;39m [32m INFO[0;39m [35m74813[0;39m [2m---[0;39m [2m[.15t][0;39m [36mc.n.e.r.AbstractInstanceRegistry         [       run:1247][0;39m [2m:[0;39m Running the evict task with compensationTime 0ms
[2m2019-08-23 15:45:00.024[0;39m [32m INFO[0;39m [35m74813[0;39m [2m---[0;39m [2m[.15t][0;39m [36mc.n.e.r.AbstractInstanceRegistry         [       run:1247][0;39m [2m:[0;39m Running the evict task with compensationTime 0ms
[2m2019-08-23 15:46:00.025[0;39m [32m INFO[0;39m [35m74813[0;39m [2m---[0;39m [2m[.15t][0;39m [36mc.n.e.r.AbstractInstanceRegistry         [       run:1247][0;39m [2m:[0;39m Running the evict task with compensationTime 0ms
[2m2019-08-23 15:47:00.028[0;39m [32m INFO[0;39m [35m74813[0;39m [2m---[0;39m [2m[.15t][0;39m [36mc.n.e.r.AbstractInstanceRegistry         [       run:1247][0;39m [2m:[0;39m Running the evict task with compensationTime 2ms
[2m2019-08-23 15:47:59.074[0;39m [33m WARN[0;39m [35m74813[0;39m [2m---[0;39m [2m[.15t][0;39m [36mc.n.e.c.PeerEurekaNodes                  [urekaNodes:156 ][0;39m [2m:[0;39m The replica size seems to be empty. Check the route 53 DNS Registry
[2m2019-08-23 15:48:00.031[0;39m [32m INFO[0;39m [35m74813[0;39m [2m---[0;39m [2m[.15t][0;39m [36mc.n.e.r.AbstractInstanceRegistry         [       run:1247][0;39m [2m:[0;39m Running the evict task with compensationTime 2ms
[2m2019-08-23 15:49:00.033[0;39m [32m INFO[0;39m [35m74813[0;39m [2m---[0;39m [2m[.15t][0;39m [36mc.n.e.r.AbstractInstanceRegistry         [       run:1247][0;39m [2m:[0;39m Running the evict task with compensationTime 0ms
[2m2019-08-23 15:50:00.050[0;39m [32m INFO[0;39m [35m74813[0;39m [2m---[0;39m [2m[.15t][0;39m [36mc.n.e.r.AbstractInstanceRegistry         [       run:1247][0;39m [2m:[0;39m Running the evict task with compensationTime 13ms
[2m2019-08-23 15:51:00.051[0;39m [32m INFO[0;39m [35m74813[0;39m [2m---[0;39m [2m[.15t][0;39m [36mc.n.e.r.AbstractInstanceRegistry         [       run:1247][0;39m [2m:[0;39m Running the evict task with compensationTime 3ms
[2m2019-08-23 15:52:00.055[0;39m [32m INFO[0;39m [35m74813[0;39m [2m---[0;39m [2m[.15t][0;39m [36mc.n.e.r.AbstractInstanceRegistry         [       run:1247][0;39m [2m:[0;39m Running the evict task with compensationTime 3ms
[2m2019-08-23 15:53:00.060[0;39m [32m INFO[0;39m [35m74813[0;39m [2m---[0;39m [2m[.15t][0;39m [36mc.n.e.r.AbstractInstanceRegistry         [       run:1247][0;39m [2m:[0;39m Running the evict task with compensationTime 4ms
[2m2019-08-23 15:54:00.062[0;39m [32m INFO[0;39m [35m74813[0;39m [2m---[0;39m [2m[.15t][0;39m [36mc.n.e.r.AbstractInstanceRegistry         [       run:1247][0;39m [2m:[0;39m Running the evict task with compensationTime 1ms
[2m2019-08-23 15:55:00.067[0;39m [32m INFO[0;39m [35m74813[0;39m [2m---[0;39m [2m[.15t][0;39m [36mc.n.e.r.AbstractInstanceRegistry         [       run:1247][0;39m [2m:[0;39m Running the evict task with compensationTime 4ms
[2m2019-08-23 15:56:00.069[0;39m [32m INFO[0;39m [35m74813[0;39m [2m---[0;39m [2m[.15t][0;39m [36mc.n.e.r.AbstractInstanceRegistry         [       run:1247][0;39m [2m:[0;39m Running the evict task with compensationTime 1ms
[2m2019-08-23 15:57:00.074[0;39m [32m INFO[0;39m [35m74813[0;39m [2m---[0;39m [2m[.15t][0;39m [36mc.n.e.r.AbstractInstanceRegistry         [       run:1247][0;39m [2m:[0;39m Running the evict task with compensationTime 4ms
[2m2019-08-23 15:57:58.573[0;39m [32m INFO[0;39m [35m74813[0;39m [2m---[0;39m [2m[.15t][0;39m [36mc.n.e.r.PeerAwareInstanceRegistryImpl    [lThreshold:541 ][0;39m [2m:[0;39m Current renewal threshold is : 0
[2m2019-08-23 15:57:59.093[0;39m [33m WARN[0;39m [35m74813[0;39m [2m---[0;39m [2m[.15t][0;39m [36mc.n.e.c.PeerEurekaNodes                  [urekaNodes:156 ][0;39m [2m:[0;39m The replica size seems to be empty. Check the route 53 DNS Registry
[2m2019-08-23 15:58:00.080[0;39m [32m INFO[0;39m [35m74813[0;39m [2m---[0;39m [2m[.15t][0;39m [36mc.n.e.r.AbstractInstanceRegistry         [       run:1247][0;39m [2m:[0;39m Running the evict task with compensationTime 4ms
[2m2019-08-23 15:59:00.085[0;39m [32m INFO[0;39m [35m74813[0;39m [2m---[0;39m [2m[.15t][0;39m [36mc.n.e.r.AbstractInstanceRegistry         [       run:1247][0;39m [2m:[0;39m Running the evict task with compensationTime 4ms
