[2m2019-08-23 13:00:59.223[0;39m [32m INFO[0;39m [35m74813[0;39m [2m---[0;39m [2m[.15t][0;39m [36mc.n.e.r.AbstractInstanceRegistry         [       run:1247][0;39m [2m:[0;39m Running the evict task with compensationTime 7ms
[2m2019-08-23 13:01:59.227[0;39m [32m INFO[0;39m [35m74813[0;39m [2m---[0;39m [2m[.15t][0;39m [36mc.n.e.r.AbstractInstanceRegistry         [       run:1247][0;39m [2m:[0;39m Running the evict task with compensationTime 3ms
[2m2019-08-23 13:02:59.230[0;39m [32m INFO[0;39m [35m74813[0;39m [2m---[0;39m [2m[.15t][0;39m [36mc.n.e.r.AbstractInstanceRegistry         [       run:1247][0;39m [2m:[0;39m Running the evict task with compensationTime 1ms
[2m2019-08-23 13:03:59.229[0;39m [32m INFO[0;39m [35m74813[0;39m [2m---[0;39m [2m[.15t][0;39m [36mc.n.e.r.AbstractInstanceRegistry         [       run:1247][0;39m [2m:[0;39m Running the evict task with compensationTime 0ms
[2m2019-08-23 13:04:59.230[0;39m [32m INFO[0;39m [35m74813[0;39m [2m---[0;39m [2m[.15t][0;39m [36mc.n.e.r.AbstractInstanceRegistry         [       run:1247][0;39m [2m:[0;39m Running the evict task with compensationTime 0ms
[2m2019-08-23 13:05:59.235[0;39m [32m INFO[0;39m [35m74813[0;39m [2m---[0;39m [2m[.15t][0;39m [36mc.n.e.r.AbstractInstanceRegistry         [       run:1247][0;39m [2m:[0;39m Running the evict task with compensationTime 0ms
[2m2019-08-23 13:06:59.238[0;39m [32m INFO[0;39m [35m74813[0;39m [2m---[0;39m [2m[.15t][0;39m [36mc.n.e.r.AbstractInstanceRegistry         [       run:1247][0;39m [2m:[0;39m Running the evict task with compensationTime 4ms
[2m2019-08-23 13:07:58.671[0;39m [33m WARN[0;39m [35m74813[0;39m [2m---[0;39m [2m[.15t][0;39m [36mc.n.e.c.PeerEurekaNodes                  [urekaNodes:156 ][0;39m [2m:[0;39m The replica size seems to be empty. Check the route 53 DNS Registry
[2m2019-08-23 13:07:59.246[0;39m [32m INFO[0;39m [35m74813[0;39m [2m---[0;39m [2m[.15t][0;39m [36mc.n.e.r.AbstractInstanceRegistry         [       run:1247][0;39m [2m:[0;39m Running the evict task with compensationTime 8ms
[2m2019-08-23 13:08:59.247[0;39m [32m INFO[0;39m [35m74813[0;39m [2m---[0;39m [2m[.15t][0;39m [36mc.n.e.r.AbstractInstanceRegistry         [       run:1247][0;39m [2m:[0;39m Running the evict task with compensationTime 0ms
[2m2019-08-23 13:09:59.258[0;39m [32m INFO[0;39m [35m74813[0;39m [2m---[0;39m [2m[.15t][0;39m [36mc.n.e.r.AbstractInstanceRegistry         [       run:1247][0;39m [2m:[0;39m Running the evict task with compensationTime 8ms
[2m2019-08-23 13:10:59.262[0;39m [32m INFO[0;39m [35m74813[0;39m [2m---[0;39m [2m[.15t][0;39m [36mc.n.e.r.AbstractInstanceRegistry         [       run:1247][0;39m [2m:[0;39m Running the evict task with compensationTime 4ms
[2m2019-08-23 13:11:59.267[0;39m [32m INFO[0;39m [35m74813[0;39m [2m---[0;39m [2m[.15t][0;39m [36mc.n.e.r.AbstractInstanceRegistry         [       run:1247][0;39m [2m:[0;39m Running the evict task with compensationTime 4ms
[2m2019-08-23 13:12:30.880[0;39m [32m INFO[0;39m [35m74813[0;39m [2m---[0;39m [2m[.15t][0;39m [36mo.a.c.c.C.[.[.[/]                        [       log:180 ][0;39m [2m:[0;39m Initializing Spring FrameworkServlet 'dispatcherServlet'
[2m2019-08-23 13:12:30.883[0;39m [32m INFO[0;39m [35m74813[0;39m [2m---[0;39m [2m[.15t][0;39m [36mo.s.w.s.DispatcherServlet                [ervletBean:494 ][0;39m [2m:[0;39m FrameworkServlet 'dispatcherServlet': initialization started
[2m2019-08-23 13:12:31.984[0;39m [32m INFO[0;39m [35m74813[0;39m [2m---[0;39m [2m[.15t][0;39m [36mo.s.w.s.DispatcherServlet                [ervletBean:509 ][0;39m [2m:[0;39m FrameworkServlet 'dispatcherServlet': initialization completed in 1088 ms
[2m2019-08-23 13:12:34.578[0;39m [32m INFO[0;39m [35m74813[0;39m [2m---[0;39m [2m[.15t][0;39m [36mc.n.e.r.AbstractInstanceRegistry         [  register:269 ][0;39m [2m:[0;39m Registered instance GATEWAY-SERVER-ZUUL/192.168.26.84:gateway-server-zuul:8004 with status UP (replication=false)
[2m2019-08-23 13:12:58.402[0;39m [32m INFO[0;39m [35m74813[0;39m [2m---[0;39m [2m[.15t][0;39m [36mc.n.e.r.PeerAwareInstanceRegistryImpl    [lThreshold:541 ][0;39m [2m:[0;39m Current renewal threshold is : 0
[2m2019-08-23 13:12:59.271[0;39m [32m INFO[0;39m [35m74813[0;39m [2m---[0;39m [2m[.15t][0;39m [36mc.n.e.r.AbstractInstanceRegistry         [       run:1247][0;39m [2m:[0;39m Running the evict task with compensationTime 3ms
[2m2019-08-23 13:13:59.277[0;39m [32m INFO[0;39m [35m74813[0;39m [2m---[0;39m [2m[.15t][0;39m [36mc.n.e.r.AbstractInstanceRegistry         [       run:1247][0;39m [2m:[0;39m Running the evict task with compensationTime 5ms
[2m2019-08-23 13:14:59.281[0;39m [32m INFO[0;39m [35m74813[0;39m [2m---[0;39m [2m[.15t][0;39m [36mc.n.e.r.AbstractInstanceRegistry         [       run:1247][0;39m [2m:[0;39m Running the evict task with compensationTime 3ms
[2m2019-08-23 13:15:59.284[0;39m [32m INFO[0;39m [35m74813[0;39m [2m---[0;39m [2m[.15t][0;39m [36mc.n.e.r.AbstractInstanceRegistry         [       run:1247][0;39m [2m:[0;39m Running the evict task with compensationTime 2ms
[2m2019-08-23 13:16:59.290[0;39m [32m INFO[0;39m [35m74813[0;39m [2m---[0;39m [2m[.15t][0;39m [36mc.n.e.r.AbstractInstanceRegistry         [       run:1247][0;39m [2m:[0;39m Running the evict task with compensationTime 4ms
[2m2019-08-23 13:17:58.708[0;39m [33m WARN[0;39m [35m74813[0;39m [2m---[0;39m [2m[.15t][0;39m [36mc.n.e.c.PeerEurekaNodes                  [urekaNodes:156 ][0;39m [2m:[0;39m The replica size seems to be empty. Check the route 53 DNS Registry
[2m2019-08-23 13:17:59.293[0;39m [32m INFO[0;39m [35m74813[0;39m [2m---[0;39m [2m[.15t][0;39m [36mc.n.e.r.AbstractInstanceRegistry         [       run:1247][0;39m [2m:[0;39m Running the evict task with compensationTime 3ms
[2m2019-08-23 13:18:59.300[0;39m [32m INFO[0;39m [35m74813[0;39m [2m---[0;39m [2m[.15t][0;39m [36mc.n.e.r.AbstractInstanceRegistry         [       run:1247][0;39m [2m:[0;39m Running the evict task with compensationTime 4ms
[2m2019-08-23 13:19:59.304[0;39m [32m INFO[0;39m [35m74813[0;39m [2m---[0;39m [2m[.15t][0;39m [36mc.n.e.r.AbstractInstanceRegistry         [       run:1247][0;39m [2m:[0;39m Running the evict task with compensationTime 5ms
[2m2019-08-23 13:20:59.308[0;39m [32m INFO[0;39m [35m74813[0;39m [2m---[0;39m [2m[.15t][0;39m [36mc.n.e.r.AbstractInstanceRegistry         [       run:1247][0;39m [2m:[0;39m Running the evict task with compensationTime 3ms
[2m2019-08-23 13:21:59.311[0;39m [32m INFO[0;39m [35m74813[0;39m [2m---[0;39m [2m[.15t][0;39m [36mc.n.e.r.AbstractInstanceRegistry         [       run:1247][0;39m [2m:[0;39m Running the evict task with compensationTime 4ms
[2m2019-08-23 13:22:59.315[0;39m [32m INFO[0;39m [35m74813[0;39m [2m---[0;39m [2m[.15t][0;39m [36mc.n.e.r.AbstractInstanceRegistry         [       run:1247][0;39m [2m:[0;39m Running the evict task with compensationTime 4ms
[2m2019-08-23 13:23:59.319[0;39m [32m INFO[0;39m [35m74813[0;39m [2m---[0;39m [2m[.15t][0;39m [36mc.n.e.r.AbstractInstanceRegistry         [       run:1247][0;39m [2m:[0;39m Running the evict task with compensationTime 2ms
[2m2019-08-23 13:24:59.319[0;39m [32m INFO[0;39m [35m74813[0;39m [2m---[0;39m [2m[.15t][0;39m [36mc.n.e.r.AbstractInstanceRegistry         [       run:1247][0;39m [2m:[0;39m Running the evict task with compensationTime 0ms
[2m2019-08-23 13:25:59.322[0;39m [32m INFO[0;39m [35m74813[0;39m [2m---[0;39m [2m[.15t][0;39m [36mc.n.e.r.AbstractInstanceRegistry         [       run:1247][0;39m [2m:[0;39m Running the evict task with compensationTime 2ms
[2m2019-08-23 13:26:59.330[0;39m [32m INFO[0;39m [35m74813[0;39m [2m---[0;39m [2m[.15t][0;39m [36mc.n.e.r.AbstractInstanceRegistry         [       run:1247][0;39m [2m:[0;39m Running the evict task with compensationTime 7ms
[2m2019-08-23 13:27:58.450[0;39m [32m INFO[0;39m [35m74813[0;39m [2m---[0;39m [2m[.15t][0;39m [36mc.n.e.r.PeerAwareInstanceRegistryImpl    [lThreshold:541 ][0;39m [2m:[0;39m Current renewal threshold is : 0
[2m2019-08-23 13:27:58.723[0;39m [33m WARN[0;39m [35m74813[0;39m [2m---[0;39m [2m[.15t][0;39m [36mc.n.e.c.PeerEurekaNodes                  [urekaNodes:156 ][0;39m [2m:[0;39m The replica size seems to be empty. Check the route 53 DNS Registry
[2m2019-08-23 13:27:59.341[0;39m [32m INFO[0;39m [35m74813[0;39m [2m---[0;39m [2m[.15t][0;39m [36mc.n.e.r.AbstractInstanceRegistry         [       run:1247][0;39m [2m:[0;39m Running the evict task with compensationTime 10ms
[2m2019-08-23 13:28:59.345[0;39m [32m INFO[0;39m [35m74813[0;39m [2m---[0;39m [2m[.15t][0;39m [36mc.n.e.r.AbstractInstanceRegistry         [       run:1247][0;39m [2m:[0;39m Running the evict task with compensationTime 4ms
[2m2019-08-23 13:29:59.348[0;39m [32m INFO[0;39m [35m74813[0;39m [2m---[0;39m [2m[.15t][0;39m [36mc.n.e.r.AbstractInstanceRegistry         [       run:1247][0;39m [2m:[0;39m Running the evict task with compensationTime 1ms
[2m2019-08-23 13:30:59.352[0;39m [32m INFO[0;39m [35m74813[0;39m [2m---[0;39m [2m[.15t][0;39m [36mc.n.e.r.AbstractInstanceRegistry         [       run:1247][0;39m [2m:[0;39m Running the evict task with compensationTime 3ms
[2m2019-08-23 13:31:59.357[0;39m [32m INFO[0;39m [35m74813[0;39m [2m---[0;39m [2m[.15t][0;39m [36mc.n.e.r.AbstractInstanceRegistry         [       run:1247][0;39m [2m:[0;39m Running the evict task with compensationTime 4ms
[2m2019-08-23 13:32:59.358[0;39m [32m INFO[0;39m [35m74813[0;39m [2m---[0;39m [2m[.15t][0;39m [36mc.n.e.r.AbstractInstanceRegistry         [       run:1247][0;39m [2m:[0;39m Running the evict task with compensationTime 1ms
[2m2019-08-23 13:33:59.365[0;39m [32m INFO[0;39m [35m74813[0;39m [2m---[0;39m [2m[.15t][0;39m [36mc.n.e.r.AbstractInstanceRegistry         [       run:1247][0;39m [2m:[0;39m Running the evict task with compensationTime 5ms
[2m2019-08-23 13:34:59.374[0;39m [32m INFO[0;39m [35m74813[0;39m [2m---[0;39m [2m[.15t][0;39m [36mc.n.e.r.AbstractInstanceRegistry         [       run:1247][0;39m [2m:[0;39m Running the evict task with compensationTime 9ms
[2m2019-08-23 13:35:59.382[0;39m [32m INFO[0;39m [35m74813[0;39m [2m---[0;39m [2m[.15t][0;39m [36mc.n.e.r.AbstractInstanceRegistry         [       run:1247][0;39m [2m:[0;39m Running the evict task with compensationTime 7ms
[2m2019-08-23 13:36:59.385[0;39m [32m INFO[0;39m [35m74813[0;39m [2m---[0;39m [2m[.15t][0;39m [36mc.n.e.r.AbstractInstanceRegistry         [       run:1247][0;39m [2m:[0;39m Running the evict task with compensationTime 2ms
[2m2019-08-23 13:37:58.740[0;39m [33m WARN[0;39m [35m74813[0;39m [2m---[0;39m [2m[.15t][0;39m [36mc.n.e.c.PeerEurekaNodes                  [urekaNodes:156 ][0;39m [2m:[0;39m The replica size seems to be empty. Check the route 53 DNS Registry
[2m2019-08-23 13:37:59.390[0;39m [32m INFO[0;39m [35m74813[0;39m [2m---[0;39m [2m[.15t][0;39m [36mc.n.e.r.AbstractInstanceRegistry         [       run:1247][0;39m [2m:[0;39m Running the evict task with compensationTime 4ms
[2m2019-08-23 13:38:59.393[0;39m [32m INFO[0;39m [35m74813[0;39m [2m---[0;39m [2m[.15t][0;39m [36mc.n.e.r.AbstractInstanceRegistry         [       run:1247][0;39m [2m:[0;39m Running the evict task with compensationTime 2ms
[2m2019-08-23 13:39:59.399[0;39m [32m INFO[0;39m [35m74813[0;39m [2m---[0;39m [2m[.15t][0;39m [36mc.n.e.r.AbstractInstanceRegistry         [       run:1247][0;39m [2m:[0;39m Running the evict task with compensationTime 5ms
[2m2019-08-23 13:40:59.404[0;39m [32m INFO[0;39m [35m74813[0;39m [2m---[0;39m [2m[.15t][0;39m [36mc.n.e.r.AbstractInstanceRegistry         [       run:1247][0;39m [2m:[0;39m Running the evict task with compensationTime 4ms
[2m2019-08-23 13:41:59.406[0;39m [32m INFO[0;39m [35m74813[0;39m [2m---[0;39m [2m[.15t][0;39m [36mc.n.e.r.AbstractInstanceRegistry         [       run:1247][0;39m [2m:[0;39m Running the evict task with compensationTime 1ms
[2m2019-08-23 13:42:58.492[0;39m [32m INFO[0;39m [35m74813[0;39m [2m---[0;39m [2m[.15t][0;39m [36mc.n.e.r.PeerAwareInstanceRegistryImpl    [lThreshold:541 ][0;39m [2m:[0;39m Current renewal threshold is : 0
[2m2019-08-23 13:42:59.411[0;39m [32m INFO[0;39m [35m74813[0;39m [2m---[0;39m [2m[.15t][0;39m [36mc.n.e.r.AbstractInstanceRegistry         [       run:1247][0;39m [2m:[0;39m Running the evict task with compensationTime 4ms
[2m2019-08-23 13:43:59.417[0;39m [32m INFO[0;39m [35m74813[0;39m [2m---[0;39m [2m[.15t][0;39m [36mc.n.e.r.AbstractInstanceRegistry         [       run:1247][0;39m [2m:[0;39m Running the evict task with compensationTime 4ms
[2m2019-08-23 13:44:59.420[0;39m [32m INFO[0;39m [35m74813[0;39m [2m---[0;39m [2m[.15t][0;39m [36mc.n.e.r.AbstractInstanceRegistry         [       run:1247][0;39m [2m:[0;39m Running the evict task with compensationTime 3ms
[2m2019-08-23 13:45:59.425[0;39m [32m INFO[0;39m [35m74813[0;39m [2m---[0;39m [2m[.15t][0;39m [36mc.n.e.r.AbstractInstanceRegistry         [       run:1247][0;39m [2m:[0;39m Running the evict task with compensationTime 4ms
[2m2019-08-23 13:46:59.431[0;39m [32m INFO[0;39m [35m74813[0;39m [2m---[0;39m [2m[.15t][0;39m [36mc.n.e.r.AbstractInstanceRegistry         [       run:1247][0;39m [2m:[0;39m Running the evict task with compensationTime 4ms
[2m2019-08-23 13:47:58.764[0;39m [33m WARN[0;39m [35m74813[0;39m [2m---[0;39m [2m[.15t][0;39m [36mc.n.e.c.PeerEurekaNodes                  [urekaNodes:156 ][0;39m [2m:[0;39m The replica size seems to be empty. Check the route 53 DNS Registry
[2m2019-08-23 13:47:59.435[0;39m [32m INFO[0;39m [35m74813[0;39m [2m---[0;39m [2m[.15t][0;39m [36mc.n.e.r.AbstractInstanceRegistry         [       run:1247][0;39m [2m:[0;39m Running the evict task with compensationTime 2ms
[2m2019-08-23 13:48:59.439[0;39m [32m INFO[0;39m [35m74813[0;39m [2m---[0;39m [2m[.15t][0;39m [36mc.n.e.r.AbstractInstanceRegistry         [       run:1247][0;39m [2m:[0;39m Running the evict task with compensationTime 4ms
[2m2019-08-23 13:49:59.446[0;39m [32m INFO[0;39m [35m74813[0;39m [2m---[0;39m [2m[.15t][0;39m [36mc.n.e.r.AbstractInstanceRegistry         [       run:1247][0;39m [2m:[0;39m Running the evict task with compensationTime 4ms
[2m2019-08-23 13:50:59.447[0;39m [32m INFO[0;39m [35m74813[0;39m [2m---[0;39m [2m[.15t][0;39m [36mc.n.e.r.AbstractInstanceRegistry         [       run:1247][0;39m [2m:[0;39m Running the evict task with compensationTime 1ms
[2m2019-08-23 13:51:59.451[0;39m [32m INFO[0;39m [35m74813[0;39m [2m---[0;39m [2m[.15t][0;39m [36mc.n.e.r.AbstractInstanceRegistry         [       run:1247][0;39m [2m:[0;39m Running the evict task with compensationTime 2ms
[2m2019-08-23 13:52:59.453[0;39m [32m INFO[0;39m [35m74813[0;39m [2m---[0;39m [2m[.15t][0;39m [36mc.n.e.r.AbstractInstanceRegistry         [       run:1247][0;39m [2m:[0;39m Running the evict task with compensationTime 2ms
[2m2019-08-23 13:53:59.459[0;39m [32m INFO[0;39m [35m74813[0;39m [2m---[0;39m [2m[.15t][0;39m [36mc.n.e.r.AbstractInstanceRegistry         [       run:1247][0;39m [2m:[0;39m Running the evict task with compensationTime 5ms
[2m2019-08-23 13:54:59.463[0;39m [32m INFO[0;39m [35m74813[0;39m [2m---[0;39m [2m[.15t][0;39m [36mc.n.e.r.AbstractInstanceRegistry         [       run:1247][0;39m [2m:[0;39m Running the evict task with compensationTime 4ms
[2m2019-08-23 13:55:59.468[0;39m [32m INFO[0;39m [35m74813[0;39m [2m---[0;39m [2m[.15t][0;39m [36mc.n.e.r.AbstractInstanceRegistry         [       run:1247][0;39m [2m:[0;39m Running the evict task with compensationTime 4ms
[2m2019-08-23 13:56:59.475[0;39m [32m INFO[0;39m [35m74813[0;39m [2m---[0;39m [2m[.15t][0;39m [36mc.n.e.r.AbstractInstanceRegistry         [       run:1247][0;39m [2m:[0;39m Running the evict task with compensationTime 5ms
[2m2019-08-23 13:57:58.463[0;39m [32m INFO[0;39m [35m74813[0;39m [2m---[0;39m [2m[.15t][0;39m [36mc.n.e.r.PeerAwareInstanceRegistryImpl    [lThreshold:541 ][0;39m [2m:[0;39m Current renewal threshold is : 0
[2m2019-08-23 13:57:58.785[0;39m [33m WARN[0;39m [35m74813[0;39m [2m---[0;39m [2m[.15t][0;39m [36mc.n.e.c.PeerEurekaNodes                  [urekaNodes:156 ][0;39m [2m:[0;39m The replica size seems to be empty. Check the route 53 DNS Registry
[2m2019-08-23 13:57:59.478[0;39m [32m INFO[0;39m [35m74813[0;39m [2m---[0;39m [2m[.15t][0;39m [36mc.n.e.r.AbstractInstanceRegistry         [       run:1247][0;39m [2m:[0;39m Running the evict task with compensationTime 3ms
[2m2019-08-23 13:58:59.481[0;39m [32m INFO[0;39m [35m74813[0;39m [2m---[0;39m [2m[.15t][0;39m [36mc.n.e.r.AbstractInstanceRegistry         [       run:1247][0;39m [2m:[0;39m Running the evict task with compensationTime 2ms
[2m2019-08-23 13:59:59.485[0;39m [32m INFO[0;39m [35m74813[0;39m [2m---[0;39m [2m[.15t][0;39m [36mc.n.e.r.AbstractInstanceRegistry         [       run:1247][0;39m [2m:[0;39m Running the evict task with compensationTime 4ms
