[2m2019-08-23 09:57:51.593[0;39m [32m INFO[0;39m [35m74813[0;39m [2m---[0;39m [2m[.15t][0;39m [36mc.s.EurekaServerApplication              [rofileInfo:659 ][0;39m [2m:[0;39m No active profile set, falling back to default profiles: default
[2m2019-08-23 09:57:51.634[0;39m [32m INFO[0;39m [35m74813[0;39m [2m---[0;39m [2m[.15t][0;39m [36mConfigServletWebServerApplicationContext [areRefresh:590 ][0;39m [2m:[0;39m Refreshing org.springframework.boot.web.servlet.context.AnnotationConfigServletWebServerApplicationContext@3c989952: startup date [Fri Aug 23 09:57:51 CST 2019]; parent: org.springframework.context.annotation.AnnotationConfigApplicationContext@7c24b813
[2m2019-08-23 09:57:53.162[0;39m [32m INFO[0;39m [35m74813[0;39m [2m---[0;39m [2m[.15t][0;39m [36mo.s.c.c.s.GenericScope                   [lizationId:294 ][0;39m [2m:[0;39m BeanFactory id=98bcd73d-517b-3beb-a002-a39f6078442c
[2m2019-08-23 09:57:53.184[0;39m [32m INFO[0;39m [35m74813[0;39m [2m---[0;39m [2m[.15t][0;39m [36mf.a.AutowiredAnnotationBeanPostProcessor [    <init>:154 ][0;39m [2m:[0;39m JSR-330 'javax.inject.Inject' annotation found and supported for autowiring
[2m2019-08-23 09:57:53.332[0;39m [32m INFO[0;39m [35m74813[0;39m [2m---[0;39m [2m[.15t][0;39m [36mtrationDelegate$BeanPostProcessorChecker [ialization:328 ][0;39m [2m:[0;39m Bean 'org.springframework.cloud.autoconfigure.ConfigurationPropertiesRebinderAutoConfiguration' of type [org.springframework.cloud.autoconfigure.ConfigurationPropertiesRebinderAutoConfiguration$$EnhancerBySpringCGLIB$$daee50f7] is not eligible for getting processed by all BeanPostProcessors (for example: not eligible for auto-proxying)
[2m2019-08-23 09:57:53.640[0;39m [32m INFO[0;39m [35m74813[0;39m [2m---[0;39m [2m[.15t][0;39m [36mo.s.b.w.e.t.TomcatWebServer              [initialize:91  ][0;39m [2m:[0;39m Tomcat initialized with port(s): 8080 (http)
[2m2019-08-23 09:57:53.662[0;39m [32m INFO[0;39m [35m74813[0;39m [2m---[0;39m [2m[.15t][0;39m [36mo.a.c.h.Http11NioProtocol                [       log:180 ][0;39m [2m:[0;39m Initializing ProtocolHandler ["http-nio-8080"]
[2m2019-08-23 09:57:53.674[0;39m [32m INFO[0;39m [35m74813[0;39m [2m---[0;39m [2m[.15t][0;39m [36mo.a.c.c.StandardService                  [       log:180 ][0;39m [2m:[0;39m Starting service [Tomcat]
[2m2019-08-23 09:57:53.675[0;39m [32m INFO[0;39m [35m74813[0;39m [2m---[0;39m [2m[.15t][0;39m [36mo.a.c.c.StandardEngine                   [       log:180 ][0;39m [2m:[0;39m Starting Servlet Engine: Apache Tomcat/8.5.29
[2m2019-08-23 09:57:53.690[0;39m [32m INFO[0;39m [35m74813[0;39m [2m---[0;39m [2m[.15t][0;39m [36mo.a.c.c.AprLifecycleListener             [       log:180 ][0;39m [2m:[0;39m The APR based Apache Tomcat Native library which allows optimal performance in production environments was not found on the java.library.path: [/Users/baozc/Library/Java/Extensions:/Library/Java/Extensions:/Network/Library/Java/Extensions:/System/Library/Java/Extensions:/usr/lib/java:.]
[2m2019-08-23 09:57:53.888[0;39m [32m INFO[0;39m [35m74813[0;39m [2m---[0;39m [2m[.15t][0;39m [36mo.a.c.c.C.[.[.[/]                        [       log:180 ][0;39m [2m:[0;39m Initializing Spring embedded WebApplicationContext
[2m2019-08-23 09:57:53.888[0;39m [32m INFO[0;39m [35m74813[0;39m [2m---[0;39m [2m[.15t][0;39m [36mo.s.w.c.ContextLoader                    [ionContext:285 ][0;39m [2m:[0;39m Root WebApplicationContext: initialization completed in 2254 ms
[2m2019-08-23 09:57:54.469[0;39m [33m WARN[0;39m [35m74813[0;39m [2m---[0;39m [2m[.15t][0;39m [36mc.n.c.s.URLConfigurationSource           [    <init>:121 ][0;39m [2m:[0;39m No URLs will be polled as dynamic configuration sources.
[2m2019-08-23 09:57:54.469[0;39m [32m INFO[0;39m [35m74813[0;39m [2m---[0;39m [2m[.15t][0;39m [36mc.n.c.s.URLConfigurationSource           [    <init>:122 ][0;39m [2m:[0;39m To enable URLs as dynamic configuration sources, define System property archaius.configurationSource.additionalUrls or make config.properties available on classpath.
[2m2019-08-23 09:57:54.496[0;39m [32m INFO[0;39m [35m74813[0;39m [2m---[0;39m [2m[.15t][0;39m [36mc.n.c.DynamicPropertyFactory             [etInstance:281 ][0;39m [2m:[0;39m DynamicPropertyFactory is initialized with configuration sources: com.netflix.config.ConcurrentCompositeConfiguration@762c0095
[2m2019-08-23 09:57:55.521[0;39m [32m INFO[0;39m [35m74813[0;39m [2m---[0;39m [2m[.15t][0;39m [36mo.s.b.w.s.FilterRegistrationBean         [ configure:244 ][0;39m [2m:[0;39m Mapping filter: 'characterEncodingFilter' to: [/*]
[2m2019-08-23 09:57:55.522[0;39m [32m INFO[0;39m [35m74813[0;39m [2m---[0;39m [2m[.15t][0;39m [36mo.s.b.w.s.FilterRegistrationBean         [ configure:244 ][0;39m [2m:[0;39m Mapping filter: 'hiddenHttpMethodFilter' to: [/*]
[2m2019-08-23 09:57:55.523[0;39m [32m INFO[0;39m [35m74813[0;39m [2m---[0;39m [2m[.15t][0;39m [36mo.s.b.w.s.FilterRegistrationBean         [ configure:244 ][0;39m [2m:[0;39m Mapping filter: 'httpPutFormContentFilter' to: [/*]
[2m2019-08-23 09:57:55.523[0;39m [32m INFO[0;39m [35m74813[0;39m [2m---[0;39m [2m[.15t][0;39m [36mo.s.b.w.s.FilterRegistrationBean         [ configure:244 ][0;39m [2m:[0;39m Mapping filter: 'requestContextFilter' to: [/*]
[2m2019-08-23 09:57:55.524[0;39m [32m INFO[0;39m [35m74813[0;39m [2m---[0;39m [2m[.15t][0;39m [36mo.s.b.w.s.FilterRegistrationBean         [ configure:244 ][0;39m [2m:[0;39m Mapping filter: 'httpTraceFilter' to: [/*]
[2m2019-08-23 09:57:55.524[0;39m [32m INFO[0;39m [35m74813[0;39m [2m---[0;39m [2m[.15t][0;39m [36mo.s.b.w.s.FilterRegistrationBean         [ configure:244 ][0;39m [2m:[0;39m Mapping filter: 'webMvcMetricsFilter' to: [/*]
[2m2019-08-23 09:57:55.525[0;39m [32m INFO[0;39m [35m74813[0;39m [2m---[0;39m [2m[.15t][0;39m [36mo.s.b.w.s.FilterRegistrationBean         [ configure:257 ][0;39m [2m:[0;39m Mapping filter: 'servletContainer' to urls: [/eureka/*]
[2m2019-08-23 09:57:55.525[0;39m [32m INFO[0;39m [35m74813[0;39m [2m---[0;39m [2m[.15t][0;39m [36mo.s.b.w.s.ServletRegistrationBean        [gistration:185 ][0;39m [2m:[0;39m Servlet dispatcherServlet mapped to [/]
[2m2019-08-23 09:57:55.638[0;39m [32m INFO[0;39m [35m74813[0;39m [2m---[0;39m [2m[.15t][0;39m [36mc.s.j.s.i.a.WebApplicationImpl           [ _initiate:815 ][0;39m [2m:[0;39m Initiating Jersey application, version 'Jersey: 1.19.1 03/11/2016 02:08 PM'
[2m2019-08-23 09:57:55.725[0;39m [32m INFO[0;39m [35m74813[0;39m [2m---[0;39m [2m[.15t][0;39m [36mc.n.d.p.DiscoveryJerseyProvider          [    <init>:70  ][0;39m [2m:[0;39m Using JSON encoding codec LegacyJacksonJson
[2m2019-08-23 09:57:55.725[0;39m [32m INFO[0;39m [35m74813[0;39m [2m---[0;39m [2m[.15t][0;39m [36mc.n.d.p.DiscoveryJerseyProvider          [    <init>:71  ][0;39m [2m:[0;39m Using JSON decoding codec LegacyJacksonJson
[2m2019-08-23 09:57:56.002[0;39m [32m INFO[0;39m [35m74813[0;39m [2m---[0;39m [2m[.15t][0;39m [36mc.n.d.p.DiscoveryJerseyProvider          [    <init>:80  ][0;39m [2m:[0;39m Using XML encoding codec XStreamXml
[2m2019-08-23 09:57:56.003[0;39m [32m INFO[0;39m [35m74813[0;39m [2m---[0;39m [2m[.15t][0;39m [36mc.n.d.p.DiscoveryJerseyProvider          [    <init>:81  ][0;39m [2m:[0;39m Using XML decoding codec XStreamXml
[2m2019-08-23 09:57:56.397[0;39m [33m WARN[0;39m [35m74813[0;39m [2m---[0;39m [2m[.15t][0;39m [36mc.n.c.s.URLConfigurationSource           [    <init>:121 ][0;39m [2m:[0;39m No URLs will be polled as dynamic configuration sources.
[2m2019-08-23 09:57:56.397[0;39m [32m INFO[0;39m [35m74813[0;39m [2m---[0;39m [2m[.15t][0;39m [36mc.n.c.s.URLConfigurationSource           [    <init>:122 ][0;39m [2m:[0;39m To enable URLs as dynamic configuration sources, define System property archaius.configurationSource.additionalUrls or make config.properties available on classpath.
[2m2019-08-23 09:57:56.494[0;39m [32m INFO[0;39m [35m74813[0;39m [2m---[0;39m [2m[.15t][0;39m [36mo.s.w.s.h.SimpleUrlHandlerMapping        [terHandler:373 ][0;39m [2m:[0;39m Mapped URL path [/**/favicon.ico] onto handler of type [class org.springframework.web.servlet.resource.ResourceHttpRequestHandler]
[2m2019-08-23 09:57:56.736[0;39m [32m INFO[0;39m [35m74813[0;39m [2m---[0;39m [2m[.15t][0;39m [36ms.w.s.m.m.a.RequestMappingHandlerAdapter [dviceCache:574 ][0;39m [2m:[0;39m Looking for @ControllerAdvice: org.springframework.boot.web.servlet.context.AnnotationConfigServletWebServerApplicationContext@3c989952: startup date [Fri Aug 23 09:57:51 CST 2019]; parent: org.springframework.context.annotation.AnnotationConfigApplicationContext@7c24b813
[2m2019-08-23 09:57:56.890[0;39m [32m INFO[0;39m [35m74813[0;39m [2m---[0;39m [2m[.15t][0;39m [36ms.w.s.m.m.a.RequestMappingHandlerMapping [  register:547 ][0;39m [2m:[0;39m Mapped "{[/error]}" onto public org.springframework.http.ResponseEntity<java.util.Map<java.lang.String, java.lang.Object>> org.springframework.boot.autoconfigure.web.servlet.error.BasicErrorController.error(javax.servlet.http.HttpServletRequest)
[2m2019-08-23 09:57:56.893[0;39m [32m INFO[0;39m [35m74813[0;39m [2m---[0;39m [2m[.15t][0;39m [36ms.w.s.m.m.a.RequestMappingHandlerMapping [  register:547 ][0;39m [2m:[0;39m Mapped "{[/error],produces=[text/html]}" onto public org.springframework.web.servlet.ModelAndView org.springframework.boot.autoconfigure.web.servlet.error.BasicErrorController.errorHtml(javax.servlet.http.HttpServletRequest,javax.servlet.http.HttpServletResponse)
[2m2019-08-23 09:57:56.903[0;39m [32m INFO[0;39m [35m74813[0;39m [2m---[0;39m [2m[.15t][0;39m [36ms.w.s.m.m.a.RequestMappingHandlerMapping [  register:547 ][0;39m [2m:[0;39m Mapped "{[/],methods=[GET]}" onto public java.lang.String org.springframework.cloud.netflix.eureka.server.EurekaController.status(javax.servlet.http.HttpServletRequest,java.util.Map<java.lang.String, java.lang.Object>)
[2m2019-08-23 09:57:56.904[0;39m [32m INFO[0;39m [35m74813[0;39m [2m---[0;39m [2m[.15t][0;39m [36ms.w.s.m.m.a.RequestMappingHandlerMapping [  register:547 ][0;39m [2m:[0;39m Mapped "{[/lastn],methods=[GET]}" onto public java.lang.String org.springframework.cloud.netflix.eureka.server.EurekaController.lastn(javax.servlet.http.HttpServletRequest,java.util.Map<java.lang.String, java.lang.Object>)
[2m2019-08-23 09:57:57.010[0;39m [32m INFO[0;39m [35m74813[0;39m [2m---[0;39m [2m[.15t][0;39m [36mo.s.w.s.h.SimpleUrlHandlerMapping        [terHandler:373 ][0;39m [2m:[0;39m Mapped URL path [/webjars/**] onto handler of type [class org.springframework.web.servlet.resource.ResourceHttpRequestHandler]
[2m2019-08-23 09:57:57.011[0;39m [32m INFO[0;39m [35m74813[0;39m [2m---[0;39m [2m[.15t][0;39m [36mo.s.w.s.h.SimpleUrlHandlerMapping        [terHandler:373 ][0;39m [2m:[0;39m Mapped URL path [/**] onto handler of type [class org.springframework.web.servlet.resource.ResourceHttpRequestHandler]
[2m2019-08-23 09:57:57.677[0;39m [32m INFO[0;39m [35m74813[0;39m [2m---[0;39m [2m[.15t][0;39m [36mo.s.u.f.SpringTemplateLoader             [    <init>:62  ][0;39m [2m:[0;39m SpringTemplateLoader for FreeMarker: using resource loader [org.springframework.boot.web.servlet.context.AnnotationConfigServletWebServerApplicationContext@3c989952: startup date [Fri Aug 23 09:57:51 CST 2019]; parent: org.springframework.context.annotation.AnnotationConfigApplicationContext@7c24b813] and template loader path [classpath:/templates/]
[2m2019-08-23 09:57:57.680[0;39m [32m INFO[0;39m [35m74813[0;39m [2m---[0;39m [2m[.15t][0;39m [36mo.s.w.s.v.f.FreeMarkerConfigurer         [ateLoaders:131 ][0;39m [2m:[0;39m ClassTemplateLoader for Spring macros added to FreeMarker configuration
[2m2019-08-23 09:57:57.962[0;39m [32m INFO[0;39m [35m74813[0;39m [2m---[0;39m [2m[.15t][0;39m [36mo.s.c.n.e.InstanceInfoFactory            [    create:71  ][0;39m [2m:[0;39m Setting initial instance status as: STARTING
[2m2019-08-23 09:57:58.041[0;39m [32m INFO[0;39m [35m74813[0;39m [2m---[0;39m [2m[.15t][0;39m [36mc.n.d.DiscoveryClient                    [    <init>:349 ][0;39m [2m:[0;39m Initializing Eureka in region us-east-1
[2m2019-08-23 09:57:58.041[0;39m [32m INFO[0;39m [35m74813[0;39m [2m---[0;39m [2m[.15t][0;39m [36mc.n.d.DiscoveryClient                    [    <init>:352 ][0;39m [2m:[0;39m Client configured to neither register nor query for data.
[2m2019-08-23 09:57:58.067[0;39m [32m INFO[0;39m [35m74813[0;39m [2m---[0;39m [2m[.15t][0;39m [36mc.n.d.DiscoveryClient                    [    <init>:365 ][0;39m [2m:[0;39m Discovery Client initialized at timestamp 1566525478064 with initial instances count: 0
[2m2019-08-23 09:57:58.168[0;39m [32m INFO[0;39m [35m74813[0;39m [2m---[0;39m [2m[.15t][0;39m [36mc.n.e.DefaultEurekaServerContext         [initialize:63  ][0;39m [2m:[0;39m Initializing ...
[2m2019-08-23 09:57:58.174[0;39m [33m WARN[0;39m [35m74813[0;39m [2m---[0;39m [2m[.15t][0;39m [36mc.n.e.c.PeerEurekaNodes                  [urekaNodes:156 ][0;39m [2m:[0;39m The replica size seems to be empty. Check the route 53 DNS Registry
[2m2019-08-23 09:57:58.219[0;39m [32m INFO[0;39m [35m74813[0;39m [2m---[0;39m [2m[.15t][0;39m [36mc.n.e.r.AbstractInstanceRegistry         [onRegistry:151 ][0;39m [2m:[0;39m Finished initializing remote region registries. All known remote regions: []
[2m2019-08-23 09:57:58.223[0;39m [32m INFO[0;39m [35m74813[0;39m [2m---[0;39m [2m[.15t][0;39m [36mc.n.e.DefaultEurekaServerContext         [initialize:70  ][0;39m [2m:[0;39m Initialized
[2m2019-08-23 09:57:58.257[0;39m [32m INFO[0;39m [35m74813[0;39m [2m---[0;39m [2m[.15t][0;39m [36mo.s.b.a.e.w.EndpointLinksResolver        [    <init>:59  ][0;39m [2m:[0;39m Exposing 2 endpoint(s) beneath base path '/actuator'
[2m2019-08-23 09:57:58.272[0;39m [32m INFO[0;39m [35m74813[0;39m [2m---[0;39m [2m[.15t][0;39m [36ms.b.a.e.w.s.WebMvcEndpointHandlerMapping [  register:547 ][0;39m [2m:[0;39m Mapped "{[/actuator/health],methods=[GET],produces=[application/vnd.spring-boot.actuator.v2+json || application/json]}" onto public java.lang.Object org.springframework.boot.actuate.endpoint.web.servlet.AbstractWebMvcEndpointHandlerMapping$OperationHandler.handle(javax.servlet.http.HttpServletRequest,java.util.Map<java.lang.String, java.lang.String>)
[2m2019-08-23 09:57:58.273[0;39m [32m INFO[0;39m [35m74813[0;39m [2m---[0;39m [2m[.15t][0;39m [36ms.b.a.e.w.s.WebMvcEndpointHandlerMapping [  register:547 ][0;39m [2m:[0;39m Mapped "{[/actuator/info],methods=[GET],produces=[application/vnd.spring-boot.actuator.v2+json || application/json]}" onto public java.lang.Object org.springframework.boot.actuate.endpoint.web.servlet.AbstractWebMvcEndpointHandlerMapping$OperationHandler.handle(javax.servlet.http.HttpServletRequest,java.util.Map<java.lang.String, java.lang.String>)
[2m2019-08-23 09:57:58.275[0;39m [32m INFO[0;39m [35m74813[0;39m [2m---[0;39m [2m[.15t][0;39m [36ms.b.a.e.w.s.WebMvcEndpointHandlerMapping [  register:547 ][0;39m [2m:[0;39m Mapped "{[/actuator],methods=[GET],produces=[application/vnd.spring-boot.actuator.v2+json || application/json]}" onto protected java.util.Map<java.lang.String, java.util.Map<java.lang.String, org.springframework.boot.actuate.endpoint.web.Link>> org.springframework.boot.actuate.endpoint.web.servlet.WebMvcEndpointHandlerMapping.links(javax.servlet.http.HttpServletRequest,javax.servlet.http.HttpServletResponse)
[2m2019-08-23 09:57:58.420[0;39m [32m INFO[0;39m [35m74813[0;39m [2m---[0;39m [2m[.15t][0;39m [36mo.s.j.e.a.AnnotationMBeanExporter        [stantiated:433 ][0;39m [2m:[0;39m Registering beans for JMX exposure on startup
[2m2019-08-23 09:57:58.431[0;39m [32m INFO[0;39m [35m74813[0;39m [2m---[0;39m [2m[.15t][0;39m [36mo.s.j.e.a.AnnotationMBeanExporter        [autodetect:895 ][0;39m [2m:[0;39m Bean with name 'environmentManager' has been autodetected for JMX exposure
[2m2019-08-23 09:57:58.433[0;39m [32m INFO[0;39m [35m74813[0;39m [2m---[0;39m [2m[.15t][0;39m [36mo.s.j.e.a.AnnotationMBeanExporter        [autodetect:895 ][0;39m [2m:[0;39m Bean with name 'configurationPropertiesRebinder' has been autodetected for JMX exposure
[2m2019-08-23 09:57:58.434[0;39m [32m INFO[0;39m [35m74813[0;39m [2m---[0;39m [2m[.15t][0;39m [36mo.s.j.e.a.AnnotationMBeanExporter        [autodetect:895 ][0;39m [2m:[0;39m Bean with name 'refreshScope' has been autodetected for JMX exposure
[2m2019-08-23 09:57:58.438[0;39m [32m INFO[0;39m [35m74813[0;39m [2m---[0;39m [2m[.15t][0;39m [36mo.s.j.e.a.AnnotationMBeanExporter        [anInstance:675 ][0;39m [2m:[0;39m Located managed bean 'environmentManager': registering with JMX server as MBean [org.springframework.cloud.context.environment:name=environmentManager,type=EnvironmentManager]
[2m2019-08-23 09:57:58.449[0;39m [32m INFO[0;39m [35m74813[0;39m [2m---[0;39m [2m[.15t][0;39m [36mo.s.j.e.a.AnnotationMBeanExporter        [anInstance:675 ][0;39m [2m:[0;39m Located managed bean 'refreshScope': registering with JMX server as MBean [org.springframework.cloud.context.scope.refresh:name=refreshScope,type=RefreshScope]
[2m2019-08-23 09:57:58.458[0;39m [32m INFO[0;39m [35m74813[0;39m [2m---[0;39m [2m[.15t][0;39m [36mo.s.j.e.a.AnnotationMBeanExporter        [anInstance:675 ][0;39m [2m:[0;39m Located managed bean 'configurationPropertiesRebinder': registering with JMX server as MBean [org.springframework.cloud.context.properties:name=configurationPropertiesRebinder,context=3c989952,type=ConfigurationPropertiesRebinder]
[2m2019-08-23 09:57:58.471[0;39m [32m INFO[0;39m [35m74813[0;39m [2m---[0;39m [2m[.15t][0;39m [36mo.s.c.s.DefaultLifecycleProcessor        [     start:351 ][0;39m [2m:[0;39m Starting beans in phase 0
[2m2019-08-23 09:57:58.472[0;39m [32m INFO[0;39m [35m74813[0;39m [2m---[0;39m [2m[.15t][0;39m [36mo.s.c.n.e.s.EurekaServiceRegistry        [  register:42  ][0;39m [2m:[0;39m Registering application eureka-server with eureka with status UP
[2m2019-08-23 09:57:58.476[0;39m [32m INFO[0;39m [35m74813[0;39m [2m---[0;39m [2m[.15t][0;39m [36mo.s.c.n.e.s.EurekaServerBootstrap        [nvironment:109 ][0;39m [2m:[0;39m Setting the eureka configuration..
[2m2019-08-23 09:57:58.477[0;39m [32m INFO[0;39m [35m74813[0;39m [2m---[0;39m [2m[.15t][0;39m [36mo.s.c.n.e.s.EurekaServerBootstrap        [nvironment:114 ][0;39m [2m:[0;39m Eureka data center value eureka.datacenter is not set, defaulting to default
[2m2019-08-23 09:57:58.478[0;39m [32m INFO[0;39m [35m74813[0;39m [2m---[0;39m [2m[.15t][0;39m [36mo.s.c.n.e.s.EurekaServerBootstrap        [nvironment:128 ][0;39m [2m:[0;39m Eureka environment value eureka.environment is not set, defaulting to test
[2m2019-08-23 09:57:58.495[0;39m [32m INFO[0;39m [35m74813[0;39m [2m---[0;39m [2m[.15t][0;39m [36mo.s.c.n.e.s.EurekaServerBootstrap        [     isAws:184 ][0;39m [2m:[0;39m isAws returned false
[2m2019-08-23 09:57:58.496[0;39m [32m INFO[0;39m [35m74813[0;39m [2m---[0;39m [2m[.15t][0;39m [36mo.s.c.n.e.s.EurekaServerBootstrap        [verContext:152 ][0;39m [2m:[0;39m Initialized server context
[2m2019-08-23 09:57:58.496[0;39m [32m INFO[0;39m [35m74813[0;39m [2m---[0;39m [2m[.15t][0;39m [36mc.n.e.r.PeerAwareInstanceRegistryImpl    [ForTraffic:242 ][0;39m [2m:[0;39m Got 1 instances from neighboring DS node
[2m2019-08-23 09:57:58.496[0;39m [32m INFO[0;39m [35m74813[0;39m [2m---[0;39m [2m[.15t][0;39m [36mc.n.e.r.PeerAwareInstanceRegistryImpl    [ForTraffic:243 ][0;39m [2m:[0;39m Renew threshold is: 1
[2m2019-08-23 09:57:58.506[0;39m [32m INFO[0;39m [35m74813[0;39m [2m---[0;39m [2m[.15t][0;39m [36mo.a.c.h.Http11NioProtocol                [       log:180 ][0;39m [2m:[0;39m Starting ProtocolHandler ["http-nio-8080"]
[2m2019-08-23 09:57:58.543[0;39m [32m INFO[0;39m [35m74813[0;39m [2m---[0;39m [2m[.15t][0;39m [36mc.n.e.r.PeerAwareInstanceRegistryImpl    [ForTraffic:254 ][0;39m [2m:[0;39m Changing status to UP
[2m2019-08-23 09:57:58.556[0;39m [32m INFO[0;39m [35m74813[0;39m [2m---[0;39m [2m[.15t][0;39m [36me.s.EurekaServerInitializerConfiguration [       run:72  ][0;39m [2m:[0;39m Started Eureka Server
[2m2019-08-23 09:57:58.593[0;39m [32m INFO[0;39m [35m74813[0;39m [2m---[0;39m [2m[.15t][0;39m [36mo.a.t.u.n.NioSelectorPool                [       log:180 ][0;39m [2m:[0;39m Using a shared selector for servlet write/read
[2m2019-08-23 09:57:58.617[0;39m [32m INFO[0;39m [35m74813[0;39m [2m---[0;39m [2m[.15t][0;39m [36mo.s.b.w.e.t.TomcatWebServer              [     start:206 ][0;39m [2m:[0;39m Tomcat started on port(s): 8080 (http) with context path ''
[2m2019-08-23 09:57:58.618[0;39m [32m INFO[0;39m [35m74813[0;39m [2m---[0;39m [2m[.15t][0;39m [36m.s.c.n.e.s.EurekaAutoServiceRegistration [ationEvent:124 ][0;39m [2m:[0;39m Updating port to 8080
[2m2019-08-23 09:57:58.624[0;39m [32m INFO[0;39m [35m74813[0;39m [2m---[0;39m [2m[.15t][0;39m [36mc.s.EurekaServerApplication              [logStarted:59  ][0;39m [2m:[0;39m Started EurekaServerApplication in 8.955 seconds (JVM running for 11.437)
[2m2019-08-23 09:58:58.548[0;39m [32m INFO[0;39m [35m74813[0;39m [2m---[0;39m [2m[.15t][0;39m [36mc.n.e.r.AbstractInstanceRegistry         [       run:1247][0;39m [2m:[0;39m Running the evict task with compensationTime 0ms
[2m2019-08-23 09:59:58.551[0;39m [32m INFO[0;39m [35m74813[0;39m [2m---[0;39m [2m[.15t][0;39m [36mc.n.e.r.AbstractInstanceRegistry         [       run:1247][0;39m [2m:[0;39m Running the evict task with compensationTime 2ms
