[2m2019-03-06 17:00:36.514[0;39m [32m INFO[0;39m [35m62212[0;39m [2m---[0;39m [2m[.15t][0;39m [36mc.n.e.r.AbstractInstanceRegistry         [       run:1247][0;39m [2m:[0;39m Running the evict task with compensationTime 2ms
[2m2019-03-06 17:01:36.519[0;39m [32m INFO[0;39m [35m62212[0;39m [2m---[0;39m [2m[.15t][0;39m [36mc.n.e.r.AbstractInstanceRegistry         [       run:1247][0;39m [2m:[0;39m Running the evict task with compensationTime 3ms
[2m2019-03-06 17:02:36.521[0;39m [32m INFO[0;39m [35m62212[0;39m [2m---[0;39m [2m[.15t][0;39m [36mc.n.e.r.AbstractInstanceRegistry         [       run:1247][0;39m [2m:[0;39m Running the evict task with compensationTime 2ms
[2m2019-03-06 17:03:36.525[0;39m [32m INFO[0;39m [35m62212[0;39m [2m---[0;39m [2m[.15t][0;39m [36mc.n.e.r.AbstractInstanceRegistry         [       run:1247][0;39m [2m:[0;39m Running the evict task with compensationTime 3ms
[2m2019-03-06 17:04:36.529[0;39m [32m INFO[0;39m [35m62212[0;39m [2m---[0;39m [2m[.15t][0;39m [36mc.n.e.r.AbstractInstanceRegistry         [       run:1247][0;39m [2m:[0;39m Running the evict task with compensationTime 4ms
[2m2019-03-06 17:05:36.532[0;39m [32m INFO[0;39m [35m62212[0;39m [2m---[0;39m [2m[.15t][0;39m [36mc.n.e.r.AbstractInstanceRegistry         [       run:1247][0;39m [2m:[0;39m Running the evict task with compensationTime 1ms
[2m2019-03-06 17:06:36.191[0;39m [32m INFO[0;39m [35m62212[0;39m [2m---[0;39m [2m[.15t][0;39m [36mc.n.e.r.PeerAwareInstanceRegistryImpl    [lThreshold:541 ][0;39m [2m:[0;39m Current renewal threshold is : 0
[2m2019-03-06 17:06:36.208[0;39m [33m WARN[0;39m [35m62212[0;39m [2m---[0;39m [2m[.15t][0;39m [36mc.n.e.c.PeerEurekaNodes                  [urekaNodes:156 ][0;39m [2m:[0;39m The replica size seems to be empty. Check the route 53 DNS Registry
[2m2019-03-06 17:06:36.536[0;39m [32m INFO[0;39m [35m62212[0;39m [2m---[0;39m [2m[.15t][0;39m [36mc.n.e.r.AbstractInstanceRegistry         [       run:1247][0;39m [2m:[0;39m Running the evict task with compensationTime 2ms
[2m2019-03-06 17:07:36.537[0;39m [32m INFO[0;39m [35m62212[0;39m [2m---[0;39m [2m[.15t][0;39m [36mc.n.e.r.AbstractInstanceRegistry         [       run:1247][0;39m [2m:[0;39m Running the evict task with compensationTime 1ms
[2m2019-03-06 17:08:36.544[0;39m [32m INFO[0;39m [35m62212[0;39m [2m---[0;39m [2m[.15t][0;39m [36mc.n.e.r.AbstractInstanceRegistry         [       run:1247][0;39m [2m:[0;39m Running the evict task with compensationTime 6ms
[2m2019-03-06 17:09:36.547[0;39m [32m INFO[0;39m [35m62212[0;39m [2m---[0;39m [2m[.15t][0;39m [36mc.n.e.r.AbstractInstanceRegistry         [       run:1247][0;39m [2m:[0;39m Running the evict task with compensationTime 3ms
[2m2019-03-06 17:10:36.551[0;39m [32m INFO[0;39m [35m62212[0;39m [2m---[0;39m [2m[.15t][0;39m [36mc.n.e.r.AbstractInstanceRegistry         [       run:1247][0;39m [2m:[0;39m Running the evict task with compensationTime 2ms
[2m2019-03-06 17:11:36.559[0;39m [32m INFO[0;39m [35m62212[0;39m [2m---[0;39m [2m[.15t][0;39m [36mc.n.e.r.AbstractInstanceRegistry         [       run:1247][0;39m [2m:[0;39m Running the evict task with compensationTime 7ms
[2m2019-03-06 17:12:36.564[0;39m [32m INFO[0;39m [35m62212[0;39m [2m---[0;39m [2m[.15t][0;39m [36mc.n.e.r.AbstractInstanceRegistry         [       run:1247][0;39m [2m:[0;39m Running the evict task with compensationTime 4ms
[2m2019-03-06 17:13:36.575[0;39m [32m INFO[0;39m [35m62212[0;39m [2m---[0;39m [2m[.15t][0;39m [36mc.n.e.r.AbstractInstanceRegistry         [       run:1247][0;39m [2m:[0;39m Running the evict task with compensationTime 9ms
[2m2019-03-06 17:14:36.583[0;39m [32m INFO[0;39m [35m62212[0;39m [2m---[0;39m [2m[.15t][0;39m [36mc.n.e.r.AbstractInstanceRegistry         [       run:1247][0;39m [2m:[0;39m Running the evict task with compensationTime 7ms
[2m2019-03-06 17:15:36.585[0;39m [32m INFO[0;39m [35m62212[0;39m [2m---[0;39m [2m[.15t][0;39m [36mc.n.e.r.AbstractInstanceRegistry         [       run:1247][0;39m [2m:[0;39m Running the evict task with compensationTime 2ms
[2m2019-03-06 17:16:36.226[0;39m [33m WARN[0;39m [35m62212[0;39m [2m---[0;39m [2m[.15t][0;39m [36mc.n.e.c.PeerEurekaNodes                  [urekaNodes:156 ][0;39m [2m:[0;39m The replica size seems to be empty. Check the route 53 DNS Registry
[2m2019-03-06 17:16:36.593[0;39m [32m INFO[0;39m [35m62212[0;39m [2m---[0;39m [2m[.15t][0;39m [36mc.n.e.r.AbstractInstanceRegistry         [       run:1247][0;39m [2m:[0;39m Running the evict task with compensationTime 7ms
[2m2019-03-06 17:17:36.602[0;39m [32m INFO[0;39m [35m62212[0;39m [2m---[0;39m [2m[.15t][0;39m [36mc.n.e.r.AbstractInstanceRegistry         [       run:1247][0;39m [2m:[0;39m Running the evict task with compensationTime 8ms
[2m2019-03-06 17:18:36.611[0;39m [32m INFO[0;39m [35m62212[0;39m [2m---[0;39m [2m[.15t][0;39m [36mc.n.e.r.AbstractInstanceRegistry         [       run:1247][0;39m [2m:[0;39m Running the evict task with compensationTime 8ms
[2m2019-03-06 17:19:36.616[0;39m [32m INFO[0;39m [35m62212[0;39m [2m---[0;39m [2m[.15t][0;39m [36mc.n.e.r.AbstractInstanceRegistry         [       run:1247][0;39m [2m:[0;39m Running the evict task with compensationTime 4ms
[2m2019-03-06 17:20:36.628[0;39m [32m INFO[0;39m [35m62212[0;39m [2m---[0;39m [2m[.15t][0;39m [36mc.n.e.r.AbstractInstanceRegistry         [       run:1247][0;39m [2m:[0;39m Running the evict task with compensationTime 5ms
[2m2019-03-06 17:21:36.192[0;39m [32m INFO[0;39m [35m62212[0;39m [2m---[0;39m [2m[.15t][0;39m [36mc.n.e.r.PeerAwareInstanceRegistryImpl    [lThreshold:541 ][0;39m [2m:[0;39m Current renewal threshold is : 0
[2m2019-03-06 17:21:36.632[0;39m [32m INFO[0;39m [35m62212[0;39m [2m---[0;39m [2m[.15t][0;39m [36mc.n.e.r.AbstractInstanceRegistry         [       run:1247][0;39m [2m:[0;39m Running the evict task with compensationTime 8ms
[2m2019-03-06 17:22:36.637[0;39m [32m INFO[0;39m [35m62212[0;39m [2m---[0;39m [2m[.15t][0;39m [36mc.n.e.r.AbstractInstanceRegistry         [       run:1247][0;39m [2m:[0;39m Running the evict task with compensationTime 4ms
[2m2019-03-06 17:23:36.647[0;39m [32m INFO[0;39m [35m62212[0;39m [2m---[0;39m [2m[.15t][0;39m [36mc.n.e.r.AbstractInstanceRegistry         [       run:1247][0;39m [2m:[0;39m Running the evict task with compensationTime 9ms
[2m2019-03-06 17:24:36.657[0;39m [32m INFO[0;39m [35m62212[0;39m [2m---[0;39m [2m[.15t][0;39m [36mc.n.e.r.AbstractInstanceRegistry         [       run:1247][0;39m [2m:[0;39m Running the evict task with compensationTime 9ms
[2m2019-03-06 17:25:36.660[0;39m [32m INFO[0;39m [35m62212[0;39m [2m---[0;39m [2m[.15t][0;39m [36mc.n.e.r.AbstractInstanceRegistry         [       run:1247][0;39m [2m:[0;39m Running the evict task with compensationTime 1ms
[2m2019-03-06 17:26:36.240[0;39m [33m WARN[0;39m [35m62212[0;39m [2m---[0;39m [2m[.15t][0;39m [36mc.n.e.c.PeerEurekaNodes                  [urekaNodes:156 ][0;39m [2m:[0;39m The replica size seems to be empty. Check the route 53 DNS Registry
[2m2019-03-06 17:26:36.668[0;39m [32m INFO[0;39m [35m62212[0;39m [2m---[0;39m [2m[.15t][0;39m [36mc.n.e.r.AbstractInstanceRegistry         [       run:1247][0;39m [2m:[0;39m Running the evict task with compensationTime 7ms
[2m2019-03-06 17:27:36.676[0;39m [32m INFO[0;39m [35m62212[0;39m [2m---[0;39m [2m[.15t][0;39m [36mc.n.e.r.AbstractInstanceRegistry         [       run:1247][0;39m [2m:[0;39m Running the evict task with compensationTime 7ms
[2m2019-03-06 17:28:36.685[0;39m [32m INFO[0;39m [35m62212[0;39m [2m---[0;39m [2m[.15t][0;39m [36mc.n.e.r.AbstractInstanceRegistry         [       run:1247][0;39m [2m:[0;39m Running the evict task with compensationTime 8ms
[2m2019-03-06 17:29:36.692[0;39m [32m INFO[0;39m [35m62212[0;39m [2m---[0;39m [2m[.15t][0;39m [36mc.n.e.r.AbstractInstanceRegistry         [       run:1247][0;39m [2m:[0;39m Running the evict task with compensationTime 6ms
[2m2019-03-06 17:30:36.703[0;39m [32m INFO[0;39m [35m62212[0;39m [2m---[0;39m [2m[.15t][0;39m [36mc.n.e.r.AbstractInstanceRegistry         [       run:1247][0;39m [2m:[0;39m Running the evict task with compensationTime 10ms
[2m2019-03-06 17:31:36.712[0;39m [32m INFO[0;39m [35m62212[0;39m [2m---[0;39m [2m[.15t][0;39m [36mc.n.e.r.AbstractInstanceRegistry         [       run:1247][0;39m [2m:[0;39m Running the evict task with compensationTime 8ms
[2m2019-03-06 17:32:36.718[0;39m [32m INFO[0;39m [35m62212[0;39m [2m---[0;39m [2m[.15t][0;39m [36mc.n.e.r.AbstractInstanceRegistry         [       run:1247][0;39m [2m:[0;39m Running the evict task with compensationTime 5ms
[2m2019-03-06 17:33:36.725[0;39m [32m INFO[0;39m [35m62212[0;39m [2m---[0;39m [2m[.15t][0;39m [36mc.n.e.r.AbstractInstanceRegistry         [       run:1247][0;39m [2m:[0;39m Running the evict task with compensationTime 5ms
[2m2019-03-06 17:34:36.733[0;39m [32m INFO[0;39m [35m62212[0;39m [2m---[0;39m [2m[.15t][0;39m [36mc.n.e.r.AbstractInstanceRegistry         [       run:1247][0;39m [2m:[0;39m Running the evict task with compensationTime 7ms
[2m2019-03-06 17:35:36.744[0;39m [32m INFO[0;39m [35m62212[0;39m [2m---[0;39m [2m[.15t][0;39m [36mc.n.e.r.AbstractInstanceRegistry         [       run:1247][0;39m [2m:[0;39m Running the evict task with compensationTime 10ms
[2m2019-03-06 17:36:35.086[0;39m [32m INFO[0;39m [35m62212[0;39m [2m---[0;39m [2m[.15t][0;39m [36mc.n.e.r.AbstractInstanceRegistry         [  register:269 ][0;39m [2m:[0;39m Registered instance EUREKA-CLIENT-CONSUMER/192.168.26.97:eureka-client-consumer:8002 with status DOWN (replication=false)
[2m2019-03-06 17:36:35.202[0;39m [32m INFO[0;39m [35m62212[0;39m [2m---[0;39m [2m[.15t][0;39m [36mc.n.e.r.AbstractInstanceRegistry         [rnalCancel:333 ][0;39m [2m:[0;39m Cancelled instance EUREKA-CLIENT-CONSUMER/192.168.26.97:eureka-client-consumer:8002 (replication=false)
[2m2019-03-06 17:36:36.199[0;39m [32m INFO[0;39m [35m62212[0;39m [2m---[0;39m [2m[.15t][0;39m [36mc.n.e.r.PeerAwareInstanceRegistryImpl    [lThreshold:541 ][0;39m [2m:[0;39m Current renewal threshold is : 0
[2m2019-03-06 17:36:36.256[0;39m [33m WARN[0;39m [35m62212[0;39m [2m---[0;39m [2m[.15t][0;39m [36mc.n.e.c.PeerEurekaNodes                  [urekaNodes:156 ][0;39m [2m:[0;39m The replica size seems to be empty. Check the route 53 DNS Registry
[2m2019-03-06 17:36:36.754[0;39m [32m INFO[0;39m [35m62212[0;39m [2m---[0;39m [2m[.15t][0;39m [36mc.n.e.r.AbstractInstanceRegistry         [       run:1247][0;39m [2m:[0;39m Running the evict task with compensationTime 8ms
[2m2019-03-06 17:36:41.726[0;39m [32m INFO[0;39m [35m62212[0;39m [2m---[0;39m [2m[.15t][0;39m [36mc.n.e.r.AbstractInstanceRegistry         [  register:269 ][0;39m [2m:[0;39m Registered instance EUREKA-CLIENT1/192.168.26.97:eureka-client1:8001 with status DOWN (replication=false)
[2m2019-03-06 17:36:44.852[0;39m [32m INFO[0;39m [35m62212[0;39m [2m---[0;39m [2m[.15t][0;39m [36mc.n.e.r.AbstractInstanceRegistry         [rnalCancel:333 ][0;39m [2m:[0;39m Cancelled instance EUREKA-CLIENT1/192.168.26.97:eureka-client1:8001 (replication=false)
[2m2019-03-06 17:36:45.674[0;39m [32m INFO[0;39m [35m62212[0;39m [2m---[0;39m [2m[.15t][0;39m [36mConfigServletWebServerApplicationContext [   doClose:993 ][0;39m [2m:[0;39m Closing org.springframework.boot.web.servlet.context.AnnotationConfigServletWebServerApplicationContext@3f390d63: startup date [Wed Mar 06 16:36:30 CST 2019]; parent: org.springframework.context.annotation.AnnotationConfigApplicationContext@156b88f5
[2m2019-03-06 17:36:45.774[0;39m [32m INFO[0;39m [35m62212[0;39m [2m---[0;39m [2m[.15t][0;39m [36mo.s.c.n.e.s.EurekaServiceRegistry        [deregister:65  ][0;39m [2m:[0;39m Unregistering application eureka-server with eureka with status DOWN
[2m2019-03-06 17:36:45.950[0;39m [32m INFO[0;39m [35m62212[0;39m [2m---[0;39m [2m[.15t][0;39m [36mo.s.c.s.DefaultLifecycleProcessor        [      stop:366 ][0;39m [2m:[0;39m Stopping beans in phase 0
[2m2019-03-06 17:36:45.970[0;39m [32m INFO[0;39m [35m62212[0;39m [2m---[0;39m [2m[.15t][0;39m [36mc.n.e.DefaultEurekaServerContext         [  shutdown:76  ][0;39m [2m:[0;39m Shutting down ...
[2m2019-03-06 17:36:46.096[0;39m [32m INFO[0;39m [35m62212[0;39m [2m---[0;39m [2m[.15t][0;39m [36mc.n.e.DefaultEurekaServerContext         [  shutdown:79  ][0;39m [2m:[0;39m Shut down
[2m2019-03-06 17:36:46.261[0;39m [32m INFO[0;39m [35m62212[0;39m [2m---[0;39m [2m[.15t][0;39m [36mo.s.j.e.a.AnnotationMBeanExporter        [   destroy:451 ][0;39m [2m:[0;39m Unregistering JMX-exposed beans on shutdown
[2m2019-03-06 17:36:46.290[0;39m [32m INFO[0;39m [35m62212[0;39m [2m---[0;39m [2m[.15t][0;39m [36mo.s.j.e.a.AnnotationMBeanExporter        [isterBeans:183 ][0;39m [2m:[0;39m Unregistering JMX-exposed beans
[2m2019-03-06 17:36:46.391[0;39m [32m INFO[0;39m [35m62212[0;39m [2m---[0;39m [2m[.15t][0;39m [36mc.n.d.DiscoveryClient                    [  shutdown:888 ][0;39m [2m:[0;39m Shutting down DiscoveryClient ...
[2m2019-03-06 17:36:46.394[0;39m [32m INFO[0;39m [35m62212[0;39m [2m---[0;39m [2m[.15t][0;39m [36mc.n.d.DiscoveryClient                    [  shutdown:911 ][0;39m [2m:[0;39m Completed shut down of DiscoveryClient
