[2m2019-03-06 17:02:05.487[0;39m [32m INFO[0;39m [35m62295[0;39m [2m---[0;39m [2m[.15t][0;39m [36mc.n.d.s.r.a.ConfigClusterResolver        [rEndpoints:43  ][0;39m [2m:[0;39m Resolving eureka endpoints via configuration
[2m2019-03-06 17:07:05.981[0;39m [32m INFO[0;39m [35m62295[0;39m [2m---[0;39m [2m[.15t][0;39m [36mc.n.d.s.r.a.ConfigClusterResolver        [rEndpoints:43  ][0;39m [2m:[0;39m Resolving eureka endpoints via configuration
[2m2019-03-06 17:12:05.992[0;39m [32m INFO[0;39m [35m62295[0;39m [2m---[0;39m [2m[.15t][0;39m [36mc.n.d.s.r.a.ConfigClusterResolver        [rEndpoints:43  ][0;39m [2m:[0;39m Resolving eureka endpoints via configuration
[2m2019-03-06 17:17:06.013[0;39m [32m INFO[0;39m [35m62295[0;39m [2m---[0;39m [2m[.15t][0;39m [36mc.n.d.s.r.a.ConfigClusterResolver        [rEndpoints:43  ][0;39m [2m:[0;39m Resolving eureka endpoints via configuration
[2m2019-03-06 17:22:06.046[0;39m [32m INFO[0;39m [35m62295[0;39m [2m---[0;39m [2m[.15t][0;39m [36mc.n.d.s.r.a.ConfigClusterResolver        [rEndpoints:43  ][0;39m [2m:[0;39m Resolving eureka endpoints via configuration
[2m2019-03-06 17:27:06.065[0;39m [32m INFO[0;39m [35m62295[0;39m [2m---[0;39m [2m[.15t][0;39m [36mc.n.d.s.r.a.ConfigClusterResolver        [rEndpoints:43  ][0;39m [2m:[0;39m Resolving eureka endpoints via configuration
[2m2019-03-06 17:32:06.083[0;39m [32m INFO[0;39m [35m62295[0;39m [2m---[0;39m [2m[.15t][0;39m [36mc.n.d.s.r.a.ConfigClusterResolver        [rEndpoints:43  ][0;39m [2m:[0;39m Resolving eureka endpoints via configuration
[2m2019-03-06 17:36:41.510[0;39m [32m INFO[0;39m [35m62295[0;39m [2m---[0;39m [2m[.15t][0;39m [36mConfigServletWebServerApplicationContext [   doClose:993 ][0;39m [2m:[0;39m Closing org.springframework.boot.web.servlet.context.AnnotationConfigServletWebServerApplicationContext@c055c54: startup date [Wed Mar 06 16:36:54 CST 2019]; parent: org.springframework.context.annotation.AnnotationConfigApplicationContext@2fd1433e
[2m2019-03-06 17:36:41.579[0;39m [32m INFO[0;39m [35m62295[0;39m [2m---[0;39m [2m[.15t][0;39m [36mo.s.c.n.e.s.EurekaServiceRegistry        [deregister:65  ][0;39m [2m:[0;39m Unregistering application eureka-client1 with eureka with status DOWN
[2m2019-03-06 17:36:41.586[0;39m [33m WARN[0;39m [35m62295[0;39m [2m---[0;39m [2m[.15t][0;39m [36mc.n.d.DiscoveryClient                    [    notify:1297][0;39m [2m:[0;39m Saw local status change event StatusChangeEvent [timestamp=1551865001584, current=DOWN, previous=UP]
[2m2019-03-06 17:36:41.588[0;39m [32m INFO[0;39m [35m62295[0;39m [2m---[0;39m [2m[.15t][0;39m [36mc.n.d.DiscoveryClient                    [  register:826 ][0;39m [2m:[0;39m DiscoveryClient_EUREKA-CLIENT1/192.168.26.97:eureka-client1:8001: registering service...
[2m2019-03-06 17:36:41.668[0;39m [32m INFO[0;39m [35m62295[0;39m [2m---[0;39m [2m[.15t][0;39m [36mo.s.c.s.DefaultLifecycleProcessor        [      stop:366 ][0;39m [2m:[0;39m Stopping beans in phase 0
[2m2019-03-06 17:36:41.697[0;39m [32m INFO[0;39m [35m62295[0;39m [2m---[0;39m [2m[.15t][0;39m [36mo.s.j.e.a.AnnotationMBeanExporter        [   destroy:451 ][0;39m [2m:[0;39m Unregistering JMX-exposed beans on shutdown
[2m2019-03-06 17:36:41.710[0;39m [32m INFO[0;39m [35m62295[0;39m [2m---[0;39m [2m[.15t][0;39m [36mo.s.j.e.a.AnnotationMBeanExporter        [isterBeans:183 ][0;39m [2m:[0;39m Unregistering JMX-exposed beans
[2m2019-03-06 17:36:41.742[0;39m [32m INFO[0;39m [35m62295[0;39m [2m---[0;39m [2m[.15t][0;39m [36mc.n.d.DiscoveryClient                    [  register:835 ][0;39m [2m:[0;39m DiscoveryClient_EUREKA-CLIENT1/192.168.26.97:eureka-client1:8001 - registration status: 204
[2m2019-03-06 17:36:41.799[0;39m [32m INFO[0;39m [35m62295[0;39m [2m---[0;39m [2m[.15t][0;39m [36mc.n.d.DiscoveryClient                    [  shutdown:888 ][0;39m [2m:[0;39m Shutting down DiscoveryClient ...
[2m2019-03-06 17:36:44.814[0;39m [33m WARN[0;39m [35m62295[0;39m [2m---[0;39m [2m[.15t][0;39m [36mc.n.d.TimedSupervisorTask                [       run:85  ][0;39m [2m:[0;39m task supervisor shutting down, can't accept the task
[2m2019-03-06 17:36:44.814[0;39m [32m INFO[0;39m [35m62295[0;39m [2m---[0;39m [2m[.15t][0;39m [36mc.n.d.DiscoveryClient                    [unregister:922 ][0;39m [2m:[0;39m Unregistering ...
[2m2019-03-06 17:36:44.858[0;39m [32m INFO[0;39m [35m62295[0;39m [2m---[0;39m [2m[.15t][0;39m [36mc.n.d.DiscoveryClient                    [unregister:924 ][0;39m [2m:[0;39m DiscoveryClient_EUREKA-CLIENT1/192.168.26.97:eureka-client1:8001 - deregister  status: 200
[2m2019-03-06 17:36:44.878[0;39m [32m INFO[0;39m [35m62295[0;39m [2m---[0;39m [2m[.15t][0;39m [36mc.n.d.DiscoveryClient                    [  shutdown:911 ][0;39m [2m:[0;39m Completed shut down of DiscoveryClient
