[2m2019-03-12 15:02:35.820[0;39m [32m INFO[0;39m [35m18739[0;39m [2m---[0;39m [2m[.15t][0;39m [36mc.c.EurekaClientApplication              [rofileInfo:659 ][0;39m [2m:[0;39m No active profile set, falling back to default profiles: default
[2m2019-03-12 15:02:35.872[0;39m [32m INFO[0;39m [35m18739[0;39m [2m---[0;39m [2m[.15t][0;39m [36mConfigServletWebServerApplicationContext [areRefresh:590 ][0;39m [2m:[0;39m Refreshing org.springframework.boot.web.servlet.context.AnnotationConfigServletWebServerApplicationContext@55562aa9: startup date [Tue Mar 12 15:02:35 CST 2019]; parent: org.springframework.context.annotation.AnnotationConfigApplicationContext@2fd1433e
[2m2019-03-12 15:02:38.607[0;39m [32m INFO[0;39m [35m18739[0;39m [2m---[0;39m [2m[.15t][0;39m [36mo.s.c.c.s.GenericScope                   [lizationId:294 ][0;39m [2m:[0;39m BeanFactory id=f8dfdb91-7adb-32f2-b2b4-a748c728ff44
[2m2019-03-12 15:02:38.656[0;39m [32m INFO[0;39m [35m18739[0;39m [2m---[0;39m [2m[.15t][0;39m [36mf.a.AutowiredAnnotationBeanPostProcessor [    <init>:154 ][0;39m [2m:[0;39m JSR-330 'javax.inject.Inject' annotation found and supported for autowiring
[2m2019-03-12 15:02:38.966[0;39m [32m INFO[0;39m [35m18739[0;39m [2m---[0;39m [2m[.15t][0;39m [36mtrationDelegate$BeanPostProcessorChecker [ialization:328 ][0;39m [2m:[0;39m Bean 'org.springframework.cloud.autoconfigure.ConfigurationPropertiesRebinderAutoConfiguration' of type [org.springframework.cloud.autoconfigure.ConfigurationPropertiesRebinderAutoConfiguration$$EnhancerBySpringCGLIB$$5426e9a2] is not eligible for getting processed by all BeanPostProcessors (for example: not eligible for auto-proxying)
[2m2019-03-12 15:02:39.539[0;39m [32m INFO[0;39m [35m18739[0;39m [2m---[0;39m [2m[.15t][0;39m [36mo.s.b.w.e.t.TomcatWebServer              [initialize:91  ][0;39m [2m:[0;39m Tomcat initialized with port(s): 8001 (http)
[2m2019-03-12 15:02:39.586[0;39m [32m INFO[0;39m [35m18739[0;39m [2m---[0;39m [2m[.15t][0;39m [36mo.a.c.h.Http11NioProtocol                [       log:180 ][0;39m [2m:[0;39m Initializing ProtocolHandler ["http-nio-8001"]
[2m2019-03-12 15:02:39.606[0;39m [32m INFO[0;39m [35m18739[0;39m [2m---[0;39m [2m[.15t][0;39m [36mo.a.c.c.StandardService                  [       log:180 ][0;39m [2m:[0;39m Starting service [Tomcat]
[2m2019-03-12 15:02:39.607[0;39m [32m INFO[0;39m [35m18739[0;39m [2m---[0;39m [2m[.15t][0;39m [36mo.a.c.c.StandardEngine                   [       log:180 ][0;39m [2m:[0;39m Starting Servlet Engine: Apache Tomcat/8.5.29
[2m2019-03-12 15:02:39.629[0;39m [32m INFO[0;39m [35m18739[0;39m [2m---[0;39m [2m[.15t][0;39m [36mo.a.c.c.AprLifecycleListener             [       log:180 ][0;39m [2m:[0;39m The APR based Apache Tomcat Native library which allows optimal performance in production environments was not found on the java.library.path: [/Users/baozc/Library/Java/Extensions:/Library/Java/Extensions:/Network/Library/Java/Extensions:/System/Library/Java/Extensions:/usr/lib/java:.]
[2m2019-03-12 15:02:39.885[0;39m [32m INFO[0;39m [35m18739[0;39m [2m---[0;39m [2m[.15t][0;39m [36mo.a.c.c.C.[.[.[/]                        [       log:180 ][0;39m [2m:[0;39m Initializing Spring embedded WebApplicationContext
[2m2019-03-12 15:02:39.886[0;39m [32m INFO[0;39m [35m18739[0;39m [2m---[0;39m [2m[.15t][0;39m [36mo.s.w.c.ContextLoader                    [ionContext:285 ][0;39m [2m:[0;39m Root WebApplicationContext: initialization completed in 4014 ms
[2m2019-03-12 15:02:40.562[0;39m [33m WARN[0;39m [35m18739[0;39m [2m---[0;39m [2m[.15t][0;39m [36mc.n.c.s.URLConfigurationSource           [    <init>:121 ][0;39m [2m:[0;39m No URLs will be polled as dynamic configuration sources.
[2m2019-03-12 15:02:40.562[0;39m [32m INFO[0;39m [35m18739[0;39m [2m---[0;39m [2m[.15t][0;39m [36mc.n.c.s.URLConfigurationSource           [    <init>:122 ][0;39m [2m:[0;39m To enable URLs as dynamic configuration sources, define System property archaius.configurationSource.additionalUrls or make config.properties available on classpath.
[2m2019-03-12 15:02:40.597[0;39m [32m INFO[0;39m [35m18739[0;39m [2m---[0;39m [2m[.15t][0;39m [36mc.n.c.DynamicPropertyFactory             [etInstance:281 ][0;39m [2m:[0;39m DynamicPropertyFactory is initialized with configuration sources: com.netflix.config.ConcurrentCompositeConfiguration@7d3d6c83
[2m2019-03-12 15:02:41.916[0;39m [32m INFO[0;39m [35m18739[0;39m [2m---[0;39m [2m[.15t][0;39m [36mo.s.b.w.s.ServletRegistrationBean        [gistration:185 ][0;39m [2m:[0;39m Servlet dispatcherServlet mapped to [/]
[2m2019-03-12 15:02:41.942[0;39m [32m INFO[0;39m [35m18739[0;39m [2m---[0;39m [2m[.15t][0;39m [36mo.s.b.w.s.FilterRegistrationBean         [ configure:244 ][0;39m [2m:[0;39m Mapping filter: 'characterEncodingFilter' to: [/*]
[2m2019-03-12 15:02:41.944[0;39m [32m INFO[0;39m [35m18739[0;39m [2m---[0;39m [2m[.15t][0;39m [36mo.s.b.w.s.FilterRegistrationBean         [ configure:244 ][0;39m [2m:[0;39m Mapping filter: 'hiddenHttpMethodFilter' to: [/*]
[2m2019-03-12 15:02:41.946[0;39m [32m INFO[0;39m [35m18739[0;39m [2m---[0;39m [2m[.15t][0;39m [36mo.s.b.w.s.FilterRegistrationBean         [ configure:244 ][0;39m [2m:[0;39m Mapping filter: 'httpPutFormContentFilter' to: [/*]
[2m2019-03-12 15:02:41.948[0;39m [32m INFO[0;39m [35m18739[0;39m [2m---[0;39m [2m[.15t][0;39m [36mo.s.b.w.s.FilterRegistrationBean         [ configure:244 ][0;39m [2m:[0;39m Mapping filter: 'requestContextFilter' to: [/*]
[2m2019-03-12 15:02:41.949[0;39m [32m INFO[0;39m [35m18739[0;39m [2m---[0;39m [2m[.15t][0;39m [36mo.s.b.w.s.FilterRegistrationBean         [ configure:244 ][0;39m [2m:[0;39m Mapping filter: 'httpTraceFilter' to: [/*]
[2m2019-03-12 15:02:41.949[0;39m [32m INFO[0;39m [35m18739[0;39m [2m---[0;39m [2m[.15t][0;39m [36mo.s.b.w.s.FilterRegistrationBean         [ configure:244 ][0;39m [2m:[0;39m Mapping filter: 'webMvcMetricsFilter' to: [/*]
[2m2019-03-12 15:02:42.109[0;39m [33m WARN[0;39m [35m18739[0;39m [2m---[0;39m [2m[.15t][0;39m [36mc.n.c.s.URLConfigurationSource           [    <init>:121 ][0;39m [2m:[0;39m No URLs will be polled as dynamic configuration sources.
[2m2019-03-12 15:02:42.110[0;39m [32m INFO[0;39m [35m18739[0;39m [2m---[0;39m [2m[.15t][0;39m [36mc.n.c.s.URLConfigurationSource           [    <init>:122 ][0;39m [2m:[0;39m To enable URLs as dynamic configuration sources, define System property archaius.configurationSource.additionalUrls or make config.properties available on classpath.
[2m2019-03-12 15:02:42.210[0;39m [32m INFO[0;39m [35m18739[0;39m [2m---[0;39m [2m[.15t][0;39m [36mo.s.w.s.h.SimpleUrlHandlerMapping        [terHandler:373 ][0;39m [2m:[0;39m Mapped URL path [/**/favicon.ico] onto handler of type [class org.springframework.web.servlet.resource.ResourceHttpRequestHandler]
[2m2019-03-12 15:02:42.743[0;39m [32m INFO[0;39m [35m18739[0;39m [2m---[0;39m [2m[.15t][0;39m [36ms.w.s.m.m.a.RequestMappingHandlerAdapter [dviceCache:574 ][0;39m [2m:[0;39m Looking for @ControllerAdvice: org.springframework.boot.web.servlet.context.AnnotationConfigServletWebServerApplicationContext@55562aa9: startup date [Tue Mar 12 15:02:35 CST 2019]; parent: org.springframework.context.annotation.AnnotationConfigApplicationContext@2fd1433e
[2m2019-03-12 15:02:43.179[0;39m [32m INFO[0;39m [35m18739[0;39m [2m---[0;39m [2m[.15t][0;39m [36ms.w.s.m.m.a.RequestMappingHandlerMapping [  register:547 ][0;39m [2m:[0;39m Mapped "{[/hello],methods=[GET]}" onto public java.lang.String com.client.HelloEndpoint.hello()
[2m2019-03-12 15:02:43.189[0;39m [32m INFO[0;39m [35m18739[0;39m [2m---[0;39m [2m[.15t][0;39m [36ms.w.s.m.m.a.RequestMappingHandlerMapping [  register:547 ][0;39m [2m:[0;39m Mapped "{[/url],methods=[GET]}" onto public java.lang.String com.client.HelloEndpoint.serviceUrl()
[2m2019-03-12 15:02:43.196[0;39m [32m INFO[0;39m [35m18739[0;39m [2m---[0;39m [2m[.15t][0;39m [36ms.w.s.m.m.a.RequestMappingHandlerMapping [  register:547 ][0;39m [2m:[0;39m Mapped "{[/error]}" onto public org.springframework.http.ResponseEntity<java.util.Map<java.lang.String, java.lang.Object>> org.springframework.boot.autoconfigure.web.servlet.error.BasicErrorController.error(javax.servlet.http.HttpServletRequest)
[2m2019-03-12 15:02:43.213[0;39m [32m INFO[0;39m [35m18739[0;39m [2m---[0;39m [2m[.15t][0;39m [36ms.w.s.m.m.a.RequestMappingHandlerMapping [  register:547 ][0;39m [2m:[0;39m Mapped "{[/error],produces=[text/html]}" onto public org.springframework.web.servlet.ModelAndView org.springframework.boot.autoconfigure.web.servlet.error.BasicErrorController.errorHtml(javax.servlet.http.HttpServletRequest,javax.servlet.http.HttpServletResponse)
[2m2019-03-12 15:02:43.459[0;39m [32m INFO[0;39m [35m18739[0;39m [2m---[0;39m [2m[.15t][0;39m [36mo.s.w.s.h.SimpleUrlHandlerMapping        [terHandler:373 ][0;39m [2m:[0;39m Mapped URL path [/webjars/**] onto handler of type [class org.springframework.web.servlet.resource.ResourceHttpRequestHandler]
[2m2019-03-12 15:02:43.459[0;39m [32m INFO[0;39m [35m18739[0;39m [2m---[0;39m [2m[.15t][0;39m [36mo.s.w.s.h.SimpleUrlHandlerMapping        [terHandler:373 ][0;39m [2m:[0;39m Mapped URL path [/**] onto handler of type [class org.springframework.web.servlet.resource.ResourceHttpRequestHandler]
[2m2019-03-12 15:02:45.553[0;39m [32m INFO[0;39m [35m18739[0;39m [2m---[0;39m [2m[.15t][0;39m [36mo.s.b.a.e.w.EndpointLinksResolver        [    <init>:59  ][0;39m [2m:[0;39m Exposing 2 endpoint(s) beneath base path '/actuator'
[2m2019-03-12 15:02:45.652[0;39m [32m INFO[0;39m [35m18739[0;39m [2m---[0;39m [2m[.15t][0;39m [36ms.b.a.e.w.s.WebMvcEndpointHandlerMapping [  register:547 ][0;39m [2m:[0;39m Mapped "{[/actuator/health],methods=[GET],produces=[application/vnd.spring-boot.actuator.v2+json || application/json]}" onto public java.lang.Object org.springframework.boot.actuate.endpoint.web.servlet.AbstractWebMvcEndpointHandlerMapping$OperationHandler.handle(javax.servlet.http.HttpServletRequest,java.util.Map<java.lang.String, java.lang.String>)
[2m2019-03-12 15:02:45.654[0;39m [32m INFO[0;39m [35m18739[0;39m [2m---[0;39m [2m[.15t][0;39m [36ms.b.a.e.w.s.WebMvcEndpointHandlerMapping [  register:547 ][0;39m [2m:[0;39m Mapped "{[/actuator/info],methods=[GET],produces=[application/vnd.spring-boot.actuator.v2+json || application/json]}" onto public java.lang.Object org.springframework.boot.actuate.endpoint.web.servlet.AbstractWebMvcEndpointHandlerMapping$OperationHandler.handle(javax.servlet.http.HttpServletRequest,java.util.Map<java.lang.String, java.lang.String>)
[2m2019-03-12 15:02:45.703[0;39m [32m INFO[0;39m [35m18739[0;39m [2m---[0;39m [2m[.15t][0;39m [36ms.b.a.e.w.s.WebMvcEndpointHandlerMapping [  register:547 ][0;39m [2m:[0;39m Mapped "{[/actuator],methods=[GET],produces=[application/vnd.spring-boot.actuator.v2+json || application/json]}" onto protected java.util.Map<java.lang.String, java.util.Map<java.lang.String, org.springframework.boot.actuate.endpoint.web.Link>> org.springframework.boot.actuate.endpoint.web.servlet.WebMvcEndpointHandlerMapping.links(javax.servlet.http.HttpServletRequest,javax.servlet.http.HttpServletResponse)
[2m2019-03-12 15:02:45.989[0;39m [32m INFO[0;39m [35m18739[0;39m [2m---[0;39m [2m[.15t][0;39m [36mo.s.j.e.a.AnnotationMBeanExporter        [stantiated:433 ][0;39m [2m:[0;39m Registering beans for JMX exposure on startup
[2m2019-03-12 15:02:46.054[0;39m [32m INFO[0;39m [35m18739[0;39m [2m---[0;39m [2m[.15t][0;39m [36mo.s.j.e.a.AnnotationMBeanExporter        [autodetect:895 ][0;39m [2m:[0;39m Bean with name 'environmentManager' has been autodetected for JMX exposure
[2m2019-03-12 15:02:46.056[0;39m [32m INFO[0;39m [35m18739[0;39m [2m---[0;39m [2m[.15t][0;39m [36mo.s.j.e.a.AnnotationMBeanExporter        [autodetect:895 ][0;39m [2m:[0;39m Bean with name 'configurationPropertiesRebinder' has been autodetected for JMX exposure
[2m2019-03-12 15:02:46.058[0;39m [32m INFO[0;39m [35m18739[0;39m [2m---[0;39m [2m[.15t][0;39m [36mo.s.j.e.a.AnnotationMBeanExporter        [autodetect:895 ][0;39m [2m:[0;39m Bean with name 'refreshScope' has been autodetected for JMX exposure
[2m2019-03-12 15:02:46.063[0;39m [32m INFO[0;39m [35m18739[0;39m [2m---[0;39m [2m[.15t][0;39m [36mo.s.j.e.a.AnnotationMBeanExporter        [anInstance:675 ][0;39m [2m:[0;39m Located managed bean 'environmentManager': registering with JMX server as MBean [org.springframework.cloud.context.environment:name=environmentManager,type=EnvironmentManager]
[2m2019-03-12 15:02:46.087[0;39m [32m INFO[0;39m [35m18739[0;39m [2m---[0;39m [2m[.15t][0;39m [36mo.s.j.e.a.AnnotationMBeanExporter        [anInstance:675 ][0;39m [2m:[0;39m Located managed bean 'refreshScope': registering with JMX server as MBean [org.springframework.cloud.context.scope.refresh:name=refreshScope,type=RefreshScope]
[2m2019-03-12 15:02:46.112[0;39m [32m INFO[0;39m [35m18739[0;39m [2m---[0;39m [2m[.15t][0;39m [36mo.s.j.e.a.AnnotationMBeanExporter        [anInstance:675 ][0;39m [2m:[0;39m Located managed bean 'configurationPropertiesRebinder': registering with JMX server as MBean [org.springframework.cloud.context.properties:name=configurationPropertiesRebinder,context=55562aa9,type=ConfigurationPropertiesRebinder]
[2m2019-03-12 15:02:46.149[0;39m [32m INFO[0;39m [35m18739[0;39m [2m---[0;39m [2m[.15t][0;39m [36mo.s.c.s.DefaultLifecycleProcessor        [     start:351 ][0;39m [2m:[0;39m Starting beans in phase 0
[2m2019-03-12 15:02:46.213[0;39m [32m INFO[0;39m [35m18739[0;39m [2m---[0;39m [2m[.15t][0;39m [36mo.s.c.n.e.InstanceInfoFactory            [    create:71  ][0;39m [2m:[0;39m Setting initial instance status as: STARTING
[2m2019-03-12 15:02:46.365[0;39m [32m INFO[0;39m [35m18739[0;39m [2m---[0;39m [2m[.15t][0;39m [36mc.n.d.DiscoveryClient                    [    <init>:349 ][0;39m [2m:[0;39m Initializing Eureka in region us-east-1
[2m2019-03-12 15:02:46.421[0;39m [32m INFO[0;39m [35m18739[0;39m [2m---[0;39m [2m[.15t][0;39m [36mc.n.d.s.r.a.ConfigClusterResolver        [rEndpoints:43  ][0;39m [2m:[0;39m Resolving eureka endpoints via configuration
[2m2019-03-12 15:02:46.755[0;39m [32m INFO[0;39m [35m18739[0;39m [2m---[0;39m [2m[.15t][0;39m [36mc.n.d.DiscoveryClient                    [chRegistry:958 ][0;39m [2m:[0;39m Disable delta property : false
[2m2019-03-12 15:02:46.755[0;39m [32m INFO[0;39m [35m18739[0;39m [2m---[0;39m [2m[.15t][0;39m [36mc.n.d.DiscoveryClient                    [chRegistry:959 ][0;39m [2m:[0;39m Single vip registry refresh property : null
[2m2019-03-12 15:02:46.756[0;39m [32m INFO[0;39m [35m18739[0;39m [2m---[0;39m [2m[.15t][0;39m [36mc.n.d.DiscoveryClient                    [chRegistry:960 ][0;39m [2m:[0;39m Force full registry fetch : false
[2m2019-03-12 15:02:46.758[0;39m [32m INFO[0;39m [35m18739[0;39m [2m---[0;39m [2m[.15t][0;39m [36mc.n.d.DiscoveryClient                    [chRegistry:961 ][0;39m [2m:[0;39m Application is null : false
[2m2019-03-12 15:02:46.759[0;39m [32m INFO[0;39m [35m18739[0;39m [2m---[0;39m [2m[.15t][0;39m [36mc.n.d.DiscoveryClient                    [chRegistry:962 ][0;39m [2m:[0;39m Registered Applications size is zero : true
[2m2019-03-12 15:02:46.759[0;39m [32m INFO[0;39m [35m18739[0;39m [2m---[0;39m [2m[.15t][0;39m [36mc.n.d.DiscoveryClient                    [chRegistry:964 ][0;39m [2m:[0;39m Application version is -1: true
[2m2019-03-12 15:02:46.759[0;39m [32m INFO[0;39m [35m18739[0;39m [2m---[0;39m [2m[.15t][0;39m [36mc.n.d.DiscoveryClient                    [llRegistry:1047][0;39m [2m:[0;39m Getting all instance registry info from the eureka server
[2m2019-03-12 15:02:47.320[0;39m [32m INFO[0;39m [35m18739[0;39m [2m---[0;39m [2m[.15t][0;39m [36mc.n.d.DiscoveryClient                    [llRegistry:1056][0;39m [2m:[0;39m The response status is 200
[2m2019-03-12 15:02:47.323[0;39m [32m INFO[0;39m [35m18739[0;39m [2m---[0;39m [2m[.15t][0;39m [36mc.n.d.DiscoveryClient                    [duledTasks:1264][0;39m [2m:[0;39m Starting heartbeat executor: renew interval is: 30
[2m2019-03-12 15:02:47.328[0;39m [32m INFO[0;39m [35m18739[0;39m [2m---[0;39m [2m[.15t][0;39m [36mc.n.d.InstanceInfoReplicator             [    <init>:60  ][0;39m [2m:[0;39m InstanceInfoReplicator onDemand update allowed rate per min is 4
[2m2019-03-12 15:02:47.340[0;39m [32m INFO[0;39m [35m18739[0;39m [2m---[0;39m [2m[.15t][0;39m [36mc.n.d.DiscoveryClient                    [    <init>:449 ][0;39m [2m:[0;39m Discovery Client initialized at timestamp 1552374167337 with initial instances count: 0
[2m2019-03-12 15:02:47.352[0;39m [32m INFO[0;39m [35m18739[0;39m [2m---[0;39m [2m[.15t][0;39m [36mo.s.c.n.e.s.EurekaServiceRegistry        [  register:42  ][0;39m [2m:[0;39m Registering application eureka-client1 with eureka with status UP
[2m2019-03-12 15:02:47.355[0;39m [32m INFO[0;39m [35m18739[0;39m [2m---[0;39m [2m[.15t][0;39m [36mc.n.d.DiscoveryClient                    [    notify:1299][0;39m [2m:[0;39m Saw local status change event StatusChangeEvent [timestamp=1552374167355, current=UP, previous=STARTING]
[2m2019-03-12 15:02:47.358[0;39m [32m INFO[0;39m [35m18739[0;39m [2m---[0;39m [2m[.15t][0;39m [36mc.n.d.DiscoveryClient                    [  register:826 ][0;39m [2m:[0;39m DiscoveryClient_EUREKA-CLIENT1/192.168.26.91:eureka-client1:8001: registering service...
[2m2019-03-12 15:02:47.390[0;39m [32m INFO[0;39m [35m18739[0;39m [2m---[0;39m [2m[.15t][0;39m [36mo.a.c.h.Http11NioProtocol                [       log:180 ][0;39m [2m:[0;39m Starting ProtocolHandler ["http-nio-8001"]
[2m2019-03-12 15:02:47.492[0;39m [32m INFO[0;39m [35m18739[0;39m [2m---[0;39m [2m[.15t][0;39m [36mo.a.t.u.n.NioSelectorPool                [       log:180 ][0;39m [2m:[0;39m Using a shared selector for servlet write/read
[2m2019-03-12 15:02:47.630[0;39m [32m INFO[0;39m [35m18739[0;39m [2m---[0;39m [2m[.15t][0;39m [36mo.s.b.w.e.t.TomcatWebServer              [     start:206 ][0;39m [2m:[0;39m Tomcat started on port(s): 8001 (http) with context path ''
[2m2019-03-12 15:02:47.633[0;39m [32m INFO[0;39m [35m18739[0;39m [2m---[0;39m [2m[.15t][0;39m [36m.s.c.n.e.s.EurekaAutoServiceRegistration [ationEvent:124 ][0;39m [2m:[0;39m Updating port to 8001
[2m2019-03-12 15:02:47.641[0;39m [32m INFO[0;39m [35m18739[0;39m [2m---[0;39m [2m[.15t][0;39m [36mc.c.EurekaClientApplication              [logStarted:59  ][0;39m [2m:[0;39m Started EurekaClientApplication in 16.531 seconds (JVM running for 18.942)
[2m2019-03-12 15:02:47.975[0;39m [32m INFO[0;39m [35m18739[0;39m [2m---[0;39m [2m[.15t][0;39m [36mc.n.d.DiscoveryClient                    [  register:835 ][0;39m [2m:[0;39m DiscoveryClient_EUREKA-CLIENT1/192.168.26.91:eureka-client1:8001 - registration status: 204
[2m2019-03-12 15:03:17.338[0;39m [32m INFO[0;39m [35m18739[0;39m [2m---[0;39m [2m[.15t][0;39m [36mc.n.d.DiscoveryClient                    [chRegistry:958 ][0;39m [2m:[0;39m Disable delta property : false
[2m2019-03-12 15:03:17.343[0;39m [32m INFO[0;39m [35m18739[0;39m [2m---[0;39m [2m[.15t][0;39m [36mc.n.d.DiscoveryClient                    [chRegistry:959 ][0;39m [2m:[0;39m Single vip registry refresh property : null
[2m2019-03-12 15:03:17.344[0;39m [32m INFO[0;39m [35m18739[0;39m [2m---[0;39m [2m[.15t][0;39m [36mc.n.d.DiscoveryClient                    [chRegistry:960 ][0;39m [2m:[0;39m Force full registry fetch : false
[2m2019-03-12 15:03:17.344[0;39m [32m INFO[0;39m [35m18739[0;39m [2m---[0;39m [2m[.15t][0;39m [36mc.n.d.DiscoveryClient                    [chRegistry:961 ][0;39m [2m:[0;39m Application is null : false
[2m2019-03-12 15:03:17.344[0;39m [32m INFO[0;39m [35m18739[0;39m [2m---[0;39m [2m[.15t][0;39m [36mc.n.d.DiscoveryClient                    [chRegistry:962 ][0;39m [2m:[0;39m Registered Applications size is zero : true
[2m2019-03-12 15:03:17.344[0;39m [32m INFO[0;39m [35m18739[0;39m [2m---[0;39m [2m[.15t][0;39m [36mc.n.d.DiscoveryClient                    [chRegistry:964 ][0;39m [2m:[0;39m Application version is -1: false
[2m2019-03-12 15:03:17.348[0;39m [32m INFO[0;39m [35m18739[0;39m [2m---[0;39m [2m[.15t][0;39m [36mc.n.d.DiscoveryClient                    [llRegistry:1047][0;39m [2m:[0;39m Getting all instance registry info from the eureka server
[2m2019-03-12 15:03:17.473[0;39m [32m INFO[0;39m [35m18739[0;39m [2m---[0;39m [2m[.15t][0;39m [36mc.n.d.DiscoveryClient                    [llRegistry:1056][0;39m [2m:[0;39m The response status is 200
[2m2019-03-12 15:03:38.930[0;39m [32m INFO[0;39m [35m18739[0;39m [2m---[0;39m [2m[.15t][0;39m [36mo.a.c.c.C.[.[.[/]                        [       log:180 ][0;39m [2m:[0;39m Initializing Spring FrameworkServlet 'dispatcherServlet'
[2m2019-03-12 15:03:38.932[0;39m [32m INFO[0;39m [35m18739[0;39m [2m---[0;39m [2m[.15t][0;39m [36mo.s.w.s.DispatcherServlet                [ervletBean:494 ][0;39m [2m:[0;39m FrameworkServlet 'dispatcherServlet': initialization started
[2m2019-03-12 15:03:39.034[0;39m [32m INFO[0;39m [35m18739[0;39m [2m---[0;39m [2m[.15t][0;39m [36mo.s.w.s.DispatcherServlet                [ervletBean:509 ][0;39m [2m:[0;39m FrameworkServlet 'dispatcherServlet': initialization completed in 102 ms
[2m2019-03-12 15:07:46.786[0;39m [32m INFO[0;39m [35m18739[0;39m [2m---[0;39m [2m[.15t][0;39m [36mc.n.d.s.r.a.ConfigClusterResolver        [rEndpoints:43  ][0;39m [2m:[0;39m Resolving eureka endpoints via configuration
[2m2019-03-12 15:11:41.703[0;39m [32m INFO[0;39m [35m18739[0;39m [2m---[0;39m [2m[.15t][0;39m [36mConfigServletWebServerApplicationContext [   doClose:993 ][0;39m [2m:[0;39m Closing org.springframework.boot.web.servlet.context.AnnotationConfigServletWebServerApplicationContext@55562aa9: startup date [Tue Mar 12 15:02:35 CST 2019]; parent: org.springframework.context.annotation.AnnotationConfigApplicationContext@2fd1433e
[2m2019-03-12 15:11:41.730[0;39m [32m INFO[0;39m [35m18739[0;39m [2m---[0;39m [2m[.15t][0;39m [36mo.s.c.n.e.s.EurekaServiceRegistry        [deregister:65  ][0;39m [2m:[0;39m Unregistering application eureka-client1 with eureka with status DOWN
[2m2019-03-12 15:11:41.739[0;39m [33m WARN[0;39m [35m18739[0;39m [2m---[0;39m [2m[.15t][0;39m [36mc.n.d.DiscoveryClient                    [    notify:1297][0;39m [2m:[0;39m Saw local status change event StatusChangeEvent [timestamp=1552374701738, current=DOWN, previous=UP]
[2m2019-03-12 15:11:41.752[0;39m [32m INFO[0;39m [35m18739[0;39m [2m---[0;39m [2m[.15t][0;39m [36mc.n.d.DiscoveryClient                    [  register:826 ][0;39m [2m:[0;39m DiscoveryClient_EUREKA-CLIENT1/192.168.26.91:eureka-client1:8001: registering service...
[2m2019-03-12 15:11:42.271[0;39m [32m INFO[0;39m [35m18739[0;39m [2m---[0;39m [2m[.15t][0;39m [36mc.n.d.DiscoveryClient                    [  register:835 ][0;39m [2m:[0;39m DiscoveryClient_EUREKA-CLIENT1/192.168.26.91:eureka-client1:8001 - registration status: 204
[2m2019-03-12 15:11:42.274[0;39m [32m INFO[0;39m [35m18739[0;39m [2m---[0;39m [2m[.15t][0;39m [36mo.s.c.s.DefaultLifecycleProcessor        [      stop:366 ][0;39m [2m:[0;39m Stopping beans in phase 0
[2m2019-03-12 15:11:42.327[0;39m [32m INFO[0;39m [35m18739[0;39m [2m---[0;39m [2m[.15t][0;39m [36mo.s.j.e.a.AnnotationMBeanExporter        [   destroy:451 ][0;39m [2m:[0;39m Unregistering JMX-exposed beans on shutdown
[2m2019-03-12 15:11:42.333[0;39m [32m INFO[0;39m [35m18739[0;39m [2m---[0;39m [2m[.15t][0;39m [36mo.s.j.e.a.AnnotationMBeanExporter        [isterBeans:183 ][0;39m [2m:[0;39m Unregistering JMX-exposed beans
[2m2019-03-12 15:11:42.378[0;39m [32m INFO[0;39m [35m18739[0;39m [2m---[0;39m [2m[.15t][0;39m [36mc.n.d.DiscoveryClient                    [  shutdown:888 ][0;39m [2m:[0;39m Shutting down DiscoveryClient ...
[2m2019-03-12 15:11:45.381[0;39m [32m INFO[0;39m [35m18739[0;39m [2m---[0;39m [2m[.15t][0;39m [36mc.n.d.DiscoveryClient                    [unregister:922 ][0;39m [2m:[0;39m Unregistering ...
[2m2019-03-12 15:11:45.409[0;39m [31mERROR[0;39m [35m18739[0;39m [2m---[0;39m [2m[.15t][0;39m [36mc.n.d.s.t.d.RedirectingEurekaHttpClient  [   execute:91  ][0;39m [2m:[0;39m Request execution error

org.springframework.web.client.ResourceAccessException: I/O error on DELETE request for "http://localhost:8080/eureka/apps/EUREKA-CLIENT1/192.168.26.91:eureka-client1:8001": Connection refused (Connection refused); nested exception is java.net.ConnectException: Connection refused (Connection refused)
	at org.springframework.web.client.RestTemplate.doExecute(RestTemplate.java:741) ~[spring-web-5.0.5.RELEASE.jar:5.0.5.RELEASE]
	at org.springframework.web.client.RestTemplate.execute(RestTemplate.java:684) ~[spring-web-5.0.5.RELEASE.jar:5.0.5.RELEASE]
	at org.springframework.web.client.RestTemplate.exchange(RestTemplate.java:600) ~[spring-web-5.0.5.RELEASE.jar:5.0.5.RELEASE]
	at org.springframework.cloud.netflix.eureka.http.RestTemplateEurekaHttpClient.cancel(RestTemplateEurekaHttpClient.java:83) ~[spring-cloud-netflix-eureka-client-2.0.0.RELEASE.jar:2.0.0.RELEASE]
	at com.netflix.discovery.shared.transport.decorator.EurekaHttpClientDecorator$2.execute(EurekaHttpClientDecorator.java:74) ~[eureka-client-1.9.2.jar:1.9.2]
	at com.netflix.discovery.shared.transport.decorator.RedirectingEurekaHttpClient.execute(RedirectingEurekaHttpClient.java:89) [eureka-client-1.9.2.jar:1.9.2]
	at com.netflix.discovery.shared.transport.decorator.EurekaHttpClientDecorator.cancel(EurekaHttpClientDecorator.java:71) [eureka-client-1.9.2.jar:1.9.2]
	at com.netflix.discovery.shared.transport.decorator.EurekaHttpClientDecorator$2.execute(EurekaHttpClientDecorator.java:74) [eureka-client-1.9.2.jar:1.9.2]
	at com.netflix.discovery.shared.transport.decorator.RetryableEurekaHttpClient.execute(RetryableEurekaHttpClient.java:120) [eureka-client-1.9.2.jar:1.9.2]
	at com.netflix.discovery.shared.transport.decorator.EurekaHttpClientDecorator.cancel(EurekaHttpClientDecorator.java:71) [eureka-client-1.9.2.jar:1.9.2]
	at com.netflix.discovery.shared.transport.decorator.EurekaHttpClientDecorator$2.execute(EurekaHttpClientDecorator.java:74) [eureka-client-1.9.2.jar:1.9.2]
	at com.netflix.discovery.shared.transport.decorator.SessionedEurekaHttpClient.execute(SessionedEurekaHttpClient.java:77) [eureka-client-1.9.2.jar:1.9.2]
	at com.netflix.discovery.shared.transport.decorator.EurekaHttpClientDecorator.cancel(EurekaHttpClientDecorator.java:71) [eureka-client-1.9.2.jar:1.9.2]
	at com.netflix.discovery.DiscoveryClient.unregister(DiscoveryClient.java:923) [eureka-client-1.9.2.jar:1.9.2]
	at com.netflix.discovery.DiscoveryClient.shutdown(DiscoveryClient.java:901) [eureka-client-1.9.2.jar:1.9.2]
	at sun.reflect.NativeMethodAccessorImpl.invoke0(Native Method) ~[?:1.8.0_171]
	at sun.reflect.NativeMethodAccessorImpl.invoke(NativeMethodAccessorImpl.java:62) ~[?:1.8.0_171]
	at sun.reflect.DelegatingMethodAccessorImpl.invoke(DelegatingMethodAccessorImpl.java:43) ~[?:1.8.0_171]
	at java.lang.reflect.Method.invoke(Method.java:498) ~[?:1.8.0_171]
	at org.springframework.util.ReflectionUtils.invokeMethod(ReflectionUtils.java:223) [spring-core-5.0.5.RELEASE.jar:5.0.5.RELEASE]
	at org.springframework.cloud.context.scope.GenericScope$LockedScopedProxyFactoryBean.invoke(GenericScope.java:494) [spring-cloud-context-2.0.0.RELEASE.jar:2.0.0.RELEASE]
	at org.springframework.aop.framework.ReflectiveMethodInvocation.proceed(ReflectiveMethodInvocation.java:185) [spring-aop-5.0.5.RELEASE.jar:5.0.5.RELEASE]
	at org.springframework.aop.framework.JdkDynamicAopProxy.invoke(JdkDynamicAopProxy.java:212) [spring-aop-5.0.5.RELEASE.jar:5.0.5.RELEASE]
	at com.sun.proxy.$Proxy107.shutdown(Unknown Source) [?:?]
	at org.springframework.cloud.netflix.eureka.serviceregistry.EurekaRegistration.close(EurekaRegistration.java:207) [spring-cloud-netflix-eureka-client-2.0.0.RELEASE.jar:2.0.0.RELEASE]
	at sun.reflect.NativeMethodAccessorImpl.invoke0(Native Method) ~[?:1.8.0_171]
	at sun.reflect.NativeMethodAccessorImpl.invoke(NativeMethodAccessorImpl.java:62) ~[?:1.8.0_171]
	at sun.reflect.DelegatingMethodAccessorImpl.invoke(DelegatingMethodAccessorImpl.java:43) ~[?:1.8.0_171]
	at java.lang.reflect.Method.invoke(Method.java:498) ~[?:1.8.0_171]
	at org.springframework.beans.factory.support.DisposableBeanAdapter.invokeCustomDestroyMethod(DisposableBeanAdapter.java:337) [spring-beans-5.0.5.RELEASE.jar:5.0.5.RELEASE]
	at org.springframework.beans.factory.support.DisposableBeanAdapter.destroy(DisposableBeanAdapter.java:271) [spring-beans-5.0.5.RELEASE.jar:5.0.5.RELEASE]
	at org.springframework.beans.factory.support.DefaultSingletonBeanRegistry.destroyBean(DefaultSingletonBeanRegistry.java:577) [spring-beans-5.0.5.RELEASE.jar:5.0.5.RELEASE]
	at org.springframework.beans.factory.support.DefaultSingletonBeanRegistry.destroySingleton(DefaultSingletonBeanRegistry.java:549) [spring-beans-5.0.5.RELEASE.jar:5.0.5.RELEASE]
	at org.springframework.beans.factory.support.DefaultListableBeanFactory.destroySingleton(DefaultListableBeanFactory.java:957) [spring-beans-5.0.5.RELEASE.jar:5.0.5.RELEASE]
	at org.springframework.beans.factory.support.DefaultSingletonBeanRegistry.destroySingletons(DefaultSingletonBeanRegistry.java:510) [spring-beans-5.0.5.RELEASE.jar:5.0.5.RELEASE]
	at org.springframework.beans.factory.support.DefaultListableBeanFactory.destroySingletons(DefaultListableBeanFactory.java:964) [spring-beans-5.0.5.RELEASE.jar:5.0.5.RELEASE]
	at org.springframework.context.support.AbstractApplicationContext.destroyBeans(AbstractApplicationContext.java:1041) [spring-context-5.0.5.RELEASE.jar:5.0.5.RELEASE]
	at org.springframework.context.support.AbstractApplicationContext.doClose(AbstractApplicationContext.java:1017) [spring-context-5.0.5.RELEASE.jar:5.0.5.RELEASE]
	at org.springframework.context.support.AbstractApplicationContext$1.run(AbstractApplicationContext.java:937) [spring-context-5.0.5.RELEASE.jar:5.0.5.RELEASE]
Caused by: java.net.ConnectException: Connection refused (Connection refused)
	at java.net.PlainSocketImpl.socketConnect(Native Method) ~[?:1.8.0_171]
	at java.net.AbstractPlainSocketImpl.doConnect(AbstractPlainSocketImpl.java:350) ~[?:1.8.0_171]
	at java.net.AbstractPlainSocketImpl.connectToAddress(AbstractPlainSocketImpl.java:206) ~[?:1.8.0_171]
	at java.net.AbstractPlainSocketImpl.connect(AbstractPlainSocketImpl.java:188) ~[?:1.8.0_171]
	at java.net.SocksSocketImpl.connect(SocksSocketImpl.java:392) ~[?:1.8.0_171]
	at java.net.Socket.connect(Socket.java:589) ~[?:1.8.0_171]
	at java.net.Socket.connect(Socket.java:538) ~[?:1.8.0_171]
	at sun.net.NetworkClient.doConnect(NetworkClient.java:180) ~[?:1.8.0_171]
	at sun.net.www.http.HttpClient.openServer(HttpClient.java:463) ~[?:1.8.0_171]
	at sun.net.www.http.HttpClient.openServer(HttpClient.java:558) ~[?:1.8.0_171]
	at sun.net.www.http.HttpClient.parseHTTP(HttpClient.java:698) ~[?:1.8.0_171]
	at sun.net.www.protocol.http.HttpURLConnection.getInputStream0(HttpURLConnection.java:1587) ~[?:1.8.0_171]
	at sun.net.www.protocol.http.HttpURLConnection.getInputStream(HttpURLConnection.java:1492) ~[?:1.8.0_171]
	at java.net.HttpURLConnection.getResponseCode(HttpURLConnection.java:480) ~[?:1.8.0_171]
	at org.springframework.http.client.SimpleBufferingClientHttpRequest.executeInternal(SimpleBufferingClientHttpRequest.java:82) ~[spring-web-5.0.5.RELEASE.jar:5.0.5.RELEASE]
	at org.springframework.http.client.AbstractBufferingClientHttpRequest.executeInternal(AbstractBufferingClientHttpRequest.java:48) ~[spring-web-5.0.5.RELEASE.jar:5.0.5.RELEASE]
	at org.springframework.http.client.AbstractClientHttpRequest.execute(AbstractClientHttpRequest.java:53) ~[spring-web-5.0.5.RELEASE.jar:5.0.5.RELEASE]
	at org.springframework.web.client.RestTemplate.doExecute(RestTemplate.java:727) ~[spring-web-5.0.5.RELEASE.jar:5.0.5.RELEASE]
	... 38 more

[2m2019-03-12 15:11:45.670[0;39m [33m WARN[0;39m [35m18739[0;39m [2m---[0;39m [2m[.15t][0;39m [36mc.n.d.s.t.d.RetryableEurekaHttpClient    [   execute:130 ][0;39m [2m:[0;39m Request execution failed with message: I/O error on DELETE request for "http://localhost:8080/eureka/apps/EUREKA-CLIENT1/192.168.26.91:eureka-client1:8001": Connection refused (Connection refused); nested exception is java.net.ConnectException: Connection refused (Connection refused)
[2m2019-03-12 15:11:45.700[0;39m [31mERROR[0;39m [35m18739[0;39m [2m---[0;39m [2m[.15t][0;39m [36mc.n.d.s.t.d.RedirectingEurekaHttpClient  [   execute:83  ][0;39m [2m:[0;39m Request execution error

org.springframework.web.client.ResourceAccessException: I/O error on DELETE request for "http://localhost:8080/eureka/apps/EUREKA-CLIENT1/192.168.26.91:eureka-client1:8001": Connection refused (Connection refused); nested exception is java.net.ConnectException: Connection refused (Connection refused)
	at org.springframework.web.client.RestTemplate.doExecute(RestTemplate.java:741) ~[spring-web-5.0.5.RELEASE.jar:5.0.5.RELEASE]
	at org.springframework.web.client.RestTemplate.execute(RestTemplate.java:684) ~[spring-web-5.0.5.RELEASE.jar:5.0.5.RELEASE]
	at org.springframework.web.client.RestTemplate.exchange(RestTemplate.java:600) ~[spring-web-5.0.5.RELEASE.jar:5.0.5.RELEASE]
	at org.springframework.cloud.netflix.eureka.http.RestTemplateEurekaHttpClient.cancel(RestTemplateEurekaHttpClient.java:83) ~[spring-cloud-netflix-eureka-client-2.0.0.RELEASE.jar:2.0.0.RELEASE]
	at com.netflix.discovery.shared.transport.decorator.EurekaHttpClientDecorator$2.execute(EurekaHttpClientDecorator.java:74) ~[eureka-client-1.9.2.jar:1.9.2]
	at com.netflix.discovery.shared.transport.decorator.RedirectingEurekaHttpClient.executeOnNewServer(RedirectingEurekaHttpClient.java:118) ~[eureka-client-1.9.2.jar:1.9.2]
	at com.netflix.discovery.shared.transport.decorator.RedirectingEurekaHttpClient.execute(RedirectingEurekaHttpClient.java:79) [eureka-client-1.9.2.jar:1.9.2]
	at com.netflix.discovery.shared.transport.decorator.EurekaHttpClientDecorator.cancel(EurekaHttpClientDecorator.java:71) [eureka-client-1.9.2.jar:1.9.2]
	at com.netflix.discovery.shared.transport.decorator.EurekaHttpClientDecorator$2.execute(EurekaHttpClientDecorator.java:74) [eureka-client-1.9.2.jar:1.9.2]
	at com.netflix.discovery.shared.transport.decorator.RetryableEurekaHttpClient.execute(RetryableEurekaHttpClient.java:120) [eureka-client-1.9.2.jar:1.9.2]
	at com.netflix.discovery.shared.transport.decorator.EurekaHttpClientDecorator.cancel(EurekaHttpClientDecorator.java:71) [eureka-client-1.9.2.jar:1.9.2]
	at com.netflix.discovery.shared.transport.decorator.EurekaHttpClientDecorator$2.execute(EurekaHttpClientDecorator.java:74) [eureka-client-1.9.2.jar:1.9.2]
	at com.netflix.discovery.shared.transport.decorator.SessionedEurekaHttpClient.execute(SessionedEurekaHttpClient.java:77) [eureka-client-1.9.2.jar:1.9.2]
	at com.netflix.discovery.shared.transport.decorator.EurekaHttpClientDecorator.cancel(EurekaHttpClientDecorator.java:71) [eureka-client-1.9.2.jar:1.9.2]
	at com.netflix.discovery.DiscoveryClient.unregister(DiscoveryClient.java:923) [eureka-client-1.9.2.jar:1.9.2]
	at com.netflix.discovery.DiscoveryClient.shutdown(DiscoveryClient.java:901) [eureka-client-1.9.2.jar:1.9.2]
	at sun.reflect.NativeMethodAccessorImpl.invoke0(Native Method) ~[?:1.8.0_171]
	at sun.reflect.NativeMethodAccessorImpl.invoke(NativeMethodAccessorImpl.java:62) ~[?:1.8.0_171]
	at sun.reflect.DelegatingMethodAccessorImpl.invoke(DelegatingMethodAccessorImpl.java:43) ~[?:1.8.0_171]
	at java.lang.reflect.Method.invoke(Method.java:498) ~[?:1.8.0_171]
	at org.springframework.util.ReflectionUtils.invokeMethod(ReflectionUtils.java:223) [spring-core-5.0.5.RELEASE.jar:5.0.5.RELEASE]
	at org.springframework.cloud.context.scope.GenericScope$LockedScopedProxyFactoryBean.invoke(GenericScope.java:494) [spring-cloud-context-2.0.0.RELEASE.jar:2.0.0.RELEASE]
	at org.springframework.aop.framework.ReflectiveMethodInvocation.proceed(ReflectiveMethodInvocation.java:185) [spring-aop-5.0.5.RELEASE.jar:5.0.5.RELEASE]
	at org.springframework.aop.framework.JdkDynamicAopProxy.invoke(JdkDynamicAopProxy.java:212) [spring-aop-5.0.5.RELEASE.jar:5.0.5.RELEASE]
	at com.sun.proxy.$Proxy107.shutdown(Unknown Source) [?:?]
	at org.springframework.cloud.netflix.eureka.serviceregistry.EurekaRegistration.close(EurekaRegistration.java:207) [spring-cloud-netflix-eureka-client-2.0.0.RELEASE.jar:2.0.0.RELEASE]
	at sun.reflect.NativeMethodAccessorImpl.invoke0(Native Method) ~[?:1.8.0_171]
	at sun.reflect.NativeMethodAccessorImpl.invoke(NativeMethodAccessorImpl.java:62) ~[?:1.8.0_171]
	at sun.reflect.DelegatingMethodAccessorImpl.invoke(DelegatingMethodAccessorImpl.java:43) ~[?:1.8.0_171]
	at java.lang.reflect.Method.invoke(Method.java:498) ~[?:1.8.0_171]
	at org.springframework.beans.factory.support.DisposableBeanAdapter.invokeCustomDestroyMethod(DisposableBeanAdapter.java:337) [spring-beans-5.0.5.RELEASE.jar:5.0.5.RELEASE]
	at org.springframework.beans.factory.support.DisposableBeanAdapter.destroy(DisposableBeanAdapter.java:271) [spring-beans-5.0.5.RELEASE.jar:5.0.5.RELEASE]
	at org.springframework.beans.factory.support.DefaultSingletonBeanRegistry.destroyBean(DefaultSingletonBeanRegistry.java:577) [spring-beans-5.0.5.RELEASE.jar:5.0.5.RELEASE]
	at org.springframework.beans.factory.support.DefaultSingletonBeanRegistry.destroySingleton(DefaultSingletonBeanRegistry.java:549) [spring-beans-5.0.5.RELEASE.jar:5.0.5.RELEASE]
	at org.springframework.beans.factory.support.DefaultListableBeanFactory.destroySingleton(DefaultListableBeanFactory.java:957) [spring-beans-5.0.5.RELEASE.jar:5.0.5.RELEASE]
	at org.springframework.beans.factory.support.DefaultSingletonBeanRegistry.destroySingletons(DefaultSingletonBeanRegistry.java:510) [spring-beans-5.0.5.RELEASE.jar:5.0.5.RELEASE]
	at org.springframework.beans.factory.support.DefaultListableBeanFactory.destroySingletons(DefaultListableBeanFactory.java:964) [spring-beans-5.0.5.RELEASE.jar:5.0.5.RELEASE]
	at org.springframework.context.support.AbstractApplicationContext.destroyBeans(AbstractApplicationContext.java:1041) [spring-context-5.0.5.RELEASE.jar:5.0.5.RELEASE]
	at org.springframework.context.support.AbstractApplicationContext.doClose(AbstractApplicationContext.java:1017) [spring-context-5.0.5.RELEASE.jar:5.0.5.RELEASE]
	at org.springframework.context.support.AbstractApplicationContext$1.run(AbstractApplicationContext.java:937) [spring-context-5.0.5.RELEASE.jar:5.0.5.RELEASE]
Caused by: java.net.ConnectException: Connection refused (Connection refused)
	at java.net.PlainSocketImpl.socketConnect(Native Method) ~[?:1.8.0_171]
	at java.net.AbstractPlainSocketImpl.doConnect(AbstractPlainSocketImpl.java:350) ~[?:1.8.0_171]
	at java.net.AbstractPlainSocketImpl.connectToAddress(AbstractPlainSocketImpl.java:206) ~[?:1.8.0_171]
	at java.net.AbstractPlainSocketImpl.connect(AbstractPlainSocketImpl.java:188) ~[?:1.8.0_171]
	at java.net.SocksSocketImpl.connect(SocksSocketImpl.java:392) ~[?:1.8.0_171]
	at java.net.Socket.connect(Socket.java:589) ~[?:1.8.0_171]
	at java.net.Socket.connect(Socket.java:538) ~[?:1.8.0_171]
	at sun.net.NetworkClient.doConnect(NetworkClient.java:180) ~[?:1.8.0_171]
	at sun.net.www.http.HttpClient.openServer(HttpClient.java:463) ~[?:1.8.0_171]
	at sun.net.www.http.HttpClient.openServer(HttpClient.java:558) ~[?:1.8.0_171]
	at sun.net.www.http.HttpClient.<init>(HttpClient.java:242) ~[?:1.8.0_171]
	at sun.net.www.http.HttpClient.New(HttpClient.java:339) ~[?:1.8.0_171]
	at sun.net.www.http.HttpClient.New(HttpClient.java:357) ~[?:1.8.0_171]
	at sun.net.www.protocol.http.HttpURLConnection.getNewHttpClient(HttpURLConnection.java:1220) ~[?:1.8.0_171]
	at sun.net.www.protocol.http.HttpURLConnection.plainConnect0(HttpURLConnection.java:1156) ~[?:1.8.0_171]
	at sun.net.www.protocol.http.HttpURLConnection.plainConnect(HttpURLConnection.java:1050) ~[?:1.8.0_171]
	at sun.net.www.protocol.http.HttpURLConnection.connect(HttpURLConnection.java:984) ~[?:1.8.0_171]
	at org.springframework.http.client.SimpleBufferingClientHttpRequest.executeInternal(SimpleBufferingClientHttpRequest.java:76) ~[spring-web-5.0.5.RELEASE.jar:5.0.5.RELEASE]
	at org.springframework.http.client.AbstractBufferingClientHttpRequest.executeInternal(AbstractBufferingClientHttpRequest.java:48) ~[spring-web-5.0.5.RELEASE.jar:5.0.5.RELEASE]
	at org.springframework.http.client.AbstractClientHttpRequest.execute(AbstractClientHttpRequest.java:53) ~[spring-web-5.0.5.RELEASE.jar:5.0.5.RELEASE]
	at org.springframework.web.client.RestTemplate.doExecute(RestTemplate.java:727) ~[spring-web-5.0.5.RELEASE.jar:5.0.5.RELEASE]
	... 39 more

[2m2019-03-12 15:11:45.853[0;39m [33m WARN[0;39m [35m18739[0;39m [2m---[0;39m [2m[.15t][0;39m [36mc.n.d.s.t.d.RetryableEurekaHttpClient    [   execute:130 ][0;39m [2m:[0;39m Request execution failed with message: I/O error on DELETE request for "http://localhost:8080/eureka/apps/EUREKA-CLIENT1/192.168.26.91:eureka-client1:8001": Connection refused (Connection refused); nested exception is java.net.ConnectException: Connection refused (Connection refused)
[2m2019-03-12 15:11:45.854[0;39m [31mERROR[0;39m [35m18739[0;39m [2m---[0;39m [2m[.15t][0;39m [36mc.n.d.DiscoveryClient                    [unregister:926 ][0;39m [2m:[0;39m DiscoveryClient_EUREKA-CLIENT1/192.168.26.91:eureka-client1:8001 - de-registration failedCannot execute request on any known server

com.netflix.discovery.shared.transport.TransportException: Cannot execute request on any known server
	at com.netflix.discovery.shared.transport.decorator.RetryableEurekaHttpClient.execute(RetryableEurekaHttpClient.java:112) ~[eureka-client-1.9.2.jar:1.9.2]
	at com.netflix.discovery.shared.transport.decorator.EurekaHttpClientDecorator.cancel(EurekaHttpClientDecorator.java:71) ~[eureka-client-1.9.2.jar:1.9.2]
	at com.netflix.discovery.shared.transport.decorator.EurekaHttpClientDecorator$2.execute(EurekaHttpClientDecorator.java:74) ~[eureka-client-1.9.2.jar:1.9.2]
	at com.netflix.discovery.shared.transport.decorator.SessionedEurekaHttpClient.execute(SessionedEurekaHttpClient.java:77) ~[eureka-client-1.9.2.jar:1.9.2]
	at com.netflix.discovery.shared.transport.decorator.EurekaHttpClientDecorator.cancel(EurekaHttpClientDecorator.java:71) ~[eureka-client-1.9.2.jar:1.9.2]
	at com.netflix.discovery.DiscoveryClient.unregister(DiscoveryClient.java:923) [eureka-client-1.9.2.jar:1.9.2]
	at com.netflix.discovery.DiscoveryClient.shutdown(DiscoveryClient.java:901) [eureka-client-1.9.2.jar:1.9.2]
	at sun.reflect.NativeMethodAccessorImpl.invoke0(Native Method) ~[?:1.8.0_171]
	at sun.reflect.NativeMethodAccessorImpl.invoke(NativeMethodAccessorImpl.java:62) ~[?:1.8.0_171]
	at sun.reflect.DelegatingMethodAccessorImpl.invoke(DelegatingMethodAccessorImpl.java:43) ~[?:1.8.0_171]
	at java.lang.reflect.Method.invoke(Method.java:498) ~[?:1.8.0_171]
	at org.springframework.util.ReflectionUtils.invokeMethod(ReflectionUtils.java:223) [spring-core-5.0.5.RELEASE.jar:5.0.5.RELEASE]
	at org.springframework.cloud.context.scope.GenericScope$LockedScopedProxyFactoryBean.invoke(GenericScope.java:494) [spring-cloud-context-2.0.0.RELEASE.jar:2.0.0.RELEASE]
	at org.springframework.aop.framework.ReflectiveMethodInvocation.proceed(ReflectiveMethodInvocation.java:185) [spring-aop-5.0.5.RELEASE.jar:5.0.5.RELEASE]
	at org.springframework.aop.framework.JdkDynamicAopProxy.invoke(JdkDynamicAopProxy.java:212) [spring-aop-5.0.5.RELEASE.jar:5.0.5.RELEASE]
	at com.sun.proxy.$Proxy107.shutdown(Unknown Source) [?:?]
	at org.springframework.cloud.netflix.eureka.serviceregistry.EurekaRegistration.close(EurekaRegistration.java:207) [spring-cloud-netflix-eureka-client-2.0.0.RELEASE.jar:2.0.0.RELEASE]
	at sun.reflect.NativeMethodAccessorImpl.invoke0(Native Method) ~[?:1.8.0_171]
	at sun.reflect.NativeMethodAccessorImpl.invoke(NativeMethodAccessorImpl.java:62) ~[?:1.8.0_171]
	at sun.reflect.DelegatingMethodAccessorImpl.invoke(DelegatingMethodAccessorImpl.java:43) ~[?:1.8.0_171]
	at java.lang.reflect.Method.invoke(Method.java:498) ~[?:1.8.0_171]
	at org.springframework.beans.factory.support.DisposableBeanAdapter.invokeCustomDestroyMethod(DisposableBeanAdapter.java:337) [spring-beans-5.0.5.RELEASE.jar:5.0.5.RELEASE]
	at org.springframework.beans.factory.support.DisposableBeanAdapter.destroy(DisposableBeanAdapter.java:271) [spring-beans-5.0.5.RELEASE.jar:5.0.5.RELEASE]
	at org.springframework.beans.factory.support.DefaultSingletonBeanRegistry.destroyBean(DefaultSingletonBeanRegistry.java:577) [spring-beans-5.0.5.RELEASE.jar:5.0.5.RELEASE]
	at org.springframework.beans.factory.support.DefaultSingletonBeanRegistry.destroySingleton(DefaultSingletonBeanRegistry.java:549) [spring-beans-5.0.5.RELEASE.jar:5.0.5.RELEASE]
	at org.springframework.beans.factory.support.DefaultListableBeanFactory.destroySingleton(DefaultListableBeanFactory.java:957) [spring-beans-5.0.5.RELEASE.jar:5.0.5.RELEASE]
	at org.springframework.beans.factory.support.DefaultSingletonBeanRegistry.destroySingletons(DefaultSingletonBeanRegistry.java:510) [spring-beans-5.0.5.RELEASE.jar:5.0.5.RELEASE]
	at org.springframework.beans.factory.support.DefaultListableBeanFactory.destroySingletons(DefaultListableBeanFactory.java:964) [spring-beans-5.0.5.RELEASE.jar:5.0.5.RELEASE]
	at org.springframework.context.support.AbstractApplicationContext.destroyBeans(AbstractApplicationContext.java:1041) [spring-context-5.0.5.RELEASE.jar:5.0.5.RELEASE]
	at org.springframework.context.support.AbstractApplicationContext.doClose(AbstractApplicationContext.java:1017) [spring-context-5.0.5.RELEASE.jar:5.0.5.RELEASE]
	at org.springframework.context.support.AbstractApplicationContext$1.run(AbstractApplicationContext.java:937) [spring-context-5.0.5.RELEASE.jar:5.0.5.RELEASE]

[2m2019-03-12 15:11:45.932[0;39m [32m INFO[0;39m [35m18739[0;39m [2m---[0;39m [2m[.15t][0;39m [36mc.n.d.DiscoveryClient                    [  shutdown:911 ][0;39m [2m:[0;39m Completed shut down of DiscoveryClient
