[2m2019-03-04 18:47:46.432[0;39m [32m INFO[0;39m [35m77047[0;39m [2m---[0;39m [2m[.15t][0;39m [36mc.s.EurekaServerApplication              [rofileInfo:659 ][0;39m [2m:[0;39m No active profile set, falling back to default profiles: default
[2m2019-03-04 18:47:46.454[0;39m [32m INFO[0;39m [35m77047[0;39m [2m---[0;39m [2m[.15t][0;39m [36mConfigServletWebServerApplicationContext [areRefresh:590 ][0;39m [2m:[0;39m Refreshing org.springframework.boot.web.servlet.context.AnnotationConfigServletWebServerApplicationContext@748497b9: startup date [Mon Mar 04 18:47:46 CST 2019]; parent: org.springframework.context.annotation.AnnotationConfigApplicationContext@7a7c9571
[2m2019-03-04 18:47:47.689[0;39m [32m INFO[0;39m [35m77047[0;39m [2m---[0;39m [2m[.15t][0;39m [36mo.s.c.c.s.GenericScope                   [lizationId:294 ][0;39m [2m:[0;39m BeanFactory id=98bcd73d-517b-3beb-a002-a39f6078442c
[2m2019-03-04 18:47:47.710[0;39m [32m INFO[0;39m [35m77047[0;39m [2m---[0;39m [2m[.15t][0;39m [36mf.a.AutowiredAnnotationBeanPostProcessor [    <init>:154 ][0;39m [2m:[0;39m JSR-330 'javax.inject.Inject' annotation found and supported for autowiring
[2m2019-03-04 18:47:47.853[0;39m [32m INFO[0;39m [35m77047[0;39m [2m---[0;39m [2m[.15t][0;39m [36mtrationDelegate$BeanPostProcessorChecker [ialization:328 ][0;39m [2m:[0;39m Bean 'org.springframework.cloud.autoconfigure.ConfigurationPropertiesRebinderAutoConfiguration' of type [org.springframework.cloud.autoconfigure.ConfigurationPropertiesRebinderAutoConfiguration$$EnhancerBySpringCGLIB$$46e4415b] is not eligible for getting processed by all BeanPostProcessors (for example: not eligible for auto-proxying)
[2m2019-03-04 18:47:48.178[0;39m [32m INFO[0;39m [35m77047[0;39m [2m---[0;39m [2m[.15t][0;39m [36mo.s.b.w.e.t.TomcatWebServer              [initialize:91  ][0;39m [2m:[0;39m Tomcat initialized with port(s): 8080 (http)
[2m2019-03-04 18:47:48.199[0;39m [32m INFO[0;39m [35m77047[0;39m [2m---[0;39m [2m[.15t][0;39m [36mo.a.c.h.Http11NioProtocol                [       log:180 ][0;39m [2m:[0;39m Initializing ProtocolHandler ["http-nio-8080"]
[2m2019-03-04 18:47:48.214[0;39m [32m INFO[0;39m [35m77047[0;39m [2m---[0;39m [2m[.15t][0;39m [36mo.a.c.c.StandardService                  [       log:180 ][0;39m [2m:[0;39m Starting service [Tomcat]
[2m2019-03-04 18:47:48.215[0;39m [32m INFO[0;39m [35m77047[0;39m [2m---[0;39m [2m[.15t][0;39m [36mo.a.c.c.StandardEngine                   [       log:180 ][0;39m [2m:[0;39m Starting Servlet Engine: Apache Tomcat/8.5.29
[2m2019-03-04 18:47:48.264[0;39m [32m INFO[0;39m [35m77047[0;39m [2m---[0;39m [2m[.15t][0;39m [36mo.a.c.c.AprLifecycleListener             [       log:180 ][0;39m [2m:[0;39m The APR based Apache Tomcat Native library which allows optimal performance in production environments was not found on the java.library.path: [/Users/baozc/Library/Java/Extensions:/Library/Java/Extensions:/Network/Library/Java/Extensions:/System/Library/Java/Extensions:/usr/lib/java:.]
[2m2019-03-04 18:47:48.380[0;39m [32m INFO[0;39m [35m77047[0;39m [2m---[0;39m [2m[.15t][0;39m [36mo.a.c.c.C.[.[.[/]                        [       log:180 ][0;39m [2m:[0;39m Initializing Spring embedded WebApplicationContext
[2m2019-03-04 18:47:48.381[0;39m [32m INFO[0;39m [35m77047[0;39m [2m---[0;39m [2m[.15t][0;39m [36mo.s.w.c.ContextLoader                    [ionContext:285 ][0;39m [2m:[0;39m Root WebApplicationContext: initialization completed in 1927 ms
[2m2019-03-04 18:47:48.679[0;39m [33m WARN[0;39m [35m77047[0;39m [2m---[0;39m [2m[.15t][0;39m [36mc.n.c.s.URLConfigurationSource           [    <init>:121 ][0;39m [2m:[0;39m No URLs will be polled as dynamic configuration sources.
[2m2019-03-04 18:47:48.679[0;39m [32m INFO[0;39m [35m77047[0;39m [2m---[0;39m [2m[.15t][0;39m [36mc.n.c.s.URLConfigurationSource           [    <init>:122 ][0;39m [2m:[0;39m To enable URLs as dynamic configuration sources, define System property archaius.configurationSource.additionalUrls or make config.properties available on classpath.
[2m2019-03-04 18:47:48.699[0;39m [32m INFO[0;39m [35m77047[0;39m [2m---[0;39m [2m[.15t][0;39m [36mc.n.c.DynamicPropertyFactory             [etInstance:281 ][0;39m [2m:[0;39m DynamicPropertyFactory is initialized with configuration sources: com.netflix.config.ConcurrentCompositeConfiguration@2a80f4ba
[2m2019-03-04 18:47:50.022[0;39m [32m INFO[0;39m [35m77047[0;39m [2m---[0;39m [2m[.15t][0;39m [36mo.s.b.w.s.FilterRegistrationBean         [ configure:244 ][0;39m [2m:[0;39m Mapping filter: 'characterEncodingFilter' to: [/*]
[2m2019-03-04 18:47:50.023[0;39m [32m INFO[0;39m [35m77047[0;39m [2m---[0;39m [2m[.15t][0;39m [36mo.s.b.w.s.FilterRegistrationBean         [ configure:244 ][0;39m [2m:[0;39m Mapping filter: 'hiddenHttpMethodFilter' to: [/*]
[2m2019-03-04 18:47:50.023[0;39m [32m INFO[0;39m [35m77047[0;39m [2m---[0;39m [2m[.15t][0;39m [36mo.s.b.w.s.FilterRegistrationBean         [ configure:244 ][0;39m [2m:[0;39m Mapping filter: 'httpPutFormContentFilter' to: [/*]
[2m2019-03-04 18:47:50.023[0;39m [32m INFO[0;39m [35m77047[0;39m [2m---[0;39m [2m[.15t][0;39m [36mo.s.b.w.s.FilterRegistrationBean         [ configure:244 ][0;39m [2m:[0;39m Mapping filter: 'requestContextFilter' to: [/*]
[2m2019-03-04 18:47:50.024[0;39m [32m INFO[0;39m [35m77047[0;39m [2m---[0;39m [2m[.15t][0;39m [36mo.s.b.w.s.FilterRegistrationBean         [ configure:244 ][0;39m [2m:[0;39m Mapping filter: 'httpTraceFilter' to: [/*]
[2m2019-03-04 18:47:50.024[0;39m [32m INFO[0;39m [35m77047[0;39m [2m---[0;39m [2m[.15t][0;39m [36mo.s.b.w.s.FilterRegistrationBean         [ configure:244 ][0;39m [2m:[0;39m Mapping filter: 'webMvcMetricsFilter' to: [/*]
[2m2019-03-04 18:47:50.025[0;39m [32m INFO[0;39m [35m77047[0;39m [2m---[0;39m [2m[.15t][0;39m [36mo.s.b.w.s.FilterRegistrationBean         [ configure:257 ][0;39m [2m:[0;39m Mapping filter: 'servletContainer' to urls: [/eureka/*]
[2m2019-03-04 18:47:50.025[0;39m [32m INFO[0;39m [35m77047[0;39m [2m---[0;39m [2m[.15t][0;39m [36mo.s.b.w.s.ServletRegistrationBean        [gistration:185 ][0;39m [2m:[0;39m Servlet dispatcherServlet mapped to [/]
[2m2019-03-04 18:47:50.169[0;39m [32m INFO[0;39m [35m77047[0;39m [2m---[0;39m [2m[.15t][0;39m [36mc.s.j.s.i.a.WebApplicationImpl           [ _initiate:815 ][0;39m [2m:[0;39m Initiating Jersey application, version 'Jersey: 1.19.1 03/11/2016 02:08 PM'
[2m2019-03-04 18:47:50.279[0;39m [32m INFO[0;39m [35m77047[0;39m [2m---[0;39m [2m[.15t][0;39m [36mc.n.d.p.DiscoveryJerseyProvider          [    <init>:70  ][0;39m [2m:[0;39m Using JSON encoding codec LegacyJacksonJson
[2m2019-03-04 18:47:50.280[0;39m [32m INFO[0;39m [35m77047[0;39m [2m---[0;39m [2m[.15t][0;39m [36mc.n.d.p.DiscoveryJerseyProvider          [    <init>:71  ][0;39m [2m:[0;39m Using JSON decoding codec LegacyJacksonJson
[2m2019-03-04 18:47:50.471[0;39m [32m INFO[0;39m [35m77047[0;39m [2m---[0;39m [2m[.15t][0;39m [36mc.n.d.p.DiscoveryJerseyProvider          [    <init>:80  ][0;39m [2m:[0;39m Using XML encoding codec XStreamXml
[2m2019-03-04 18:47:50.472[0;39m [32m INFO[0;39m [35m77047[0;39m [2m---[0;39m [2m[.15t][0;39m [36mc.n.d.p.DiscoveryJerseyProvider          [    <init>:81  ][0;39m [2m:[0;39m Using XML decoding codec XStreamXml
[2m2019-03-04 18:47:50.848[0;39m [33m WARN[0;39m [35m77047[0;39m [2m---[0;39m [2m[.15t][0;39m [36mo.s.c.n.a.ArchaiusAutoConfiguration      [reArchaius:151 ][0;39m [2m:[0;39m No spring.application.name found, defaulting to 'application'
[2m2019-03-04 18:47:50.849[0;39m [33m WARN[0;39m [35m77047[0;39m [2m---[0;39m [2m[.15t][0;39m [36mc.n.c.s.URLConfigurationSource           [    <init>:121 ][0;39m [2m:[0;39m No URLs will be polled as dynamic configuration sources.
[2m2019-03-04 18:47:50.849[0;39m [32m INFO[0;39m [35m77047[0;39m [2m---[0;39m [2m[.15t][0;39m [36mc.n.c.s.URLConfigurationSource           [    <init>:122 ][0;39m [2m:[0;39m To enable URLs as dynamic configuration sources, define System property archaius.configurationSource.additionalUrls or make config.properties available on classpath.
[2m2019-03-04 18:47:50.953[0;39m [32m INFO[0;39m [35m77047[0;39m [2m---[0;39m [2m[.15t][0;39m [36mo.s.w.s.h.SimpleUrlHandlerMapping        [terHandler:373 ][0;39m [2m:[0;39m Mapped URL path [/**/favicon.ico] onto handler of type [class org.springframework.web.servlet.resource.ResourceHttpRequestHandler]
[2m2019-03-04 18:47:51.196[0;39m [32m INFO[0;39m [35m77047[0;39m [2m---[0;39m [2m[.15t][0;39m [36ms.w.s.m.m.a.RequestMappingHandlerAdapter [dviceCache:574 ][0;39m [2m:[0;39m Looking for @ControllerAdvice: org.springframework.boot.web.servlet.context.AnnotationConfigServletWebServerApplicationContext@748497b9: startup date [Mon Mar 04 18:47:46 CST 2019]; parent: org.springframework.context.annotation.AnnotationConfigApplicationContext@7a7c9571
[2m2019-03-04 18:47:51.310[0;39m [32m INFO[0;39m [35m77047[0;39m [2m---[0;39m [2m[.15t][0;39m [36ms.w.s.m.m.a.RequestMappingHandlerMapping [  register:547 ][0;39m [2m:[0;39m Mapped "{[/error]}" onto public org.springframework.http.ResponseEntity<java.util.Map<java.lang.String, java.lang.Object>> org.springframework.boot.autoconfigure.web.servlet.error.BasicErrorController.error(javax.servlet.http.HttpServletRequest)
[2m2019-03-04 18:47:51.312[0;39m [32m INFO[0;39m [35m77047[0;39m [2m---[0;39m [2m[.15t][0;39m [36ms.w.s.m.m.a.RequestMappingHandlerMapping [  register:547 ][0;39m [2m:[0;39m Mapped "{[/error],produces=[text/html]}" onto public org.springframework.web.servlet.ModelAndView org.springframework.boot.autoconfigure.web.servlet.error.BasicErrorController.errorHtml(javax.servlet.http.HttpServletRequest,javax.servlet.http.HttpServletResponse)
[2m2019-03-04 18:47:51.319[0;39m [32m INFO[0;39m [35m77047[0;39m [2m---[0;39m [2m[.15t][0;39m [36ms.w.s.m.m.a.RequestMappingHandlerMapping [  register:547 ][0;39m [2m:[0;39m Mapped "{[/],methods=[GET]}" onto public java.lang.String org.springframework.cloud.netflix.eureka.server.EurekaController.status(javax.servlet.http.HttpServletRequest,java.util.Map<java.lang.String, java.lang.Object>)
[2m2019-03-04 18:47:51.321[0;39m [32m INFO[0;39m [35m77047[0;39m [2m---[0;39m [2m[.15t][0;39m [36ms.w.s.m.m.a.RequestMappingHandlerMapping [  register:547 ][0;39m [2m:[0;39m Mapped "{[/lastn],methods=[GET]}" onto public java.lang.String org.springframework.cloud.netflix.eureka.server.EurekaController.lastn(javax.servlet.http.HttpServletRequest,java.util.Map<java.lang.String, java.lang.Object>)
[2m2019-03-04 18:47:51.375[0;39m [32m INFO[0;39m [35m77047[0;39m [2m---[0;39m [2m[.15t][0;39m [36mo.s.w.s.h.SimpleUrlHandlerMapping        [terHandler:373 ][0;39m [2m:[0;39m Mapped URL path [/webjars/**] onto handler of type [class org.springframework.web.servlet.resource.ResourceHttpRequestHandler]
[2m2019-03-04 18:47:51.376[0;39m [32m INFO[0;39m [35m77047[0;39m [2m---[0;39m [2m[.15t][0;39m [36mo.s.w.s.h.SimpleUrlHandlerMapping        [terHandler:373 ][0;39m [2m:[0;39m Mapped URL path [/**] onto handler of type [class org.springframework.web.servlet.resource.ResourceHttpRequestHandler]
[2m2019-03-04 18:47:52.012[0;39m [32m INFO[0;39m [35m77047[0;39m [2m---[0;39m [2m[.15t][0;39m [36mo.s.u.f.SpringTemplateLoader             [    <init>:62  ][0;39m [2m:[0;39m SpringTemplateLoader for FreeMarker: using resource loader [org.springframework.boot.web.servlet.context.AnnotationConfigServletWebServerApplicationContext@748497b9: startup date [Mon Mar 04 18:47:46 CST 2019]; parent: org.springframework.context.annotation.AnnotationConfigApplicationContext@7a7c9571] and template loader path [classpath:/templates/]
[2m2019-03-04 18:47:52.015[0;39m [32m INFO[0;39m [35m77047[0;39m [2m---[0;39m [2m[.15t][0;39m [36mo.s.w.s.v.f.FreeMarkerConfigurer         [ateLoaders:131 ][0;39m [2m:[0;39m ClassTemplateLoader for Spring macros added to FreeMarker configuration
[2m2019-03-04 18:47:52.535[0;39m [32m INFO[0;39m [35m77047[0;39m [2m---[0;39m [2m[.15t][0;39m [36mo.s.c.n.e.InstanceInfoFactory            [    create:71  ][0;39m [2m:[0;39m Setting initial instance status as: STARTING
[2m2019-03-04 18:47:52.720[0;39m [32m INFO[0;39m [35m77047[0;39m [2m---[0;39m [2m[.15t][0;39m [36mc.n.d.DiscoveryClient                    [    <init>:349 ][0;39m [2m:[0;39m Initializing Eureka in region us-east-1
[2m2019-03-04 18:47:52.752[0;39m [32m INFO[0;39m [35m77047[0;39m [2m---[0;39m [2m[.15t][0;39m [36mc.n.d.DiscoveryClient                    [    <init>:352 ][0;39m [2m:[0;39m Client configured to neither register nor query for data.
[2m2019-03-04 18:47:52.780[0;39m [32m INFO[0;39m [35m77047[0;39m [2m---[0;39m [2m[.15t][0;39m [36mc.n.d.DiscoveryClient                    [    <init>:365 ][0;39m [2m:[0;39m Discovery Client initialized at timestamp 1551696472773 with initial instances count: 0
[2m2019-03-04 18:47:52.863[0;39m [32m INFO[0;39m [35m77047[0;39m [2m---[0;39m [2m[.15t][0;39m [36mc.n.e.DefaultEurekaServerContext         [initialize:63  ][0;39m [2m:[0;39m Initializing ...
[2m2019-03-04 18:47:52.867[0;39m [33m WARN[0;39m [35m77047[0;39m [2m---[0;39m [2m[.15t][0;39m [36mc.n.e.c.PeerEurekaNodes                  [urekaNodes:156 ][0;39m [2m:[0;39m The replica size seems to be empty. Check the route 53 DNS Registry
[2m2019-03-04 18:47:52.904[0;39m [32m INFO[0;39m [35m77047[0;39m [2m---[0;39m [2m[.15t][0;39m [36mc.n.e.r.AbstractInstanceRegistry         [onRegistry:151 ][0;39m [2m:[0;39m Finished initializing remote region registries. All known remote regions: []
[2m2019-03-04 18:47:52.909[0;39m [32m INFO[0;39m [35m77047[0;39m [2m---[0;39m [2m[.15t][0;39m [36mc.n.e.DefaultEurekaServerContext         [initialize:70  ][0;39m [2m:[0;39m Initialized
[2m2019-03-04 18:47:52.946[0;39m [32m INFO[0;39m [35m77047[0;39m [2m---[0;39m [2m[.15t][0;39m [36mo.s.b.a.e.w.EndpointLinksResolver        [    <init>:59  ][0;39m [2m:[0;39m Exposing 2 endpoint(s) beneath base path '/actuator'
[2m2019-03-04 18:47:52.959[0;39m [32m INFO[0;39m [35m77047[0;39m [2m---[0;39m [2m[.15t][0;39m [36ms.b.a.e.w.s.WebMvcEndpointHandlerMapping [  register:547 ][0;39m [2m:[0;39m Mapped "{[/actuator/health],methods=[GET],produces=[application/vnd.spring-boot.actuator.v2+json || application/json]}" onto public java.lang.Object org.springframework.boot.actuate.endpoint.web.servlet.AbstractWebMvcEndpointHandlerMapping$OperationHandler.handle(javax.servlet.http.HttpServletRequest,java.util.Map<java.lang.String, java.lang.String>)
[2m2019-03-04 18:47:52.960[0;39m [32m INFO[0;39m [35m77047[0;39m [2m---[0;39m [2m[.15t][0;39m [36ms.b.a.e.w.s.WebMvcEndpointHandlerMapping [  register:547 ][0;39m [2m:[0;39m Mapped "{[/actuator/info],methods=[GET],produces=[application/vnd.spring-boot.actuator.v2+json || application/json]}" onto public java.lang.Object org.springframework.boot.actuate.endpoint.web.servlet.AbstractWebMvcEndpointHandlerMapping$OperationHandler.handle(javax.servlet.http.HttpServletRequest,java.util.Map<java.lang.String, java.lang.String>)
[2m2019-03-04 18:47:52.962[0;39m [32m INFO[0;39m [35m77047[0;39m [2m---[0;39m [2m[.15t][0;39m [36ms.b.a.e.w.s.WebMvcEndpointHandlerMapping [  register:547 ][0;39m [2m:[0;39m Mapped "{[/actuator],methods=[GET],produces=[application/vnd.spring-boot.actuator.v2+json || application/json]}" onto protected java.util.Map<java.lang.String, java.util.Map<java.lang.String, org.springframework.boot.actuate.endpoint.web.Link>> org.springframework.boot.actuate.endpoint.web.servlet.WebMvcEndpointHandlerMapping.links(javax.servlet.http.HttpServletRequest,javax.servlet.http.HttpServletResponse)
[2m2019-03-04 18:47:53.079[0;39m [32m INFO[0;39m [35m77047[0;39m [2m---[0;39m [2m[.15t][0;39m [36mo.s.j.e.a.AnnotationMBeanExporter        [stantiated:433 ][0;39m [2m:[0;39m Registering beans for JMX exposure on startup
[2m2019-03-04 18:47:53.107[0;39m [32m INFO[0;39m [35m77047[0;39m [2m---[0;39m [2m[.15t][0;39m [36mo.s.j.e.a.AnnotationMBeanExporter        [autodetect:895 ][0;39m [2m:[0;39m Bean with name 'environmentManager' has been autodetected for JMX exposure
[2m2019-03-04 18:47:53.110[0;39m [32m INFO[0;39m [35m77047[0;39m [2m---[0;39m [2m[.15t][0;39m [36mo.s.j.e.a.AnnotationMBeanExporter        [autodetect:895 ][0;39m [2m:[0;39m Bean with name 'configurationPropertiesRebinder' has been autodetected for JMX exposure
[2m2019-03-04 18:47:53.122[0;39m [32m INFO[0;39m [35m77047[0;39m [2m---[0;39m [2m[.15t][0;39m [36mo.s.j.e.a.AnnotationMBeanExporter        [autodetect:895 ][0;39m [2m:[0;39m Bean with name 'refreshScope' has been autodetected for JMX exposure
[2m2019-03-04 18:47:53.142[0;39m [32m INFO[0;39m [35m77047[0;39m [2m---[0;39m [2m[.15t][0;39m [36mo.s.j.e.a.AnnotationMBeanExporter        [anInstance:675 ][0;39m [2m:[0;39m Located managed bean 'environmentManager': registering with JMX server as MBean [org.springframework.cloud.context.environment:name=environmentManager,type=EnvironmentManager]
[2m2019-03-04 18:47:53.223[0;39m [32m INFO[0;39m [35m77047[0;39m [2m---[0;39m [2m[.15t][0;39m [36mo.s.j.e.a.AnnotationMBeanExporter        [anInstance:675 ][0;39m [2m:[0;39m Located managed bean 'refreshScope': registering with JMX server as MBean [org.springframework.cloud.context.scope.refresh:name=refreshScope,type=RefreshScope]
[2m2019-03-04 18:47:53.237[0;39m [32m INFO[0;39m [35m77047[0;39m [2m---[0;39m [2m[.15t][0;39m [36mo.s.j.e.a.AnnotationMBeanExporter        [anInstance:675 ][0;39m [2m:[0;39m Located managed bean 'configurationPropertiesRebinder': registering with JMX server as MBean [org.springframework.cloud.context.properties:name=configurationPropertiesRebinder,context=748497b9,type=ConfigurationPropertiesRebinder]
[2m2019-03-04 18:47:53.258[0;39m [32m INFO[0;39m [35m77047[0;39m [2m---[0;39m [2m[.15t][0;39m [36mo.s.c.s.DefaultLifecycleProcessor        [     start:351 ][0;39m [2m:[0;39m Starting beans in phase 0
[2m2019-03-04 18:47:53.259[0;39m [32m INFO[0;39m [35m77047[0;39m [2m---[0;39m [2m[.15t][0;39m [36mo.s.c.n.e.s.EurekaServiceRegistry        [  register:42  ][0;39m [2m:[0;39m Registering application unknown with eureka with status UP
[2m2019-03-04 18:47:53.264[0;39m [32m INFO[0;39m [35m77047[0;39m [2m---[0;39m [2m[.15t][0;39m [36mo.s.c.n.e.s.EurekaServerBootstrap        [nvironment:109 ][0;39m [2m:[0;39m Setting the eureka configuration..
[2m2019-03-04 18:47:53.264[0;39m [32m INFO[0;39m [35m77047[0;39m [2m---[0;39m [2m[.15t][0;39m [36mo.s.c.n.e.s.EurekaServerBootstrap        [nvironment:114 ][0;39m [2m:[0;39m Eureka data center value eureka.datacenter is not set, defaulting to default
[2m2019-03-04 18:47:53.265[0;39m [32m INFO[0;39m [35m77047[0;39m [2m---[0;39m [2m[.15t][0;39m [36mo.s.c.n.e.s.EurekaServerBootstrap        [nvironment:128 ][0;39m [2m:[0;39m Eureka environment value eureka.environment is not set, defaulting to test
[2m2019-03-04 18:47:53.286[0;39m [32m INFO[0;39m [35m77047[0;39m [2m---[0;39m [2m[.15t][0;39m [36mo.s.c.n.e.s.EurekaServerBootstrap        [     isAws:184 ][0;39m [2m:[0;39m isAws returned false
[2m2019-03-04 18:47:53.287[0;39m [32m INFO[0;39m [35m77047[0;39m [2m---[0;39m [2m[.15t][0;39m [36mo.s.c.n.e.s.EurekaServerBootstrap        [verContext:152 ][0;39m [2m:[0;39m Initialized server context
[2m2019-03-04 18:47:53.287[0;39m [32m INFO[0;39m [35m77047[0;39m [2m---[0;39m [2m[.15t][0;39m [36mc.n.e.r.PeerAwareInstanceRegistryImpl    [ForTraffic:242 ][0;39m [2m:[0;39m Got 1 instances from neighboring DS node
[2m2019-03-04 18:47:53.288[0;39m [32m INFO[0;39m [35m77047[0;39m [2m---[0;39m [2m[.15t][0;39m [36mc.n.e.r.PeerAwareInstanceRegistryImpl    [ForTraffic:243 ][0;39m [2m:[0;39m Renew threshold is: 1
[2m2019-03-04 18:47:53.288[0;39m [32m INFO[0;39m [35m77047[0;39m [2m---[0;39m [2m[.15t][0;39m [36mc.n.e.r.PeerAwareInstanceRegistryImpl    [ForTraffic:254 ][0;39m [2m:[0;39m Changing status to UP
[2m2019-03-04 18:47:53.300[0;39m [32m INFO[0;39m [35m77047[0;39m [2m---[0;39m [2m[.15t][0;39m [36me.s.EurekaServerInitializerConfiguration [       run:72  ][0;39m [2m:[0;39m Started Eureka Server
[2m2019-03-04 18:47:53.321[0;39m [32m INFO[0;39m [35m77047[0;39m [2m---[0;39m [2m[.15t][0;39m [36mo.a.c.h.Http11NioProtocol                [       log:180 ][0;39m [2m:[0;39m Starting ProtocolHandler ["http-nio-8080"]
[2m2019-03-04 18:47:53.352[0;39m [32m INFO[0;39m [35m77047[0;39m [2m---[0;39m [2m[.15t][0;39m [36mo.a.t.u.n.NioSelectorPool                [       log:180 ][0;39m [2m:[0;39m Using a shared selector for servlet write/read
[2m2019-03-04 18:47:53.376[0;39m [32m INFO[0;39m [35m77047[0;39m [2m---[0;39m [2m[.15t][0;39m [36mo.s.b.w.e.t.TomcatWebServer              [     start:206 ][0;39m [2m:[0;39m Tomcat started on port(s): 8080 (http) with context path ''
[2m2019-03-04 18:47:53.377[0;39m [32m INFO[0;39m [35m77047[0;39m [2m---[0;39m [2m[.15t][0;39m [36m.s.c.n.e.s.EurekaAutoServiceRegistration [ationEvent:124 ][0;39m [2m:[0;39m Updating port to 8080
[2m2019-03-04 18:47:53.384[0;39m [32m INFO[0;39m [35m77047[0;39m [2m---[0;39m [2m[.15t][0;39m [36mc.s.EurekaServerApplication              [logStarted:59  ][0;39m [2m:[0;39m Started EurekaServerApplication in 8.546 seconds (JVM running for 14.019)
[2m2019-03-04 18:48:53.290[0;39m [32m INFO[0;39m [35m77047[0;39m [2m---[0;39m [2m[.15t][0;39m [36mc.n.e.r.AbstractInstanceRegistry         [       run:1247][0;39m [2m:[0;39m Running the evict task with compensationTime 0ms
[2m2019-03-04 18:49:09.866[0;39m [32m INFO[0;39m [35m77047[0;39m [2m---[0;39m [2m[.15t][0;39m [36mConfigServletWebServerApplicationContext [   doClose:993 ][0;39m [2m:[0;39m Closing org.springframework.boot.web.servlet.context.AnnotationConfigServletWebServerApplicationContext@748497b9: startup date [Mon Mar 04 18:47:46 CST 2019]; parent: org.springframework.context.annotation.AnnotationConfigApplicationContext@7a7c9571
[2m2019-03-04 18:49:09.895[0;39m [32m INFO[0;39m [35m77047[0;39m [2m---[0;39m [2m[.15t][0;39m [36mo.s.c.n.e.s.EurekaServiceRegistry        [deregister:65  ][0;39m [2m:[0;39m Unregistering application unknown with eureka with status DOWN
[2m2019-03-04 18:49:09.943[0;39m [32m INFO[0;39m [35m77047[0;39m [2m---[0;39m [2m[.15t][0;39m [36mo.s.c.s.DefaultLifecycleProcessor        [      stop:366 ][0;39m [2m:[0;39m Stopping beans in phase 0
[2m2019-03-04 18:49:09.955[0;39m [32m INFO[0;39m [35m77047[0;39m [2m---[0;39m [2m[.15t][0;39m [36mc.n.e.DefaultEurekaServerContext         [  shutdown:76  ][0;39m [2m:[0;39m Shutting down ...
[2m2019-03-04 18:49:09.984[0;39m [32m INFO[0;39m [35m77047[0;39m [2m---[0;39m [2m[.15t][0;39m [36mc.n.e.DefaultEurekaServerContext         [  shutdown:79  ][0;39m [2m:[0;39m Shut down
[2m2019-03-04 18:49:09.997[0;39m [32m INFO[0;39m [35m77047[0;39m [2m---[0;39m [2m[.15t][0;39m [36mo.s.j.e.a.AnnotationMBeanExporter        [   destroy:451 ][0;39m [2m:[0;39m Unregistering JMX-exposed beans on shutdown
[2m2019-03-04 18:49:10.002[0;39m [32m INFO[0;39m [35m77047[0;39m [2m---[0;39m [2m[.15t][0;39m [36mo.s.j.e.a.AnnotationMBeanExporter        [isterBeans:183 ][0;39m [2m:[0;39m Unregistering JMX-exposed beans
[2m2019-03-04 18:49:10.015[0;39m [32m INFO[0;39m [35m77047[0;39m [2m---[0;39m [2m[.15t][0;39m [36mc.n.d.DiscoveryClient                    [  shutdown:888 ][0;39m [2m:[0;39m Shutting down DiscoveryClient ...
[2m2019-03-04 18:49:10.016[0;39m [32m INFO[0;39m [35m77047[0;39m [2m---[0;39m [2m[.15t][0;39m [36mc.n.d.DiscoveryClient                    [  shutdown:911 ][0;39m [2m:[0;39m Completed shut down of DiscoveryClient
