[2m2019-05-22 11:07:17.197[0;39m [32m INFO[0;39m [35m28039[0;39m [2m---[0;39m [2m[.15t][0;39m [36mc.c.EurekaClientConsumerApplication      [rofileInfo:659 ][0;39m [2m:[0;39m No active profile set, falling back to default profiles: default
[2m2019-05-22 11:07:17.213[0;39m [32m INFO[0;39m [35m28039[0;39m [2m---[0;39m [2m[.15t][0;39m [36mConfigServletWebServerApplicationContext [areRefresh:590 ][0;39m [2m:[0;39m Refreshing org.springframework.boot.web.servlet.context.AnnotationConfigServletWebServerApplicationContext@35390ee3: startup date [Wed May 22 11:07:17 CST 2019]; parent: org.springframework.context.annotation.AnnotationConfigApplicationContext@3c73951
[2m2019-05-22 11:07:18.153[0;39m [32m INFO[0;39m [35m28039[0;39m [2m---[0;39m [2m[.15t][0;39m [36mo.s.c.c.s.GenericScope                   [lizationId:294 ][0;39m [2m:[0;39m BeanFactory id=584b9e4b-2e5b-3699-a3f8-ed48302e762d
[2m2019-05-22 11:07:18.176[0;39m [32m INFO[0;39m [35m28039[0;39m [2m---[0;39m [2m[.15t][0;39m [36mf.a.AutowiredAnnotationBeanPostProcessor [    <init>:154 ][0;39m [2m:[0;39m JSR-330 'javax.inject.Inject' annotation found and supported for autowiring
[2m2019-05-22 11:07:18.282[0;39m [32m INFO[0;39m [35m28039[0;39m [2m---[0;39m [2m[.15t][0;39m [36mtrationDelegate$BeanPostProcessorChecker [ialization:328 ][0;39m [2m:[0;39m Bean 'org.springframework.cloud.autoconfigure.ConfigurationPropertiesRebinderAutoConfiguration' of type [org.springframework.cloud.autoconfigure.ConfigurationPropertiesRebinderAutoConfiguration$$EnhancerBySpringCGLIB$$7d67e061] is not eligible for getting processed by all BeanPostProcessors (for example: not eligible for auto-proxying)
[2m2019-05-22 11:07:18.660[0;39m [32m INFO[0;39m [35m28039[0;39m [2m---[0;39m [2m[.15t][0;39m [36mo.s.b.w.e.t.TomcatWebServer              [initialize:91  ][0;39m [2m:[0;39m Tomcat initialized with port(s): 8002 (http)
[2m2019-05-22 11:07:18.687[0;39m [32m INFO[0;39m [35m28039[0;39m [2m---[0;39m [2m[.15t][0;39m [36mo.a.c.h.Http11NioProtocol                [       log:180 ][0;39m [2m:[0;39m Initializing ProtocolHandler ["http-nio-8002"]
[2m2019-05-22 11:07:18.710[0;39m [32m INFO[0;39m [35m28039[0;39m [2m---[0;39m [2m[.15t][0;39m [36mo.a.c.c.StandardService                  [       log:180 ][0;39m [2m:[0;39m Starting service [Tomcat]
[2m2019-05-22 11:07:18.711[0;39m [32m INFO[0;39m [35m28039[0;39m [2m---[0;39m [2m[.15t][0;39m [36mo.a.c.c.StandardEngine                   [       log:180 ][0;39m [2m:[0;39m Starting Servlet Engine: Apache Tomcat/8.5.29
[2m2019-05-22 11:07:18.728[0;39m [32m INFO[0;39m [35m28039[0;39m [2m---[0;39m [2m[.15t][0;39m [36mo.a.c.c.AprLifecycleListener             [       log:180 ][0;39m [2m:[0;39m The APR based Apache Tomcat Native library which allows optimal performance in production environments was not found on the java.library.path: [/Users/baozc/Library/Java/Extensions:/Library/Java/Extensions:/Network/Library/Java/Extensions:/System/Library/Java/Extensions:/usr/lib/java:.]
[2m2019-05-22 11:07:18.865[0;39m [32m INFO[0;39m [35m28039[0;39m [2m---[0;39m [2m[.15t][0;39m [36mo.a.c.c.C.[.[.[/]                        [       log:180 ][0;39m [2m:[0;39m Initializing Spring embedded WebApplicationContext
[2m2019-05-22 11:07:18.865[0;39m [32m INFO[0;39m [35m28039[0;39m [2m---[0;39m [2m[.15t][0;39m [36mo.s.w.c.ContextLoader                    [ionContext:285 ][0;39m [2m:[0;39m Root WebApplicationContext: initialization completed in 1652 ms
[2m2019-05-22 11:07:19.117[0;39m [33m WARN[0;39m [35m28039[0;39m [2m---[0;39m [2m[.15t][0;39m [36mc.n.c.s.URLConfigurationSource           [    <init>:121 ][0;39m [2m:[0;39m No URLs will be polled as dynamic configuration sources.
[2m2019-05-22 11:07:19.118[0;39m [32m INFO[0;39m [35m28039[0;39m [2m---[0;39m [2m[.15t][0;39m [36mc.n.c.s.URLConfigurationSource           [    <init>:122 ][0;39m [2m:[0;39m To enable URLs as dynamic configuration sources, define System property archaius.configurationSource.additionalUrls or make config.properties available on classpath.
[2m2019-05-22 11:07:19.134[0;39m [32m INFO[0;39m [35m28039[0;39m [2m---[0;39m [2m[.15t][0;39m [36mc.n.c.DynamicPropertyFactory             [etInstance:281 ][0;39m [2m:[0;39m DynamicPropertyFactory is initialized with configuration sources: com.netflix.config.ConcurrentCompositeConfiguration@7f7dcdd5
[2m2019-05-22 11:07:19.863[0;39m [32m INFO[0;39m [35m28039[0;39m [2m---[0;39m [2m[.15t][0;39m [36mo.s.b.w.s.ServletRegistrationBean        [gistration:185 ][0;39m [2m:[0;39m Servlet dispatcherServlet mapped to [/]
[2m2019-05-22 11:07:19.867[0;39m [32m INFO[0;39m [35m28039[0;39m [2m---[0;39m [2m[.15t][0;39m [36mo.s.b.w.s.FilterRegistrationBean         [ configure:244 ][0;39m [2m:[0;39m Mapping filter: 'characterEncodingFilter' to: [/*]
[2m2019-05-22 11:07:19.868[0;39m [32m INFO[0;39m [35m28039[0;39m [2m---[0;39m [2m[.15t][0;39m [36mo.s.b.w.s.FilterRegistrationBean         [ configure:244 ][0;39m [2m:[0;39m Mapping filter: 'hiddenHttpMethodFilter' to: [/*]
[2m2019-05-22 11:07:19.868[0;39m [32m INFO[0;39m [35m28039[0;39m [2m---[0;39m [2m[.15t][0;39m [36mo.s.b.w.s.FilterRegistrationBean         [ configure:244 ][0;39m [2m:[0;39m Mapping filter: 'httpPutFormContentFilter' to: [/*]
[2m2019-05-22 11:07:19.868[0;39m [32m INFO[0;39m [35m28039[0;39m [2m---[0;39m [2m[.15t][0;39m [36mo.s.b.w.s.FilterRegistrationBean         [ configure:244 ][0;39m [2m:[0;39m Mapping filter: 'requestContextFilter' to: [/*]
[2m2019-05-22 11:07:19.869[0;39m [32m INFO[0;39m [35m28039[0;39m [2m---[0;39m [2m[.15t][0;39m [36mo.s.b.w.s.FilterRegistrationBean         [ configure:244 ][0;39m [2m:[0;39m Mapping filter: 'httpTraceFilter' to: [/*]
[2m2019-05-22 11:07:19.869[0;39m [32m INFO[0;39m [35m28039[0;39m [2m---[0;39m [2m[.15t][0;39m [36mo.s.b.w.s.FilterRegistrationBean         [ configure:244 ][0;39m [2m:[0;39m Mapping filter: 'webMvcMetricsFilter' to: [/*]
[2m2019-05-22 11:07:19.963[0;39m [33m WARN[0;39m [35m28039[0;39m [2m---[0;39m [2m[.15t][0;39m [36mc.n.c.s.URLConfigurationSource           [    <init>:121 ][0;39m [2m:[0;39m No URLs will be polled as dynamic configuration sources.
[2m2019-05-22 11:07:19.964[0;39m [32m INFO[0;39m [35m28039[0;39m [2m---[0;39m [2m[.15t][0;39m [36mc.n.c.s.URLConfigurationSource           [    <init>:122 ][0;39m [2m:[0;39m To enable URLs as dynamic configuration sources, define System property archaius.configurationSource.additionalUrls or make config.properties available on classpath.
[2m2019-05-22 11:07:20.039[0;39m [32m INFO[0;39m [35m28039[0;39m [2m---[0;39m [2m[.15t][0;39m [36mo.s.w.s.h.SimpleUrlHandlerMapping        [terHandler:373 ][0;39m [2m:[0;39m Mapped URL path [/**/favicon.ico] onto handler of type [class org.springframework.web.servlet.resource.ResourceHttpRequestHandler]
[2m2019-05-22 11:07:20.206[0;39m [32m INFO[0;39m [35m28039[0;39m [2m---[0;39m [2m[.15t][0;39m [36ms.w.s.m.m.a.RequestMappingHandlerAdapter [dviceCache:574 ][0;39m [2m:[0;39m Looking for @ControllerAdvice: org.springframework.boot.web.servlet.context.AnnotationConfigServletWebServerApplicationContext@35390ee3: startup date [Wed May 22 11:07:17 CST 2019]; parent: org.springframework.context.annotation.AnnotationConfigApplicationContext@3c73951
[2m2019-05-22 11:07:20.285[0;39m [32m INFO[0;39m [35m28039[0;39m [2m---[0;39m [2m[.15t][0;39m [36ms.w.s.m.m.a.RequestMappingHandlerMapping [  register:547 ][0;39m [2m:[0;39m Mapped "{[/apps],methods=[GET]}" onto public java.lang.String com.client.HelloController.apps()
[2m2019-05-22 11:07:20.286[0;39m [32m INFO[0;39m [35m28039[0;39m [2m---[0;39m [2m[.15t][0;39m [36ms.w.s.m.m.a.RequestMappingHandlerMapping [  register:547 ][0;39m [2m:[0;39m Mapped "{[/getHello],methods=[GET]}" onto public java.lang.String com.client.HelloController.getHello()
[2m2019-05-22 11:07:20.287[0;39m [32m INFO[0;39m [35m28039[0;39m [2m---[0;39m [2m[.15t][0;39m [36ms.w.s.m.m.a.RequestMappingHandlerMapping [  register:547 ][0;39m [2m:[0;39m Mapped "{[/url],methods=[GET]}" onto public java.lang.String com.client.HelloController.serviceUrl()
[2m2019-05-22 11:07:20.287[0;39m [32m INFO[0;39m [35m28039[0;39m [2m---[0;39m [2m[.15t][0;39m [36ms.w.s.m.m.a.RequestMappingHandlerMapping [  register:547 ][0;39m [2m:[0;39m Mapped "{[/url1],methods=[GET]}" onto public java.lang.String com.client.HelloController.serviceUrl1()
[2m2019-05-22 11:07:20.291[0;39m [32m INFO[0;39m [35m28039[0;39m [2m---[0;39m [2m[.15t][0;39m [36ms.w.s.m.m.a.RequestMappingHandlerMapping [  register:547 ][0;39m [2m:[0;39m Mapped "{[/error]}" onto public org.springframework.http.ResponseEntity<java.util.Map<java.lang.String, java.lang.Object>> org.springframework.boot.autoconfigure.web.servlet.error.BasicErrorController.error(javax.servlet.http.HttpServletRequest)
[2m2019-05-22 11:07:20.292[0;39m [32m INFO[0;39m [35m28039[0;39m [2m---[0;39m [2m[.15t][0;39m [36ms.w.s.m.m.a.RequestMappingHandlerMapping [  register:547 ][0;39m [2m:[0;39m Mapped "{[/error],produces=[text/html]}" onto public org.springframework.web.servlet.ModelAndView org.springframework.boot.autoconfigure.web.servlet.error.BasicErrorController.errorHtml(javax.servlet.http.HttpServletRequest,javax.servlet.http.HttpServletResponse)
[2m2019-05-22 11:07:20.325[0;39m [32m INFO[0;39m [35m28039[0;39m [2m---[0;39m [2m[.15t][0;39m [36mo.s.w.s.h.SimpleUrlHandlerMapping        [terHandler:373 ][0;39m [2m:[0;39m Mapped URL path [/webjars/**] onto handler of type [class org.springframework.web.servlet.resource.ResourceHttpRequestHandler]
[2m2019-05-22 11:07:20.326[0;39m [32m INFO[0;39m [35m28039[0;39m [2m---[0;39m [2m[.15t][0;39m [36mo.s.w.s.h.SimpleUrlHandlerMapping        [terHandler:373 ][0;39m [2m:[0;39m Mapped URL path [/**] onto handler of type [class org.springframework.web.servlet.resource.ResourceHttpRequestHandler]
[2m2019-05-22 11:07:20.777[0;39m [32m INFO[0;39m [35m28039[0;39m [2m---[0;39m [2m[.15t][0;39m [36mo.s.b.a.e.w.EndpointLinksResolver        [    <init>:59  ][0;39m [2m:[0;39m Exposing 2 endpoint(s) beneath base path '/actuator'
[2m2019-05-22 11:07:20.787[0;39m [32m INFO[0;39m [35m28039[0;39m [2m---[0;39m [2m[.15t][0;39m [36ms.b.a.e.w.s.WebMvcEndpointHandlerMapping [  register:547 ][0;39m [2m:[0;39m Mapped "{[/actuator/health],methods=[GET],produces=[application/vnd.spring-boot.actuator.v2+json || application/json]}" onto public java.lang.Object org.springframework.boot.actuate.endpoint.web.servlet.AbstractWebMvcEndpointHandlerMapping$OperationHandler.handle(javax.servlet.http.HttpServletRequest,java.util.Map<java.lang.String, java.lang.String>)
[2m2019-05-22 11:07:20.788[0;39m [32m INFO[0;39m [35m28039[0;39m [2m---[0;39m [2m[.15t][0;39m [36ms.b.a.e.w.s.WebMvcEndpointHandlerMapping [  register:547 ][0;39m [2m:[0;39m Mapped "{[/actuator/info],methods=[GET],produces=[application/vnd.spring-boot.actuator.v2+json || application/json]}" onto public java.lang.Object org.springframework.boot.actuate.endpoint.web.servlet.AbstractWebMvcEndpointHandlerMapping$OperationHandler.handle(javax.servlet.http.HttpServletRequest,java.util.Map<java.lang.String, java.lang.String>)
[2m2019-05-22 11:07:20.789[0;39m [32m INFO[0;39m [35m28039[0;39m [2m---[0;39m [2m[.15t][0;39m [36ms.b.a.e.w.s.WebMvcEndpointHandlerMapping [  register:547 ][0;39m [2m:[0;39m Mapped "{[/actuator],methods=[GET],produces=[application/vnd.spring-boot.actuator.v2+json || application/json]}" onto protected java.util.Map<java.lang.String, java.util.Map<java.lang.String, org.springframework.boot.actuate.endpoint.web.Link>> org.springframework.boot.actuate.endpoint.web.servlet.WebMvcEndpointHandlerMapping.links(javax.servlet.http.HttpServletRequest,javax.servlet.http.HttpServletResponse)
[2m2019-05-22 11:07:20.842[0;39m [32m INFO[0;39m [35m28039[0;39m [2m---[0;39m [2m[.15t][0;39m [36mo.s.j.e.a.AnnotationMBeanExporter        [stantiated:433 ][0;39m [2m:[0;39m Registering beans for JMX exposure on startup
[2m2019-05-22 11:07:20.851[0;39m [32m INFO[0;39m [35m28039[0;39m [2m---[0;39m [2m[.15t][0;39m [36mo.s.j.e.a.AnnotationMBeanExporter        [autodetect:895 ][0;39m [2m:[0;39m Bean with name 'environmentManager' has been autodetected for JMX exposure
[2m2019-05-22 11:07:20.853[0;39m [32m INFO[0;39m [35m28039[0;39m [2m---[0;39m [2m[.15t][0;39m [36mo.s.j.e.a.AnnotationMBeanExporter        [autodetect:895 ][0;39m [2m:[0;39m Bean with name 'configurationPropertiesRebinder' has been autodetected for JMX exposure
[2m2019-05-22 11:07:20.853[0;39m [32m INFO[0;39m [35m28039[0;39m [2m---[0;39m [2m[.15t][0;39m [36mo.s.j.e.a.AnnotationMBeanExporter        [autodetect:895 ][0;39m [2m:[0;39m Bean with name 'refreshScope' has been autodetected for JMX exposure
[2m2019-05-22 11:07:20.856[0;39m [32m INFO[0;39m [35m28039[0;39m [2m---[0;39m [2m[.15t][0;39m [36mo.s.j.e.a.AnnotationMBeanExporter        [anInstance:675 ][0;39m [2m:[0;39m Located managed bean 'environmentManager': registering with JMX server as MBean [org.springframework.cloud.context.environment:name=environmentManager,type=EnvironmentManager]
[2m2019-05-22 11:07:20.867[0;39m [32m INFO[0;39m [35m28039[0;39m [2m---[0;39m [2m[.15t][0;39m [36mo.s.j.e.a.AnnotationMBeanExporter        [anInstance:675 ][0;39m [2m:[0;39m Located managed bean 'refreshScope': registering with JMX server as MBean [org.springframework.cloud.context.scope.refresh:name=refreshScope,type=RefreshScope]
[2m2019-05-22 11:07:20.877[0;39m [32m INFO[0;39m [35m28039[0;39m [2m---[0;39m [2m[.15t][0;39m [36mo.s.j.e.a.AnnotationMBeanExporter        [anInstance:675 ][0;39m [2m:[0;39m Located managed bean 'configurationPropertiesRebinder': registering with JMX server as MBean [org.springframework.cloud.context.properties:name=configurationPropertiesRebinder,context=35390ee3,type=ConfigurationPropertiesRebinder]
[2m2019-05-22 11:07:20.890[0;39m [32m INFO[0;39m [35m28039[0;39m [2m---[0;39m [2m[.15t][0;39m [36mo.s.c.s.DefaultLifecycleProcessor        [     start:351 ][0;39m [2m:[0;39m Starting beans in phase 0
[2m2019-05-22 11:07:20.900[0;39m [32m INFO[0;39m [35m28039[0;39m [2m---[0;39m [2m[.15t][0;39m [36mo.s.c.n.e.InstanceInfoFactory            [    create:71  ][0;39m [2m:[0;39m Setting initial instance status as: STARTING
[2m2019-05-22 11:07:20.951[0;39m [32m INFO[0;39m [35m28039[0;39m [2m---[0;39m [2m[.15t][0;39m [36mc.n.d.DiscoveryClient                    [    <init>:349 ][0;39m [2m:[0;39m Initializing Eureka in region us-east-1
[2m2019-05-22 11:07:21.233[0;39m [32m INFO[0;39m [35m28039[0;39m [2m---[0;39m [2m[.15t][0;39m [36mc.n.d.p.DiscoveryJerseyProvider          [    <init>:70  ][0;39m [2m:[0;39m Using JSON encoding codec LegacyJacksonJson
[2m2019-05-22 11:07:21.234[0;39m [32m INFO[0;39m [35m28039[0;39m [2m---[0;39m [2m[.15t][0;39m [36mc.n.d.p.DiscoveryJerseyProvider          [    <init>:71  ][0;39m [2m:[0;39m Using JSON decoding codec LegacyJacksonJson
[2m2019-05-22 11:07:21.364[0;39m [32m INFO[0;39m [35m28039[0;39m [2m---[0;39m [2m[.15t][0;39m [36mc.n.d.p.DiscoveryJerseyProvider          [    <init>:80  ][0;39m [2m:[0;39m Using XML encoding codec XStreamXml
[2m2019-05-22 11:07:21.365[0;39m [32m INFO[0;39m [35m28039[0;39m [2m---[0;39m [2m[.15t][0;39m [36mc.n.d.p.DiscoveryJerseyProvider          [    <init>:81  ][0;39m [2m:[0;39m Using XML decoding codec XStreamXml
[2m2019-05-22 11:07:21.552[0;39m [32m INFO[0;39m [35m28039[0;39m [2m---[0;39m [2m[.15t][0;39m [36mc.n.d.s.r.a.ConfigClusterResolver        [rEndpoints:43  ][0;39m [2m:[0;39m Resolving eureka endpoints via configuration
[2m2019-05-22 11:07:21.574[0;39m [32m INFO[0;39m [35m28039[0;39m [2m---[0;39m [2m[.15t][0;39m [36mc.n.d.DiscoveryClient                    [chRegistry:958 ][0;39m [2m:[0;39m Disable delta property : false
[2m2019-05-22 11:07:21.575[0;39m [32m INFO[0;39m [35m28039[0;39m [2m---[0;39m [2m[.15t][0;39m [36mc.n.d.DiscoveryClient                    [chRegistry:959 ][0;39m [2m:[0;39m Single vip registry refresh property : null
[2m2019-05-22 11:07:21.575[0;39m [32m INFO[0;39m [35m28039[0;39m [2m---[0;39m [2m[.15t][0;39m [36mc.n.d.DiscoveryClient                    [chRegistry:960 ][0;39m [2m:[0;39m Force full registry fetch : false
[2m2019-05-22 11:07:21.576[0;39m [32m INFO[0;39m [35m28039[0;39m [2m---[0;39m [2m[.15t][0;39m [36mc.n.d.DiscoveryClient                    [chRegistry:961 ][0;39m [2m:[0;39m Application is null : false
[2m2019-05-22 11:07:21.576[0;39m [32m INFO[0;39m [35m28039[0;39m [2m---[0;39m [2m[.15t][0;39m [36mc.n.d.DiscoveryClient                    [chRegistry:962 ][0;39m [2m:[0;39m Registered Applications size is zero : true
[2m2019-05-22 11:07:21.577[0;39m [32m INFO[0;39m [35m28039[0;39m [2m---[0;39m [2m[.15t][0;39m [36mc.n.d.DiscoveryClient                    [chRegistry:964 ][0;39m [2m:[0;39m Application version is -1: true
[2m2019-05-22 11:07:21.577[0;39m [32m INFO[0;39m [35m28039[0;39m [2m---[0;39m [2m[.15t][0;39m [36mc.n.d.DiscoveryClient                    [llRegistry:1047][0;39m [2m:[0;39m Getting all instance registry info from the eureka server
[2m2019-05-22 11:07:21.810[0;39m [32m INFO[0;39m [35m28039[0;39m [2m---[0;39m [2m[.15t][0;39m [36mc.n.d.DiscoveryClient                    [llRegistry:1056][0;39m [2m:[0;39m The response status is 200
[2m2019-05-22 11:07:21.813[0;39m [32m INFO[0;39m [35m28039[0;39m [2m---[0;39m [2m[.15t][0;39m [36mc.n.d.DiscoveryClient                    [duledTasks:1264][0;39m [2m:[0;39m Starting heartbeat executor: renew interval is: 30
[2m2019-05-22 11:07:21.817[0;39m [32m INFO[0;39m [35m28039[0;39m [2m---[0;39m [2m[.15t][0;39m [36mc.n.d.InstanceInfoReplicator             [    <init>:60  ][0;39m [2m:[0;39m InstanceInfoReplicator onDemand update allowed rate per min is 4
[2m2019-05-22 11:07:21.821[0;39m [32m INFO[0;39m [35m28039[0;39m [2m---[0;39m [2m[.15t][0;39m [36mc.n.d.DiscoveryClient                    [    <init>:449 ][0;39m [2m:[0;39m Discovery Client initialized at timestamp 1558494441820 with initial instances count: 1
[2m2019-05-22 11:07:21.825[0;39m [32m INFO[0;39m [35m28039[0;39m [2m---[0;39m [2m[.15t][0;39m [36mo.s.c.n.e.s.EurekaServiceRegistry        [  register:42  ][0;39m [2m:[0;39m Registering application eureka-client-consumer with eureka with status UP
[2m2019-05-22 11:07:21.826[0;39m [32m INFO[0;39m [35m28039[0;39m [2m---[0;39m [2m[.15t][0;39m [36mc.n.d.DiscoveryClient                    [    notify:1299][0;39m [2m:[0;39m Saw local status change event StatusChangeEvent [timestamp=1558494441825, current=UP, previous=STARTING]
[2m2019-05-22 11:07:21.827[0;39m [32m INFO[0;39m [35m28039[0;39m [2m---[0;39m [2m[.15t][0;39m [36mc.n.d.DiscoveryClient                    [  register:826 ][0;39m [2m:[0;39m DiscoveryClient_EUREKA-CLIENT-CONSUMER/192.168.26.110:eureka-client-consumer:8002: registering service...
[2m2019-05-22 11:07:21.869[0;39m [32m INFO[0;39m [35m28039[0;39m [2m---[0;39m [2m[.15t][0;39m [36mc.n.d.DiscoveryClient                    [  register:835 ][0;39m [2m:[0;39m DiscoveryClient_EUREKA-CLIENT-CONSUMER/192.168.26.110:eureka-client-consumer:8002 - registration status: 204
[2m2019-05-22 11:07:21.871[0;39m [32m INFO[0;39m [35m28039[0;39m [2m---[0;39m [2m[.15t][0;39m [36mo.a.c.h.Http11NioProtocol                [       log:180 ][0;39m [2m:[0;39m Starting ProtocolHandler ["http-nio-8002"]
[2m2019-05-22 11:07:21.916[0;39m [32m INFO[0;39m [35m28039[0;39m [2m---[0;39m [2m[.15t][0;39m [36mo.a.t.u.n.NioSelectorPool                [       log:180 ][0;39m [2m:[0;39m Using a shared selector for servlet write/read
[2m2019-05-22 11:07:21.935[0;39m [32m INFO[0;39m [35m28039[0;39m [2m---[0;39m [2m[.15t][0;39m [36mo.s.b.w.e.t.TomcatWebServer              [     start:206 ][0;39m [2m:[0;39m Tomcat started on port(s): 8002 (http) with context path ''
[2m2019-05-22 11:07:21.937[0;39m [32m INFO[0;39m [35m28039[0;39m [2m---[0;39m [2m[.15t][0;39m [36m.s.c.n.e.s.EurekaAutoServiceRegistration [ationEvent:124 ][0;39m [2m:[0;39m Updating port to 8002
[2m2019-05-22 11:07:21.941[0;39m [32m INFO[0;39m [35m28039[0;39m [2m---[0;39m [2m[.15t][0;39m [36mc.c.EurekaClientConsumerApplication      [logStarted:59  ][0;39m [2m:[0;39m Started EurekaClientConsumerApplication in 5.989 seconds (JVM running for 6.863)
[2m2019-05-22 11:10:08.584[0;39m [32m INFO[0;39m [35m28039[0;39m [2m---[0;39m [2m[.15t][0;39m [36mo.a.c.c.C.[.[.[/]                        [       log:180 ][0;39m [2m:[0;39m Initializing Spring FrameworkServlet 'dispatcherServlet'
[2m2019-05-22 11:10:08.588[0;39m [32m INFO[0;39m [35m28039[0;39m [2m---[0;39m [2m[.15t][0;39m [36mo.s.w.s.DispatcherServlet                [ervletBean:494 ][0;39m [2m:[0;39m FrameworkServlet 'dispatcherServlet': initialization started
[2m2019-05-22 11:10:08.651[0;39m [32m INFO[0;39m [35m28039[0;39m [2m---[0;39m [2m[.15t][0;39m [36mo.s.w.s.DispatcherServlet                [ervletBean:509 ][0;39m [2m:[0;39m FrameworkServlet 'dispatcherServlet': initialization completed in 62 ms
[2m2019-05-22 11:12:21.586[0;39m [32m INFO[0;39m [35m28039[0;39m [2m---[0;39m [2m[.15t][0;39m [36mc.n.d.s.r.a.ConfigClusterResolver        [rEndpoints:43  ][0;39m [2m:[0;39m Resolving eureka endpoints via configuration
[2m2019-05-22 11:12:42.410[0;39m [32m INFO[0;39m [35m28039[0;39m [2m---[0;39m [2m[.15t][0;39m [36mc.c.HelloController                      [  getHello:34  ][0;39m [2m:[0;39m consumer request
[2m2019-05-22 11:12:42.474[0;39m [32m INFO[0;39m [35m28039[0;39m [2m---[0;39m [2m[.15t][0;39m [36ms.c.a.AnnotationConfigApplicationContext [areRefresh:590 ][0;39m [2m:[0;39m Refreshing SpringClientFactory-EUREKA-CLIENT1: startup date [Wed May 22 11:12:42 CST 2019]; parent: org.springframework.boot.web.servlet.context.AnnotationConfigServletWebServerApplicationContext@35390ee3
[2m2019-05-22 11:12:42.626[0;39m [32m INFO[0;39m [35m28039[0;39m [2m---[0;39m [2m[.15t][0;39m [36mf.a.AutowiredAnnotationBeanPostProcessor [    <init>:154 ][0;39m [2m:[0;39m JSR-330 'javax.inject.Inject' annotation found and supported for autowiring
[2m2019-05-22 11:12:43.122[0;39m [32m INFO[0;39m [35m28039[0;39m [2m---[0;39m [2m[.15t][0;39m [36mc.n.c.ChainedDynamicProperty             [eckAndFlip:115 ][0;39m [2m:[0;39m Flipping property: EUREKA-CLIENT1.ribbon.ActiveConnectionsLimit to use NEXT property: niws.loadbalancer.availabilityFilteringRule.activeConnectionsLimit = 2147483647
[2m2019-05-22 11:12:43.159[0;39m [32m INFO[0;39m [35m28039[0;39m [2m---[0;39m [2m[.15t][0;39m [36mc.n.u.c.ShutdownEnabledTimer             [    <init>:58  ][0;39m [2m:[0;39m Shutdown hook installed for: NFLoadBalancer-PingTimer-EUREKA-CLIENT1
[2m2019-05-22 11:12:43.192[0;39m [32m INFO[0;39m [35m28039[0;39m [2m---[0;39m [2m[.15t][0;39m [36mc.n.l.BaseLoadBalancer                   [WithConfig:192 ][0;39m [2m:[0;39m Client: EUREKA-CLIENT1 instantiated a LoadBalancer: DynamicServerListLoadBalancer:{NFLoadBalancer:name=EUREKA-CLIENT1,current list of Servers=[],Load balancer stats=Zone stats: {},Server stats: []}ServerList:null
[2m2019-05-22 11:12:43.206[0;39m [32m INFO[0;39m [35m28039[0;39m [2m---[0;39m [2m[.15t][0;39m [36mc.n.l.DynamicServerListLoadBalancer      [ersFeature:222 ][0;39m [2m:[0;39m Using serverListUpdater PollingServerListUpdater
[2m2019-05-22 11:12:43.240[0;39m [32m INFO[0;39m [35m28039[0;39m [2m---[0;39m [2m[.15t][0;39m [36mc.n.c.ChainedDynamicProperty             [eckAndFlip:115 ][0;39m [2m:[0;39m Flipping property: EUREKA-CLIENT1.ribbon.ActiveConnectionsLimit to use NEXT property: niws.loadbalancer.availabilityFilteringRule.activeConnectionsLimit = 2147483647
[2m2019-05-22 11:12:43.244[0;39m [32m INFO[0;39m [35m28039[0;39m [2m---[0;39m [2m[.15t][0;39m [36mc.n.l.DynamicServerListLoadBalancer      [restOfInit:150 ][0;39m [2m:[0;39m DynamicServerListLoadBalancer for client EUREKA-CLIENT1 initialized: DynamicServerListLoadBalancer:{NFLoadBalancer:name=EUREKA-CLIENT1,current list of Servers=[localhost:8001],Load balancer stats=Zone stats: {defaultzone=[Zone:defaultzone;	Instance count:1;	Active connections count: 0;	Circuit breaker tripped count: 0;	Active connections per server: 0.0;]
},Server stats: [[Server:localhost:8001;	Zone:defaultZone;	Total Requests:0;	Successive connection failure:0;	Total blackout seconds:0;	Last connection made:Thu Jan 01 08:00:00 CST 1970;	First connection made: Thu Jan 01 08:00:00 CST 1970;	Active Connections:0;	total failure count in last (1000) msecs:0;	average resp time:0.0;	90 percentile resp time:0.0;	95 percentile resp time:0.0;	min resp time:0.0;	max resp time:0.0;	stddev resp time:0.0]
]}ServerList:org.springframework.cloud.netflix.ribbon.eureka.DomainExtractingServerList@5aa26527
[2m2019-05-22 11:12:44.211[0;39m [32m INFO[0;39m [35m28039[0;39m [2m---[0;39m [2m[.15t][0;39m [36mc.n.c.ChainedDynamicProperty             [eckAndFlip:115 ][0;39m [2m:[0;39m Flipping property: EUREKA-CLIENT1.ribbon.ActiveConnectionsLimit to use NEXT property: niws.loadbalancer.availabilityFilteringRule.activeConnectionsLimit = 2147483647
[2m2019-05-22 11:15:24.250[0;39m [32m INFO[0;39m [35m28039[0;39m [2m---[0;39m [2m[.15t][0;39m [36mConfigServletWebServerApplicationContext [   doClose:993 ][0;39m [2m:[0;39m Closing org.springframework.boot.web.servlet.context.AnnotationConfigServletWebServerApplicationContext@35390ee3: startup date [Wed May 22 11:07:17 CST 2019]; parent: org.springframework.context.annotation.AnnotationConfigApplicationContext@3c73951
[2m2019-05-22 11:15:24.250[0;39m [32m INFO[0;39m [35m28039[0;39m [2m---[0;39m [2m[.15t][0;39m [36mc.n.l.PollingServerListUpdater           [       run:53  ][0;39m [2m:[0;39m Shutting down the Executor Pool for PollingServerListUpdater
[2m2019-05-22 11:15:24.259[0;39m [32m INFO[0;39m [35m28039[0;39m [2m---[0;39m [2m[.15t][0;39m [36mo.s.c.n.e.s.EurekaServiceRegistry        [deregister:65  ][0;39m [2m:[0;39m Unregistering application eureka-client-consumer with eureka with status DOWN
[2m2019-05-22 11:15:24.260[0;39m [33m WARN[0;39m [35m28039[0;39m [2m---[0;39m [2m[.15t][0;39m [36mc.n.d.DiscoveryClient                    [    notify:1297][0;39m [2m:[0;39m Saw local status change event StatusChangeEvent [timestamp=1558494924260, current=DOWN, previous=UP]
[2m2019-05-22 11:15:24.263[0;39m [32m INFO[0;39m [35m28039[0;39m [2m---[0;39m [2m[.15t][0;39m [36mc.n.d.DiscoveryClient                    [  register:826 ][0;39m [2m:[0;39m DiscoveryClient_EUREKA-CLIENT-CONSUMER/192.168.26.110:eureka-client-consumer:8002: registering service...
[2m2019-05-22 11:15:24.307[0;39m [32m INFO[0;39m [35m28039[0;39m [2m---[0;39m [2m[.15t][0;39m [36mc.n.d.DiscoveryClient                    [  register:835 ][0;39m [2m:[0;39m DiscoveryClient_EUREKA-CLIENT-CONSUMER/192.168.26.110:eureka-client-consumer:8002 - registration status: 204
[2m2019-05-22 11:15:24.314[0;39m [32m INFO[0;39m [35m28039[0;39m [2m---[0;39m [2m[.15t][0;39m [36mo.s.c.s.DefaultLifecycleProcessor        [      stop:366 ][0;39m [2m:[0;39m Stopping beans in phase 0
[2m2019-05-22 11:15:24.338[0;39m [32m INFO[0;39m [35m28039[0;39m [2m---[0;39m [2m[.15t][0;39m [36ms.c.a.AnnotationConfigApplicationContext [   doClose:993 ][0;39m [2m:[0;39m Closing SpringClientFactory-EUREKA-CLIENT1: startup date [Wed May 22 11:12:42 CST 2019]; parent: org.springframework.boot.web.servlet.context.AnnotationConfigServletWebServerApplicationContext@35390ee3
[2m2019-05-22 11:15:24.387[0;39m [32m INFO[0;39m [35m28039[0;39m [2m---[0;39m [2m[.15t][0;39m [36mc.n.u.c.ShutdownEnabledTimer             [    cancel:67  ][0;39m [2m:[0;39m Shutdown hook removed for: NFLoadBalancer-PingTimer-EUREKA-CLIENT1
[2m2019-05-22 11:15:24.388[0;39m [32m INFO[0;39m [35m28039[0;39m [2m---[0;39m [2m[.15t][0;39m [36mc.n.u.c.ShutdownEnabledTimer             [    cancel:72  ][0;39m [2m:[0;39m Exception caught (might be ok if at shutdown)

java.lang.IllegalStateException: Shutdown in progress
	at java.lang.ApplicationShutdownHooks.remove(ApplicationShutdownHooks.java:82) ~[?:1.8.0_171]
	at java.lang.Runtime.removeShutdownHook(Runtime.java:239) ~[?:1.8.0_171]
	at com.netflix.util.concurrent.ShutdownEnabledTimer.cancel(ShutdownEnabledTimer.java:70) [netflix-commons-util-0.3.0.jar:0.3.0]
	at com.netflix.loadbalancer.BaseLoadBalancer.cancelPingTask(BaseLoadBalancer.java:613) [ribbon-loadbalancer-2.2.5.jar:2.2.5]
	at com.netflix.loadbalancer.BaseLoadBalancer.shutdown(BaseLoadBalancer.java:864) [ribbon-loadbalancer-2.2.5.jar:2.2.5]
	at com.netflix.loadbalancer.DynamicServerListLoadBalancer.shutdown(DynamicServerListLoadBalancer.java:285) [ribbon-loadbalancer-2.2.5.jar:2.2.5]
	at sun.reflect.NativeMethodAccessorImpl.invoke0(Native Method) ~[?:1.8.0_171]
	at sun.reflect.NativeMethodAccessorImpl.invoke(NativeMethodAccessorImpl.java:62) ~[?:1.8.0_171]
	at sun.reflect.DelegatingMethodAccessorImpl.invoke(DelegatingMethodAccessorImpl.java:43) ~[?:1.8.0_171]
	at java.lang.reflect.Method.invoke(Method.java:498) ~[?:1.8.0_171]
	at org.springframework.beans.factory.support.DisposableBeanAdapter.invokeCustomDestroyMethod(DisposableBeanAdapter.java:337) [spring-beans-5.0.5.RELEASE.jar:5.0.5.RELEASE]
	at org.springframework.beans.factory.support.DisposableBeanAdapter.destroy(DisposableBeanAdapter.java:271) [spring-beans-5.0.5.RELEASE.jar:5.0.5.RELEASE]
	at org.springframework.beans.factory.support.DefaultSingletonBeanRegistry.destroyBean(DefaultSingletonBeanRegistry.java:577) [spring-beans-5.0.5.RELEASE.jar:5.0.5.RELEASE]
	at org.springframework.beans.factory.support.DefaultSingletonBeanRegistry.destroySingleton(DefaultSingletonBeanRegistry.java:549) [spring-beans-5.0.5.RELEASE.jar:5.0.5.RELEASE]
	at org.springframework.beans.factory.support.DefaultListableBeanFactory.destroySingleton(DefaultListableBeanFactory.java:957) [spring-beans-5.0.5.RELEASE.jar:5.0.5.RELEASE]
	at org.springframework.beans.factory.support.DefaultSingletonBeanRegistry.destroySingletons(DefaultSingletonBeanRegistry.java:510) [spring-beans-5.0.5.RELEASE.jar:5.0.5.RELEASE]
	at org.springframework.beans.factory.support.DefaultListableBeanFactory.destroySingletons(DefaultListableBeanFactory.java:964) [spring-beans-5.0.5.RELEASE.jar:5.0.5.RELEASE]
	at org.springframework.context.support.AbstractApplicationContext.destroyBeans(AbstractApplicationContext.java:1041) [spring-context-5.0.5.RELEASE.jar:5.0.5.RELEASE]
	at org.springframework.context.support.AbstractApplicationContext.doClose(AbstractApplicationContext.java:1017) [spring-context-5.0.5.RELEASE.jar:5.0.5.RELEASE]
	at org.springframework.context.support.AbstractApplicationContext.close(AbstractApplicationContext.java:967) [spring-context-5.0.5.RELEASE.jar:5.0.5.RELEASE]
	at org.springframework.cloud.context.named.NamedContextFactory.destroy(NamedContextFactory.java:76) [spring-cloud-context-2.0.0.RELEASE.jar:2.0.0.RELEASE]
	at org.springframework.beans.factory.support.DisposableBeanAdapter.destroy(DisposableBeanAdapter.java:256) [spring-beans-5.0.5.RELEASE.jar:5.0.5.RELEASE]
	at org.springframework.beans.factory.support.DefaultSingletonBeanRegistry.destroyBean(DefaultSingletonBeanRegistry.java:577) [spring-beans-5.0.5.RELEASE.jar:5.0.5.RELEASE]
	at org.springframework.beans.factory.support.DefaultSingletonBeanRegistry.destroySingleton(DefaultSingletonBeanRegistry.java:549) [spring-beans-5.0.5.RELEASE.jar:5.0.5.RELEASE]
	at org.springframework.beans.factory.support.DefaultListableBeanFactory.destroySingleton(DefaultListableBeanFactory.java:957) [spring-beans-5.0.5.RELEASE.jar:5.0.5.RELEASE]
	at org.springframework.beans.factory.support.DefaultSingletonBeanRegistry.destroySingletons(DefaultSingletonBeanRegistry.java:510) [spring-beans-5.0.5.RELEASE.jar:5.0.5.RELEASE]
	at org.springframework.beans.factory.support.DefaultListableBeanFactory.destroySingletons(DefaultListableBeanFactory.java:964) [spring-beans-5.0.5.RELEASE.jar:5.0.5.RELEASE]
	at org.springframework.context.support.AbstractApplicationContext.destroyBeans(AbstractApplicationContext.java:1041) [spring-context-5.0.5.RELEASE.jar:5.0.5.RELEASE]
	at org.springframework.context.support.AbstractApplicationContext.doClose(AbstractApplicationContext.java:1017) [spring-context-5.0.5.RELEASE.jar:5.0.5.RELEASE]
	at org.springframework.context.support.AbstractApplicationContext$1.run(AbstractApplicationContext.java:937) [spring-context-5.0.5.RELEASE.jar:5.0.5.RELEASE]

[2m2019-05-22 11:15:24.435[0;39m [32m INFO[0;39m [35m28039[0;39m [2m---[0;39m [2m[.15t][0;39m [36mo.s.j.e.a.AnnotationMBeanExporter        [   destroy:451 ][0;39m [2m:[0;39m Unregistering JMX-exposed beans on shutdown
[2m2019-05-22 11:15:24.438[0;39m [32m INFO[0;39m [35m28039[0;39m [2m---[0;39m [2m[.15t][0;39m [36mo.s.j.e.a.AnnotationMBeanExporter        [isterBeans:183 ][0;39m [2m:[0;39m Unregistering JMX-exposed beans
[2m2019-05-22 11:15:24.445[0;39m [32m INFO[0;39m [35m28039[0;39m [2m---[0;39m [2m[.15t][0;39m [36mc.n.d.DiscoveryClient                    [  shutdown:888 ][0;39m [2m:[0;39m Shutting down DiscoveryClient ...
[2m2019-05-22 11:15:27.501[0;39m [32m INFO[0;39m [35m28039[0;39m [2m---[0;39m [2m[.15t][0;39m [36mc.n.d.DiscoveryClient                    [unregister:922 ][0;39m [2m:[0;39m Unregistering ...
[2m2019-05-22 11:15:27.726[0;39m [32m INFO[0;39m [35m28039[0;39m [2m---[0;39m [2m[.15t][0;39m [36mc.n.d.DiscoveryClient                    [unregister:924 ][0;39m [2m:[0;39m DiscoveryClient_EUREKA-CLIENT-CONSUMER/192.168.26.110:eureka-client-consumer:8002 - deregister  status: 200
[2m2019-05-22 11:15:27.784[0;39m [32m INFO[0;39m [35m28039[0;39m [2m---[0;39m [2m[.15t][0;39m [36mc.n.d.DiscoveryClient                    [  shutdown:911 ][0;39m [2m:[0;39m Completed shut down of DiscoveryClient
[2m2019-05-22 11:16:06.276[0;39m [32m INFO[0;39m [35m29748[0;39m [2m---[0;39m [2m[.15t][0;39m [36mc.c.EurekaClientConsumerApplication      [rofileInfo:659 ][0;39m [2m:[0;39m No active profile set, falling back to default profiles: default
[2m2019-05-22 11:16:06.302[0;39m [32m INFO[0;39m [35m29748[0;39m [2m---[0;39m [2m[.15t][0;39m [36mConfigServletWebServerApplicationContext [areRefresh:590 ][0;39m [2m:[0;39m Refreshing org.springframework.boot.web.servlet.context.AnnotationConfigServletWebServerApplicationContext@7ce97ee5: startup date [Wed May 22 11:16:06 CST 2019]; parent: org.springframework.context.annotation.AnnotationConfigApplicationContext@7bd4937b
[2m2019-05-22 11:16:07.406[0;39m [32m INFO[0;39m [35m29748[0;39m [2m---[0;39m [2m[.15t][0;39m [36mo.s.c.c.s.GenericScope                   [lizationId:294 ][0;39m [2m:[0;39m BeanFactory id=584b9e4b-2e5b-3699-a3f8-ed48302e762d
[2m2019-05-22 11:16:07.450[0;39m [32m INFO[0;39m [35m29748[0;39m [2m---[0;39m [2m[.15t][0;39m [36mf.a.AutowiredAnnotationBeanPostProcessor [    <init>:154 ][0;39m [2m:[0;39m JSR-330 'javax.inject.Inject' annotation found and supported for autowiring
[2m2019-05-22 11:16:07.670[0;39m [32m INFO[0;39m [35m29748[0;39m [2m---[0;39m [2m[.15t][0;39m [36mtrationDelegate$BeanPostProcessorChecker [ialization:328 ][0;39m [2m:[0;39m Bean 'org.springframework.cloud.autoconfigure.ConfigurationPropertiesRebinderAutoConfiguration' of type [org.springframework.cloud.autoconfigure.ConfigurationPropertiesRebinderAutoConfiguration$$EnhancerBySpringCGLIB$$4a590ccc] is not eligible for getting processed by all BeanPostProcessors (for example: not eligible for auto-proxying)
[2m2019-05-22 11:16:08.302[0;39m [32m INFO[0;39m [35m29748[0;39m [2m---[0;39m [2m[.15t][0;39m [36mo.s.b.w.e.t.TomcatWebServer              [initialize:91  ][0;39m [2m:[0;39m Tomcat initialized with port(s): 8002 (http)
[2m2019-05-22 11:16:08.339[0;39m [32m INFO[0;39m [35m29748[0;39m [2m---[0;39m [2m[.15t][0;39m [36mo.a.c.h.Http11NioProtocol                [       log:180 ][0;39m [2m:[0;39m Initializing ProtocolHandler ["http-nio-8002"]
[2m2019-05-22 11:16:08.391[0;39m [32m INFO[0;39m [35m29748[0;39m [2m---[0;39m [2m[.15t][0;39m [36mo.a.c.c.StandardService                  [       log:180 ][0;39m [2m:[0;39m Starting service [Tomcat]
[2m2019-05-22 11:16:08.392[0;39m [32m INFO[0;39m [35m29748[0;39m [2m---[0;39m [2m[.15t][0;39m [36mo.a.c.c.StandardEngine                   [       log:180 ][0;39m [2m:[0;39m Starting Servlet Engine: Apache Tomcat/8.5.29
[2m2019-05-22 11:16:08.406[0;39m [32m INFO[0;39m [35m29748[0;39m [2m---[0;39m [2m[.15t][0;39m [36mo.a.c.c.AprLifecycleListener             [       log:180 ][0;39m [2m:[0;39m The APR based Apache Tomcat Native library which allows optimal performance in production environments was not found on the java.library.path: [/Users/baozc/Library/Java/Extensions:/Library/Java/Extensions:/Network/Library/Java/Extensions:/System/Library/Java/Extensions:/usr/lib/java:.]
[2m2019-05-22 11:16:08.544[0;39m [32m INFO[0;39m [35m29748[0;39m [2m---[0;39m [2m[.15t][0;39m [36mo.a.c.c.C.[.[.[/]                        [       log:180 ][0;39m [2m:[0;39m Initializing Spring embedded WebApplicationContext
[2m2019-05-22 11:16:08.545[0;39m [32m INFO[0;39m [35m29748[0;39m [2m---[0;39m [2m[.15t][0;39m [36mo.s.w.c.ContextLoader                    [ionContext:285 ][0;39m [2m:[0;39m Root WebApplicationContext: initialization completed in 2242 ms
[2m2019-05-22 11:16:08.811[0;39m [33m WARN[0;39m [35m29748[0;39m [2m---[0;39m [2m[.15t][0;39m [36mc.n.c.s.URLConfigurationSource           [    <init>:121 ][0;39m [2m:[0;39m No URLs will be polled as dynamic configuration sources.
[2m2019-05-22 11:16:08.812[0;39m [32m INFO[0;39m [35m29748[0;39m [2m---[0;39m [2m[.15t][0;39m [36mc.n.c.s.URLConfigurationSource           [    <init>:122 ][0;39m [2m:[0;39m To enable URLs as dynamic configuration sources, define System property archaius.configurationSource.additionalUrls or make config.properties available on classpath.
[2m2019-05-22 11:16:08.831[0;39m [32m INFO[0;39m [35m29748[0;39m [2m---[0;39m [2m[.15t][0;39m [36mc.n.c.DynamicPropertyFactory             [etInstance:281 ][0;39m [2m:[0;39m DynamicPropertyFactory is initialized with configuration sources: com.netflix.config.ConcurrentCompositeConfiguration@5759afbc
[2m2019-05-22 11:16:09.779[0;39m [32m INFO[0;39m [35m29748[0;39m [2m---[0;39m [2m[.15t][0;39m [36mo.s.b.w.s.ServletRegistrationBean        [gistration:185 ][0;39m [2m:[0;39m Servlet dispatcherServlet mapped to [/]
[2m2019-05-22 11:16:09.783[0;39m [32m INFO[0;39m [35m29748[0;39m [2m---[0;39m [2m[.15t][0;39m [36mo.s.b.w.s.FilterRegistrationBean         [ configure:244 ][0;39m [2m:[0;39m Mapping filter: 'characterEncodingFilter' to: [/*]
[2m2019-05-22 11:16:09.784[0;39m [32m INFO[0;39m [35m29748[0;39m [2m---[0;39m [2m[.15t][0;39m [36mo.s.b.w.s.FilterRegistrationBean         [ configure:244 ][0;39m [2m:[0;39m Mapping filter: 'hiddenHttpMethodFilter' to: [/*]
[2m2019-05-22 11:16:09.784[0;39m [32m INFO[0;39m [35m29748[0;39m [2m---[0;39m [2m[.15t][0;39m [36mo.s.b.w.s.FilterRegistrationBean         [ configure:244 ][0;39m [2m:[0;39m Mapping filter: 'httpPutFormContentFilter' to: [/*]
[2m2019-05-22 11:16:09.785[0;39m [32m INFO[0;39m [35m29748[0;39m [2m---[0;39m [2m[.15t][0;39m [36mo.s.b.w.s.FilterRegistrationBean         [ configure:244 ][0;39m [2m:[0;39m Mapping filter: 'requestContextFilter' to: [/*]
[2m2019-05-22 11:16:09.785[0;39m [32m INFO[0;39m [35m29748[0;39m [2m---[0;39m [2m[.15t][0;39m [36mo.s.b.w.s.FilterRegistrationBean         [ configure:244 ][0;39m [2m:[0;39m Mapping filter: 'httpTraceFilter' to: [/*]
[2m2019-05-22 11:16:09.786[0;39m [32m INFO[0;39m [35m29748[0;39m [2m---[0;39m [2m[.15t][0;39m [36mo.s.b.w.s.FilterRegistrationBean         [ configure:244 ][0;39m [2m:[0;39m Mapping filter: 'webMvcMetricsFilter' to: [/*]
[2m2019-05-22 11:16:09.876[0;39m [33m WARN[0;39m [35m29748[0;39m [2m---[0;39m [2m[.15t][0;39m [36mc.n.c.s.URLConfigurationSource           [    <init>:121 ][0;39m [2m:[0;39m No URLs will be polled as dynamic configuration sources.
[2m2019-05-22 11:16:09.877[0;39m [32m INFO[0;39m [35m29748[0;39m [2m---[0;39m [2m[.15t][0;39m [36mc.n.c.s.URLConfigurationSource           [    <init>:122 ][0;39m [2m:[0;39m To enable URLs as dynamic configuration sources, define System property archaius.configurationSource.additionalUrls or make config.properties available on classpath.
[2m2019-05-22 11:16:09.960[0;39m [32m INFO[0;39m [35m29748[0;39m [2m---[0;39m [2m[.15t][0;39m [36mo.s.w.s.h.SimpleUrlHandlerMapping        [terHandler:373 ][0;39m [2m:[0;39m Mapped URL path [/**/favicon.ico] onto handler of type [class org.springframework.web.servlet.resource.ResourceHttpRequestHandler]
[2m2019-05-22 11:16:10.144[0;39m [32m INFO[0;39m [35m29748[0;39m [2m---[0;39m [2m[.15t][0;39m [36ms.w.s.m.m.a.RequestMappingHandlerAdapter [dviceCache:574 ][0;39m [2m:[0;39m Looking for @ControllerAdvice: org.springframework.boot.web.servlet.context.AnnotationConfigServletWebServerApplicationContext@7ce97ee5: startup date [Wed May 22 11:16:06 CST 2019]; parent: org.springframework.context.annotation.AnnotationConfigApplicationContext@7bd4937b
[2m2019-05-22 11:16:10.241[0;39m [32m INFO[0;39m [35m29748[0;39m [2m---[0;39m [2m[.15t][0;39m [36ms.w.s.m.m.a.RequestMappingHandlerMapping [  register:547 ][0;39m [2m:[0;39m Mapped "{[/apps],methods=[GET]}" onto public java.lang.String com.client.HelloController.apps()
[2m2019-05-22 11:16:10.243[0;39m [32m INFO[0;39m [35m29748[0;39m [2m---[0;39m [2m[.15t][0;39m [36ms.w.s.m.m.a.RequestMappingHandlerMapping [  register:547 ][0;39m [2m:[0;39m Mapped "{[/getHello],methods=[GET]}" onto public java.lang.String com.client.HelloController.getHello()
[2m2019-05-22 11:16:10.244[0;39m [32m INFO[0;39m [35m29748[0;39m [2m---[0;39m [2m[.15t][0;39m [36ms.w.s.m.m.a.RequestMappingHandlerMapping [  register:547 ][0;39m [2m:[0;39m Mapped "{[/url],methods=[GET]}" onto public java.lang.String com.client.HelloController.serviceUrl()
[2m2019-05-22 11:16:10.244[0;39m [32m INFO[0;39m [35m29748[0;39m [2m---[0;39m [2m[.15t][0;39m [36ms.w.s.m.m.a.RequestMappingHandlerMapping [  register:547 ][0;39m [2m:[0;39m Mapped "{[/url1],methods=[GET]}" onto public java.lang.String com.client.HelloController.serviceUrl1()
[2m2019-05-22 11:16:10.249[0;39m [32m INFO[0;39m [35m29748[0;39m [2m---[0;39m [2m[.15t][0;39m [36ms.w.s.m.m.a.RequestMappingHandlerMapping [  register:547 ][0;39m [2m:[0;39m Mapped "{[/error]}" onto public org.springframework.http.ResponseEntity<java.util.Map<java.lang.String, java.lang.Object>> org.springframework.boot.autoconfigure.web.servlet.error.BasicErrorController.error(javax.servlet.http.HttpServletRequest)
[2m2019-05-22 11:16:10.250[0;39m [32m INFO[0;39m [35m29748[0;39m [2m---[0;39m [2m[.15t][0;39m [36ms.w.s.m.m.a.RequestMappingHandlerMapping [  register:547 ][0;39m [2m:[0;39m Mapped "{[/error],produces=[text/html]}" onto public org.springframework.web.servlet.ModelAndView org.springframework.boot.autoconfigure.web.servlet.error.BasicErrorController.errorHtml(javax.servlet.http.HttpServletRequest,javax.servlet.http.HttpServletResponse)
[2m2019-05-22 11:16:10.288[0;39m [32m INFO[0;39m [35m29748[0;39m [2m---[0;39m [2m[.15t][0;39m [36mo.s.w.s.h.SimpleUrlHandlerMapping        [terHandler:373 ][0;39m [2m:[0;39m Mapped URL path [/webjars/**] onto handler of type [class org.springframework.web.servlet.resource.ResourceHttpRequestHandler]
[2m2019-05-22 11:16:10.289[0;39m [32m INFO[0;39m [35m29748[0;39m [2m---[0;39m [2m[.15t][0;39m [36mo.s.w.s.h.SimpleUrlHandlerMapping        [terHandler:373 ][0;39m [2m:[0;39m Mapped URL path [/**] onto handler of type [class org.springframework.web.servlet.resource.ResourceHttpRequestHandler]
[2m2019-05-22 11:16:10.814[0;39m [32m INFO[0;39m [35m29748[0;39m [2m---[0;39m [2m[.15t][0;39m [36mo.s.b.a.e.w.EndpointLinksResolver        [    <init>:59  ][0;39m [2m:[0;39m Exposing 2 endpoint(s) beneath base path '/actuator'
[2m2019-05-22 11:16:10.838[0;39m [32m INFO[0;39m [35m29748[0;39m [2m---[0;39m [2m[.15t][0;39m [36ms.b.a.e.w.s.WebMvcEndpointHandlerMapping [  register:547 ][0;39m [2m:[0;39m Mapped "{[/actuator/health],methods=[GET],produces=[application/vnd.spring-boot.actuator.v2+json || application/json]}" onto public java.lang.Object org.springframework.boot.actuate.endpoint.web.servlet.AbstractWebMvcEndpointHandlerMapping$OperationHandler.handle(javax.servlet.http.HttpServletRequest,java.util.Map<java.lang.String, java.lang.String>)
[2m2019-05-22 11:16:10.840[0;39m [32m INFO[0;39m [35m29748[0;39m [2m---[0;39m [2m[.15t][0;39m [36ms.b.a.e.w.s.WebMvcEndpointHandlerMapping [  register:547 ][0;39m [2m:[0;39m Mapped "{[/actuator/info],methods=[GET],produces=[application/vnd.spring-boot.actuator.v2+json || application/json]}" onto public java.lang.Object org.springframework.boot.actuate.endpoint.web.servlet.AbstractWebMvcEndpointHandlerMapping$OperationHandler.handle(javax.servlet.http.HttpServletRequest,java.util.Map<java.lang.String, java.lang.String>)
[2m2019-05-22 11:16:10.843[0;39m [32m INFO[0;39m [35m29748[0;39m [2m---[0;39m [2m[.15t][0;39m [36ms.b.a.e.w.s.WebMvcEndpointHandlerMapping [  register:547 ][0;39m [2m:[0;39m Mapped "{[/actuator],methods=[GET],produces=[application/vnd.spring-boot.actuator.v2+json || application/json]}" onto protected java.util.Map<java.lang.String, java.util.Map<java.lang.String, org.springframework.boot.actuate.endpoint.web.Link>> org.springframework.boot.actuate.endpoint.web.servlet.WebMvcEndpointHandlerMapping.links(javax.servlet.http.HttpServletRequest,javax.servlet.http.HttpServletResponse)
[2m2019-05-22 11:16:10.914[0;39m [32m INFO[0;39m [35m29748[0;39m [2m---[0;39m [2m[.15t][0;39m [36mo.s.j.e.a.AnnotationMBeanExporter        [stantiated:433 ][0;39m [2m:[0;39m Registering beans for JMX exposure on startup
[2m2019-05-22 11:16:10.924[0;39m [32m INFO[0;39m [35m29748[0;39m [2m---[0;39m [2m[.15t][0;39m [36mo.s.j.e.a.AnnotationMBeanExporter        [autodetect:895 ][0;39m [2m:[0;39m Bean with name 'environmentManager' has been autodetected for JMX exposure
[2m2019-05-22 11:16:10.926[0;39m [32m INFO[0;39m [35m29748[0;39m [2m---[0;39m [2m[.15t][0;39m [36mo.s.j.e.a.AnnotationMBeanExporter        [autodetect:895 ][0;39m [2m:[0;39m Bean with name 'configurationPropertiesRebinder' has been autodetected for JMX exposure
[2m2019-05-22 11:16:10.927[0;39m [32m INFO[0;39m [35m29748[0;39m [2m---[0;39m [2m[.15t][0;39m [36mo.s.j.e.a.AnnotationMBeanExporter        [autodetect:895 ][0;39m [2m:[0;39m Bean with name 'refreshScope' has been autodetected for JMX exposure
[2m2019-05-22 11:16:10.930[0;39m [32m INFO[0;39m [35m29748[0;39m [2m---[0;39m [2m[.15t][0;39m [36mo.s.j.e.a.AnnotationMBeanExporter        [anInstance:675 ][0;39m [2m:[0;39m Located managed bean 'environmentManager': registering with JMX server as MBean [org.springframework.cloud.context.environment:name=environmentManager,type=EnvironmentManager]
[2m2019-05-22 11:16:10.942[0;39m [32m INFO[0;39m [35m29748[0;39m [2m---[0;39m [2m[.15t][0;39m [36mo.s.j.e.a.AnnotationMBeanExporter        [anInstance:675 ][0;39m [2m:[0;39m Located managed bean 'refreshScope': registering with JMX server as MBean [org.springframework.cloud.context.scope.refresh:name=refreshScope,type=RefreshScope]
[2m2019-05-22 11:16:10.955[0;39m [32m INFO[0;39m [35m29748[0;39m [2m---[0;39m [2m[.15t][0;39m [36mo.s.j.e.a.AnnotationMBeanExporter        [anInstance:675 ][0;39m [2m:[0;39m Located managed bean 'configurationPropertiesRebinder': registering with JMX server as MBean [org.springframework.cloud.context.properties:name=configurationPropertiesRebinder,context=7ce97ee5,type=ConfigurationPropertiesRebinder]
[2m2019-05-22 11:16:10.967[0;39m [32m INFO[0;39m [35m29748[0;39m [2m---[0;39m [2m[.15t][0;39m [36mo.s.c.s.DefaultLifecycleProcessor        [     start:351 ][0;39m [2m:[0;39m Starting beans in phase 0
[2m2019-05-22 11:16:10.978[0;39m [32m INFO[0;39m [35m29748[0;39m [2m---[0;39m [2m[.15t][0;39m [36mo.s.c.n.e.InstanceInfoFactory            [    create:71  ][0;39m [2m:[0;39m Setting initial instance status as: STARTING
[2m2019-05-22 11:16:11.035[0;39m [32m INFO[0;39m [35m29748[0;39m [2m---[0;39m [2m[.15t][0;39m [36mc.n.d.DiscoveryClient                    [    <init>:349 ][0;39m [2m:[0;39m Initializing Eureka in region us-east-1
[2m2019-05-22 11:16:11.319[0;39m [32m INFO[0;39m [35m29748[0;39m [2m---[0;39m [2m[.15t][0;39m [36mc.n.d.p.DiscoveryJerseyProvider          [    <init>:70  ][0;39m [2m:[0;39m Using JSON encoding codec LegacyJacksonJson
[2m2019-05-22 11:16:11.319[0;39m [32m INFO[0;39m [35m29748[0;39m [2m---[0;39m [2m[.15t][0;39m [36mc.n.d.p.DiscoveryJerseyProvider          [    <init>:71  ][0;39m [2m:[0;39m Using JSON decoding codec LegacyJacksonJson
[2m2019-05-22 11:16:11.478[0;39m [32m INFO[0;39m [35m29748[0;39m [2m---[0;39m [2m[.15t][0;39m [36mc.n.d.p.DiscoveryJerseyProvider          [    <init>:80  ][0;39m [2m:[0;39m Using XML encoding codec XStreamXml
[2m2019-05-22 11:16:11.479[0;39m [32m INFO[0;39m [35m29748[0;39m [2m---[0;39m [2m[.15t][0;39m [36mc.n.d.p.DiscoveryJerseyProvider          [    <init>:81  ][0;39m [2m:[0;39m Using XML decoding codec XStreamXml
[2m2019-05-22 11:16:11.717[0;39m [32m INFO[0;39m [35m29748[0;39m [2m---[0;39m [2m[.15t][0;39m [36mc.n.d.s.r.a.ConfigClusterResolver        [rEndpoints:43  ][0;39m [2m:[0;39m Resolving eureka endpoints via configuration
[2m2019-05-22 11:16:11.744[0;39m [32m INFO[0;39m [35m29748[0;39m [2m---[0;39m [2m[.15t][0;39m [36mc.n.d.DiscoveryClient                    [chRegistry:958 ][0;39m [2m:[0;39m Disable delta property : false
[2m2019-05-22 11:16:11.745[0;39m [32m INFO[0;39m [35m29748[0;39m [2m---[0;39m [2m[.15t][0;39m [36mc.n.d.DiscoveryClient                    [chRegistry:959 ][0;39m [2m:[0;39m Single vip registry refresh property : null
[2m2019-05-22 11:16:11.745[0;39m [32m INFO[0;39m [35m29748[0;39m [2m---[0;39m [2m[.15t][0;39m [36mc.n.d.DiscoveryClient                    [chRegistry:960 ][0;39m [2m:[0;39m Force full registry fetch : false
[2m2019-05-22 11:16:11.745[0;39m [32m INFO[0;39m [35m29748[0;39m [2m---[0;39m [2m[.15t][0;39m [36mc.n.d.DiscoveryClient                    [chRegistry:961 ][0;39m [2m:[0;39m Application is null : false
[2m2019-05-22 11:16:11.746[0;39m [32m INFO[0;39m [35m29748[0;39m [2m---[0;39m [2m[.15t][0;39m [36mc.n.d.DiscoveryClient                    [chRegistry:962 ][0;39m [2m:[0;39m Registered Applications size is zero : true
[2m2019-05-22 11:16:11.746[0;39m [32m INFO[0;39m [35m29748[0;39m [2m---[0;39m [2m[.15t][0;39m [36mc.n.d.DiscoveryClient                    [chRegistry:964 ][0;39m [2m:[0;39m Application version is -1: true
[2m2019-05-22 11:16:11.746[0;39m [32m INFO[0;39m [35m29748[0;39m [2m---[0;39m [2m[.15t][0;39m [36mc.n.d.DiscoveryClient                    [llRegistry:1047][0;39m [2m:[0;39m Getting all instance registry info from the eureka server
[2m2019-05-22 11:16:11.974[0;39m [32m INFO[0;39m [35m29748[0;39m [2m---[0;39m [2m[.15t][0;39m [36mc.n.d.DiscoveryClient                    [llRegistry:1056][0;39m [2m:[0;39m The response status is 200
[2m2019-05-22 11:16:11.978[0;39m [32m INFO[0;39m [35m29748[0;39m [2m---[0;39m [2m[.15t][0;39m [36mc.n.d.DiscoveryClient                    [duledTasks:1264][0;39m [2m:[0;39m Starting heartbeat executor: renew interval is: 30
[2m2019-05-22 11:16:11.982[0;39m [32m INFO[0;39m [35m29748[0;39m [2m---[0;39m [2m[.15t][0;39m [36mc.n.d.InstanceInfoReplicator             [    <init>:60  ][0;39m [2m:[0;39m InstanceInfoReplicator onDemand update allowed rate per min is 4
[2m2019-05-22 11:16:11.986[0;39m [32m INFO[0;39m [35m29748[0;39m [2m---[0;39m [2m[.15t][0;39m [36mc.n.d.DiscoveryClient                    [    <init>:449 ][0;39m [2m:[0;39m Discovery Client initialized at timestamp 1558494971985 with initial instances count: 1
[2m2019-05-22 11:16:11.991[0;39m [32m INFO[0;39m [35m29748[0;39m [2m---[0;39m [2m[.15t][0;39m [36mo.s.c.n.e.s.EurekaServiceRegistry        [  register:42  ][0;39m [2m:[0;39m Registering application eureka-client-consumer with eureka with status UP
[2m2019-05-22 11:16:11.991[0;39m [32m INFO[0;39m [35m29748[0;39m [2m---[0;39m [2m[.15t][0;39m [36mc.n.d.DiscoveryClient                    [    notify:1299][0;39m [2m:[0;39m Saw local status change event StatusChangeEvent [timestamp=1558494971991, current=UP, previous=STARTING]
[2m2019-05-22 11:16:11.993[0;39m [32m INFO[0;39m [35m29748[0;39m [2m---[0;39m [2m[.15t][0;39m [36mc.n.d.DiscoveryClient                    [  register:826 ][0;39m [2m:[0;39m DiscoveryClient_EUREKA-CLIENT-CONSUMER/192.168.26.110:eureka-client-consumer:8002: registering service...
[2m2019-05-22 11:16:12.047[0;39m [32m INFO[0;39m [35m29748[0;39m [2m---[0;39m [2m[.15t][0;39m [36mc.n.d.DiscoveryClient                    [  register:835 ][0;39m [2m:[0;39m DiscoveryClient_EUREKA-CLIENT-CONSUMER/192.168.26.110:eureka-client-consumer:8002 - registration status: 204
[2m2019-05-22 11:16:12.059[0;39m [32m INFO[0;39m [35m29748[0;39m [2m---[0;39m [2m[.15t][0;39m [36mo.a.c.h.Http11NioProtocol                [       log:180 ][0;39m [2m:[0;39m Starting ProtocolHandler ["http-nio-8002"]
[2m2019-05-22 11:16:12.088[0;39m [32m INFO[0;39m [35m29748[0;39m [2m---[0;39m [2m[.15t][0;39m [36mo.a.t.u.n.NioSelectorPool                [       log:180 ][0;39m [2m:[0;39m Using a shared selector for servlet write/read
[2m2019-05-22 11:16:12.113[0;39m [32m INFO[0;39m [35m29748[0;39m [2m---[0;39m [2m[.15t][0;39m [36mo.s.b.w.e.t.TomcatWebServer              [     start:206 ][0;39m [2m:[0;39m Tomcat started on port(s): 8002 (http) with context path ''
[2m2019-05-22 11:16:12.114[0;39m [32m INFO[0;39m [35m29748[0;39m [2m---[0;39m [2m[.15t][0;39m [36m.s.c.n.e.s.EurekaAutoServiceRegistration [ationEvent:124 ][0;39m [2m:[0;39m Updating port to 8002
[2m2019-05-22 11:16:12.120[0;39m [32m INFO[0;39m [35m29748[0;39m [2m---[0;39m [2m[.15t][0;39m [36mc.c.EurekaClientConsumerApplication      [logStarted:59  ][0;39m [2m:[0;39m Started EurekaClientConsumerApplication in 7.212 seconds (JVM running for 7.867)
[2m2019-05-22 11:16:24.332[0;39m [32m INFO[0;39m [35m29748[0;39m [2m---[0;39m [2m[.15t][0;39m [36mo.a.c.c.C.[.[.[/]                        [       log:180 ][0;39m [2m:[0;39m Initializing Spring FrameworkServlet 'dispatcherServlet'
[2m2019-05-22 11:16:24.333[0;39m [32m INFO[0;39m [35m29748[0;39m [2m---[0;39m [2m[.15t][0;39m [36mo.s.w.s.DispatcherServlet                [ervletBean:494 ][0;39m [2m:[0;39m FrameworkServlet 'dispatcherServlet': initialization started
[2m2019-05-22 11:16:24.359[0;39m [32m INFO[0;39m [35m29748[0;39m [2m---[0;39m [2m[.15t][0;39m [36mo.s.w.s.DispatcherServlet                [ervletBean:509 ][0;39m [2m:[0;39m FrameworkServlet 'dispatcherServlet': initialization completed in 26 ms
[2m2019-05-22 11:16:24.473[0;39m [31mERROR[0;39m [35m29748[0;39m [2m---[0;39m [2m[.15t][0;39m [36mo.a.c.c.C.[.[.[.[dispatcherServlet]      [       log:182 ][0;39m [2m:[0;39m Servlet.service() for servlet [dispatcherServlet] in context with path [] threw exception [Request processing failed; nested exception is org.springframework.web.client.HttpClientErrorException: 404 null] with root cause

org.springframework.web.client.HttpClientErrorException: 404 null
	at org.springframework.web.client.DefaultResponseErrorHandler.handleError(DefaultResponseErrorHandler.java:94) ~[spring-web-5.0.5.RELEASE.jar:5.0.5.RELEASE]
	at org.springframework.web.client.DefaultResponseErrorHandler.handleError(DefaultResponseErrorHandler.java:79) ~[spring-web-5.0.5.RELEASE.jar:5.0.5.RELEASE]
	at org.springframework.web.client.ResponseErrorHandler.handleError(ResponseErrorHandler.java:63) ~[spring-web-5.0.5.RELEASE.jar:5.0.5.RELEASE]
	at org.springframework.web.client.RestTemplate.handleResponse(RestTemplate.java:775) ~[spring-web-5.0.5.RELEASE.jar:5.0.5.RELEASE]
	at org.springframework.web.client.RestTemplate.doExecute(RestTemplate.java:728) ~[spring-web-5.0.5.RELEASE.jar:5.0.5.RELEASE]
	at org.springframework.web.client.RestTemplate.execute(RestTemplate.java:684) ~[spring-web-5.0.5.RELEASE.jar:5.0.5.RELEASE]
	at org.springframework.web.client.RestTemplate.getForObject(RestTemplate.java:332) ~[spring-web-5.0.5.RELEASE.jar:5.0.5.RELEASE]
	at com.client.HelloController.apps(HelloController.java:46) ~[classes/:?]
	at sun.reflect.NativeMethodAccessorImpl.invoke0(Native Method) ~[?:1.8.0_171]
	at sun.reflect.NativeMethodAccessorImpl.invoke(NativeMethodAccessorImpl.java:62) ~[?:1.8.0_171]
	at sun.reflect.DelegatingMethodAccessorImpl.invoke(DelegatingMethodAccessorImpl.java:43) ~[?:1.8.0_171]
	at java.lang.reflect.Method.invoke(Method.java:498) ~[?:1.8.0_171]
	at org.springframework.web.method.support.InvocableHandlerMethod.doInvoke(InvocableHandlerMethod.java:209) ~[spring-web-5.0.5.RELEASE.jar:5.0.5.RELEASE]
	at org.springframework.web.method.support.InvocableHandlerMethod.invokeForRequest(InvocableHandlerMethod.java:136) ~[spring-web-5.0.5.RELEASE.jar:5.0.5.RELEASE]
	at org.springframework.web.servlet.mvc.method.annotation.ServletInvocableHandlerMethod.invokeAndHandle(ServletInvocableHandlerMethod.java:102) ~[spring-webmvc-5.0.5.RELEASE.jar:5.0.5.RELEASE]
	at org.springframework.web.servlet.mvc.method.annotation.RequestMappingHandlerAdapter.invokeHandlerMethod(RequestMappingHandlerAdapter.java:877) ~[spring-webmvc-5.0.5.RELEASE.jar:5.0.5.RELEASE]
	at org.springframework.web.servlet.mvc.method.annotation.RequestMappingHandlerAdapter.handleInternal(RequestMappingHandlerAdapter.java:783) ~[spring-webmvc-5.0.5.RELEASE.jar:5.0.5.RELEASE]
	at org.springframework.web.servlet.mvc.method.AbstractHandlerMethodAdapter.handle(AbstractHandlerMethodAdapter.java:87) ~[spring-webmvc-5.0.5.RELEASE.jar:5.0.5.RELEASE]
	at org.springframework.web.servlet.DispatcherServlet.doDispatch(DispatcherServlet.java:991) ~[spring-webmvc-5.0.5.RELEASE.jar:5.0.5.RELEASE]
	at org.springframework.web.servlet.DispatcherServlet.doService(DispatcherServlet.java:925) ~[spring-webmvc-5.0.5.RELEASE.jar:5.0.5.RELEASE]
	at org.springframework.web.servlet.FrameworkServlet.processRequest(FrameworkServlet.java:974) ~[spring-webmvc-5.0.5.RELEASE.jar:5.0.5.RELEASE]
	at org.springframework.web.servlet.FrameworkServlet.doGet(FrameworkServlet.java:866) ~[spring-webmvc-5.0.5.RELEASE.jar:5.0.5.RELEASE]
	at javax.servlet.http.HttpServlet.service(HttpServlet.java:635) ~[tomcat-embed-core-8.5.29.jar:8.5.29]
	at org.springframework.web.servlet.FrameworkServlet.service(FrameworkServlet.java:851) ~[spring-webmvc-5.0.5.RELEASE.jar:5.0.5.RELEASE]
	at javax.servlet.http.HttpServlet.service(HttpServlet.java:742) ~[tomcat-embed-core-8.5.29.jar:8.5.29]
	at org.apache.catalina.core.ApplicationFilterChain.internalDoFilter(ApplicationFilterChain.java:231) ~[tomcat-embed-core-8.5.29.jar:8.5.29]
	at org.apache.catalina.core.ApplicationFilterChain.doFilter(ApplicationFilterChain.java:166) ~[tomcat-embed-core-8.5.29.jar:8.5.29]
	at org.apache.tomcat.websocket.server.WsFilter.doFilter(WsFilter.java:52) ~[tomcat-embed-websocket-8.5.29.jar:8.5.29]
	at org.apache.catalina.core.ApplicationFilterChain.internalDoFilter(ApplicationFilterChain.java:193) ~[tomcat-embed-core-8.5.29.jar:8.5.29]
	at org.apache.catalina.core.ApplicationFilterChain.doFilter(ApplicationFilterChain.java:166) ~[tomcat-embed-core-8.5.29.jar:8.5.29]
	at org.springframework.boot.actuate.metrics.web.servlet.WebMvcMetricsFilter.filterAndRecordMetrics(WebMvcMetricsFilter.java:158) ~[spring-boot-actuator-2.0.1.RELEASE.jar:2.0.1.RELEASE]
	at org.springframework.boot.actuate.metrics.web.servlet.WebMvcMetricsFilter.filterAndRecordMetrics(WebMvcMetricsFilter.java:126) ~[spring-boot-actuator-2.0.1.RELEASE.jar:2.0.1.RELEASE]
	at org.springframework.boot.actuate.metrics.web.servlet.WebMvcMetricsFilter.doFilterInternal(WebMvcMetricsFilter.java:111) ~[spring-boot-actuator-2.0.1.RELEASE.jar:2.0.1.RELEASE]
	at org.springframework.web.filter.OncePerRequestFilter.doFilter(OncePerRequestFilter.java:107) ~[spring-web-5.0.5.RELEASE.jar:5.0.5.RELEASE]
	at org.apache.catalina.core.ApplicationFilterChain.internalDoFilter(ApplicationFilterChain.java:193) ~[tomcat-embed-core-8.5.29.jar:8.5.29]
	at org.apache.catalina.core.ApplicationFilterChain.doFilter(ApplicationFilterChain.java:166) ~[tomcat-embed-core-8.5.29.jar:8.5.29]
	at org.springframework.boot.actuate.web.trace.servlet.HttpTraceFilter.doFilterInternal(HttpTraceFilter.java:84) ~[spring-boot-actuator-2.0.1.RELEASE.jar:2.0.1.RELEASE]
	at org.springframework.web.filter.OncePerRequestFilter.doFilter(OncePerRequestFilter.java:107) ~[spring-web-5.0.5.RELEASE.jar:5.0.5.RELEASE]
	at org.apache.catalina.core.ApplicationFilterChain.internalDoFilter(ApplicationFilterChain.java:193) ~[tomcat-embed-core-8.5.29.jar:8.5.29]
	at org.apache.catalina.core.ApplicationFilterChain.doFilter(ApplicationFilterChain.java:166) ~[tomcat-embed-core-8.5.29.jar:8.5.29]
	at org.springframework.web.filter.RequestContextFilter.doFilterInternal(RequestContextFilter.java:99) ~[spring-web-5.0.5.RELEASE.jar:5.0.5.RELEASE]
	at org.springframework.web.filter.OncePerRequestFilter.doFilter(OncePerRequestFilter.java:107) ~[spring-web-5.0.5.RELEASE.jar:5.0.5.RELEASE]
	at org.apache.catalina.core.ApplicationFilterChain.internalDoFilter(ApplicationFilterChain.java:193) ~[tomcat-embed-core-8.5.29.jar:8.5.29]
	at org.apache.catalina.core.ApplicationFilterChain.doFilter(ApplicationFilterChain.java:166) ~[tomcat-embed-core-8.5.29.jar:8.5.29]
	at org.springframework.web.filter.HttpPutFormContentFilter.doFilterInternal(HttpPutFormContentFilter.java:109) ~[spring-web-5.0.5.RELEASE.jar:5.0.5.RELEASE]
	at org.springframework.web.filter.OncePerRequestFilter.doFilter(OncePerRequestFilter.java:107) ~[spring-web-5.0.5.RELEASE.jar:5.0.5.RELEASE]
	at org.apache.catalina.core.ApplicationFilterChain.internalDoFilter(ApplicationFilterChain.java:193) ~[tomcat-embed-core-8.5.29.jar:8.5.29]
	at org.apache.catalina.core.ApplicationFilterChain.doFilter(ApplicationFilterChain.java:166) ~[tomcat-embed-core-8.5.29.jar:8.5.29]
	at org.springframework.web.filter.HiddenHttpMethodFilter.doFilterInternal(HiddenHttpMethodFilter.java:81) ~[spring-web-5.0.5.RELEASE.jar:5.0.5.RELEASE]
	at org.springframework.web.filter.OncePerRequestFilter.doFilter(OncePerRequestFilter.java:107) ~[spring-web-5.0.5.RELEASE.jar:5.0.5.RELEASE]
	at org.apache.catalina.core.ApplicationFilterChain.internalDoFilter(ApplicationFilterChain.java:193) ~[tomcat-embed-core-8.5.29.jar:8.5.29]
	at org.apache.catalina.core.ApplicationFilterChain.doFilter(ApplicationFilterChain.java:166) ~[tomcat-embed-core-8.5.29.jar:8.5.29]
	at org.springframework.web.filter.CharacterEncodingFilter.doFilterInternal(CharacterEncodingFilter.java:200) ~[spring-web-5.0.5.RELEASE.jar:5.0.5.RELEASE]
	at org.springframework.web.filter.OncePerRequestFilter.doFilter(OncePerRequestFilter.java:107) ~[spring-web-5.0.5.RELEASE.jar:5.0.5.RELEASE]
	at org.apache.catalina.core.ApplicationFilterChain.internalDoFilter(ApplicationFilterChain.java:193) ~[tomcat-embed-core-8.5.29.jar:8.5.29]
	at org.apache.catalina.core.ApplicationFilterChain.doFilter(ApplicationFilterChain.java:166) ~[tomcat-embed-core-8.5.29.jar:8.5.29]
	at org.apache.catalina.core.StandardWrapperValve.invoke(StandardWrapperValve.java:198) [tomcat-embed-core-8.5.29.jar:8.5.29]
	at org.apache.catalina.core.StandardContextValve.invoke(StandardContextValve.java:96) [tomcat-embed-core-8.5.29.jar:8.5.29]
	at org.apache.catalina.authenticator.AuthenticatorBase.invoke(AuthenticatorBase.java:496) [tomcat-embed-core-8.5.29.jar:8.5.29]
	at org.apache.catalina.core.StandardHostValve.invoke(StandardHostValve.java:140) [tomcat-embed-core-8.5.29.jar:8.5.29]
	at org.apache.catalina.valves.ErrorReportValve.invoke(ErrorReportValve.java:81) [tomcat-embed-core-8.5.29.jar:8.5.29]
	at org.apache.catalina.core.StandardEngineValve.invoke(StandardEngineValve.java:87) [tomcat-embed-core-8.5.29.jar:8.5.29]
	at org.apache.catalina.connector.CoyoteAdapter.service(CoyoteAdapter.java:342) [tomcat-embed-core-8.5.29.jar:8.5.29]
	at org.apache.coyote.http11.Http11Processor.service(Http11Processor.java:803) [tomcat-embed-core-8.5.29.jar:8.5.29]
	at org.apache.coyote.AbstractProcessorLight.process(AbstractProcessorLight.java:66) [tomcat-embed-core-8.5.29.jar:8.5.29]
	at org.apache.coyote.AbstractProtocol$ConnectionHandler.process(AbstractProtocol.java:790) [tomcat-embed-core-8.5.29.jar:8.5.29]
	at org.apache.tomcat.util.net.NioEndpoint$SocketProcessor.doRun(NioEndpoint.java:1459) [tomcat-embed-core-8.5.29.jar:8.5.29]
	at org.apache.tomcat.util.net.SocketProcessorBase.run(SocketProcessorBase.java:49) [tomcat-embed-core-8.5.29.jar:8.5.29]
	at java.util.concurrent.ThreadPoolExecutor.runWorker(ThreadPoolExecutor.java:1149) [?:1.8.0_171]
	at java.util.concurrent.ThreadPoolExecutor$Worker.run(ThreadPoolExecutor.java:624) [?:1.8.0_171]
	at org.apache.tomcat.util.threads.TaskThread$WrappingRunnable.run(TaskThread.java:61) [tomcat-embed-core-8.5.29.jar:8.5.29]
	at java.lang.Thread.run(Thread.java:748) [?:1.8.0_171]

[2m2019-05-22 11:19:39.128[0;39m [32m INFO[0;39m [35m29748[0;39m [2m---[0;39m [2m[.15t][0;39m [36mc.c.HelloController                      [  getHello:35  ][0;39m [2m:[0;39m consumer request
[2m2019-05-22 11:19:39.185[0;39m [32m INFO[0;39m [35m29748[0;39m [2m---[0;39m [2m[.15t][0;39m [36ms.c.a.AnnotationConfigApplicationContext [areRefresh:590 ][0;39m [2m:[0;39m Refreshing SpringClientFactory-EUREKA-CLIENT1: startup date [Wed May 22 11:19:39 CST 2019]; parent: org.springframework.boot.web.servlet.context.AnnotationConfigServletWebServerApplicationContext@7ce97ee5
[2m2019-05-22 11:19:39.309[0;39m [32m INFO[0;39m [35m29748[0;39m [2m---[0;39m [2m[.15t][0;39m [36mf.a.AutowiredAnnotationBeanPostProcessor [    <init>:154 ][0;39m [2m:[0;39m JSR-330 'javax.inject.Inject' annotation found and supported for autowiring
[2m2019-05-22 11:19:39.647[0;39m [32m INFO[0;39m [35m29748[0;39m [2m---[0;39m [2m[.15t][0;39m [36mc.n.c.ChainedDynamicProperty             [eckAndFlip:115 ][0;39m [2m:[0;39m Flipping property: EUREKA-CLIENT1.ribbon.ActiveConnectionsLimit to use NEXT property: niws.loadbalancer.availabilityFilteringRule.activeConnectionsLimit = 2147483647
[2m2019-05-22 11:19:39.677[0;39m [32m INFO[0;39m [35m29748[0;39m [2m---[0;39m [2m[.15t][0;39m [36mc.n.u.c.ShutdownEnabledTimer             [    <init>:58  ][0;39m [2m:[0;39m Shutdown hook installed for: NFLoadBalancer-PingTimer-EUREKA-CLIENT1
[2m2019-05-22 11:19:39.720[0;39m [32m INFO[0;39m [35m29748[0;39m [2m---[0;39m [2m[.15t][0;39m [36mc.n.l.BaseLoadBalancer                   [WithConfig:192 ][0;39m [2m:[0;39m Client: EUREKA-CLIENT1 instantiated a LoadBalancer: DynamicServerListLoadBalancer:{NFLoadBalancer:name=EUREKA-CLIENT1,current list of Servers=[],Load balancer stats=Zone stats: {},Server stats: []}ServerList:null
[2m2019-05-22 11:19:39.729[0;39m [32m INFO[0;39m [35m29748[0;39m [2m---[0;39m [2m[.15t][0;39m [36mc.n.l.DynamicServerListLoadBalancer      [ersFeature:222 ][0;39m [2m:[0;39m Using serverListUpdater PollingServerListUpdater
[2m2019-05-22 11:19:39.766[0;39m [32m INFO[0;39m [35m29748[0;39m [2m---[0;39m [2m[.15t][0;39m [36mc.n.c.ChainedDynamicProperty             [eckAndFlip:115 ][0;39m [2m:[0;39m Flipping property: EUREKA-CLIENT1.ribbon.ActiveConnectionsLimit to use NEXT property: niws.loadbalancer.availabilityFilteringRule.activeConnectionsLimit = 2147483647
[2m2019-05-22 11:19:39.768[0;39m [32m INFO[0;39m [35m29748[0;39m [2m---[0;39m [2m[.15t][0;39m [36mc.n.l.DynamicServerListLoadBalancer      [restOfInit:150 ][0;39m [2m:[0;39m DynamicServerListLoadBalancer for client EUREKA-CLIENT1 initialized: DynamicServerListLoadBalancer:{NFLoadBalancer:name=EUREKA-CLIENT1,current list of Servers=[localhost:8001],Load balancer stats=Zone stats: {defaultzone=[Zone:defaultzone;	Instance count:1;	Active connections count: 0;	Circuit breaker tripped count: 0;	Active connections per server: 0.0;]
},Server stats: [[Server:localhost:8001;	Zone:defaultZone;	Total Requests:0;	Successive connection failure:0;	Total blackout seconds:0;	Last connection made:Thu Jan 01 08:00:00 CST 1970;	First connection made: Thu Jan 01 08:00:00 CST 1970;	Active Connections:0;	total failure count in last (1000) msecs:0;	average resp time:0.0;	90 percentile resp time:0.0;	95 percentile resp time:0.0;	min resp time:0.0;	max resp time:0.0;	stddev resp time:0.0]
]}ServerList:org.springframework.cloud.netflix.ribbon.eureka.DomainExtractingServerList@253c12cd
[2m2019-05-22 11:19:40.734[0;39m [32m INFO[0;39m [35m29748[0;39m [2m---[0;39m [2m[.15t][0;39m [36mc.n.c.ChainedDynamicProperty             [eckAndFlip:115 ][0;39m [2m:[0;39m Flipping property: EUREKA-CLIENT1.ribbon.ActiveConnectionsLimit to use NEXT property: niws.loadbalancer.availabilityFilteringRule.activeConnectionsLimit = 2147483647
[2m2019-05-22 11:21:11.755[0;39m [32m INFO[0;39m [35m29748[0;39m [2m---[0;39m [2m[.15t][0;39m [36mc.n.d.s.r.a.ConfigClusterResolver        [rEndpoints:43  ][0;39m [2m:[0;39m Resolving eureka endpoints via configuration
[2m2019-05-22 11:26:11.764[0;39m [32m INFO[0;39m [35m29748[0;39m [2m---[0;39m [2m[.15t][0;39m [36mc.n.d.s.r.a.ConfigClusterResolver        [rEndpoints:43  ][0;39m [2m:[0;39m Resolving eureka endpoints via configuration
[2m2019-05-22 11:31:11.775[0;39m [32m INFO[0;39m [35m29748[0;39m [2m---[0;39m [2m[.15t][0;39m [36mc.n.d.s.r.a.ConfigClusterResolver        [rEndpoints:43  ][0;39m [2m:[0;39m Resolving eureka endpoints via configuration
[2m2019-05-22 11:36:11.792[0;39m [32m INFO[0;39m [35m29748[0;39m [2m---[0;39m [2m[.15t][0;39m [36mc.n.d.s.r.a.ConfigClusterResolver        [rEndpoints:43  ][0;39m [2m:[0;39m Resolving eureka endpoints via configuration
[2m2019-05-22 11:41:11.796[0;39m [32m INFO[0;39m [35m29748[0;39m [2m---[0;39m [2m[.15t][0;39m [36mc.n.d.s.r.a.ConfigClusterResolver        [rEndpoints:43  ][0;39m [2m:[0;39m Resolving eureka endpoints via configuration
[2m2019-05-22 11:46:11.808[0;39m [32m INFO[0;39m [35m29748[0;39m [2m---[0;39m [2m[.15t][0;39m [36mc.n.d.s.r.a.ConfigClusterResolver        [rEndpoints:43  ][0;39m [2m:[0;39m Resolving eureka endpoints via configuration
[2m2019-05-22 11:51:11.820[0;39m [32m INFO[0;39m [35m29748[0;39m [2m---[0;39m [2m[.15t][0;39m [36mc.n.d.s.r.a.ConfigClusterResolver        [rEndpoints:43  ][0;39m [2m:[0;39m Resolving eureka endpoints via configuration
[2m2019-05-22 11:56:11.833[0;39m [32m INFO[0;39m [35m29748[0;39m [2m---[0;39m [2m[.15t][0;39m [36mc.n.d.s.r.a.ConfigClusterResolver        [rEndpoints:43  ][0;39m [2m:[0;39m Resolving eureka endpoints via configuration
