[2m2019-08-16 14:06:56.684[0;39m [32m INFO[0;39m [35m89366[0;39m [2m---[0;39m [2m[.15t][0;39m [36mc.c.EurekaClientConsumerApplication      [rofileInfo:659 ][0;39m [2m:[0;39m No active profile set, falling back to default profiles: default
[2m2019-08-16 14:06:56.722[0;39m [32m INFO[0;39m [35m89366[0;39m [2m---[0;39m [2m[.15t][0;39m [36mConfigServletWebServerApplicationContext [areRefresh:590 ][0;39m [2m:[0;39m Refreshing org.springframework.boot.web.servlet.context.AnnotationConfigServletWebServerApplicationContext@544820b7: startup date [Fri Aug 16 14:06:56 CST 2019]; parent: org.springframework.context.annotation.AnnotationConfigApplicationContext@24fcf36f
[2m2019-08-16 14:06:57.871[0;39m [32m INFO[0;39m [35m89366[0;39m [2m---[0;39m [2m[.15t][0;39m [36mo.s.c.c.s.GenericScope                   [lizationId:294 ][0;39m [2m:[0;39m BeanFactory id=584b9e4b-2e5b-3699-a3f8-ed48302e762d
[2m2019-08-16 14:06:57.894[0;39m [32m INFO[0;39m [35m89366[0;39m [2m---[0;39m [2m[.15t][0;39m [36mf.a.AutowiredAnnotationBeanPostProcessor [    <init>:154 ][0;39m [2m:[0;39m JSR-330 'javax.inject.Inject' annotation found and supported for autowiring
[2m2019-08-16 14:06:58.014[0;39m [32m INFO[0;39m [35m89366[0;39m [2m---[0;39m [2m[.15t][0;39m [36mtrationDelegate$BeanPostProcessorChecker [ialization:328 ][0;39m [2m:[0;39m Bean 'org.springframework.cloud.autoconfigure.ConfigurationPropertiesRebinderAutoConfiguration' of type [org.springframework.cloud.autoconfigure.ConfigurationPropertiesRebinderAutoConfiguration$$EnhancerBySpringCGLIB$$4b011b97] is not eligible for getting processed by all BeanPostProcessors (for example: not eligible for auto-proxying)
[2m2019-08-16 14:06:58.443[0;39m [32m INFO[0;39m [35m89366[0;39m [2m---[0;39m [2m[.15t][0;39m [36mo.s.b.w.e.t.TomcatWebServer              [initialize:91  ][0;39m [2m:[0;39m Tomcat initialized with port(s): 8003 (http)
[2m2019-08-16 14:06:58.474[0;39m [32m INFO[0;39m [35m89366[0;39m [2m---[0;39m [2m[.15t][0;39m [36mo.a.c.h.Http11NioProtocol                [       log:180 ][0;39m [2m:[0;39m Initializing ProtocolHandler ["http-nio-8003"]
[2m2019-08-16 14:06:58.495[0;39m [32m INFO[0;39m [35m89366[0;39m [2m---[0;39m [2m[.15t][0;39m [36mo.a.c.c.StandardService                  [       log:180 ][0;39m [2m:[0;39m Starting service [Tomcat]
[2m2019-08-16 14:06:58.498[0;39m [32m INFO[0;39m [35m89366[0;39m [2m---[0;39m [2m[.15t][0;39m [36mo.a.c.c.StandardEngine                   [       log:180 ][0;39m [2m:[0;39m Starting Servlet Engine: Apache Tomcat/8.5.29
[2m2019-08-16 14:06:58.514[0;39m [32m INFO[0;39m [35m89366[0;39m [2m---[0;39m [2m[.15t][0;39m [36mo.a.c.c.AprLifecycleListener             [       log:180 ][0;39m [2m:[0;39m The APR based Apache Tomcat Native library which allows optimal performance in production environments was not found on the java.library.path: [/Users/baozc/Library/Java/Extensions:/Library/Java/Extensions:/Network/Library/Java/Extensions:/System/Library/Java/Extensions:/usr/lib/java:.]
[2m2019-08-16 14:06:58.643[0;39m [32m INFO[0;39m [35m89366[0;39m [2m---[0;39m [2m[.15t][0;39m [36mo.a.c.c.C.[.[.[/]                        [       log:180 ][0;39m [2m:[0;39m Initializing Spring embedded WebApplicationContext
[2m2019-08-16 14:06:58.644[0;39m [32m INFO[0;39m [35m89366[0;39m [2m---[0;39m [2m[.15t][0;39m [36mo.s.w.c.ContextLoader                    [ionContext:285 ][0;39m [2m:[0;39m Root WebApplicationContext: initialization completed in 1922 ms
[2m2019-08-16 14:06:58.914[0;39m [33m WARN[0;39m [35m89366[0;39m [2m---[0;39m [2m[.15t][0;39m [36mc.n.c.s.URLConfigurationSource           [    <init>:121 ][0;39m [2m:[0;39m No URLs will be polled as dynamic configuration sources.
[2m2019-08-16 14:06:58.914[0;39m [32m INFO[0;39m [35m89366[0;39m [2m---[0;39m [2m[.15t][0;39m [36mc.n.c.s.URLConfigurationSource           [    <init>:122 ][0;39m [2m:[0;39m To enable URLs as dynamic configuration sources, define System property archaius.configurationSource.additionalUrls or make config.properties available on classpath.
[2m2019-08-16 14:06:58.929[0;39m [32m INFO[0;39m [35m89366[0;39m [2m---[0;39m [2m[.15t][0;39m [36mc.n.c.DynamicPropertyFactory             [etInstance:281 ][0;39m [2m:[0;39m DynamicPropertyFactory is initialized with configuration sources: com.netflix.config.ConcurrentCompositeConfiguration@198aa45a
[2m2019-08-16 14:07:00.008[0;39m [32m INFO[0;39m [35m89366[0;39m [2m---[0;39m [2m[.15t][0;39m [36mo.s.b.w.s.ServletRegistrationBean        [gistration:185 ][0;39m [2m:[0;39m Servlet dispatcherServlet mapped to [/]
[2m2019-08-16 14:07:00.013[0;39m [32m INFO[0;39m [35m89366[0;39m [2m---[0;39m [2m[.15t][0;39m [36mo.s.b.w.s.FilterRegistrationBean         [ configure:244 ][0;39m [2m:[0;39m Mapping filter: 'characterEncodingFilter' to: [/*]
[2m2019-08-16 14:07:00.014[0;39m [32m INFO[0;39m [35m89366[0;39m [2m---[0;39m [2m[.15t][0;39m [36mo.s.b.w.s.FilterRegistrationBean         [ configure:244 ][0;39m [2m:[0;39m Mapping filter: 'hiddenHttpMethodFilter' to: [/*]
[2m2019-08-16 14:07:00.015[0;39m [32m INFO[0;39m [35m89366[0;39m [2m---[0;39m [2m[.15t][0;39m [36mo.s.b.w.s.FilterRegistrationBean         [ configure:244 ][0;39m [2m:[0;39m Mapping filter: 'httpPutFormContentFilter' to: [/*]
[2m2019-08-16 14:07:00.016[0;39m [32m INFO[0;39m [35m89366[0;39m [2m---[0;39m [2m[.15t][0;39m [36mo.s.b.w.s.FilterRegistrationBean         [ configure:244 ][0;39m [2m:[0;39m Mapping filter: 'requestContextFilter' to: [/*]
[2m2019-08-16 14:07:00.016[0;39m [32m INFO[0;39m [35m89366[0;39m [2m---[0;39m [2m[.15t][0;39m [36mo.s.b.w.s.FilterRegistrationBean         [ configure:244 ][0;39m [2m:[0;39m Mapping filter: 'httpTraceFilter' to: [/*]
[2m2019-08-16 14:07:00.017[0;39m [32m INFO[0;39m [35m89366[0;39m [2m---[0;39m [2m[.15t][0;39m [36mo.s.b.w.s.FilterRegistrationBean         [ configure:244 ][0;39m [2m:[0;39m Mapping filter: 'webMvcMetricsFilter' to: [/*]
[2m2019-08-16 14:07:00.243[0;39m [33m WARN[0;39m [35m89366[0;39m [2m---[0;39m [2m[.15t][0;39m [36mc.n.c.s.URLConfigurationSource           [    <init>:121 ][0;39m [2m:[0;39m No URLs will be polled as dynamic configuration sources.
[2m2019-08-16 14:07:00.243[0;39m [32m INFO[0;39m [35m89366[0;39m [2m---[0;39m [2m[.15t][0;39m [36mc.n.c.s.URLConfigurationSource           [    <init>:122 ][0;39m [2m:[0;39m To enable URLs as dynamic configuration sources, define System property archaius.configurationSource.additionalUrls or make config.properties available on classpath.
[2m2019-08-16 14:07:00.575[0;39m [32m INFO[0;39m [35m89366[0;39m [2m---[0;39m [2m[.15t][0;39m [36mo.s.w.s.h.SimpleUrlHandlerMapping        [terHandler:373 ][0;39m [2m:[0;39m Mapped URL path [/**/favicon.ico] onto handler of type [class org.springframework.web.servlet.resource.ResourceHttpRequestHandler]
[2m2019-08-16 14:07:00.908[0;39m [32m INFO[0;39m [35m89366[0;39m [2m---[0;39m [2m[.15t][0;39m [36ms.w.s.m.m.a.RequestMappingHandlerAdapter [dviceCache:574 ][0;39m [2m:[0;39m Looking for @ControllerAdvice: org.springframework.boot.web.servlet.context.AnnotationConfigServletWebServerApplicationContext@544820b7: startup date [Fri Aug 16 14:06:56 CST 2019]; parent: org.springframework.context.annotation.AnnotationConfigApplicationContext@24fcf36f
[2m2019-08-16 14:07:01.011[0;39m [32m INFO[0;39m [35m89366[0;39m [2m---[0;39m [2m[.15t][0;39m [36ms.w.s.m.m.a.RequestMappingHandlerMapping [  register:547 ][0;39m [2m:[0;39m Mapped "{[/apps],methods=[GET]}" onto public java.lang.String com.client.HelloController.apps()
[2m2019-08-16 14:07:01.012[0;39m [32m INFO[0;39m [35m89366[0;39m [2m---[0;39m [2m[.15t][0;39m [36ms.w.s.m.m.a.RequestMappingHandlerMapping [  register:547 ][0;39m [2m:[0;39m Mapped "{[/getHello],methods=[GET]}" onto public java.lang.String com.client.HelloController.getHello()
[2m2019-08-16 14:07:01.013[0;39m [32m INFO[0;39m [35m89366[0;39m [2m---[0;39m [2m[.15t][0;39m [36ms.w.s.m.m.a.RequestMappingHandlerMapping [  register:547 ][0;39m [2m:[0;39m Mapped "{[/url],methods=[GET]}" onto public java.lang.String com.client.HelloController.serviceUrl()
[2m2019-08-16 14:07:01.014[0;39m [32m INFO[0;39m [35m89366[0;39m [2m---[0;39m [2m[.15t][0;39m [36ms.w.s.m.m.a.RequestMappingHandlerMapping [  register:547 ][0;39m [2m:[0;39m Mapped "{[/url1],methods=[GET]}" onto public java.lang.String com.client.HelloController.serviceUrl1()
[2m2019-08-16 14:07:01.019[0;39m [32m INFO[0;39m [35m89366[0;39m [2m---[0;39m [2m[.15t][0;39m [36ms.w.s.m.m.a.RequestMappingHandlerMapping [  register:547 ][0;39m [2m:[0;39m Mapped "{[/error]}" onto public org.springframework.http.ResponseEntity<java.util.Map<java.lang.String, java.lang.Object>> org.springframework.boot.autoconfigure.web.servlet.error.BasicErrorController.error(javax.servlet.http.HttpServletRequest)
[2m2019-08-16 14:07:01.020[0;39m [32m INFO[0;39m [35m89366[0;39m [2m---[0;39m [2m[.15t][0;39m [36ms.w.s.m.m.a.RequestMappingHandlerMapping [  register:547 ][0;39m [2m:[0;39m Mapped "{[/error],produces=[text/html]}" onto public org.springframework.web.servlet.ModelAndView org.springframework.boot.autoconfigure.web.servlet.error.BasicErrorController.errorHtml(javax.servlet.http.HttpServletRequest,javax.servlet.http.HttpServletResponse)
[2m2019-08-16 14:07:01.073[0;39m [32m INFO[0;39m [35m89366[0;39m [2m---[0;39m [2m[.15t][0;39m [36mo.s.w.s.h.SimpleUrlHandlerMapping        [terHandler:373 ][0;39m [2m:[0;39m Mapped URL path [/webjars/**] onto handler of type [class org.springframework.web.servlet.resource.ResourceHttpRequestHandler]
[2m2019-08-16 14:07:01.073[0;39m [32m INFO[0;39m [35m89366[0;39m [2m---[0;39m [2m[.15t][0;39m [36mo.s.w.s.h.SimpleUrlHandlerMapping        [terHandler:373 ][0;39m [2m:[0;39m Mapped URL path [/**] onto handler of type [class org.springframework.web.servlet.resource.ResourceHttpRequestHandler]
[2m2019-08-16 14:07:02.126[0;39m [32m INFO[0;39m [35m89366[0;39m [2m---[0;39m [2m[.15t][0;39m [36mo.s.b.a.e.w.EndpointLinksResolver        [    <init>:59  ][0;39m [2m:[0;39m Exposing 2 endpoint(s) beneath base path '/actuator'
[2m2019-08-16 14:07:02.138[0;39m [32m INFO[0;39m [35m89366[0;39m [2m---[0;39m [2m[.15t][0;39m [36ms.b.a.e.w.s.WebMvcEndpointHandlerMapping [  register:547 ][0;39m [2m:[0;39m Mapped "{[/actuator/health],methods=[GET],produces=[application/vnd.spring-boot.actuator.v2+json || application/json]}" onto public java.lang.Object org.springframework.boot.actuate.endpoint.web.servlet.AbstractWebMvcEndpointHandlerMapping$OperationHandler.handle(javax.servlet.http.HttpServletRequest,java.util.Map<java.lang.String, java.lang.String>)
[2m2019-08-16 14:07:02.140[0;39m [32m INFO[0;39m [35m89366[0;39m [2m---[0;39m [2m[.15t][0;39m [36ms.b.a.e.w.s.WebMvcEndpointHandlerMapping [  register:547 ][0;39m [2m:[0;39m Mapped "{[/actuator/info],methods=[GET],produces=[application/vnd.spring-boot.actuator.v2+json || application/json]}" onto public java.lang.Object org.springframework.boot.actuate.endpoint.web.servlet.AbstractWebMvcEndpointHandlerMapping$OperationHandler.handle(javax.servlet.http.HttpServletRequest,java.util.Map<java.lang.String, java.lang.String>)
[2m2019-08-16 14:07:02.143[0;39m [32m INFO[0;39m [35m89366[0;39m [2m---[0;39m [2m[.15t][0;39m [36ms.b.a.e.w.s.WebMvcEndpointHandlerMapping [  register:547 ][0;39m [2m:[0;39m Mapped "{[/actuator],methods=[GET],produces=[application/vnd.spring-boot.actuator.v2+json || application/json]}" onto protected java.util.Map<java.lang.String, java.util.Map<java.lang.String, org.springframework.boot.actuate.endpoint.web.Link>> org.springframework.boot.actuate.endpoint.web.servlet.WebMvcEndpointHandlerMapping.links(javax.servlet.http.HttpServletRequest,javax.servlet.http.HttpServletResponse)
[2m2019-08-16 14:07:02.220[0;39m [32m INFO[0;39m [35m89366[0;39m [2m---[0;39m [2m[.15t][0;39m [36mo.s.j.e.a.AnnotationMBeanExporter        [stantiated:433 ][0;39m [2m:[0;39m Registering beans for JMX exposure on startup
[2m2019-08-16 14:07:02.230[0;39m [32m INFO[0;39m [35m89366[0;39m [2m---[0;39m [2m[.15t][0;39m [36mo.s.j.e.a.AnnotationMBeanExporter        [autodetect:895 ][0;39m [2m:[0;39m Bean with name 'environmentManager' has been autodetected for JMX exposure
[2m2019-08-16 14:07:02.233[0;39m [32m INFO[0;39m [35m89366[0;39m [2m---[0;39m [2m[.15t][0;39m [36mo.s.j.e.a.AnnotationMBeanExporter        [autodetect:895 ][0;39m [2m:[0;39m Bean with name 'configurationPropertiesRebinder' has been autodetected for JMX exposure
[2m2019-08-16 14:07:02.234[0;39m [32m INFO[0;39m [35m89366[0;39m [2m---[0;39m [2m[.15t][0;39m [36mo.s.j.e.a.AnnotationMBeanExporter        [autodetect:895 ][0;39m [2m:[0;39m Bean with name 'refreshScope' has been autodetected for JMX exposure
[2m2019-08-16 14:07:02.238[0;39m [32m INFO[0;39m [35m89366[0;39m [2m---[0;39m [2m[.15t][0;39m [36mo.s.j.e.a.AnnotationMBeanExporter        [anInstance:675 ][0;39m [2m:[0;39m Located managed bean 'environmentManager': registering with JMX server as MBean [org.springframework.cloud.context.environment:name=environmentManager,type=EnvironmentManager]
[2m2019-08-16 14:07:02.252[0;39m [32m INFO[0;39m [35m89366[0;39m [2m---[0;39m [2m[.15t][0;39m [36mo.s.j.e.a.AnnotationMBeanExporter        [anInstance:675 ][0;39m [2m:[0;39m Located managed bean 'refreshScope': registering with JMX server as MBean [org.springframework.cloud.context.scope.refresh:name=refreshScope,type=RefreshScope]
[2m2019-08-16 14:07:02.276[0;39m [32m INFO[0;39m [35m89366[0;39m [2m---[0;39m [2m[.15t][0;39m [36mo.s.j.e.a.AnnotationMBeanExporter        [anInstance:675 ][0;39m [2m:[0;39m Located managed bean 'configurationPropertiesRebinder': registering with JMX server as MBean [org.springframework.cloud.context.properties:name=configurationPropertiesRebinder,context=544820b7,type=ConfigurationPropertiesRebinder]
[2m2019-08-16 14:07:02.289[0;39m [32m INFO[0;39m [35m89366[0;39m [2m---[0;39m [2m[.15t][0;39m [36mo.s.c.s.DefaultLifecycleProcessor        [     start:351 ][0;39m [2m:[0;39m Starting beans in phase 0
[2m2019-08-16 14:07:02.304[0;39m [32m INFO[0;39m [35m89366[0;39m [2m---[0;39m [2m[.15t][0;39m [36mo.s.c.n.e.InstanceInfoFactory            [    create:71  ][0;39m [2m:[0;39m Setting initial instance status as: STARTING
[2m2019-08-16 14:07:02.368[0;39m [32m INFO[0;39m [35m89366[0;39m [2m---[0;39m [2m[.15t][0;39m [36mc.n.d.DiscoveryClient                    [    <init>:349 ][0;39m [2m:[0;39m Initializing Eureka in region us-east-1
[2m2019-08-16 14:07:02.769[0;39m [32m INFO[0;39m [35m89366[0;39m [2m---[0;39m [2m[.15t][0;39m [36mc.n.d.p.DiscoveryJerseyProvider          [    <init>:70  ][0;39m [2m:[0;39m Using JSON encoding codec LegacyJacksonJson
[2m2019-08-16 14:07:02.771[0;39m [32m INFO[0;39m [35m89366[0;39m [2m---[0;39m [2m[.15t][0;39m [36mc.n.d.p.DiscoveryJerseyProvider          [    <init>:71  ][0;39m [2m:[0;39m Using JSON decoding codec LegacyJacksonJson
[2m2019-08-16 14:07:02.912[0;39m [32m INFO[0;39m [35m89366[0;39m [2m---[0;39m [2m[.15t][0;39m [36mc.n.d.p.DiscoveryJerseyProvider          [    <init>:80  ][0;39m [2m:[0;39m Using XML encoding codec XStreamXml
[2m2019-08-16 14:07:02.912[0;39m [32m INFO[0;39m [35m89366[0;39m [2m---[0;39m [2m[.15t][0;39m [36mc.n.d.p.DiscoveryJerseyProvider          [    <init>:81  ][0;39m [2m:[0;39m Using XML decoding codec XStreamXml
[2m2019-08-16 14:07:03.132[0;39m [32m INFO[0;39m [35m89366[0;39m [2m---[0;39m [2m[.15t][0;39m [36mc.n.d.s.r.a.ConfigClusterResolver        [rEndpoints:43  ][0;39m [2m:[0;39m Resolving eureka endpoints via configuration
[2m2019-08-16 14:07:03.162[0;39m [32m INFO[0;39m [35m89366[0;39m [2m---[0;39m [2m[.15t][0;39m [36mc.n.d.DiscoveryClient                    [chRegistry:958 ][0;39m [2m:[0;39m Disable delta property : false
[2m2019-08-16 14:07:03.163[0;39m [32m INFO[0;39m [35m89366[0;39m [2m---[0;39m [2m[.15t][0;39m [36mc.n.d.DiscoveryClient                    [chRegistry:959 ][0;39m [2m:[0;39m Single vip registry refresh property : null
[2m2019-08-16 14:07:03.163[0;39m [32m INFO[0;39m [35m89366[0;39m [2m---[0;39m [2m[.15t][0;39m [36mc.n.d.DiscoveryClient                    [chRegistry:960 ][0;39m [2m:[0;39m Force full registry fetch : false
[2m2019-08-16 14:07:03.164[0;39m [32m INFO[0;39m [35m89366[0;39m [2m---[0;39m [2m[.15t][0;39m [36mc.n.d.DiscoveryClient                    [chRegistry:961 ][0;39m [2m:[0;39m Application is null : false
[2m2019-08-16 14:07:03.164[0;39m [32m INFO[0;39m [35m89366[0;39m [2m---[0;39m [2m[.15t][0;39m [36mc.n.d.DiscoveryClient                    [chRegistry:962 ][0;39m [2m:[0;39m Registered Applications size is zero : true
[2m2019-08-16 14:07:03.164[0;39m [32m INFO[0;39m [35m89366[0;39m [2m---[0;39m [2m[.15t][0;39m [36mc.n.d.DiscoveryClient                    [chRegistry:964 ][0;39m [2m:[0;39m Application version is -1: true
[2m2019-08-16 14:07:03.165[0;39m [32m INFO[0;39m [35m89366[0;39m [2m---[0;39m [2m[.15t][0;39m [36mc.n.d.DiscoveryClient                    [llRegistry:1047][0;39m [2m:[0;39m Getting all instance registry info from the eureka server
[2m2019-08-16 14:07:03.427[0;39m [32m INFO[0;39m [35m89366[0;39m [2m---[0;39m [2m[.15t][0;39m [36mc.n.d.DiscoveryClient                    [llRegistry:1056][0;39m [2m:[0;39m The response status is 200
[2m2019-08-16 14:07:03.430[0;39m [32m INFO[0;39m [35m89366[0;39m [2m---[0;39m [2m[.15t][0;39m [36mc.n.d.DiscoveryClient                    [duledTasks:1264][0;39m [2m:[0;39m Starting heartbeat executor: renew interval is: 30
[2m2019-08-16 14:07:03.433[0;39m [32m INFO[0;39m [35m89366[0;39m [2m---[0;39m [2m[.15t][0;39m [36mc.n.d.InstanceInfoReplicator             [    <init>:60  ][0;39m [2m:[0;39m InstanceInfoReplicator onDemand update allowed rate per min is 4
[2m2019-08-16 14:07:03.438[0;39m [32m INFO[0;39m [35m89366[0;39m [2m---[0;39m [2m[.15t][0;39m [36mc.n.d.DiscoveryClient                    [    <init>:449 ][0;39m [2m:[0;39m Discovery Client initialized at timestamp 1565935623437 with initial instances count: 1
[2m2019-08-16 14:07:03.443[0;39m [32m INFO[0;39m [35m89366[0;39m [2m---[0;39m [2m[.15t][0;39m [36mo.s.c.n.e.s.EurekaServiceRegistry        [  register:42  ][0;39m [2m:[0;39m Registering application eureka-client-consumer with eureka with status UP
[2m2019-08-16 14:07:03.446[0;39m [32m INFO[0;39m [35m89366[0;39m [2m---[0;39m [2m[.15t][0;39m [36mc.n.d.DiscoveryClient                    [    notify:1299][0;39m [2m:[0;39m Saw local status change event StatusChangeEvent [timestamp=1565935623446, current=UP, previous=STARTING]
[2m2019-08-16 14:07:03.461[0;39m [32m INFO[0;39m [35m89366[0;39m [2m---[0;39m [2m[.15t][0;39m [36mc.n.d.DiscoveryClient                    [  register:826 ][0;39m [2m:[0;39m DiscoveryClient_EUREKA-CLIENT-CONSUMER/192.168.26.88:eureka-client-consumer:8003: registering service...
[2m2019-08-16 14:07:03.477[0;39m [32m INFO[0;39m [35m89366[0;39m [2m---[0;39m [2m[.15t][0;39m [36mo.a.c.h.Http11NioProtocol                [       log:180 ][0;39m [2m:[0;39m Starting ProtocolHandler ["http-nio-8003"]
[2m2019-08-16 14:07:03.507[0;39m [32m INFO[0;39m [35m89366[0;39m [2m---[0;39m [2m[.15t][0;39m [36mo.a.t.u.n.NioSelectorPool                [       log:180 ][0;39m [2m:[0;39m Using a shared selector for servlet write/read
[2m2019-08-16 14:07:03.531[0;39m [32m INFO[0;39m [35m89366[0;39m [2m---[0;39m [2m[.15t][0;39m [36mo.s.b.w.e.t.TomcatWebServer              [     start:206 ][0;39m [2m:[0;39m Tomcat started on port(s): 8003 (http) with context path ''
[2m2019-08-16 14:07:03.532[0;39m [32m INFO[0;39m [35m89366[0;39m [2m---[0;39m [2m[.15t][0;39m [36m.s.c.n.e.s.EurekaAutoServiceRegistration [ationEvent:124 ][0;39m [2m:[0;39m Updating port to 8003
[2m2019-08-16 14:07:03.536[0;39m [32m INFO[0;39m [35m89366[0;39m [2m---[0;39m [2m[.15t][0;39m [36mc.c.EurekaClientConsumerApplication      [logStarted:59  ][0;39m [2m:[0;39m Started EurekaClientConsumerApplication in 9.041 seconds (JVM running for 9.788)
[2m2019-08-16 14:07:03.553[0;39m [32m INFO[0;39m [35m89366[0;39m [2m---[0;39m [2m[.15t][0;39m [36mc.n.d.DiscoveryClient                    [  register:835 ][0;39m [2m:[0;39m DiscoveryClient_EUREKA-CLIENT-CONSUMER/192.168.26.88:eureka-client-consumer:8003 - registration status: 204
[2m2019-08-16 14:11:51.497[0;39m [32m INFO[0;39m [35m89366[0;39m [2m---[0;39m [2m[.15t][0;39m [36mo.a.c.c.C.[.[.[/]                        [       log:180 ][0;39m [2m:[0;39m Initializing Spring FrameworkServlet 'dispatcherServlet'
[2m2019-08-16 14:11:51.516[0;39m [32m INFO[0;39m [35m89366[0;39m [2m---[0;39m [2m[.15t][0;39m [36mo.s.w.s.DispatcherServlet                [ervletBean:494 ][0;39m [2m:[0;39m FrameworkServlet 'dispatcherServlet': initialization started
[2m2019-08-16 14:11:51.906[0;39m [32m INFO[0;39m [35m89366[0;39m [2m---[0;39m [2m[.15t][0;39m [36mo.s.w.s.DispatcherServlet                [ervletBean:509 ][0;39m [2m:[0;39m FrameworkServlet 'dispatcherServlet': initialization completed in 389 ms
[2m2019-08-16 14:12:03.178[0;39m [32m INFO[0;39m [35m89366[0;39m [2m---[0;39m [2m[.15t][0;39m [36mc.n.d.s.r.a.ConfigClusterResolver        [rEndpoints:43  ][0;39m [2m:[0;39m Resolving eureka endpoints via configuration
[2m2019-08-16 14:13:04.119[0;39m [32m INFO[0;39m [35m89366[0;39m [2m---[0;39m [2m[.15t][0;39m [36mc.c.HelloController                      [  getHello:35  ][0;39m [2m:[0;39m consumer request
[2m2019-08-16 14:13:04.788[0;39m [32m INFO[0;39m [35m89366[0;39m [2m---[0;39m [2m[.15t][0;39m [36ms.c.a.AnnotationConfigApplicationContext [areRefresh:590 ][0;39m [2m:[0;39m Refreshing SpringClientFactory-EUREKA-CLIENT1: startup date [Fri Aug 16 14:13:04 CST 2019]; parent: org.springframework.boot.web.servlet.context.AnnotationConfigServletWebServerApplicationContext@544820b7
[2m2019-08-16 14:13:05.056[0;39m [32m INFO[0;39m [35m89366[0;39m [2m---[0;39m [2m[.15t][0;39m [36mf.a.AutowiredAnnotationBeanPostProcessor [    <init>:154 ][0;39m [2m:[0;39m JSR-330 'javax.inject.Inject' annotation found and supported for autowiring
[2m2019-08-16 14:13:05.737[0;39m [32m INFO[0;39m [35m89366[0;39m [2m---[0;39m [2m[.15t][0;39m [36mc.n.c.ChainedDynamicProperty             [eckAndFlip:115 ][0;39m [2m:[0;39m Flipping property: EUREKA-CLIENT1.ribbon.ActiveConnectionsLimit to use NEXT property: niws.loadbalancer.availabilityFilteringRule.activeConnectionsLimit = 2147483647
[2m2019-08-16 14:13:05.776[0;39m [32m INFO[0;39m [35m89366[0;39m [2m---[0;39m [2m[.15t][0;39m [36mc.n.u.c.ShutdownEnabledTimer             [    <init>:58  ][0;39m [2m:[0;39m Shutdown hook installed for: NFLoadBalancer-PingTimer-EUREKA-CLIENT1
[2m2019-08-16 14:13:05.865[0;39m [32m INFO[0;39m [35m89366[0;39m [2m---[0;39m [2m[.15t][0;39m [36mc.n.l.BaseLoadBalancer                   [WithConfig:192 ][0;39m [2m:[0;39m Client: EUREKA-CLIENT1 instantiated a LoadBalancer: DynamicServerListLoadBalancer:{NFLoadBalancer:name=EUREKA-CLIENT1,current list of Servers=[],Load balancer stats=Zone stats: {},Server stats: []}ServerList:null
[2m2019-08-16 14:13:05.886[0;39m [32m INFO[0;39m [35m89366[0;39m [2m---[0;39m [2m[.15t][0;39m [36mc.n.l.DynamicServerListLoadBalancer      [ersFeature:222 ][0;39m [2m:[0;39m Using serverListUpdater PollingServerListUpdater
[2m2019-08-16 14:13:05.940[0;39m [32m INFO[0;39m [35m89366[0;39m [2m---[0;39m [2m[.15t][0;39m [36mc.n.c.ChainedDynamicProperty             [eckAndFlip:115 ][0;39m [2m:[0;39m Flipping property: EUREKA-CLIENT1.ribbon.ActiveConnectionsLimit to use NEXT property: niws.loadbalancer.availabilityFilteringRule.activeConnectionsLimit = 2147483647
[2m2019-08-16 14:13:05.943[0;39m [32m INFO[0;39m [35m89366[0;39m [2m---[0;39m [2m[.15t][0;39m [36mc.n.l.DynamicServerListLoadBalancer      [restOfInit:150 ][0;39m [2m:[0;39m DynamicServerListLoadBalancer for client EUREKA-CLIENT1 initialized: DynamicServerListLoadBalancer:{NFLoadBalancer:name=EUREKA-CLIENT1,current list of Servers=[localhost:8002],Load balancer stats=Zone stats: {defaultzone=[Zone:defaultzone;	Instance count:1;	Active connections count: 0;	Circuit breaker tripped count: 0;	Active connections per server: 0.0;]
},Server stats: [[Server:localhost:8002;	Zone:defaultZone;	Total Requests:0;	Successive connection failure:0;	Total blackout seconds:0;	Last connection made:Thu Jan 01 08:00:00 CST 1970;	First connection made: Thu Jan 01 08:00:00 CST 1970;	Active Connections:0;	total failure count in last (1000) msecs:0;	average resp time:0.0;	90 percentile resp time:0.0;	95 percentile resp time:0.0;	min resp time:0.0;	max resp time:0.0;	stddev resp time:0.0]
]}ServerList:org.springframework.cloud.netflix.ribbon.eureka.DomainExtractingServerList@31bf9c3a
[2m2019-08-16 14:13:06.895[0;39m [32m INFO[0;39m [35m89366[0;39m [2m---[0;39m [2m[.15t][0;39m [36mc.n.c.ChainedDynamicProperty             [eckAndFlip:115 ][0;39m [2m:[0;39m Flipping property: EUREKA-CLIENT1.ribbon.ActiveConnectionsLimit to use NEXT property: niws.loadbalancer.availabilityFilteringRule.activeConnectionsLimit = 2147483647
[2m2019-08-16 14:17:03.224[0;39m [32m INFO[0;39m [35m89366[0;39m [2m---[0;39m [2m[.15t][0;39m [36mc.n.d.s.r.a.ConfigClusterResolver        [rEndpoints:43  ][0;39m [2m:[0;39m Resolving eureka endpoints via configuration
[2m2019-08-16 14:17:20.838[0;39m [32m INFO[0;39m [35m89366[0;39m [2m---[0;39m [2m[.15t][0;39m [36mc.c.HelloController                      [  getHello:35  ][0;39m [2m:[0;39m consumer request
[2m2019-08-16 14:22:03.317[0;39m [32m INFO[0;39m [35m89366[0;39m [2m---[0;39m [2m[.15t][0;39m [36mc.n.d.s.r.a.ConfigClusterResolver        [rEndpoints:43  ][0;39m [2m:[0;39m Resolving eureka endpoints via configuration
[2m2019-08-16 14:23:22.601[0;39m [32m INFO[0;39m [35m89366[0;39m [2m---[0;39m [2m[.15t][0;39m [36mc.c.HelloController                      [  getHello:35  ][0;39m [2m:[0;39m consumer request
[2m2019-08-16 14:27:03.503[0;39m [32m INFO[0;39m [35m89366[0;39m [2m---[0;39m [2m[.15t][0;39m [36mc.n.d.s.r.a.ConfigClusterResolver        [rEndpoints:43  ][0;39m [2m:[0;39m Resolving eureka endpoints via configuration
[2m2019-08-16 14:32:03.533[0;39m [32m INFO[0;39m [35m89366[0;39m [2m---[0;39m [2m[.15t][0;39m [36mc.n.d.s.r.a.ConfigClusterResolver        [rEndpoints:43  ][0;39m [2m:[0;39m Resolving eureka endpoints via configuration
[2m2019-08-16 14:37:03.569[0;39m [32m INFO[0;39m [35m89366[0;39m [2m---[0;39m [2m[.15t][0;39m [36mc.n.d.s.r.a.ConfigClusterResolver        [rEndpoints:43  ][0;39m [2m:[0;39m Resolving eureka endpoints via configuration
[2m2019-08-16 14:42:03.587[0;39m [32m INFO[0;39m [35m89366[0;39m [2m---[0;39m [2m[.15t][0;39m [36mc.n.d.s.r.a.ConfigClusterResolver        [rEndpoints:43  ][0;39m [2m:[0;39m Resolving eureka endpoints via configuration
[2m2019-08-16 14:47:03.616[0;39m [32m INFO[0;39m [35m89366[0;39m [2m---[0;39m [2m[.15t][0;39m [36mc.n.d.s.r.a.ConfigClusterResolver        [rEndpoints:43  ][0;39m [2m:[0;39m Resolving eureka endpoints via configuration
[2m2019-08-16 14:52:03.641[0;39m [32m INFO[0;39m [35m89366[0;39m [2m---[0;39m [2m[.15t][0;39m [36mc.n.d.s.r.a.ConfigClusterResolver        [rEndpoints:43  ][0;39m [2m:[0;39m Resolving eureka endpoints via configuration
[2m2019-08-16 14:57:03.678[0;39m [32m INFO[0;39m [35m89366[0;39m [2m---[0;39m [2m[.15t][0;39m [36mc.n.d.s.r.a.ConfigClusterResolver        [rEndpoints:43  ][0;39m [2m:[0;39m Resolving eureka endpoints via configuration
