[2m2019-05-22 23:00:28.582[0;39m [32m INFO[0;39m [35m26901[0;39m [2m---[0;39m [2m[.15t][0;39m [36mc.n.e.r.AbstractInstanceRegistry         [       run:1247][0;39m [2m:[0;39m Running the evict task with compensationTime 0ms
[2m2019-05-22 23:01:28.587[0;39m [32m INFO[0;39m [35m26901[0;39m [2m---[0;39m [2m[.15t][0;39m [36mc.n.e.r.AbstractInstanceRegistry         [       run:1247][0;39m [2m:[0;39m Running the evict task with compensationTime 5ms
[2m2019-05-22 23:02:28.592[0;39m [32m INFO[0;39m [35m26901[0;39m [2m---[0;39m [2m[.15t][0;39m [36mc.n.e.r.AbstractInstanceRegistry         [       run:1247][0;39m [2m:[0;39m Running the evict task with compensationTime 4ms
[2m2019-05-22 23:03:28.596[0;39m [32m INFO[0;39m [35m26901[0;39m [2m---[0;39m [2m[.15t][0;39m [36mc.n.e.r.AbstractInstanceRegistry         [       run:1247][0;39m [2m:[0;39m Running the evict task with compensationTime 2ms
[2m2019-05-22 23:04:26.939[0;39m [32m INFO[0;39m [35m26901[0;39m [2m---[0;39m [2m[.15t][0;39m [36mc.n.e.r.PeerAwareInstanceRegistryImpl    [lThreshold:541 ][0;39m [2m:[0;39m Current renewal threshold is : 0
[2m2019-05-22 23:04:28.601[0;39m [32m INFO[0;39m [35m26901[0;39m [2m---[0;39m [2m[.15t][0;39m [36mc.n.e.r.AbstractInstanceRegistry         [       run:1247][0;39m [2m:[0;39m Running the evict task with compensationTime 4ms
[2m2019-05-22 23:05:28.604[0;39m [32m INFO[0;39m [35m26901[0;39m [2m---[0;39m [2m[.15t][0;39m [36mc.n.e.r.AbstractInstanceRegistry         [       run:1247][0;39m [2m:[0;39m Running the evict task with compensationTime 1ms
[2m2019-05-22 23:06:28.605[0;39m [32m INFO[0;39m [35m26901[0;39m [2m---[0;39m [2m[.15t][0;39m [36mc.n.e.r.AbstractInstanceRegistry         [       run:1247][0;39m [2m:[0;39m Running the evict task with compensationTime 1ms
[2m2019-05-22 23:07:28.607[0;39m [32m INFO[0;39m [35m26901[0;39m [2m---[0;39m [2m[.15t][0;39m [36mc.n.e.r.AbstractInstanceRegistry         [       run:1247][0;39m [2m:[0;39m Running the evict task with compensationTime 1ms
[2m2019-05-22 23:08:28.614[0;39m [32m INFO[0;39m [35m26901[0;39m [2m---[0;39m [2m[.15t][0;39m [36mc.n.e.r.AbstractInstanceRegistry         [       run:1247][0;39m [2m:[0;39m Running the evict task with compensationTime 0ms
[2m2019-05-22 23:09:27.426[0;39m [33m WARN[0;39m [35m26901[0;39m [2m---[0;39m [2m[.15t][0;39m [36mc.n.e.c.PeerEurekaNodes                  [urekaNodes:156 ][0;39m [2m:[0;39m The replica size seems to be empty. Check the route 53 DNS Registry
[2m2019-05-22 23:09:28.611[0;39m [32m INFO[0;39m [35m26901[0;39m [2m---[0;39m [2m[.15t][0;39m [36mc.n.e.r.AbstractInstanceRegistry         [       run:1247][0;39m [2m:[0;39m Running the evict task with compensationTime 1ms
[2m2019-05-22 23:10:28.617[0;39m [32m INFO[0;39m [35m26901[0;39m [2m---[0;39m [2m[.15t][0;39m [36mc.n.e.r.AbstractInstanceRegistry         [       run:1247][0;39m [2m:[0;39m Running the evict task with compensationTime 5ms
[2m2019-05-22 23:11:28.620[0;39m [32m INFO[0;39m [35m26901[0;39m [2m---[0;39m [2m[.15t][0;39m [36mc.n.e.r.AbstractInstanceRegistry         [       run:1247][0;39m [2m:[0;39m Running the evict task with compensationTime 2ms
[2m2019-05-22 23:12:28.621[0;39m [32m INFO[0;39m [35m26901[0;39m [2m---[0;39m [2m[.15t][0;39m [36mc.n.e.r.AbstractInstanceRegistry         [       run:1247][0;39m [2m:[0;39m Running the evict task with compensationTime 0ms
[2m2019-05-22 23:13:28.622[0;39m [32m INFO[0;39m [35m26901[0;39m [2m---[0;39m [2m[.15t][0;39m [36mc.n.e.r.AbstractInstanceRegistry         [       run:1247][0;39m [2m:[0;39m Running the evict task with compensationTime 0ms
[2m2019-05-22 23:14:28.623[0;39m [32m INFO[0;39m [35m26901[0;39m [2m---[0;39m [2m[.15t][0;39m [36mc.n.e.r.AbstractInstanceRegistry         [       run:1247][0;39m [2m:[0;39m Running the evict task with compensationTime 0ms
[2m2019-05-22 23:15:28.625[0;39m [32m INFO[0;39m [35m26901[0;39m [2m---[0;39m [2m[.15t][0;39m [36mc.n.e.r.AbstractInstanceRegistry         [       run:1247][0;39m [2m:[0;39m Running the evict task with compensationTime 0ms
[2m2019-05-22 23:16:28.628[0;39m [32m INFO[0;39m [35m26901[0;39m [2m---[0;39m [2m[.15t][0;39m [36mc.n.e.r.AbstractInstanceRegistry         [       run:1247][0;39m [2m:[0;39m Running the evict task with compensationTime 2ms
[2m2019-05-22 23:17:28.633[0;39m [32m INFO[0;39m [35m26901[0;39m [2m---[0;39m [2m[.15t][0;39m [36mc.n.e.r.AbstractInstanceRegistry         [       run:1247][0;39m [2m:[0;39m Running the evict task with compensationTime 3ms
[2m2019-05-22 23:18:28.636[0;39m [32m INFO[0;39m [35m26901[0;39m [2m---[0;39m [2m[.15t][0;39m [36mc.n.e.r.AbstractInstanceRegistry         [       run:1247][0;39m [2m:[0;39m Running the evict task with compensationTime 2ms
[2m2019-05-22 23:19:26.954[0;39m [32m INFO[0;39m [35m26901[0;39m [2m---[0;39m [2m[.15t][0;39m [36mc.n.e.r.PeerAwareInstanceRegistryImpl    [lThreshold:541 ][0;39m [2m:[0;39m Current renewal threshold is : 0
[2m2019-05-22 23:19:27.443[0;39m [33m WARN[0;39m [35m26901[0;39m [2m---[0;39m [2m[.15t][0;39m [36mc.n.e.c.PeerEurekaNodes                  [urekaNodes:156 ][0;39m [2m:[0;39m The replica size seems to be empty. Check the route 53 DNS Registry
[2m2019-05-22 23:19:28.642[0;39m [32m INFO[0;39m [35m26901[0;39m [2m---[0;39m [2m[.15t][0;39m [36mc.n.e.r.AbstractInstanceRegistry         [       run:1247][0;39m [2m:[0;39m Running the evict task with compensationTime 5ms
[2m2019-05-22 23:20:28.644[0;39m [32m INFO[0;39m [35m26901[0;39m [2m---[0;39m [2m[.15t][0;39m [36mc.n.e.r.AbstractInstanceRegistry         [       run:1247][0;39m [2m:[0;39m Running the evict task with compensationTime 1ms
[2m2019-05-22 23:21:28.648[0;39m [32m INFO[0;39m [35m26901[0;39m [2m---[0;39m [2m[.15t][0;39m [36mc.n.e.r.AbstractInstanceRegistry         [       run:1247][0;39m [2m:[0;39m Running the evict task with compensationTime 0ms
[2m2019-05-22 23:22:28.654[0;39m [32m INFO[0;39m [35m26901[0;39m [2m---[0;39m [2m[.15t][0;39m [36mc.n.e.r.AbstractInstanceRegistry         [       run:1247][0;39m [2m:[0;39m Running the evict task with compensationTime 2ms
[2m2019-05-22 23:23:28.659[0;39m [32m INFO[0;39m [35m26901[0;39m [2m---[0;39m [2m[.15t][0;39m [36mc.n.e.r.AbstractInstanceRegistry         [       run:1247][0;39m [2m:[0;39m Running the evict task with compensationTime 3ms
[2m2019-05-22 23:24:28.665[0;39m [32m INFO[0;39m [35m26901[0;39m [2m---[0;39m [2m[.15t][0;39m [36mc.n.e.r.AbstractInstanceRegistry         [       run:1247][0;39m [2m:[0;39m Running the evict task with compensationTime 5ms
[2m2019-05-22 23:25:28.671[0;39m [32m INFO[0;39m [35m26901[0;39m [2m---[0;39m [2m[.15t][0;39m [36mc.n.e.r.AbstractInstanceRegistry         [       run:1247][0;39m [2m:[0;39m Running the evict task with compensationTime 5ms
[2m2019-05-22 23:26:28.673[0;39m [32m INFO[0;39m [35m26901[0;39m [2m---[0;39m [2m[.15t][0;39m [36mc.n.e.r.AbstractInstanceRegistry         [       run:1247][0;39m [2m:[0;39m Running the evict task with compensationTime 1ms
[2m2019-05-22 23:27:28.678[0;39m [32m INFO[0;39m [35m26901[0;39m [2m---[0;39m [2m[.15t][0;39m [36mc.n.e.r.AbstractInstanceRegistry         [       run:1247][0;39m [2m:[0;39m Running the evict task with compensationTime 4ms
[2m2019-05-22 23:28:28.691[0;39m [32m INFO[0;39m [35m26901[0;39m [2m---[0;39m [2m[.15t][0;39m [36mc.n.e.r.AbstractInstanceRegistry         [       run:1247][0;39m [2m:[0;39m Running the evict task with compensationTime 6ms
[2m2019-05-22 23:29:27.479[0;39m [33m WARN[0;39m [35m26901[0;39m [2m---[0;39m [2m[.15t][0;39m [36mc.n.e.c.PeerEurekaNodes                  [urekaNodes:156 ][0;39m [2m:[0;39m The replica size seems to be empty. Check the route 53 DNS Registry
[2m2019-05-22 23:29:28.687[0;39m [32m INFO[0;39m [35m26901[0;39m [2m---[0;39m [2m[.15t][0;39m [36mc.n.e.r.AbstractInstanceRegistry         [       run:1247][0;39m [2m:[0;39m Running the evict task with compensationTime 1ms
[2m2019-05-22 23:30:28.689[0;39m [32m INFO[0;39m [35m26901[0;39m [2m---[0;39m [2m[.15t][0;39m [36mc.n.e.r.AbstractInstanceRegistry         [       run:1247][0;39m [2m:[0;39m Running the evict task with compensationTime 1ms
[2m2019-05-22 23:31:28.694[0;39m [32m INFO[0;39m [35m26901[0;39m [2m---[0;39m [2m[.15t][0;39m [36mc.n.e.r.AbstractInstanceRegistry         [       run:1247][0;39m [2m:[0;39m Running the evict task with compensationTime 3ms
[2m2019-05-22 23:37:02.426[0;39m [32m INFO[0;39m [35m26901[0;39m [2m---[0;39m [2m[.15t][0;39m [36mc.n.e.r.AbstractInstanceRegistry         [       run:1247][0;39m [2m:[0;39m Running the evict task with compensationTime 0ms
[2m2019-05-22 23:38:02.431[0;39m [32m INFO[0;39m [35m26901[0;39m [2m---[0;39m [2m[.15t][0;39m [36mc.n.e.r.AbstractInstanceRegistry         [       run:1247][0;39m [2m:[0;39m Running the evict task with compensationTime 5ms
[2m2019-05-22 23:39:00.711[0;39m [32m INFO[0;39m [35m26901[0;39m [2m---[0;39m [2m[.15t][0;39m [36mc.n.e.r.PeerAwareInstanceRegistryImpl    [lThreshold:541 ][0;39m [2m:[0;39m Current renewal threshold is : 0
[2m2019-05-22 23:39:02.437[0;39m [32m INFO[0;39m [35m26901[0;39m [2m---[0;39m [2m[.15t][0;39m [36mc.n.e.r.AbstractInstanceRegistry         [       run:1247][0;39m [2m:[0;39m Running the evict task with compensationTime 5ms
[2m2019-05-22 23:40:02.443[0;39m [32m INFO[0;39m [35m26901[0;39m [2m---[0;39m [2m[.15t][0;39m [36mc.n.e.r.AbstractInstanceRegistry         [       run:1247][0;39m [2m:[0;39m Running the evict task with compensationTime 5ms
[2m2019-05-22 23:41:02.445[0;39m [32m INFO[0;39m [35m26901[0;39m [2m---[0;39m [2m[.15t][0;39m [36mc.n.e.r.AbstractInstanceRegistry         [       run:1247][0;39m [2m:[0;39m Running the evict task with compensationTime 1ms
[2m2019-05-22 23:42:02.446[0;39m [32m INFO[0;39m [35m26901[0;39m [2m---[0;39m [2m[.15t][0;39m [36mc.n.e.r.AbstractInstanceRegistry         [       run:1247][0;39m [2m:[0;39m Running the evict task with compensationTime 0ms
[2m2019-05-22 23:43:02.449[0;39m [32m INFO[0;39m [35m26901[0;39m [2m---[0;39m [2m[.15t][0;39m [36mc.n.e.r.AbstractInstanceRegistry         [       run:1247][0;39m [2m:[0;39m Running the evict task with compensationTime 1ms
[2m2019-05-22 23:46:56.263[0;39m [33m WARN[0;39m [35m26901[0;39m [2m---[0;39m [2m[.15t][0;39m [36mc.n.e.c.PeerEurekaNodes                  [urekaNodes:156 ][0;39m [2m:[0;39m The replica size seems to be empty. Check the route 53 DNS Registry
[2m2019-05-22 23:46:57.488[0;39m [32m INFO[0;39m [35m26901[0;39m [2m---[0;39m [2m[.15t][0;39m [36mc.n.e.r.AbstractInstanceRegistry         [       run:1247][0;39m [2m:[0;39m Running the evict task with compensationTime 0ms
[2m2019-05-22 23:46:57.493[0;39m [32m INFO[0;39m [35m26901[0;39m [2m---[0;39m [2m[.15t][0;39m [36mc.n.e.r.AbstractInstanceRegistry         [     evict:614 ][0;39m [2m:[0;39m Evicting 1 items (expired=2, evictionLimit=1)
[2m2019-05-22 23:46:57.496[0;39m [33m WARN[0;39m [35m26901[0;39m [2m---[0;39m [2m[.15t][0;39m [36mc.n.e.r.AbstractInstanceRegistry         [     evict:626 ][0;39m [2m:[0;39m DS: Registry: expired lease for EUREKA-CLIENT1/192.168.26.110:eureka-client1:8001
[2m2019-05-22 23:46:57.524[0;39m [32m INFO[0;39m [35m26901[0;39m [2m---[0;39m [2m[.15t][0;39m [36mc.n.e.r.AbstractInstanceRegistry         [rnalCancel:333 ][0;39m [2m:[0;39m Cancelled instance EUREKA-CLIENT1/192.168.26.110:eureka-client1:8001 (replication=false)
[2m2019-05-22 23:47:08.084[0;39m [33m WARN[0;39m [35m26901[0;39m [2m---[0;39m [2m[.15t][0;39m [36mc.n.e.r.AbstractInstanceRegistry         [     renew:356 ][0;39m [2m:[0;39m DS: Registry: lease doesn't exist, registering resource: EUREKA-CLIENT1 - 192.168.26.110:eureka-client1:8001
[2m2019-05-22 23:47:08.104[0;39m [33m WARN[0;39m [35m26901[0;39m [2m---[0;39m [2m[.15t][0;39m [36mc.n.e.r.InstanceResource                 [renewLease:116 ][0;39m [2m:[0;39m Not Found (Renew): EUREKA-CLIENT1 - 192.168.26.110:eureka-client1:8001
[2m2019-05-22 23:47:09.021[0;39m [33m WARN[0;39m [35m26901[0;39m [2m---[0;39m [2m[.15t][0;39m [36mc.n.e.r.AbstractInstanceRegistry         [     renew:356 ][0;39m [2m:[0;39m DS: Registry: lease doesn't exist, registering resource: EUREKA-CLIENT1 - 192.168.26.110:eureka-client1:8001
[2m2019-05-22 23:47:09.024[0;39m [33m WARN[0;39m [35m26901[0;39m [2m---[0;39m [2m[.15t][0;39m [36mc.n.e.r.InstanceResource                 [renewLease:116 ][0;39m [2m:[0;39m Not Found (Renew): EUREKA-CLIENT1 - 192.168.26.110:eureka-client1:8001
