[2m2019-05-22 11:02:13.192[0;39m [32m INFO[0;39m [35m26901[0;39m [2m---[0;39m [2m[.15t][0;39m [36mc.s.EurekaServerApplication              [rofileInfo:659 ][0;39m [2m:[0;39m No active profile set, falling back to default profiles: default
[2m2019-05-22 11:02:13.242[0;39m [32m INFO[0;39m [35m26901[0;39m [2m---[0;39m [2m[.15t][0;39m [36mConfigServletWebServerApplicationContext [areRefresh:590 ][0;39m [2m:[0;39m Refreshing org.springframework.boot.web.servlet.context.AnnotationConfigServletWebServerApplicationContext@31e4bb20: startup date [Wed May 22 11:02:13 CST 2019]; parent: org.springframework.context.annotation.AnnotationConfigApplicationContext@6392827e
[2m2019-05-22 11:02:14.656[0;39m [32m INFO[0;39m [35m26901[0;39m [2m---[0;39m [2m[.15t][0;39m [36mo.s.c.c.s.GenericScope                   [lizationId:294 ][0;39m [2m:[0;39m BeanFactory id=98bcd73d-517b-3beb-a002-a39f6078442c
[2m2019-05-22 11:02:14.687[0;39m [32m INFO[0;39m [35m26901[0;39m [2m---[0;39m [2m[.15t][0;39m [36mf.a.AutowiredAnnotationBeanPostProcessor [    <init>:154 ][0;39m [2m:[0;39m JSR-330 'javax.inject.Inject' annotation found and supported for autowiring
[2m2019-05-22 11:02:14.822[0;39m [32m INFO[0;39m [35m26901[0;39m [2m---[0;39m [2m[.15t][0;39m [36mtrationDelegate$BeanPostProcessorChecker [ialization:328 ][0;39m [2m:[0;39m Bean 'org.springframework.cloud.autoconfigure.ConfigurationPropertiesRebinderAutoConfiguration' of type [org.springframework.cloud.autoconfigure.ConfigurationPropertiesRebinderAutoConfiguration$$EnhancerBySpringCGLIB$$cd2b49b6] is not eligible for getting processed by all BeanPostProcessors (for example: not eligible for auto-proxying)
[2m2019-05-22 11:02:15.135[0;39m [32m INFO[0;39m [35m26901[0;39m [2m---[0;39m [2m[.15t][0;39m [36mo.s.b.w.e.t.TomcatWebServer              [initialize:91  ][0;39m [2m:[0;39m Tomcat initialized with port(s): 8080 (http)
[2m2019-05-22 11:02:15.159[0;39m [32m INFO[0;39m [35m26901[0;39m [2m---[0;39m [2m[.15t][0;39m [36mo.a.c.h.Http11NioProtocol                [       log:180 ][0;39m [2m:[0;39m Initializing ProtocolHandler ["http-nio-8080"]
[2m2019-05-22 11:02:15.180[0;39m [32m INFO[0;39m [35m26901[0;39m [2m---[0;39m [2m[.15t][0;39m [36mo.a.c.c.StandardService                  [       log:180 ][0;39m [2m:[0;39m Starting service [Tomcat]
[2m2019-05-22 11:02:15.181[0;39m [32m INFO[0;39m [35m26901[0;39m [2m---[0;39m [2m[.15t][0;39m [36mo.a.c.c.StandardEngine                   [       log:180 ][0;39m [2m:[0;39m Starting Servlet Engine: Apache Tomcat/8.5.29
[2m2019-05-22 11:02:15.206[0;39m [32m INFO[0;39m [35m26901[0;39m [2m---[0;39m [2m[.15t][0;39m [36mo.a.c.c.AprLifecycleListener             [       log:180 ][0;39m [2m:[0;39m The APR based Apache Tomcat Native library which allows optimal performance in production environments was not found on the java.library.path: [/Users/baozc/Library/Java/Extensions:/Library/Java/Extensions:/Network/Library/Java/Extensions:/System/Library/Java/Extensions:/usr/lib/java:.]
[2m2019-05-22 11:02:15.367[0;39m [32m INFO[0;39m [35m26901[0;39m [2m---[0;39m [2m[.15t][0;39m [36mo.a.c.c.C.[.[.[/]                        [       log:180 ][0;39m [2m:[0;39m Initializing Spring embedded WebApplicationContext
[2m2019-05-22 11:02:15.367[0;39m [32m INFO[0;39m [35m26901[0;39m [2m---[0;39m [2m[.15t][0;39m [36mo.s.w.c.ContextLoader                    [ionContext:285 ][0;39m [2m:[0;39m Root WebApplicationContext: initialization completed in 2125 ms
[2m2019-05-22 11:02:15.638[0;39m [33m WARN[0;39m [35m26901[0;39m [2m---[0;39m [2m[.15t][0;39m [36mc.n.c.s.URLConfigurationSource           [    <init>:121 ][0;39m [2m:[0;39m No URLs will be polled as dynamic configuration sources.
[2m2019-05-22 11:02:15.638[0;39m [32m INFO[0;39m [35m26901[0;39m [2m---[0;39m [2m[.15t][0;39m [36mc.n.c.s.URLConfigurationSource           [    <init>:122 ][0;39m [2m:[0;39m To enable URLs as dynamic configuration sources, define System property archaius.configurationSource.additionalUrls or make config.properties available on classpath.
[2m2019-05-22 11:02:15.660[0;39m [32m INFO[0;39m [35m26901[0;39m [2m---[0;39m [2m[.15t][0;39m [36mc.n.c.DynamicPropertyFactory             [etInstance:281 ][0;39m [2m:[0;39m DynamicPropertyFactory is initialized with configuration sources: com.netflix.config.ConcurrentCompositeConfiguration@51cc9b21
[2m2019-05-22 11:02:16.627[0;39m [32m INFO[0;39m [35m26901[0;39m [2m---[0;39m [2m[.15t][0;39m [36mo.s.b.w.s.FilterRegistrationBean         [ configure:244 ][0;39m [2m:[0;39m Mapping filter: 'characterEncodingFilter' to: [/*]
[2m2019-05-22 11:02:16.627[0;39m [32m INFO[0;39m [35m26901[0;39m [2m---[0;39m [2m[.15t][0;39m [36mo.s.b.w.s.FilterRegistrationBean         [ configure:244 ][0;39m [2m:[0;39m Mapping filter: 'hiddenHttpMethodFilter' to: [/*]
[2m2019-05-22 11:02:16.628[0;39m [32m INFO[0;39m [35m26901[0;39m [2m---[0;39m [2m[.15t][0;39m [36mo.s.b.w.s.FilterRegistrationBean         [ configure:244 ][0;39m [2m:[0;39m Mapping filter: 'httpPutFormContentFilter' to: [/*]
[2m2019-05-22 11:02:16.628[0;39m [32m INFO[0;39m [35m26901[0;39m [2m---[0;39m [2m[.15t][0;39m [36mo.s.b.w.s.FilterRegistrationBean         [ configure:244 ][0;39m [2m:[0;39m Mapping filter: 'requestContextFilter' to: [/*]
[2m2019-05-22 11:02:16.629[0;39m [32m INFO[0;39m [35m26901[0;39m [2m---[0;39m [2m[.15t][0;39m [36mo.s.b.w.s.FilterRegistrationBean         [ configure:244 ][0;39m [2m:[0;39m Mapping filter: 'httpTraceFilter' to: [/*]
[2m2019-05-22 11:02:16.629[0;39m [32m INFO[0;39m [35m26901[0;39m [2m---[0;39m [2m[.15t][0;39m [36mo.s.b.w.s.FilterRegistrationBean         [ configure:244 ][0;39m [2m:[0;39m Mapping filter: 'webMvcMetricsFilter' to: [/*]
[2m2019-05-22 11:02:16.630[0;39m [32m INFO[0;39m [35m26901[0;39m [2m---[0;39m [2m[.15t][0;39m [36mo.s.b.w.s.FilterRegistrationBean         [ configure:257 ][0;39m [2m:[0;39m Mapping filter: 'servletContainer' to urls: [/eureka/*]
[2m2019-05-22 11:02:16.630[0;39m [32m INFO[0;39m [35m26901[0;39m [2m---[0;39m [2m[.15t][0;39m [36mo.s.b.w.s.ServletRegistrationBean        [gistration:185 ][0;39m [2m:[0;39m Servlet dispatcherServlet mapped to [/]
[2m2019-05-22 11:02:16.749[0;39m [32m INFO[0;39m [35m26901[0;39m [2m---[0;39m [2m[.15t][0;39m [36mc.s.j.s.i.a.WebApplicationImpl           [ _initiate:815 ][0;39m [2m:[0;39m Initiating Jersey application, version 'Jersey: 1.19.1 03/11/2016 02:08 PM'
[2m2019-05-22 11:02:16.866[0;39m [32m INFO[0;39m [35m26901[0;39m [2m---[0;39m [2m[.15t][0;39m [36mc.n.d.p.DiscoveryJerseyProvider          [    <init>:70  ][0;39m [2m:[0;39m Using JSON encoding codec LegacyJacksonJson
[2m2019-05-22 11:02:16.867[0;39m [32m INFO[0;39m [35m26901[0;39m [2m---[0;39m [2m[.15t][0;39m [36mc.n.d.p.DiscoveryJerseyProvider          [    <init>:71  ][0;39m [2m:[0;39m Using JSON decoding codec LegacyJacksonJson
[2m2019-05-22 11:02:17.133[0;39m [32m INFO[0;39m [35m26901[0;39m [2m---[0;39m [2m[.15t][0;39m [36mc.n.d.p.DiscoveryJerseyProvider          [    <init>:80  ][0;39m [2m:[0;39m Using XML encoding codec XStreamXml
[2m2019-05-22 11:02:17.135[0;39m [32m INFO[0;39m [35m26901[0;39m [2m---[0;39m [2m[.15t][0;39m [36mc.n.d.p.DiscoveryJerseyProvider          [    <init>:81  ][0;39m [2m:[0;39m Using XML decoding codec XStreamXml
[2m2019-05-22 11:02:17.602[0;39m [33m WARN[0;39m [35m26901[0;39m [2m---[0;39m [2m[.15t][0;39m [36mc.n.c.s.URLConfigurationSource           [    <init>:121 ][0;39m [2m:[0;39m No URLs will be polled as dynamic configuration sources.
[2m2019-05-22 11:02:17.602[0;39m [32m INFO[0;39m [35m26901[0;39m [2m---[0;39m [2m[.15t][0;39m [36mc.n.c.s.URLConfigurationSource           [    <init>:122 ][0;39m [2m:[0;39m To enable URLs as dynamic configuration sources, define System property archaius.configurationSource.additionalUrls or make config.properties available on classpath.
[2m2019-05-22 11:02:17.708[0;39m [32m INFO[0;39m [35m26901[0;39m [2m---[0;39m [2m[.15t][0;39m [36mo.s.w.s.h.SimpleUrlHandlerMapping        [terHandler:373 ][0;39m [2m:[0;39m Mapped URL path [/**/favicon.ico] onto handler of type [class org.springframework.web.servlet.resource.ResourceHttpRequestHandler]
[2m2019-05-22 11:02:17.916[0;39m [32m INFO[0;39m [35m26901[0;39m [2m---[0;39m [2m[.15t][0;39m [36ms.w.s.m.m.a.RequestMappingHandlerAdapter [dviceCache:574 ][0;39m [2m:[0;39m Looking for @ControllerAdvice: org.springframework.boot.web.servlet.context.AnnotationConfigServletWebServerApplicationContext@31e4bb20: startup date [Wed May 22 11:02:13 CST 2019]; parent: org.springframework.context.annotation.AnnotationConfigApplicationContext@6392827e
[2m2019-05-22 11:02:18.012[0;39m [32m INFO[0;39m [35m26901[0;39m [2m---[0;39m [2m[.15t][0;39m [36ms.w.s.m.m.a.RequestMappingHandlerMapping [  register:547 ][0;39m [2m:[0;39m Mapped "{[/error]}" onto public org.springframework.http.ResponseEntity<java.util.Map<java.lang.String, java.lang.Object>> org.springframework.boot.autoconfigure.web.servlet.error.BasicErrorController.error(javax.servlet.http.HttpServletRequest)
[2m2019-05-22 11:02:18.013[0;39m [32m INFO[0;39m [35m26901[0;39m [2m---[0;39m [2m[.15t][0;39m [36ms.w.s.m.m.a.RequestMappingHandlerMapping [  register:547 ][0;39m [2m:[0;39m Mapped "{[/error],produces=[text/html]}" onto public org.springframework.web.servlet.ModelAndView org.springframework.boot.autoconfigure.web.servlet.error.BasicErrorController.errorHtml(javax.servlet.http.HttpServletRequest,javax.servlet.http.HttpServletResponse)
[2m2019-05-22 11:02:18.019[0;39m [32m INFO[0;39m [35m26901[0;39m [2m---[0;39m [2m[.15t][0;39m [36ms.w.s.m.m.a.RequestMappingHandlerMapping [  register:547 ][0;39m [2m:[0;39m Mapped "{[/],methods=[GET]}" onto public java.lang.String org.springframework.cloud.netflix.eureka.server.EurekaController.status(javax.servlet.http.HttpServletRequest,java.util.Map<java.lang.String, java.lang.Object>)
[2m2019-05-22 11:02:18.020[0;39m [32m INFO[0;39m [35m26901[0;39m [2m---[0;39m [2m[.15t][0;39m [36ms.w.s.m.m.a.RequestMappingHandlerMapping [  register:547 ][0;39m [2m:[0;39m Mapped "{[/lastn],methods=[GET]}" onto public java.lang.String org.springframework.cloud.netflix.eureka.server.EurekaController.lastn(javax.servlet.http.HttpServletRequest,java.util.Map<java.lang.String, java.lang.Object>)
[2m2019-05-22 11:02:18.062[0;39m [32m INFO[0;39m [35m26901[0;39m [2m---[0;39m [2m[.15t][0;39m [36mo.s.w.s.h.SimpleUrlHandlerMapping        [terHandler:373 ][0;39m [2m:[0;39m Mapped URL path [/webjars/**] onto handler of type [class org.springframework.web.servlet.resource.ResourceHttpRequestHandler]
[2m2019-05-22 11:02:18.063[0;39m [32m INFO[0;39m [35m26901[0;39m [2m---[0;39m [2m[.15t][0;39m [36mo.s.w.s.h.SimpleUrlHandlerMapping        [terHandler:373 ][0;39m [2m:[0;39m Mapped URL path [/**] onto handler of type [class org.springframework.web.servlet.resource.ResourceHttpRequestHandler]
[2m2019-05-22 11:02:18.547[0;39m [32m INFO[0;39m [35m26901[0;39m [2m---[0;39m [2m[.15t][0;39m [36mo.s.u.f.SpringTemplateLoader             [    <init>:62  ][0;39m [2m:[0;39m SpringTemplateLoader for FreeMarker: using resource loader [org.springframework.boot.web.servlet.context.AnnotationConfigServletWebServerApplicationContext@31e4bb20: startup date [Wed May 22 11:02:13 CST 2019]; parent: org.springframework.context.annotation.AnnotationConfigApplicationContext@6392827e] and template loader path [classpath:/templates/]
[2m2019-05-22 11:02:18.549[0;39m [32m INFO[0;39m [35m26901[0;39m [2m---[0;39m [2m[.15t][0;39m [36mo.s.w.s.v.f.FreeMarkerConfigurer         [ateLoaders:131 ][0;39m [2m:[0;39m ClassTemplateLoader for Spring macros added to FreeMarker configuration
[2m2019-05-22 11:02:18.804[0;39m [32m INFO[0;39m [35m26901[0;39m [2m---[0;39m [2m[.15t][0;39m [36mo.s.c.n.e.InstanceInfoFactory            [    create:71  ][0;39m [2m:[0;39m Setting initial instance status as: STARTING
[2m2019-05-22 11:02:18.869[0;39m [32m INFO[0;39m [35m26901[0;39m [2m---[0;39m [2m[.15t][0;39m [36mc.n.d.DiscoveryClient                    [    <init>:349 ][0;39m [2m:[0;39m Initializing Eureka in region us-east-1
[2m2019-05-22 11:02:18.870[0;39m [32m INFO[0;39m [35m26901[0;39m [2m---[0;39m [2m[.15t][0;39m [36mc.n.d.DiscoveryClient                    [    <init>:352 ][0;39m [2m:[0;39m Client configured to neither register nor query for data.
[2m2019-05-22 11:02:18.893[0;39m [32m INFO[0;39m [35m26901[0;39m [2m---[0;39m [2m[.15t][0;39m [36mc.n.d.DiscoveryClient                    [    <init>:365 ][0;39m [2m:[0;39m Discovery Client initialized at timestamp 1558494138890 with initial instances count: 0
[2m2019-05-22 11:02:18.962[0;39m [32m INFO[0;39m [35m26901[0;39m [2m---[0;39m [2m[.15t][0;39m [36mc.n.e.DefaultEurekaServerContext         [initialize:63  ][0;39m [2m:[0;39m Initializing ...
[2m2019-05-22 11:02:18.966[0;39m [33m WARN[0;39m [35m26901[0;39m [2m---[0;39m [2m[.15t][0;39m [36mc.n.e.c.PeerEurekaNodes                  [urekaNodes:156 ][0;39m [2m:[0;39m The replica size seems to be empty. Check the route 53 DNS Registry
[2m2019-05-22 11:02:18.995[0;39m [32m INFO[0;39m [35m26901[0;39m [2m---[0;39m [2m[.15t][0;39m [36mc.n.e.r.AbstractInstanceRegistry         [onRegistry:151 ][0;39m [2m:[0;39m Finished initializing remote region registries. All known remote regions: []
[2m2019-05-22 11:02:18.997[0;39m [32m INFO[0;39m [35m26901[0;39m [2m---[0;39m [2m[.15t][0;39m [36mc.n.e.DefaultEurekaServerContext         [initialize:70  ][0;39m [2m:[0;39m Initialized
[2m2019-05-22 11:02:19.031[0;39m [32m INFO[0;39m [35m26901[0;39m [2m---[0;39m [2m[.15t][0;39m [36mo.s.b.a.e.w.EndpointLinksResolver        [    <init>:59  ][0;39m [2m:[0;39m Exposing 2 endpoint(s) beneath base path '/actuator'
[2m2019-05-22 11:02:19.047[0;39m [32m INFO[0;39m [35m26901[0;39m [2m---[0;39m [2m[.15t][0;39m [36ms.b.a.e.w.s.WebMvcEndpointHandlerMapping [  register:547 ][0;39m [2m:[0;39m Mapped "{[/actuator/health],methods=[GET],produces=[application/vnd.spring-boot.actuator.v2+json || application/json]}" onto public java.lang.Object org.springframework.boot.actuate.endpoint.web.servlet.AbstractWebMvcEndpointHandlerMapping$OperationHandler.handle(javax.servlet.http.HttpServletRequest,java.util.Map<java.lang.String, java.lang.String>)
[2m2019-05-22 11:02:19.048[0;39m [32m INFO[0;39m [35m26901[0;39m [2m---[0;39m [2m[.15t][0;39m [36ms.b.a.e.w.s.WebMvcEndpointHandlerMapping [  register:547 ][0;39m [2m:[0;39m Mapped "{[/actuator/info],methods=[GET],produces=[application/vnd.spring-boot.actuator.v2+json || application/json]}" onto public java.lang.Object org.springframework.boot.actuate.endpoint.web.servlet.AbstractWebMvcEndpointHandlerMapping$OperationHandler.handle(javax.servlet.http.HttpServletRequest,java.util.Map<java.lang.String, java.lang.String>)
[2m2019-05-22 11:02:19.050[0;39m [32m INFO[0;39m [35m26901[0;39m [2m---[0;39m [2m[.15t][0;39m [36ms.b.a.e.w.s.WebMvcEndpointHandlerMapping [  register:547 ][0;39m [2m:[0;39m Mapped "{[/actuator],methods=[GET],produces=[application/vnd.spring-boot.actuator.v2+json || application/json]}" onto protected java.util.Map<java.lang.String, java.util.Map<java.lang.String, org.springframework.boot.actuate.endpoint.web.Link>> org.springframework.boot.actuate.endpoint.web.servlet.WebMvcEndpointHandlerMapping.links(javax.servlet.http.HttpServletRequest,javax.servlet.http.HttpServletResponse)
[2m2019-05-22 11:02:19.129[0;39m [32m INFO[0;39m [35m26901[0;39m [2m---[0;39m [2m[.15t][0;39m [36mo.s.j.e.a.AnnotationMBeanExporter        [stantiated:433 ][0;39m [2m:[0;39m Registering beans for JMX exposure on startup
[2m2019-05-22 11:02:19.139[0;39m [32m INFO[0;39m [35m26901[0;39m [2m---[0;39m [2m[.15t][0;39m [36mo.s.j.e.a.AnnotationMBeanExporter        [autodetect:895 ][0;39m [2m:[0;39m Bean with name 'environmentManager' has been autodetected for JMX exposure
[2m2019-05-22 11:02:19.146[0;39m [32m INFO[0;39m [35m26901[0;39m [2m---[0;39m [2m[.15t][0;39m [36mo.s.j.e.a.AnnotationMBeanExporter        [autodetect:895 ][0;39m [2m:[0;39m Bean with name 'configurationPropertiesRebinder' has been autodetected for JMX exposure
[2m2019-05-22 11:02:19.147[0;39m [32m INFO[0;39m [35m26901[0;39m [2m---[0;39m [2m[.15t][0;39m [36mo.s.j.e.a.AnnotationMBeanExporter        [autodetect:895 ][0;39m [2m:[0;39m Bean with name 'refreshScope' has been autodetected for JMX exposure
[2m2019-05-22 11:02:19.153[0;39m [32m INFO[0;39m [35m26901[0;39m [2m---[0;39m [2m[.15t][0;39m [36mo.s.j.e.a.AnnotationMBeanExporter        [anInstance:675 ][0;39m [2m:[0;39m Located managed bean 'environmentManager': registering with JMX server as MBean [org.springframework.cloud.context.environment:name=environmentManager,type=EnvironmentManager]
[2m2019-05-22 11:02:19.168[0;39m [32m INFO[0;39m [35m26901[0;39m [2m---[0;39m [2m[.15t][0;39m [36mo.s.j.e.a.AnnotationMBeanExporter        [anInstance:675 ][0;39m [2m:[0;39m Located managed bean 'refreshScope': registering with JMX server as MBean [org.springframework.cloud.context.scope.refresh:name=refreshScope,type=RefreshScope]
[2m2019-05-22 11:02:19.179[0;39m [32m INFO[0;39m [35m26901[0;39m [2m---[0;39m [2m[.15t][0;39m [36mo.s.j.e.a.AnnotationMBeanExporter        [anInstance:675 ][0;39m [2m:[0;39m Located managed bean 'configurationPropertiesRebinder': registering with JMX server as MBean [org.springframework.cloud.context.properties:name=configurationPropertiesRebinder,context=31e4bb20,type=ConfigurationPropertiesRebinder]
[2m2019-05-22 11:02:19.197[0;39m [32m INFO[0;39m [35m26901[0;39m [2m---[0;39m [2m[.15t][0;39m [36mo.s.c.s.DefaultLifecycleProcessor        [     start:351 ][0;39m [2m:[0;39m Starting beans in phase 0
[2m2019-05-22 11:02:19.198[0;39m [32m INFO[0;39m [35m26901[0;39m [2m---[0;39m [2m[.15t][0;39m [36mo.s.c.n.e.s.EurekaServiceRegistry        [  register:42  ][0;39m [2m:[0;39m Registering application eureka-server with eureka with status UP
[2m2019-05-22 11:02:19.202[0;39m [32m INFO[0;39m [35m26901[0;39m [2m---[0;39m [2m[.15t][0;39m [36mo.s.c.n.e.s.EurekaServerBootstrap        [nvironment:109 ][0;39m [2m:[0;39m Setting the eureka configuration..
[2m2019-05-22 11:02:19.202[0;39m [32m INFO[0;39m [35m26901[0;39m [2m---[0;39m [2m[.15t][0;39m [36mo.s.c.n.e.s.EurekaServerBootstrap        [nvironment:114 ][0;39m [2m:[0;39m Eureka data center value eureka.datacenter is not set, defaulting to default
[2m2019-05-22 11:02:19.203[0;39m [32m INFO[0;39m [35m26901[0;39m [2m---[0;39m [2m[.15t][0;39m [36mo.s.c.n.e.s.EurekaServerBootstrap        [nvironment:128 ][0;39m [2m:[0;39m Eureka environment value eureka.environment is not set, defaulting to test
[2m2019-05-22 11:02:19.231[0;39m [32m INFO[0;39m [35m26901[0;39m [2m---[0;39m [2m[.15t][0;39m [36mo.s.c.n.e.s.EurekaServerBootstrap        [     isAws:184 ][0;39m [2m:[0;39m isAws returned false
[2m2019-05-22 11:02:19.232[0;39m [32m INFO[0;39m [35m26901[0;39m [2m---[0;39m [2m[.15t][0;39m [36mo.s.c.n.e.s.EurekaServerBootstrap        [verContext:152 ][0;39m [2m:[0;39m Initialized server context
[2m2019-05-22 11:02:19.233[0;39m [32m INFO[0;39m [35m26901[0;39m [2m---[0;39m [2m[.15t][0;39m [36mc.n.e.r.PeerAwareInstanceRegistryImpl    [ForTraffic:242 ][0;39m [2m:[0;39m Got 1 instances from neighboring DS node
[2m2019-05-22 11:02:19.233[0;39m [32m INFO[0;39m [35m26901[0;39m [2m---[0;39m [2m[.15t][0;39m [36mc.n.e.r.PeerAwareInstanceRegistryImpl    [ForTraffic:243 ][0;39m [2m:[0;39m Renew threshold is: 1
[2m2019-05-22 11:02:19.233[0;39m [32m INFO[0;39m [35m26901[0;39m [2m---[0;39m [2m[.15t][0;39m [36mc.n.e.r.PeerAwareInstanceRegistryImpl    [ForTraffic:254 ][0;39m [2m:[0;39m Changing status to UP
[2m2019-05-22 11:02:19.246[0;39m [32m INFO[0;39m [35m26901[0;39m [2m---[0;39m [2m[.15t][0;39m [36me.s.EurekaServerInitializerConfiguration [       run:72  ][0;39m [2m:[0;39m Started Eureka Server
[2m2019-05-22 11:02:19.246[0;39m [32m INFO[0;39m [35m26901[0;39m [2m---[0;39m [2m[.15t][0;39m [36mo.a.c.h.Http11NioProtocol                [       log:180 ][0;39m [2m:[0;39m Starting ProtocolHandler ["http-nio-8080"]
[2m2019-05-22 11:02:19.289[0;39m [32m INFO[0;39m [35m26901[0;39m [2m---[0;39m [2m[.15t][0;39m [36mo.a.t.u.n.NioSelectorPool                [       log:180 ][0;39m [2m:[0;39m Using a shared selector for servlet write/read
[2m2019-05-22 11:02:19.308[0;39m [32m INFO[0;39m [35m26901[0;39m [2m---[0;39m [2m[.15t][0;39m [36mo.s.b.w.e.t.TomcatWebServer              [     start:206 ][0;39m [2m:[0;39m Tomcat started on port(s): 8080 (http) with context path ''
[2m2019-05-22 11:02:19.309[0;39m [32m INFO[0;39m [35m26901[0;39m [2m---[0;39m [2m[.15t][0;39m [36m.s.c.n.e.s.EurekaAutoServiceRegistration [ationEvent:124 ][0;39m [2m:[0;39m Updating port to 8080
[2m2019-05-22 11:02:19.314[0;39m [32m INFO[0;39m [35m26901[0;39m [2m---[0;39m [2m[.15t][0;39m [36mc.s.EurekaServerApplication              [logStarted:59  ][0;39m [2m:[0;39m Started EurekaServerApplication in 7.664 seconds (JVM running for 8.596)
[2m2019-05-22 11:03:19.240[0;39m [32m INFO[0;39m [35m26901[0;39m [2m---[0;39m [2m[.15t][0;39m [36mc.n.e.r.AbstractInstanceRegistry         [       run:1247][0;39m [2m:[0;39m Running the evict task with compensationTime 0ms
[2m2019-05-22 11:03:41.241[0;39m [32m INFO[0;39m [35m26901[0;39m [2m---[0;39m [2m[.15t][0;39m [36mo.a.c.c.C.[.[.[/]                        [       log:180 ][0;39m [2m:[0;39m Initializing Spring FrameworkServlet 'dispatcherServlet'
[2m2019-05-22 11:03:41.242[0;39m [32m INFO[0;39m [35m26901[0;39m [2m---[0;39m [2m[.15t][0;39m [36mo.s.w.s.DispatcherServlet                [ervletBean:494 ][0;39m [2m:[0;39m FrameworkServlet 'dispatcherServlet': initialization started
[2m2019-05-22 11:03:41.380[0;39m [32m INFO[0;39m [35m26901[0;39m [2m---[0;39m [2m[.15t][0;39m [36mo.s.w.s.DispatcherServlet                [ervletBean:509 ][0;39m [2m:[0;39m FrameworkServlet 'dispatcherServlet': initialization completed in 137 ms
[2m2019-05-22 11:03:42.042[0;39m [32m INFO[0;39m [35m26901[0;39m [2m---[0;39m [2m[.15t][0;39m [36mc.n.e.r.AbstractInstanceRegistry         [  register:269 ][0;39m [2m:[0;39m Registered instance EUREKA-CLIENT1/192.168.26.110:eureka-client1:8001 with status UP (replication=false)
[2m2019-05-22 11:04:19.239[0;39m [32m INFO[0;39m [35m26901[0;39m [2m---[0;39m [2m[.15t][0;39m [36mc.n.e.r.AbstractInstanceRegistry         [       run:1247][0;39m [2m:[0;39m Running the evict task with compensationTime 0ms
[2m2019-05-22 11:05:19.240[0;39m [32m INFO[0;39m [35m26901[0;39m [2m---[0;39m [2m[.15t][0;39m [36mc.n.e.r.AbstractInstanceRegistry         [       run:1247][0;39m [2m:[0;39m Running the evict task with compensationTime 0ms
[2m2019-05-22 11:06:19.244[0;39m [32m INFO[0;39m [35m26901[0;39m [2m---[0;39m [2m[.15t][0;39m [36mc.n.e.r.AbstractInstanceRegistry         [       run:1247][0;39m [2m:[0;39m Running the evict task with compensationTime 2ms
[2m2019-05-22 11:07:19.245[0;39m [32m INFO[0;39m [35m26901[0;39m [2m---[0;39m [2m[.15t][0;39m [36mc.n.e.r.AbstractInstanceRegistry         [       run:1247][0;39m [2m:[0;39m Running the evict task with compensationTime 0ms
[2m2019-05-22 11:07:21.865[0;39m [32m INFO[0;39m [35m26901[0;39m [2m---[0;39m [2m[.15t][0;39m [36mc.n.e.r.AbstractInstanceRegistry         [  register:269 ][0;39m [2m:[0;39m Registered instance EUREKA-CLIENT-CONSUMER/192.168.26.110:eureka-client-consumer:8002 with status UP (replication=false)
[2m2019-05-22 11:08:19.251[0;39m [32m INFO[0;39m [35m26901[0;39m [2m---[0;39m [2m[.15t][0;39m [36mc.n.e.r.AbstractInstanceRegistry         [       run:1247][0;39m [2m:[0;39m Running the evict task with compensationTime 4ms
[2m2019-05-22 11:09:19.253[0;39m [32m INFO[0;39m [35m26901[0;39m [2m---[0;39m [2m[.15t][0;39m [36mc.n.e.r.AbstractInstanceRegistry         [       run:1247][0;39m [2m:[0;39m Running the evict task with compensationTime 3ms
[2m2019-05-22 11:10:19.257[0;39m [32m INFO[0;39m [35m26901[0;39m [2m---[0;39m [2m[.15t][0;39m [36mc.n.e.r.AbstractInstanceRegistry         [       run:1247][0;39m [2m:[0;39m Running the evict task with compensationTime 4ms
[2m2019-05-22 11:11:19.260[0;39m [32m INFO[0;39m [35m26901[0;39m [2m---[0;39m [2m[.15t][0;39m [36mc.n.e.r.AbstractInstanceRegistry         [       run:1247][0;39m [2m:[0;39m Running the evict task with compensationTime 3ms
[2m2019-05-22 11:12:18.978[0;39m [33m WARN[0;39m [35m26901[0;39m [2m---[0;39m [2m[.15t][0;39m [36mc.n.e.c.PeerEurekaNodes                  [urekaNodes:156 ][0;39m [2m:[0;39m The replica size seems to be empty. Check the route 53 DNS Registry
[2m2019-05-22 11:12:19.263[0;39m [32m INFO[0;39m [35m26901[0;39m [2m---[0;39m [2m[.15t][0;39m [36mc.n.e.r.AbstractInstanceRegistry         [       run:1247][0;39m [2m:[0;39m Running the evict task with compensationTime 1ms
[2m2019-05-22 11:13:19.266[0;39m [32m INFO[0;39m [35m26901[0;39m [2m---[0;39m [2m[.15t][0;39m [36mc.n.e.r.AbstractInstanceRegistry         [       run:1247][0;39m [2m:[0;39m Running the evict task with compensationTime 2ms
[2m2019-05-22 11:14:19.268[0;39m [32m INFO[0;39m [35m26901[0;39m [2m---[0;39m [2m[.15t][0;39m [36mc.n.e.r.AbstractInstanceRegistry         [       run:1247][0;39m [2m:[0;39m Running the evict task with compensationTime 2ms
[2m2019-05-22 11:15:19.270[0;39m [32m INFO[0;39m [35m26901[0;39m [2m---[0;39m [2m[.15t][0;39m [36mc.n.e.r.AbstractInstanceRegistry         [       run:1247][0;39m [2m:[0;39m Running the evict task with compensationTime 0ms
[2m2019-05-22 11:15:24.297[0;39m [32m INFO[0;39m [35m26901[0;39m [2m---[0;39m [2m[.15t][0;39m [36mc.n.e.r.AbstractInstanceRegistry         [  register:269 ][0;39m [2m:[0;39m Registered instance EUREKA-CLIENT-CONSUMER/192.168.26.110:eureka-client-consumer:8002 with status DOWN (replication=false)
[2m2019-05-22 11:15:27.682[0;39m [32m INFO[0;39m [35m26901[0;39m [2m---[0;39m [2m[.15t][0;39m [36mc.n.e.r.AbstractInstanceRegistry         [rnalCancel:333 ][0;39m [2m:[0;39m Cancelled instance EUREKA-CLIENT-CONSUMER/192.168.26.110:eureka-client-consumer:8002 (replication=false)
[2m2019-05-22 11:16:12.041[0;39m [32m INFO[0;39m [35m26901[0;39m [2m---[0;39m [2m[.15t][0;39m [36mc.n.e.r.AbstractInstanceRegistry         [  register:269 ][0;39m [2m:[0;39m Registered instance EUREKA-CLIENT-CONSUMER/192.168.26.110:eureka-client-consumer:8002 with status UP (replication=false)
[2m2019-05-22 11:16:19.274[0;39m [32m INFO[0;39m [35m26901[0;39m [2m---[0;39m [2m[.15t][0;39m [36mc.n.e.r.AbstractInstanceRegistry         [       run:1247][0;39m [2m:[0;39m Running the evict task with compensationTime 4ms
[2m2019-05-22 11:17:19.023[0;39m [32m INFO[0;39m [35m26901[0;39m [2m---[0;39m [2m[.15t][0;39m [36mc.n.e.r.PeerAwareInstanceRegistryImpl    [lThreshold:541 ][0;39m [2m:[0;39m Current renewal threshold is : 0
[2m2019-05-22 11:17:19.287[0;39m [32m INFO[0;39m [35m26901[0;39m [2m---[0;39m [2m[.15t][0;39m [36mc.n.e.r.AbstractInstanceRegistry         [       run:1247][0;39m [2m:[0;39m Running the evict task with compensationTime 2ms
[2m2019-05-22 11:18:19.281[0;39m [32m INFO[0;39m [35m26901[0;39m [2m---[0;39m [2m[.15t][0;39m [36mc.n.e.r.AbstractInstanceRegistry         [       run:1247][0;39m [2m:[0;39m Running the evict task with compensationTime 3ms
[2m2019-05-22 11:19:19.283[0;39m [32m INFO[0;39m [35m26901[0;39m [2m---[0;39m [2m[.15t][0;39m [36mc.n.e.r.AbstractInstanceRegistry         [       run:1247][0;39m [2m:[0;39m Running the evict task with compensationTime 0ms
[2m2019-05-22 11:20:19.286[0;39m [32m INFO[0;39m [35m26901[0;39m [2m---[0;39m [2m[.15t][0;39m [36mc.n.e.r.AbstractInstanceRegistry         [       run:1247][0;39m [2m:[0;39m Running the evict task with compensationTime 1ms
[2m2019-05-22 11:21:19.287[0;39m [32m INFO[0;39m [35m26901[0;39m [2m---[0;39m [2m[.15t][0;39m [36mc.n.e.r.AbstractInstanceRegistry         [       run:1247][0;39m [2m:[0;39m Running the evict task with compensationTime 1ms
[2m2019-05-22 11:22:18.995[0;39m [33m WARN[0;39m [35m26901[0;39m [2m---[0;39m [2m[.15t][0;39m [36mc.n.e.c.PeerEurekaNodes                  [urekaNodes:156 ][0;39m [2m:[0;39m The replica size seems to be empty. Check the route 53 DNS Registry
[2m2019-05-22 11:22:19.290[0;39m [32m INFO[0;39m [35m26901[0;39m [2m---[0;39m [2m[.15t][0;39m [36mc.n.e.r.AbstractInstanceRegistry         [       run:1247][0;39m [2m:[0;39m Running the evict task with compensationTime 2ms
[2m2019-05-22 11:23:19.295[0;39m [32m INFO[0;39m [35m26901[0;39m [2m---[0;39m [2m[.15t][0;39m [36mc.n.e.r.AbstractInstanceRegistry         [       run:1247][0;39m [2m:[0;39m Running the evict task with compensationTime 3ms
[2m2019-05-22 11:24:19.295[0;39m [32m INFO[0;39m [35m26901[0;39m [2m---[0;39m [2m[.15t][0;39m [36mc.n.e.r.AbstractInstanceRegistry         [       run:1247][0;39m [2m:[0;39m Running the evict task with compensationTime 0ms
[2m2019-05-22 11:25:19.299[0;39m [32m INFO[0;39m [35m26901[0;39m [2m---[0;39m [2m[.15t][0;39m [36mc.n.e.r.AbstractInstanceRegistry         [       run:1247][0;39m [2m:[0;39m Running the evict task with compensationTime 3ms
[2m2019-05-22 11:26:19.302[0;39m [32m INFO[0;39m [35m26901[0;39m [2m---[0;39m [2m[.15t][0;39m [36mc.n.e.r.AbstractInstanceRegistry         [       run:1247][0;39m [2m:[0;39m Running the evict task with compensationTime 3ms
[2m2019-05-22 11:27:19.308[0;39m [32m INFO[0;39m [35m26901[0;39m [2m---[0;39m [2m[.15t][0;39m [36mc.n.e.r.AbstractInstanceRegistry         [       run:1247][0;39m [2m:[0;39m Running the evict task with compensationTime 4ms
[2m2019-05-22 11:28:19.308[0;39m [32m INFO[0;39m [35m26901[0;39m [2m---[0;39m [2m[.15t][0;39m [36mc.n.e.r.AbstractInstanceRegistry         [       run:1247][0;39m [2m:[0;39m Running the evict task with compensationTime 0ms
[2m2019-05-22 11:29:19.309[0;39m [32m INFO[0;39m [35m26901[0;39m [2m---[0;39m [2m[.15t][0;39m [36mc.n.e.r.AbstractInstanceRegistry         [       run:1247][0;39m [2m:[0;39m Running the evict task with compensationTime 0ms
[2m2019-05-22 11:30:19.309[0;39m [32m INFO[0;39m [35m26901[0;39m [2m---[0;39m [2m[.15t][0;39m [36mc.n.e.r.AbstractInstanceRegistry         [       run:1247][0;39m [2m:[0;39m Running the evict task with compensationTime 0ms
[2m2019-05-22 11:31:19.319[0;39m [32m INFO[0;39m [35m26901[0;39m [2m---[0;39m [2m[.15t][0;39m [36mc.n.e.r.AbstractInstanceRegistry         [       run:1247][0;39m [2m:[0;39m Running the evict task with compensationTime 3ms
[2m2019-05-22 11:32:19.012[0;39m [33m WARN[0;39m [35m26901[0;39m [2m---[0;39m [2m[.15t][0;39m [36mc.n.e.c.PeerEurekaNodes                  [urekaNodes:156 ][0;39m [2m:[0;39m The replica size seems to be empty. Check the route 53 DNS Registry
[2m2019-05-22 11:32:19.021[0;39m [32m INFO[0;39m [35m26901[0;39m [2m---[0;39m [2m[.15t][0;39m [36mc.n.e.r.PeerAwareInstanceRegistryImpl    [lThreshold:541 ][0;39m [2m:[0;39m Current renewal threshold is : 0
[2m2019-05-22 11:32:19.314[0;39m [32m INFO[0;39m [35m26901[0;39m [2m---[0;39m [2m[.15t][0;39m [36mc.n.e.r.AbstractInstanceRegistry         [       run:1247][0;39m [2m:[0;39m Running the evict task with compensationTime 0ms
[2m2019-05-22 11:33:19.318[0;39m [32m INFO[0;39m [35m26901[0;39m [2m---[0;39m [2m[.15t][0;39m [36mc.n.e.r.AbstractInstanceRegistry         [       run:1247][0;39m [2m:[0;39m Running the evict task with compensationTime 3ms
[2m2019-05-22 11:34:19.319[0;39m [32m INFO[0;39m [35m26901[0;39m [2m---[0;39m [2m[.15t][0;39m [36mc.n.e.r.AbstractInstanceRegistry         [       run:1247][0;39m [2m:[0;39m Running the evict task with compensationTime 0ms
[2m2019-05-22 11:35:19.321[0;39m [32m INFO[0;39m [35m26901[0;39m [2m---[0;39m [2m[.15t][0;39m [36mc.n.e.r.AbstractInstanceRegistry         [       run:1247][0;39m [2m:[0;39m Running the evict task with compensationTime 0ms
[2m2019-05-22 11:36:19.322[0;39m [32m INFO[0;39m [35m26901[0;39m [2m---[0;39m [2m[.15t][0;39m [36mc.n.e.r.AbstractInstanceRegistry         [       run:1247][0;39m [2m:[0;39m Running the evict task with compensationTime 0ms
[2m2019-05-22 11:37:19.323[0;39m [32m INFO[0;39m [35m26901[0;39m [2m---[0;39m [2m[.15t][0;39m [36mc.n.e.r.AbstractInstanceRegistry         [       run:1247][0;39m [2m:[0;39m Running the evict task with compensationTime 5ms
[2m2019-05-22 11:38:19.324[0;39m [32m INFO[0;39m [35m26901[0;39m [2m---[0;39m [2m[.15t][0;39m [36mc.n.e.r.AbstractInstanceRegistry         [       run:1247][0;39m [2m:[0;39m Running the evict task with compensationTime 0ms
[2m2019-05-22 11:39:19.325[0;39m [32m INFO[0;39m [35m26901[0;39m [2m---[0;39m [2m[.15t][0;39m [36mc.n.e.r.AbstractInstanceRegistry         [       run:1247][0;39m [2m:[0;39m Running the evict task with compensationTime 1ms
[2m2019-05-22 11:40:19.330[0;39m [32m INFO[0;39m [35m26901[0;39m [2m---[0;39m [2m[.15t][0;39m [36mc.n.e.r.AbstractInstanceRegistry         [       run:1247][0;39m [2m:[0;39m Running the evict task with compensationTime 4ms
[2m2019-05-22 11:41:19.335[0;39m [32m INFO[0;39m [35m26901[0;39m [2m---[0;39m [2m[.15t][0;39m [36mc.n.e.r.AbstractInstanceRegistry         [       run:1247][0;39m [2m:[0;39m Running the evict task with compensationTime 4ms
[2m2019-05-22 11:42:19.024[0;39m [33m WARN[0;39m [35m26901[0;39m [2m---[0;39m [2m[.15t][0;39m [36mc.n.e.c.PeerEurekaNodes                  [urekaNodes:156 ][0;39m [2m:[0;39m The replica size seems to be empty. Check the route 53 DNS Registry
[2m2019-05-22 11:42:19.346[0;39m [32m INFO[0;39m [35m26901[0;39m [2m---[0;39m [2m[.15t][0;39m [36mc.n.e.r.AbstractInstanceRegistry         [       run:1247][0;39m [2m:[0;39m Running the evict task with compensationTime 10ms
[2m2019-05-22 11:43:19.349[0;39m [32m INFO[0;39m [35m26901[0;39m [2m---[0;39m [2m[.15t][0;39m [36mc.n.e.r.AbstractInstanceRegistry         [       run:1247][0;39m [2m:[0;39m Running the evict task with compensationTime 2ms
[2m2019-05-22 11:44:19.350[0;39m [32m INFO[0;39m [35m26901[0;39m [2m---[0;39m [2m[.15t][0;39m [36mc.n.e.r.AbstractInstanceRegistry         [       run:1247][0;39m [2m:[0;39m Running the evict task with compensationTime 0ms
[2m2019-05-22 11:45:19.352[0;39m [32m INFO[0;39m [35m26901[0;39m [2m---[0;39m [2m[.15t][0;39m [36mc.n.e.r.AbstractInstanceRegistry         [       run:1247][0;39m [2m:[0;39m Running the evict task with compensationTime 2ms
[2m2019-05-22 11:46:19.353[0;39m [32m INFO[0;39m [35m26901[0;39m [2m---[0;39m [2m[.15t][0;39m [36mc.n.e.r.AbstractInstanceRegistry         [       run:1247][0;39m [2m:[0;39m Running the evict task with compensationTime 0ms
[2m2019-05-22 11:47:19.030[0;39m [32m INFO[0;39m [35m26901[0;39m [2m---[0;39m [2m[.15t][0;39m [36mc.n.e.r.PeerAwareInstanceRegistryImpl    [lThreshold:541 ][0;39m [2m:[0;39m Current renewal threshold is : 0
[2m2019-05-22 11:47:19.355[0;39m [32m INFO[0;39m [35m26901[0;39m [2m---[0;39m [2m[.15t][0;39m [36mc.n.e.r.AbstractInstanceRegistry         [       run:1247][0;39m [2m:[0;39m Running the evict task with compensationTime 0ms
[2m2019-05-22 11:48:19.356[0;39m [32m INFO[0;39m [35m26901[0;39m [2m---[0;39m [2m[.15t][0;39m [36mc.n.e.r.AbstractInstanceRegistry         [       run:1247][0;39m [2m:[0;39m Running the evict task with compensationTime 0ms
[2m2019-05-22 11:49:19.357[0;39m [32m INFO[0;39m [35m26901[0;39m [2m---[0;39m [2m[.15t][0;39m [36mc.n.e.r.AbstractInstanceRegistry         [       run:1247][0;39m [2m:[0;39m Running the evict task with compensationTime 1ms
[2m2019-05-22 11:50:19.364[0;39m [32m INFO[0;39m [35m26901[0;39m [2m---[0;39m [2m[.15t][0;39m [36mc.n.e.r.AbstractInstanceRegistry         [       run:1247][0;39m [2m:[0;39m Running the evict task with compensationTime 0ms
[2m2019-05-22 11:51:19.358[0;39m [32m INFO[0;39m [35m26901[0;39m [2m---[0;39m [2m[.15t][0;39m [36mc.n.e.r.AbstractInstanceRegistry         [       run:1247][0;39m [2m:[0;39m Running the evict task with compensationTime 0ms
[2m2019-05-22 11:52:19.038[0;39m [33m WARN[0;39m [35m26901[0;39m [2m---[0;39m [2m[.15t][0;39m [36mc.n.e.c.PeerEurekaNodes                  [urekaNodes:156 ][0;39m [2m:[0;39m The replica size seems to be empty. Check the route 53 DNS Registry
[2m2019-05-22 11:52:19.359[0;39m [32m INFO[0;39m [35m26901[0;39m [2m---[0;39m [2m[.15t][0;39m [36mc.n.e.r.AbstractInstanceRegistry         [       run:1247][0;39m [2m:[0;39m Running the evict task with compensationTime 0ms
[2m2019-05-22 11:53:19.360[0;39m [32m INFO[0;39m [35m26901[0;39m [2m---[0;39m [2m[.15t][0;39m [36mc.n.e.r.AbstractInstanceRegistry         [       run:1247][0;39m [2m:[0;39m Running the evict task with compensationTime 0ms
[2m2019-05-22 11:54:19.364[0;39m [32m INFO[0;39m [35m26901[0;39m [2m---[0;39m [2m[.15t][0;39m [36mc.n.e.r.AbstractInstanceRegistry         [       run:1247][0;39m [2m:[0;39m Running the evict task with compensationTime 2ms
[2m2019-05-22 11:55:19.365[0;39m [32m INFO[0;39m [35m26901[0;39m [2m---[0;39m [2m[.15t][0;39m [36mc.n.e.r.AbstractInstanceRegistry         [       run:1247][0;39m [2m:[0;39m Running the evict task with compensationTime 0ms
[2m2019-05-22 11:56:19.367[0;39m [32m INFO[0;39m [35m26901[0;39m [2m---[0;39m [2m[.15t][0;39m [36mc.n.e.r.AbstractInstanceRegistry         [       run:1247][0;39m [2m:[0;39m Running the evict task with compensationTime 0ms
[2m2019-05-22 11:57:19.373[0;39m [32m INFO[0;39m [35m26901[0;39m [2m---[0;39m [2m[.15t][0;39m [36mc.n.e.r.AbstractInstanceRegistry         [       run:1247][0;39m [2m:[0;39m Running the evict task with compensationTime 0ms
[2m2019-05-22 11:58:19.367[0;39m [32m INFO[0;39m [35m26901[0;39m [2m---[0;39m [2m[.15t][0;39m [36mc.n.e.r.AbstractInstanceRegistry         [       run:1247][0;39m [2m:[0;39m Running the evict task with compensationTime 4ms
[2m2019-05-22 11:59:19.368[0;39m [32m INFO[0;39m [35m26901[0;39m [2m---[0;39m [2m[.15t][0;39m [36mc.n.e.r.AbstractInstanceRegistry         [       run:1247][0;39m [2m:[0;39m Running the evict task with compensationTime 1ms
