[2m2019-08-23 15:31:08.332[0;39m [32m INFO[0;39m [35m37502[0;39m [2m---[0;39m [2m[.15t][0;39m [36mc.c.EurekaClientApplication              [rofileInfo:659 ][0;39m [2m:[0;39m No active profile set, falling back to default profiles: default
[2m2019-08-23 15:31:08.363[0;39m [32m INFO[0;39m [35m37502[0;39m [2m---[0;39m [2m[.15t][0;39m [36mConfigServletWebServerApplicationContext [areRefresh:590 ][0;39m [2m:[0;39m Refreshing org.springframework.boot.web.servlet.context.AnnotationConfigServletWebServerApplicationContext@5e8ac0e1: startup date [Fri Aug 23 15:31:08 CST 2019]; parent: org.springframework.context.annotation.AnnotationConfigApplicationContext@63a12c68
[2m2019-08-23 15:31:10.235[0;39m [32m INFO[0;39m [35m37502[0;39m [2m---[0;39m [2m[.15t][0;39m [36mo.s.c.c.s.GenericScope                   [lizationId:294 ][0;39m [2m:[0;39m BeanFactory id=f8dfdb91-7adb-32f2-b2b4-a748c728ff44
[2m2019-08-23 15:31:10.264[0;39m [32m INFO[0;39m [35m37502[0;39m [2m---[0;39m [2m[.15t][0;39m [36mf.a.AutowiredAnnotationBeanPostProcessor [    <init>:154 ][0;39m [2m:[0;39m JSR-330 'javax.inject.Inject' annotation found and supported for autowiring
[2m2019-08-23 15:31:10.388[0;39m [32m INFO[0;39m [35m37502[0;39m [2m---[0;39m [2m[.15t][0;39m [36mtrationDelegate$BeanPostProcessorChecker [ialization:328 ][0;39m [2m:[0;39m Bean 'org.springframework.cloud.autoconfigure.ConfigurationPropertiesRebinderAutoConfiguration' of type [org.springframework.cloud.autoconfigure.ConfigurationPropertiesRebinderAutoConfiguration$$EnhancerBySpringCGLIB$$2d52b816] is not eligible for getting processed by all BeanPostProcessors (for example: not eligible for auto-proxying)
[2m2019-08-23 15:31:11.008[0;39m [32m INFO[0;39m [35m37502[0;39m [2m---[0;39m [2m[.15t][0;39m [36mo.s.b.w.e.t.TomcatWebServer              [initialize:91  ][0;39m [2m:[0;39m Tomcat initialized with port(s): 8002 (http)
[2m2019-08-23 15:31:11.042[0;39m [32m INFO[0;39m [35m37502[0;39m [2m---[0;39m [2m[.15t][0;39m [36mo.a.c.h.Http11NioProtocol                [       log:180 ][0;39m [2m:[0;39m Initializing ProtocolHandler ["http-nio-8002"]
[2m2019-08-23 15:31:11.056[0;39m [32m INFO[0;39m [35m37502[0;39m [2m---[0;39m [2m[.15t][0;39m [36mo.a.c.c.StandardService                  [       log:180 ][0;39m [2m:[0;39m Starting service [Tomcat]
[2m2019-08-23 15:31:11.057[0;39m [32m INFO[0;39m [35m37502[0;39m [2m---[0;39m [2m[.15t][0;39m [36mo.a.c.c.StandardEngine                   [       log:180 ][0;39m [2m:[0;39m Starting Servlet Engine: Apache Tomcat/8.5.29
[2m2019-08-23 15:31:11.079[0;39m [32m INFO[0;39m [35m37502[0;39m [2m---[0;39m [2m[.15t][0;39m [36mo.a.c.c.AprLifecycleListener             [       log:180 ][0;39m [2m:[0;39m The APR based Apache Tomcat Native library which allows optimal performance in production environments was not found on the java.library.path: [/Users/baozc/Library/Java/Extensions:/Library/Java/Extensions:/Network/Library/Java/Extensions:/System/Library/Java/Extensions:/usr/lib/java:.]
[2m2019-08-23 15:31:11.193[0;39m [32m INFO[0;39m [35m37502[0;39m [2m---[0;39m [2m[.15t][0;39m [36mo.a.c.c.C.[.[.[/]                        [       log:180 ][0;39m [2m:[0;39m Initializing Spring embedded WebApplicationContext
[2m2019-08-23 15:31:11.195[0;39m [32m INFO[0;39m [35m37502[0;39m [2m---[0;39m [2m[.15t][0;39m [36mo.s.w.c.ContextLoader                    [ionContext:285 ][0;39m [2m:[0;39m Root WebApplicationContext: initialization completed in 2832 ms
[2m2019-08-23 15:31:11.466[0;39m [33m WARN[0;39m [35m37502[0;39m [2m---[0;39m [2m[.15t][0;39m [36mc.n.c.s.URLConfigurationSource           [    <init>:121 ][0;39m [2m:[0;39m No URLs will be polled as dynamic configuration sources.
[2m2019-08-23 15:31:11.467[0;39m [32m INFO[0;39m [35m37502[0;39m [2m---[0;39m [2m[.15t][0;39m [36mc.n.c.s.URLConfigurationSource           [    <init>:122 ][0;39m [2m:[0;39m To enable URLs as dynamic configuration sources, define System property archaius.configurationSource.additionalUrls or make config.properties available on classpath.
[2m2019-08-23 15:31:11.534[0;39m [32m INFO[0;39m [35m37502[0;39m [2m---[0;39m [2m[.15t][0;39m [36mc.n.c.DynamicPropertyFactory             [etInstance:281 ][0;39m [2m:[0;39m DynamicPropertyFactory is initialized with configuration sources: com.netflix.config.ConcurrentCompositeConfiguration@3a271d32
[2m2019-08-23 15:31:12.381[0;39m [32m INFO[0;39m [35m37502[0;39m [2m---[0;39m [2m[.15t][0;39m [36mo.s.b.w.s.ServletRegistrationBean        [gistration:185 ][0;39m [2m:[0;39m Servlet dispatcherServlet mapped to [/]
[2m2019-08-23 15:31:12.386[0;39m [32m INFO[0;39m [35m37502[0;39m [2m---[0;39m [2m[.15t][0;39m [36mo.s.b.w.s.FilterRegistrationBean         [ configure:244 ][0;39m [2m:[0;39m Mapping filter: 'characterEncodingFilter' to: [/*]
[2m2019-08-23 15:31:12.386[0;39m [32m INFO[0;39m [35m37502[0;39m [2m---[0;39m [2m[.15t][0;39m [36mo.s.b.w.s.FilterRegistrationBean         [ configure:244 ][0;39m [2m:[0;39m Mapping filter: 'hiddenHttpMethodFilter' to: [/*]
[2m2019-08-23 15:31:12.387[0;39m [32m INFO[0;39m [35m37502[0;39m [2m---[0;39m [2m[.15t][0;39m [36mo.s.b.w.s.FilterRegistrationBean         [ configure:244 ][0;39m [2m:[0;39m Mapping filter: 'httpPutFormContentFilter' to: [/*]
[2m2019-08-23 15:31:12.388[0;39m [32m INFO[0;39m [35m37502[0;39m [2m---[0;39m [2m[.15t][0;39m [36mo.s.b.w.s.FilterRegistrationBean         [ configure:244 ][0;39m [2m:[0;39m Mapping filter: 'requestContextFilter' to: [/*]
[2m2019-08-23 15:31:12.388[0;39m [32m INFO[0;39m [35m37502[0;39m [2m---[0;39m [2m[.15t][0;39m [36mo.s.b.w.s.FilterRegistrationBean         [ configure:244 ][0;39m [2m:[0;39m Mapping filter: 'httpTraceFilter' to: [/*]
[2m2019-08-23 15:31:12.389[0;39m [32m INFO[0;39m [35m37502[0;39m [2m---[0;39m [2m[.15t][0;39m [36mo.s.b.w.s.FilterRegistrationBean         [ configure:244 ][0;39m [2m:[0;39m Mapping filter: 'webMvcMetricsFilter' to: [/*]
[2m2019-08-23 15:31:12.492[0;39m [33m WARN[0;39m [35m37502[0;39m [2m---[0;39m [2m[.15t][0;39m [36mc.n.c.s.URLConfigurationSource           [    <init>:121 ][0;39m [2m:[0;39m No URLs will be polled as dynamic configuration sources.
[2m2019-08-23 15:31:12.493[0;39m [32m INFO[0;39m [35m37502[0;39m [2m---[0;39m [2m[.15t][0;39m [36mc.n.c.s.URLConfigurationSource           [    <init>:122 ][0;39m [2m:[0;39m To enable URLs as dynamic configuration sources, define System property archaius.configurationSource.additionalUrls or make config.properties available on classpath.
[2m2019-08-23 15:31:12.583[0;39m [32m INFO[0;39m [35m37502[0;39m [2m---[0;39m [2m[.15t][0;39m [36mo.s.w.s.h.SimpleUrlHandlerMapping        [terHandler:373 ][0;39m [2m:[0;39m Mapped URL path [/**/favicon.ico] onto handler of type [class org.springframework.web.servlet.resource.ResourceHttpRequestHandler]
[2m2019-08-23 15:31:12.847[0;39m [32m INFO[0;39m [35m37502[0;39m [2m---[0;39m [2m[.15t][0;39m [36ms.w.s.m.m.a.RequestMappingHandlerAdapter [dviceCache:574 ][0;39m [2m:[0;39m Looking for @ControllerAdvice: org.springframework.boot.web.servlet.context.AnnotationConfigServletWebServerApplicationContext@5e8ac0e1: startup date [Fri Aug 23 15:31:08 CST 2019]; parent: org.springframework.context.annotation.AnnotationConfigApplicationContext@63a12c68
[2m2019-08-23 15:31:12.930[0;39m [32m INFO[0;39m [35m37502[0;39m [2m---[0;39m [2m[.15t][0;39m [36ms.w.s.m.m.a.RequestMappingHandlerMapping [  register:547 ][0;39m [2m:[0;39m Mapped "{[/hello],methods=[GET]}" onto public java.lang.String com.client.HelloEndpoint.hello()
[2m2019-08-23 15:31:12.931[0;39m [32m INFO[0;39m [35m37502[0;39m [2m---[0;39m [2m[.15t][0;39m [36ms.w.s.m.m.a.RequestMappingHandlerMapping [  register:547 ][0;39m [2m:[0;39m Mapped "{[/url],methods=[GET]}" onto public java.lang.String com.client.HelloEndpoint.serviceUrl()
[2m2019-08-23 15:31:12.934[0;39m [32m INFO[0;39m [35m37502[0;39m [2m---[0;39m [2m[.15t][0;39m [36ms.w.s.m.m.a.RequestMappingHandlerMapping [  register:547 ][0;39m [2m:[0;39m Mapped "{[/error]}" onto public org.springframework.http.ResponseEntity<java.util.Map<java.lang.String, java.lang.Object>> org.springframework.boot.autoconfigure.web.servlet.error.BasicErrorController.error(javax.servlet.http.HttpServletRequest)
[2m2019-08-23 15:31:12.935[0;39m [32m INFO[0;39m [35m37502[0;39m [2m---[0;39m [2m[.15t][0;39m [36ms.w.s.m.m.a.RequestMappingHandlerMapping [  register:547 ][0;39m [2m:[0;39m Mapped "{[/error],produces=[text/html]}" onto public org.springframework.web.servlet.ModelAndView org.springframework.boot.autoconfigure.web.servlet.error.BasicErrorController.errorHtml(javax.servlet.http.HttpServletRequest,javax.servlet.http.HttpServletResponse)
[2m2019-08-23 15:31:12.966[0;39m [32m INFO[0;39m [35m37502[0;39m [2m---[0;39m [2m[.15t][0;39m [36mo.s.w.s.h.SimpleUrlHandlerMapping        [terHandler:373 ][0;39m [2m:[0;39m Mapped URL path [/webjars/**] onto handler of type [class org.springframework.web.servlet.resource.ResourceHttpRequestHandler]
[2m2019-08-23 15:31:12.966[0;39m [32m INFO[0;39m [35m37502[0;39m [2m---[0;39m [2m[.15t][0;39m [36mo.s.w.s.h.SimpleUrlHandlerMapping        [terHandler:373 ][0;39m [2m:[0;39m Mapped URL path [/**] onto handler of type [class org.springframework.web.servlet.resource.ResourceHttpRequestHandler]
[2m2019-08-23 15:31:13.577[0;39m [32m INFO[0;39m [35m37502[0;39m [2m---[0;39m [2m[.15t][0;39m [36mo.s.b.a.e.w.EndpointLinksResolver        [    <init>:59  ][0;39m [2m:[0;39m Exposing 2 endpoint(s) beneath base path '/actuator'
[2m2019-08-23 15:31:13.591[0;39m [32m INFO[0;39m [35m37502[0;39m [2m---[0;39m [2m[.15t][0;39m [36ms.b.a.e.w.s.WebMvcEndpointHandlerMapping [  register:547 ][0;39m [2m:[0;39m Mapped "{[/actuator/health],methods=[GET],produces=[application/vnd.spring-boot.actuator.v2+json || application/json]}" onto public java.lang.Object org.springframework.boot.actuate.endpoint.web.servlet.AbstractWebMvcEndpointHandlerMapping$OperationHandler.handle(javax.servlet.http.HttpServletRequest,java.util.Map<java.lang.String, java.lang.String>)
[2m2019-08-23 15:31:13.593[0;39m [32m INFO[0;39m [35m37502[0;39m [2m---[0;39m [2m[.15t][0;39m [36ms.b.a.e.w.s.WebMvcEndpointHandlerMapping [  register:547 ][0;39m [2m:[0;39m Mapped "{[/actuator/info],methods=[GET],produces=[application/vnd.spring-boot.actuator.v2+json || application/json]}" onto public java.lang.Object org.springframework.boot.actuate.endpoint.web.servlet.AbstractWebMvcEndpointHandlerMapping$OperationHandler.handle(javax.servlet.http.HttpServletRequest,java.util.Map<java.lang.String, java.lang.String>)
[2m2019-08-23 15:31:13.594[0;39m [32m INFO[0;39m [35m37502[0;39m [2m---[0;39m [2m[.15t][0;39m [36ms.b.a.e.w.s.WebMvcEndpointHandlerMapping [  register:547 ][0;39m [2m:[0;39m Mapped "{[/actuator],methods=[GET],produces=[application/vnd.spring-boot.actuator.v2+json || application/json]}" onto protected java.util.Map<java.lang.String, java.util.Map<java.lang.String, org.springframework.boot.actuate.endpoint.web.Link>> org.springframework.boot.actuate.endpoint.web.servlet.WebMvcEndpointHandlerMapping.links(javax.servlet.http.HttpServletRequest,javax.servlet.http.HttpServletResponse)
[2m2019-08-23 15:31:13.642[0;39m [32m INFO[0;39m [35m37502[0;39m [2m---[0;39m [2m[.15t][0;39m [36mo.s.j.e.a.AnnotationMBeanExporter        [stantiated:433 ][0;39m [2m:[0;39m Registering beans for JMX exposure on startup
[2m2019-08-23 15:31:13.652[0;39m [32m INFO[0;39m [35m37502[0;39m [2m---[0;39m [2m[.15t][0;39m [36mo.s.j.e.a.AnnotationMBeanExporter        [autodetect:895 ][0;39m [2m:[0;39m Bean with name 'environmentManager' has been autodetected for JMX exposure
[2m2019-08-23 15:31:13.654[0;39m [32m INFO[0;39m [35m37502[0;39m [2m---[0;39m [2m[.15t][0;39m [36mo.s.j.e.a.AnnotationMBeanExporter        [autodetect:895 ][0;39m [2m:[0;39m Bean with name 'configurationPropertiesRebinder' has been autodetected for JMX exposure
[2m2019-08-23 15:31:13.658[0;39m [32m INFO[0;39m [35m37502[0;39m [2m---[0;39m [2m[.15t][0;39m [36mo.s.j.e.a.AnnotationMBeanExporter        [autodetect:895 ][0;39m [2m:[0;39m Bean with name 'refreshScope' has been autodetected for JMX exposure
[2m2019-08-23 15:31:13.665[0;39m [32m INFO[0;39m [35m37502[0;39m [2m---[0;39m [2m[.15t][0;39m [36mo.s.j.e.a.AnnotationMBeanExporter        [anInstance:675 ][0;39m [2m:[0;39m Located managed bean 'environmentManager': registering with JMX server as MBean [org.springframework.cloud.context.environment:name=environmentManager,type=EnvironmentManager]
[2m2019-08-23 15:31:13.682[0;39m [32m INFO[0;39m [35m37502[0;39m [2m---[0;39m [2m[.15t][0;39m [36mo.s.j.e.a.AnnotationMBeanExporter        [anInstance:675 ][0;39m [2m:[0;39m Located managed bean 'refreshScope': registering with JMX server as MBean [org.springframework.cloud.context.scope.refresh:name=refreshScope,type=RefreshScope]
[2m2019-08-23 15:31:13.703[0;39m [32m INFO[0;39m [35m37502[0;39m [2m---[0;39m [2m[.15t][0;39m [36mo.s.j.e.a.AnnotationMBeanExporter        [anInstance:675 ][0;39m [2m:[0;39m Located managed bean 'configurationPropertiesRebinder': registering with JMX server as MBean [org.springframework.cloud.context.properties:name=configurationPropertiesRebinder,context=5e8ac0e1,type=ConfigurationPropertiesRebinder]
[2m2019-08-23 15:31:13.717[0;39m [32m INFO[0;39m [35m37502[0;39m [2m---[0;39m [2m[.15t][0;39m [36mo.s.c.s.DefaultLifecycleProcessor        [     start:351 ][0;39m [2m:[0;39m Starting beans in phase 0
[2m2019-08-23 15:31:13.730[0;39m [32m INFO[0;39m [35m37502[0;39m [2m---[0;39m [2m[.15t][0;39m [36mo.s.c.n.e.InstanceInfoFactory            [    create:71  ][0;39m [2m:[0;39m Setting initial instance status as: STARTING
[2m2019-08-23 15:31:13.860[0;39m [32m INFO[0;39m [35m37502[0;39m [2m---[0;39m [2m[.15t][0;39m [36mc.n.d.DiscoveryClient                    [    <init>:349 ][0;39m [2m:[0;39m Initializing Eureka in region us-east-1
[2m2019-08-23 15:31:13.873[0;39m [32m INFO[0;39m [35m37502[0;39m [2m---[0;39m [2m[.15t][0;39m [36mc.n.d.s.r.a.ConfigClusterResolver        [rEndpoints:43  ][0;39m [2m:[0;39m Resolving eureka endpoints via configuration
[2m2019-08-23 15:31:13.955[0;39m [32m INFO[0;39m [35m37502[0;39m [2m---[0;39m [2m[.15t][0;39m [36mc.n.d.DiscoveryClient                    [chRegistry:958 ][0;39m [2m:[0;39m Disable delta property : false
[2m2019-08-23 15:31:13.956[0;39m [32m INFO[0;39m [35m37502[0;39m [2m---[0;39m [2m[.15t][0;39m [36mc.n.d.DiscoveryClient                    [chRegistry:959 ][0;39m [2m:[0;39m Single vip registry refresh property : null
[2m2019-08-23 15:31:13.958[0;39m [32m INFO[0;39m [35m37502[0;39m [2m---[0;39m [2m[.15t][0;39m [36mc.n.d.DiscoveryClient                    [chRegistry:960 ][0;39m [2m:[0;39m Force full registry fetch : false
[2m2019-08-23 15:31:13.959[0;39m [32m INFO[0;39m [35m37502[0;39m [2m---[0;39m [2m[.15t][0;39m [36mc.n.d.DiscoveryClient                    [chRegistry:961 ][0;39m [2m:[0;39m Application is null : false
[2m2019-08-23 15:31:13.960[0;39m [32m INFO[0;39m [35m37502[0;39m [2m---[0;39m [2m[.15t][0;39m [36mc.n.d.DiscoveryClient                    [chRegistry:962 ][0;39m [2m:[0;39m Registered Applications size is zero : true
[2m2019-08-23 15:31:13.960[0;39m [32m INFO[0;39m [35m37502[0;39m [2m---[0;39m [2m[.15t][0;39m [36mc.n.d.DiscoveryClient                    [chRegistry:964 ][0;39m [2m:[0;39m Application version is -1: true
[2m2019-08-23 15:31:13.960[0;39m [32m INFO[0;39m [35m37502[0;39m [2m---[0;39m [2m[.15t][0;39m [36mc.n.d.DiscoveryClient                    [llRegistry:1047][0;39m [2m:[0;39m Getting all instance registry info from the eureka server
[2m2019-08-23 15:31:14.667[0;39m [32m INFO[0;39m [35m37502[0;39m [2m---[0;39m [2m[.15t][0;39m [36mc.n.d.DiscoveryClient                    [llRegistry:1056][0;39m [2m:[0;39m The response status is 200
[2m2019-08-23 15:31:14.677[0;39m [32m INFO[0;39m [35m37502[0;39m [2m---[0;39m [2m[.15t][0;39m [36mc.n.d.DiscoveryClient                    [duledTasks:1264][0;39m [2m:[0;39m Starting heartbeat executor: renew interval is: 30
[2m2019-08-23 15:31:14.689[0;39m [32m INFO[0;39m [35m37502[0;39m [2m---[0;39m [2m[.15t][0;39m [36mc.n.d.InstanceInfoReplicator             [    <init>:60  ][0;39m [2m:[0;39m InstanceInfoReplicator onDemand update allowed rate per min is 4
[2m2019-08-23 15:31:14.787[0;39m [32m INFO[0;39m [35m37502[0;39m [2m---[0;39m [2m[.15t][0;39m [36mc.n.d.DiscoveryClient                    [    <init>:449 ][0;39m [2m:[0;39m Discovery Client initialized at timestamp 1566545474785 with initial instances count: 2
[2m2019-08-23 15:31:14.800[0;39m [32m INFO[0;39m [35m37502[0;39m [2m---[0;39m [2m[.15t][0;39m [36mo.s.c.n.e.s.EurekaServiceRegistry        [  register:42  ][0;39m [2m:[0;39m Registering application eureka-client1 with eureka with status UP
[2m2019-08-23 15:31:14.803[0;39m [32m INFO[0;39m [35m37502[0;39m [2m---[0;39m [2m[.15t][0;39m [36mc.n.d.DiscoveryClient                    [    notify:1299][0;39m [2m:[0;39m Saw local status change event StatusChangeEvent [timestamp=1566545474803, current=UP, previous=STARTING]
[2m2019-08-23 15:31:14.807[0;39m [32m INFO[0;39m [35m37502[0;39m [2m---[0;39m [2m[.15t][0;39m [36mc.n.d.DiscoveryClient                    [  register:826 ][0;39m [2m:[0;39m DiscoveryClient_EUREKA-CLIENT1/192.168.26.84:eureka-client1:8002: registering service...
[2m2019-08-23 15:31:14.868[0;39m [32m INFO[0;39m [35m37502[0;39m [2m---[0;39m [2m[.15t][0;39m [36mo.a.c.h.Http11NioProtocol                [       log:180 ][0;39m [2m:[0;39m Starting ProtocolHandler ["http-nio-8002"]
[2m2019-08-23 15:31:14.897[0;39m [32m INFO[0;39m [35m37502[0;39m [2m---[0;39m [2m[.15t][0;39m [36mo.a.t.u.n.NioSelectorPool                [       log:180 ][0;39m [2m:[0;39m Using a shared selector for servlet write/read
[2m2019-08-23 15:31:14.909[0;39m [32m INFO[0;39m [35m37502[0;39m [2m---[0;39m [2m[.15t][0;39m [36mc.n.d.DiscoveryClient                    [  register:835 ][0;39m [2m:[0;39m DiscoveryClient_EUREKA-CLIENT1/192.168.26.84:eureka-client1:8002 - registration status: 204
[2m2019-08-23 15:31:14.923[0;39m [32m INFO[0;39m [35m37502[0;39m [2m---[0;39m [2m[.15t][0;39m [36mo.s.b.w.e.t.TomcatWebServer              [     start:206 ][0;39m [2m:[0;39m Tomcat started on port(s): 8002 (http) with context path ''
[2m2019-08-23 15:31:14.925[0;39m [32m INFO[0;39m [35m37502[0;39m [2m---[0;39m [2m[.15t][0;39m [36m.s.c.n.e.s.EurekaAutoServiceRegistration [ationEvent:124 ][0;39m [2m:[0;39m Updating port to 8002
[2m2019-08-23 15:31:15.055[0;39m [32m INFO[0;39m [35m37502[0;39m [2m---[0;39m [2m[.15t][0;39m [36mc.c.EurekaClientApplication              [logStarted:59  ][0;39m [2m:[0;39m Started EurekaClientApplication in 8.153 seconds (JVM running for 8.789)
[2m2019-08-23 15:36:13.981[0;39m [32m INFO[0;39m [35m37502[0;39m [2m---[0;39m [2m[.15t][0;39m [36mc.n.d.s.r.a.ConfigClusterResolver        [rEndpoints:43  ][0;39m [2m:[0;39m Resolving eureka endpoints via configuration
[2m2019-08-23 15:41:14.001[0;39m [32m INFO[0;39m [35m37502[0;39m [2m---[0;39m [2m[.15t][0;39m [36mc.n.d.s.r.a.ConfigClusterResolver        [rEndpoints:43  ][0;39m [2m:[0;39m Resolving eureka endpoints via configuration
[2m2019-08-23 15:46:14.013[0;39m [32m INFO[0;39m [35m37502[0;39m [2m---[0;39m [2m[.15t][0;39m [36mc.n.d.s.r.a.ConfigClusterResolver        [rEndpoints:43  ][0;39m [2m:[0;39m Resolving eureka endpoints via configuration
[2m2019-08-23 15:51:14.029[0;39m [32m INFO[0;39m [35m37502[0;39m [2m---[0;39m [2m[.15t][0;39m [36mc.n.d.s.r.a.ConfigClusterResolver        [rEndpoints:43  ][0;39m [2m:[0;39m Resolving eureka endpoints via configuration
[2m2019-08-23 15:56:14.045[0;39m [32m INFO[0;39m [35m37502[0;39m [2m---[0;39m [2m[.15t][0;39m [36mc.n.d.s.r.a.ConfigClusterResolver        [rEndpoints:43  ][0;39m [2m:[0;39m Resolving eureka endpoints via configuration
